
[36mRestFrames v1.0.0 -- Developed by Christopher Rogan (crogan@cern.ch)
                     Copyright (c) 2014-2018, Christopher Rogan
                     http://RestFrames.com
[0m
   Adding file /mnt/hadoop/user/uscms01/pnfs/unl.edu/data4/cms/store/user/zflowers/Ewkinos/WJetsToLNu_TuneCP5_13TeV-madgraphMLM-pythia8/crab_extWJetsToLNu_TuneCP5_13TeV-madgraphMLM-pythia8RunIIFall17MiniAODv2/181219_234206/0000/stopFlatNtuples_388.root
   Adding file /mnt/hadoop/user/uscms01/pnfs/unl.edu/data4/cms/store/user/zflowers/Ewkinos/WJetsToLNu_TuneCP5_13TeV-madgraphMLM-pythia8/crab_extWJetsToLNu_TuneCP5_13TeV-madgraphMLM-pythia8RunIIFall17MiniAODv2/181219_234206/0000/stopFlatNtuples_39.root
   Adding file /mnt/hadoop/user/uscms01/pnfs/unl.edu/data4/cms/store/user/zflowers/Ewkinos/WJetsToLNu_TuneCP5_13TeV-madgraphMLM-pythia8/crab_extWJetsToLNu_TuneCP5_13TeV-madgraphMLM-pythia8RunIIFall17MiniAODv2/181219_234206/0000/stopFlatNtuples_393.root
   Adding file /mnt/hadoop/user/uscms01/pnfs/unl.edu/data4/cms/store/user/zflowers/Ewkinos/WJetsToLNu_TuneCP5_13TeV-madgraphMLM-pythia8/crab_extWJetsToLNu_TuneCP5_13TeV-madgraphMLM-pythia8RunIIFall17MiniAODv2/181219_234206/0000/stopFlatNtuples_394.root
   Adding file /mnt/hadoop/user/uscms01/pnfs/unl.edu/data4/cms/store/user/zflowers/Ewkinos/WJetsToLNu_TuneCP5_13TeV-madgraphMLM-pythia8/crab_extWJetsToLNu_TuneCP5_13TeV-madgraphMLM-pythia8RunIIFall17MiniAODv2/181219_234206/0000/stopFlatNtuples_395.root
   Adding file /mnt/hadoop/user/uscms01/pnfs/unl.edu/data4/cms/store/user/zflowers/Ewkinos/WJetsToLNu_TuneCP5_13TeV-madgraphMLM-pythia8/crab_extWJetsToLNu_TuneCP5_13TeV-madgraphMLM-pythia8RunIIFall17MiniAODv2/181219_234206/0000/stopFlatNtuples_396.root
   Adding file /mnt/hadoop/user/uscms01/pnfs/unl.edu/data4/cms/store/user/zflowers/Ewkinos/WJetsToLNu_TuneCP5_13TeV-madgraphMLM-pythia8/crab_extWJetsToLNu_TuneCP5_13TeV-madgraphMLM-pythia8RunIIFall17MiniAODv2/181219_234206/0000/stopFlatNtuples_399.root
   Adding file /mnt/hadoop/user/uscms01/pnfs/unl.edu/data4/cms/store/user/zflowers/Ewkinos/WJetsToLNu_TuneCP5_13TeV-madgraphMLM-pythia8/crab_extWJetsToLNu_TuneCP5_13TeV-madgraphMLM-pythia8RunIIFall17MiniAODv2/181219_234206/0000/stopFlatNtuples_4.root
   Adding file /mnt/hadoop/user/uscms01/pnfs/unl.edu/data4/cms/store/user/zflowers/Ewkinos/WJetsToLNu_TuneCP5_13TeV-madgraphMLM-pythia8/crab_extWJetsToLNu_TuneCP5_13TeV-madgraphMLM-pythia8RunIIFall17MiniAODv2/181219_234206/0000/stopFlatNtuples_40.root
   Adding file /mnt/hadoop/user/uscms01/pnfs/unl.edu/data4/cms/store/user/zflowers/Ewkinos/WJetsToLNu_TuneCP5_13TeV-madgraphMLM-pythia8/crab_extWJetsToLNu_TuneCP5_13TeV-madgraphMLM-pythia8RunIIFall17MiniAODv2/181219_234206/0000/stopFlatNtuples_400.root
   Adding file /mnt/hadoop/user/uscms01/pnfs/unl.edu/data4/cms/store/user/zflowers/Ewkinos/WJetsToLNu_TuneCP5_13TeV-madgraphMLM-pythia8/crab_extWJetsToLNu_TuneCP5_13TeV-madgraphMLM-pythia8RunIIFall17MiniAODv2/181219_234206/0000/stopFlatNtuples_402.root
   Adding file /mnt/hadoop/user/uscms01/pnfs/unl.edu/data4/cms/store/user/zflowers/Ewkinos/WJetsToLNu_TuneCP5_13TeV-madgraphMLM-pythia8/crab_extWJetsToLNu_TuneCP5_13TeV-madgraphMLM-pythia8RunIIFall17MiniAODv2/181219_234206/0000/stopFlatNtuples_403.root
   Adding file /mnt/hadoop/user/uscms01/pnfs/unl.edu/data4/cms/store/user/zflowers/Ewkinos/WJetsToLNu_TuneCP5_13TeV-madgraphMLM-pythia8/crab_extWJetsToLNu_TuneCP5_13TeV-madgraphMLM-pythia8RunIIFall17MiniAODv2/181219_234206/0000/stopFlatNtuples_404.root
   Adding file /mnt/hadoop/user/uscms01/pnfs/unl.edu/data4/cms/store/user/zflowers/Ewkinos/WJetsToLNu_TuneCP5_13TeV-madgraphMLM-pythia8/crab_extWJetsToLNu_TuneCP5_13TeV-madgraphMLM-pythia8RunIIFall17MiniAODv2/181219_234206/0000/stopFlatNtuples_405.root
   Adding file /mnt/hadoop/user/uscms01/pnfs/unl.edu/data4/cms/store/user/zflowers/Ewkinos/WJetsToLNu_TuneCP5_13TeV-madgraphMLM-pythia8/crab_extWJetsToLNu_TuneCP5_13TeV-madgraphMLM-pythia8RunIIFall17MiniAODv2/181219_234206/0000/stopFlatNtuples_406.root
   Adding file /mnt/hadoop/user/uscms01/pnfs/unl.edu/data4/cms/store/user/zflowers/Ewkinos/WJetsToLNu_TuneCP5_13TeV-madgraphMLM-pythia8/crab_extWJetsToLNu_TuneCP5_13TeV-madgraphMLM-pythia8RunIIFall17MiniAODv2/181219_234206/0000/stopFlatNtuples_407.root
   Adding file /mnt/hadoop/user/uscms01/pnfs/unl.edu/data4/cms/store/user/zflowers/Ewkinos/WJetsToLNu_TuneCP5_13TeV-madgraphMLM-pythia8/crab_extWJetsToLNu_TuneCP5_13TeV-madgraphMLM-pythia8RunIIFall17MiniAODv2/181219_234206/0000/stopFlatNtuples_41.root
   Adding file /mnt/hadoop/user/uscms01/pnfs/unl.edu/data4/cms/store/user/zflowers/Ewkinos/WJetsToLNu_TuneCP5_13TeV-madgraphMLM-pythia8/crab_extWJetsToLNu_TuneCP5_13TeV-madgraphMLM-pythia8RunIIFall17MiniAODv2/181219_234206/0000/stopFlatNtuples_410.root
   Adding file /mnt/hadoop/user/uscms01/pnfs/unl.edu/data4/cms/store/user/zflowers/Ewkinos/WJetsToLNu_TuneCP5_13TeV-madgraphMLM-pythia8/crab_extWJetsToLNu_TuneCP5_13TeV-madgraphMLM-pythia8RunIIFall17MiniAODv2/181219_234206/0000/stopFlatNtuples_413.root
   Adding file /mnt/hadoop/user/uscms01/pnfs/unl.edu/data4/cms/store/user/zflowers/Ewkinos/WJetsToLNu_TuneCP5_13TeV-madgraphMLM-pythia8/crab_extWJetsToLNu_TuneCP5_13TeV-madgraphMLM-pythia8RunIIFall17MiniAODv2/181219_234206/0000/stopFlatNtuples_415.root
   Adding file /mnt/hadoop/user/uscms01/pnfs/unl.edu/data4/cms/store/user/zflowers/Ewkinos/WJetsToLNu_TuneCP5_13TeV-madgraphMLM-pythia8/crab_extWJetsToLNu_TuneCP5_13TeV-madgraphMLM-pythia8RunIIFall17MiniAODv2/181219_234206/0000/stopFlatNtuples_416.root
   Adding file /mnt/hadoop/user/uscms01/pnfs/unl.edu/data4/cms/store/user/zflowers/Ewkinos/WJetsToLNu_TuneCP5_13TeV-madgraphMLM-pythia8/crab_extWJetsToLNu_TuneCP5_13TeV-madgraphMLM-pythia8RunIIFall17MiniAODv2/181219_234206/0000/stopFlatNtuples_417.root
   Adding file /mnt/hadoop/user/uscms01/pnfs/unl.edu/data4/cms/store/user/zflowers/Ewkinos/WJetsToLNu_TuneCP5_13TeV-madgraphMLM-pythia8/crab_extWJetsToLNu_TuneCP5_13TeV-madgraphMLM-pythia8RunIIFall17MiniAODv2/181219_234206/0000/stopFlatNtuples_418.root
   Adding file /mnt/hadoop/user/uscms01/pnfs/unl.edu/data4/cms/store/user/zflowers/Ewkinos/WJetsToLNu_TuneCP5_13TeV-madgraphMLM-pythia8/crab_extWJetsToLNu_TuneCP5_13TeV-madgraphMLM-pythia8RunIIFall17MiniAODv2/181219_234206/0000/stopFlatNtuples_419.root
   Adding file /mnt/hadoop/user/uscms01/pnfs/unl.edu/data4/cms/store/user/zflowers/Ewkinos/WJetsToLNu_TuneCP5_13TeV-madgraphMLM-pythia8/crab_extWJetsToLNu_TuneCP5_13TeV-madgraphMLM-pythia8RunIIFall17MiniAODv2/181219_234206/0000/stopFlatNtuples_42.root
   Adding file /mnt/hadoop/user/uscms01/pnfs/unl.edu/data4/cms/store/user/zflowers/Ewkinos/WJetsToLNu_TuneCP5_13TeV-madgraphMLM-pythia8/crab_extWJetsToLNu_TuneCP5_13TeV-madgraphMLM-pythia8RunIIFall17MiniAODv2/181219_234206/0000/stopFlatNtuples_420.root
   Adding file /mnt/hadoop/user/uscms01/pnfs/unl.edu/data4/cms/store/user/zflowers/Ewkinos/WJetsToLNu_TuneCP5_13TeV-madgraphMLM-pythia8/crab_extWJetsToLNu_TuneCP5_13TeV-madgraphMLM-pythia8RunIIFall17MiniAODv2/181219_234206/0000/stopFlatNtuples_421.root
   Adding file /mnt/hadoop/user/uscms01/pnfs/unl.edu/data4/cms/store/user/zflowers/Ewkinos/WJetsToLNu_TuneCP5_13TeV-madgraphMLM-pythia8/crab_extWJetsToLNu_TuneCP5_13TeV-madgraphMLM-pythia8RunIIFall17MiniAODv2/181219_234206/0000/stopFlatNtuples_422.root
   Adding file /mnt/hadoop/user/uscms01/pnfs/unl.edu/data4/cms/store/user/zflowers/Ewkinos/WJetsToLNu_TuneCP5_13TeV-madgraphMLM-pythia8/crab_extWJetsToLNu_TuneCP5_13TeV-madgraphMLM-pythia8RunIIFall17MiniAODv2/181219_234206/0000/stopFlatNtuples_423.root
   Adding file /mnt/hadoop/user/uscms01/pnfs/unl.edu/data4/cms/store/user/zflowers/Ewkinos/WJetsToLNu_TuneCP5_13TeV-madgraphMLM-pythia8/crab_extWJetsToLNu_TuneCP5_13TeV-madgraphMLM-pythia8RunIIFall17MiniAODv2/181219_234206/0000/stopFlatNtuples_424.root
   Adding file /mnt/hadoop/user/uscms01/pnfs/unl.edu/data4/cms/store/user/zflowers/Ewkinos/WJetsToLNu_TuneCP5_13TeV-madgraphMLM-pythia8/crab_extWJetsToLNu_TuneCP5_13TeV-madgraphMLM-pythia8RunIIFall17MiniAODv2/181219_234206/0000/stopFlatNtuples_426.root
   Adding file /mnt/hadoop/user/uscms01/pnfs/unl.edu/data4/cms/store/user/zflowers/Ewkinos/WJetsToLNu_TuneCP5_13TeV-madgraphMLM-pythia8/crab_extWJetsToLNu_TuneCP5_13TeV-madgraphMLM-pythia8RunIIFall17MiniAODv2/181219_234206/0000/stopFlatNtuples_427.root
   Adding file /mnt/hadoop/user/uscms01/pnfs/unl.edu/data4/cms/store/user/zflowers/Ewkinos/WJetsToLNu_TuneCP5_13TeV-madgraphMLM-pythia8/crab_extWJetsToLNu_TuneCP5_13TeV-madgraphMLM-pythia8RunIIFall17MiniAODv2/181219_234206/0000/stopFlatNtuples_429.root
   Adding file /mnt/hadoop/user/uscms01/pnfs/unl.edu/data4/cms/store/user/zflowers/Ewkinos/WJetsToLNu_TuneCP5_13TeV-madgraphMLM-pythia8/crab_extWJetsToLNu_TuneCP5_13TeV-madgraphMLM-pythia8RunIIFall17MiniAODv2/181219_234206/0000/stopFlatNtuples_43.root
   Adding file /mnt/hadoop/user/uscms01/pnfs/unl.edu/data4/cms/store/user/zflowers/Ewkinos/WJetsToLNu_TuneCP5_13TeV-madgraphMLM-pythia8/crab_extWJetsToLNu_TuneCP5_13TeV-madgraphMLM-pythia8RunIIFall17MiniAODv2/181219_234206/0000/stopFlatNtuples_430.root
   Adding file /mnt/hadoop/user/uscms01/pnfs/unl.edu/data4/cms/store/user/zflowers/Ewkinos/WJetsToLNu_TuneCP5_13TeV-madgraphMLM-pythia8/crab_extWJetsToLNu_TuneCP5_13TeV-madgraphMLM-pythia8RunIIFall17MiniAODv2/181219_234206/0000/stopFlatNtuples_431.root
   Adding file /mnt/hadoop/user/uscms01/pnfs/unl.edu/data4/cms/store/user/zflowers/Ewkinos/WJetsToLNu_TuneCP5_13TeV-madgraphMLM-pythia8/crab_extWJetsToLNu_TuneCP5_13TeV-madgraphMLM-pythia8RunIIFall17MiniAODv2/181219_234206/0000/stopFlatNtuples_432.root
   Adding file /mnt/hadoop/user/uscms01/pnfs/unl.edu/data4/cms/store/user/zflowers/Ewkinos/WJetsToLNu_TuneCP5_13TeV-madgraphMLM-pythia8/crab_extWJetsToLNu_TuneCP5_13TeV-madgraphMLM-pythia8RunIIFall17MiniAODv2/181219_234206/0000/stopFlatNtuples_433.root
   Adding file /mnt/hadoop/user/uscms01/pnfs/unl.edu/data4/cms/store/user/zflowers/Ewkinos/WJetsToLNu_TuneCP5_13TeV-madgraphMLM-pythia8/crab_extWJetsToLNu_TuneCP5_13TeV-madgraphMLM-pythia8RunIIFall17MiniAODv2/181219_234206/0000/stopFlatNtuples_435.root
   Adding file /mnt/hadoop/user/uscms01/pnfs/unl.edu/data4/cms/store/user/zflowers/Ewkinos/WJetsToLNu_TuneCP5_13TeV-madgraphMLM-pythia8/crab_extWJetsToLNu_TuneCP5_13TeV-madgraphMLM-pythia8RunIIFall17MiniAODv2/181219_234206/0000/stopFlatNtuples_437.root
   Adding file /mnt/hadoop/user/uscms01/pnfs/unl.edu/data4/cms/store/user/zflowers/Ewkinos/WJetsToLNu_TuneCP5_13TeV-madgraphMLM-pythia8/crab_extWJetsToLNu_TuneCP5_13TeV-madgraphMLM-pythia8RunIIFall17MiniAODv2/181219_234206/0000/stopFlatNtuples_438.root
   Adding file /mnt/hadoop/user/uscms01/pnfs/unl.edu/data4/cms/store/user/zflowers/Ewkinos/WJetsToLNu_TuneCP5_13TeV-madgraphMLM-pythia8/crab_extWJetsToLNu_TuneCP5_13TeV-madgraphMLM-pythia8RunIIFall17MiniAODv2/181219_234206/0000/stopFlatNtuples_439.root
   Adding file /mnt/hadoop/user/uscms01/pnfs/unl.edu/data4/cms/store/user/zflowers/Ewkinos/WJetsToLNu_TuneCP5_13TeV-madgraphMLM-pythia8/crab_extWJetsToLNu_TuneCP5_13TeV-madgraphMLM-pythia8RunIIFall17MiniAODv2/181219_234206/0000/stopFlatNtuples_44.root
   Adding file /mnt/hadoop/user/uscms01/pnfs/unl.edu/data4/cms/store/user/zflowers/Ewkinos/WJetsToLNu_TuneCP5_13TeV-madgraphMLM-pythia8/crab_extWJetsToLNu_TuneCP5_13TeV-madgraphMLM-pythia8RunIIFall17MiniAODv2/181219_234206/0000/stopFlatNtuples_440.root
   Adding file /mnt/hadoop/user/uscms01/pnfs/unl.edu/data4/cms/store/user/zflowers/Ewkinos/WJetsToLNu_TuneCP5_13TeV-madgraphMLM-pythia8/crab_extWJetsToLNu_TuneCP5_13TeV-madgraphMLM-pythia8RunIIFall17MiniAODv2/181219_234206/0000/stopFlatNtuples_441.root
   Adding file /mnt/hadoop/user/uscms01/pnfs/unl.edu/data4/cms/store/user/zflowers/Ewkinos/WJetsToLNu_TuneCP5_13TeV-madgraphMLM-pythia8/crab_extWJetsToLNu_TuneCP5_13TeV-madgraphMLM-pythia8RunIIFall17MiniAODv2/181219_234206/0000/stopFlatNtuples_443.root
   Adding file /mnt/hadoop/user/uscms01/pnfs/unl.edu/data4/cms/store/user/zflowers/Ewkinos/WJetsToLNu_TuneCP5_13TeV-madgraphMLM-pythia8/crab_extWJetsToLNu_TuneCP5_13TeV-madgraphMLM-pythia8RunIIFall17MiniAODv2/181219_234206/0000/stopFlatNtuples_444.root
   Adding file /mnt/hadoop/user/uscms01/pnfs/unl.edu/data4/cms/store/user/zflowers/Ewkinos/WJetsToLNu_TuneCP5_13TeV-madgraphMLM-pythia8/crab_extWJetsToLNu_TuneCP5_13TeV-madgraphMLM-pythia8RunIIFall17MiniAODv2/181219_234206/0000/stopFlatNtuples_445.root
   Adding file /mnt/hadoop/user/uscms01/pnfs/unl.edu/data4/cms/store/user/zflowers/Ewkinos/WJetsToLNu_TuneCP5_13TeV-madgraphMLM-pythia8/crab_extWJetsToLNu_TuneCP5_13TeV-madgraphMLM-pythia8RunIIFall17MiniAODv2/181219_234206/0000/stopFlatNtuples_446.root
   Adding file /mnt/hadoop/user/uscms01/pnfs/unl.edu/data4/cms/store/user/zflowers/Ewkinos/WJetsToLNu_TuneCP5_13TeV-madgraphMLM-pythia8/crab_extWJetsToLNu_TuneCP5_13TeV-madgraphMLM-pythia8RunIIFall17MiniAODv2/181219_234206/0000/stopFlatNtuples_447.root
   Adding file /mnt/hadoop/user/uscms01/pnfs/unl.edu/data4/cms/store/user/zflowers/Ewkinos/WJetsToLNu_TuneCP5_13TeV-madgraphMLM-pythia8/crab_extWJetsToLNu_TuneCP5_13TeV-madgraphMLM-pythia8RunIIFall17MiniAODv2/181219_234206/0000/stopFlatNtuples_448.root
   Adding file /mnt/hadoop/user/uscms01/pnfs/unl.edu/data4/cms/store/user/zflowers/Ewkinos/WJetsToLNu_TuneCP5_13TeV-madgraphMLM-pythia8/crab_extWJetsToLNu_TuneCP5_13TeV-madgraphMLM-pythia8RunIIFall17MiniAODv2/181219_234206/0000/stopFlatNtuples_45.root
   Adding file /mnt/hadoop/user/uscms01/pnfs/unl.edu/data4/cms/store/user/zflowers/Ewkinos/WJetsToLNu_TuneCP5_13TeV-madgraphMLM-pythia8/crab_extWJetsToLNu_TuneCP5_13TeV-madgraphMLM-pythia8RunIIFall17MiniAODv2/181219_234206/0000/stopFlatNtuples_450.root
   Adding file /mnt/hadoop/user/uscms01/pnfs/unl.edu/data4/cms/store/user/zflowers/Ewkinos/WJetsToLNu_TuneCP5_13TeV-madgraphMLM-pythia8/crab_extWJetsToLNu_TuneCP5_13TeV-madgraphMLM-pythia8RunIIFall17MiniAODv2/181219_234206/0000/stopFlatNtuples_451.root
   Adding file /mnt/hadoop/user/uscms01/pnfs/unl.edu/data4/cms/store/user/zflowers/Ewkinos/WJetsToLNu_TuneCP5_13TeV-madgraphMLM-pythia8/crab_extWJetsToLNu_TuneCP5_13TeV-madgraphMLM-pythia8RunIIFall17MiniAODv2/181219_234206/0000/stopFlatNtuples_452.root
   Adding file /mnt/hadoop/user/uscms01/pnfs/unl.edu/data4/cms/store/user/zflowers/Ewkinos/WJetsToLNu_TuneCP5_13TeV-madgraphMLM-pythia8/crab_extWJetsToLNu_TuneCP5_13TeV-madgraphMLM-pythia8RunIIFall17MiniAODv2/181219_234206/0000/stopFlatNtuples_453.root
   Adding file /mnt/hadoop/user/uscms01/pnfs/unl.edu/data4/cms/store/user/zflowers/Ewkinos/WJetsToLNu_TuneCP5_13TeV-madgraphMLM-pythia8/crab_extWJetsToLNu_TuneCP5_13TeV-madgraphMLM-pythia8RunIIFall17MiniAODv2/181219_234206/0000/stopFlatNtuples_454.root
   Adding file /mnt/hadoop/user/uscms01/pnfs/unl.edu/data4/cms/store/user/zflowers/Ewkinos/WJetsToLNu_TuneCP5_13TeV-madgraphMLM-pythia8/crab_extWJetsToLNu_TuneCP5_13TeV-madgraphMLM-pythia8RunIIFall17MiniAODv2/181219_234206/0000/stopFlatNtuples_455.root
   Adding file /mnt/hadoop/user/uscms01/pnfs/unl.edu/data4/cms/store/user/zflowers/Ewkinos/WJetsToLNu_TuneCP5_13TeV-madgraphMLM-pythia8/crab_extWJetsToLNu_TuneCP5_13TeV-madgraphMLM-pythia8RunIIFall17MiniAODv2/181219_234206/0000/stopFlatNtuples_456.root
   Adding file /mnt/hadoop/user/uscms01/pnfs/unl.edu/data4/cms/store/user/zflowers/Ewkinos/WJetsToLNu_TuneCP5_13TeV-madgraphMLM-pythia8/crab_extWJetsToLNu_TuneCP5_13TeV-madgraphMLM-pythia8RunIIFall17MiniAODv2/181219_234206/0000/stopFlatNtuples_457.root
   Adding file /mnt/hadoop/user/uscms01/pnfs/unl.edu/data4/cms/store/user/zflowers/Ewkinos/WJetsToLNu_TuneCP5_13TeV-madgraphMLM-pythia8/crab_extWJetsToLNu_TuneCP5_13TeV-madgraphMLM-pythia8RunIIFall17MiniAODv2/181219_234206/0000/stopFlatNtuples_458.root
   Adding file /mnt/hadoop/user/uscms01/pnfs/unl.edu/data4/cms/store/user/zflowers/Ewkinos/WJetsToLNu_TuneCP5_13TeV-madgraphMLM-pythia8/crab_extWJetsToLNu_TuneCP5_13TeV-madgraphMLM-pythia8RunIIFall17MiniAODv2/181219_234206/0000/stopFlatNtuples_459.root
   Adding file /mnt/hadoop/user/uscms01/pnfs/unl.edu/data4/cms/store/user/zflowers/Ewkinos/WJetsToLNu_TuneCP5_13TeV-madgraphMLM-pythia8/crab_extWJetsToLNu_TuneCP5_13TeV-madgraphMLM-pythia8RunIIFall17MiniAODv2/181219_234206/0000/stopFlatNtuples_46.root
   Adding file /mnt/hadoop/user/uscms01/pnfs/unl.edu/data4/cms/store/user/zflowers/Ewkinos/WJetsToLNu_TuneCP5_13TeV-madgraphMLM-pythia8/crab_extWJetsToLNu_TuneCP5_13TeV-madgraphMLM-pythia8RunIIFall17MiniAODv2/181219_234206/0000/stopFlatNtuples_460.root
   Adding file /mnt/hadoop/user/uscms01/pnfs/unl.edu/data4/cms/store/user/zflowers/Ewkinos/WJetsToLNu_TuneCP5_13TeV-madgraphMLM-pythia8/crab_extWJetsToLNu_TuneCP5_13TeV-madgraphMLM-pythia8RunIIFall17MiniAODv2/181219_234206/0000/stopFlatNtuples_461.root
   Adding file /mnt/hadoop/user/uscms01/pnfs/unl.edu/data4/cms/store/user/zflowers/Ewkinos/WJetsToLNu_TuneCP5_13TeV-madgraphMLM-pythia8/crab_extWJetsToLNu_TuneCP5_13TeV-madgraphMLM-pythia8RunIIFall17MiniAODv2/181219_234206/0000/stopFlatNtuples_462.root
   Adding file /mnt/hadoop/user/uscms01/pnfs/unl.edu/data4/cms/store/user/zflowers/Ewkinos/WJetsToLNu_TuneCP5_13TeV-madgraphMLM-pythia8/crab_extWJetsToLNu_TuneCP5_13TeV-madgraphMLM-pythia8RunIIFall17MiniAODv2/181219_234206/0000/stopFlatNtuples_463.root
   Adding file /mnt/hadoop/user/uscms01/pnfs/unl.edu/data4/cms/store/user/zflowers/Ewkinos/WJetsToLNu_TuneCP5_13TeV-madgraphMLM-pythia8/crab_extWJetsToLNu_TuneCP5_13TeV-madgraphMLM-pythia8RunIIFall17MiniAODv2/181219_234206/0000/stopFlatNtuples_464.root
   Adding file /mnt/hadoop/user/uscms01/pnfs/unl.edu/data4/cms/store/user/zflowers/Ewkinos/WJetsToLNu_TuneCP5_13TeV-madgraphMLM-pythia8/crab_extWJetsToLNu_TuneCP5_13TeV-madgraphMLM-pythia8RunIIFall17MiniAODv2/181219_234206/0000/stopFlatNtuples_465.root
   Adding file /mnt/hadoop/user/uscms01/pnfs/unl.edu/data4/cms/store/user/zflowers/Ewkinos/WJetsToLNu_TuneCP5_13TeV-madgraphMLM-pythia8/crab_extWJetsToLNu_TuneCP5_13TeV-madgraphMLM-pythia8RunIIFall17MiniAODv2/181219_234206/0000/stopFlatNtuples_466.root
   Adding file /mnt/hadoop/user/uscms01/pnfs/unl.edu/data4/cms/store/user/zflowers/Ewkinos/WJetsToLNu_TuneCP5_13TeV-madgraphMLM-pythia8/crab_extWJetsToLNu_TuneCP5_13TeV-madgraphMLM-pythia8RunIIFall17MiniAODv2/181219_234206/0000/stopFlatNtuples_467.root
   Adding file /mnt/hadoop/user/uscms01/pnfs/unl.edu/data4/cms/store/user/zflowers/Ewkinos/WJetsToLNu_TuneCP5_13TeV-madgraphMLM-pythia8/crab_extWJetsToLNu_TuneCP5_13TeV-madgraphMLM-pythia8RunIIFall17MiniAODv2/181219_234206/0000/stopFlatNtuples_468.root
   Adding file /mnt/hadoop/user/uscms01/pnfs/unl.edu/data4/cms/store/user/zflowers/Ewkinos/WJetsToLNu_TuneCP5_13TeV-madgraphMLM-pythia8/crab_extWJetsToLNu_TuneCP5_13TeV-madgraphMLM-pythia8RunIIFall17MiniAODv2/181219_234206/0000/stopFlatNtuples_469.root
   Adding file /mnt/hadoop/user/uscms01/pnfs/unl.edu/data4/cms/store/user/zflowers/Ewkinos/WJetsToLNu_TuneCP5_13TeV-madgraphMLM-pythia8/crab_extWJetsToLNu_TuneCP5_13TeV-madgraphMLM-pythia8RunIIFall17MiniAODv2/181219_234206/0000/stopFlatNtuples_47.root
   Adding file /mnt/hadoop/user/uscms01/pnfs/unl.edu/data4/cms/store/user/zflowers/Ewkinos/WJetsToLNu_TuneCP5_13TeV-madgraphMLM-pythia8/crab_extWJetsToLNu_TuneCP5_13TeV-madgraphMLM-pythia8RunIIFall17MiniAODv2/181219_234206/0000/stopFlatNtuples_470.root
   Adding file /mnt/hadoop/user/uscms01/pnfs/unl.edu/data4/cms/store/user/zflowers/Ewkinos/WJetsToLNu_TuneCP5_13TeV-madgraphMLM-pythia8/crab_extWJetsToLNu_TuneCP5_13TeV-madgraphMLM-pythia8RunIIFall17MiniAODv2/181219_234206/0000/stopFlatNtuples_471.root
   Adding file /mnt/hadoop/user/uscms01/pnfs/unl.edu/data4/cms/store/user/zflowers/Ewkinos/WJetsToLNu_TuneCP5_13TeV-madgraphMLM-pythia8/crab_extWJetsToLNu_TuneCP5_13TeV-madgraphMLM-pythia8RunIIFall17MiniAODv2/181219_234206/0000/stopFlatNtuples_472.root
   Adding file /mnt/hadoop/user/uscms01/pnfs/unl.edu/data4/cms/store/user/zflowers/Ewkinos/WJetsToLNu_TuneCP5_13TeV-madgraphMLM-pythia8/crab_extWJetsToLNu_TuneCP5_13TeV-madgraphMLM-pythia8RunIIFall17MiniAODv2/181219_234206/0000/stopFlatNtuples_473.root
   Adding file /mnt/hadoop/user/uscms01/pnfs/unl.edu/data4/cms/store/user/zflowers/Ewkinos/WJetsToLNu_TuneCP5_13TeV-madgraphMLM-pythia8/crab_extWJetsToLNu_TuneCP5_13TeV-madgraphMLM-pythia8RunIIFall17MiniAODv2/181219_234206/0000/stopFlatNtuples_474.root
   Adding file /mnt/hadoop/user/uscms01/pnfs/unl.edu/data4/cms/store/user/zflowers/Ewkinos/WJetsToLNu_TuneCP5_13TeV-madgraphMLM-pythia8/crab_extWJetsToLNu_TuneCP5_13TeV-madgraphMLM-pythia8RunIIFall17MiniAODv2/181219_234206/0000/stopFlatNtuples_475.root
   Adding file /mnt/hadoop/user/uscms01/pnfs/unl.edu/data4/cms/store/user/zflowers/Ewkinos/WJetsToLNu_TuneCP5_13TeV-madgraphMLM-pythia8/crab_extWJetsToLNu_TuneCP5_13TeV-madgraphMLM-pythia8RunIIFall17MiniAODv2/181219_234206/0000/stopFlatNtuples_478.root
   Adding file /mnt/hadoop/user/uscms01/pnfs/unl.edu/data4/cms/store/user/zflowers/Ewkinos/WJetsToLNu_TuneCP5_13TeV-madgraphMLM-pythia8/crab_extWJetsToLNu_TuneCP5_13TeV-madgraphMLM-pythia8RunIIFall17MiniAODv2/181219_234206/0000/stopFlatNtuples_479.root
   Adding file /mnt/hadoop/user/uscms01/pnfs/unl.edu/data4/cms/store/user/zflowers/Ewkinos/WJetsToLNu_TuneCP5_13TeV-madgraphMLM-pythia8/crab_extWJetsToLNu_TuneCP5_13TeV-madgraphMLM-pythia8RunIIFall17MiniAODv2/181219_234206/0000/stopFlatNtuples_480.root
   Adding file /mnt/hadoop/user/uscms01/pnfs/unl.edu/data4/cms/store/user/zflowers/Ewkinos/WJetsToLNu_TuneCP5_13TeV-madgraphMLM-pythia8/crab_extWJetsToLNu_TuneCP5_13TeV-madgraphMLM-pythia8RunIIFall17MiniAODv2/181219_234206/0000/stopFlatNtuples_481.root
   Adding file /mnt/hadoop/user/uscms01/pnfs/unl.edu/data4/cms/store/user/zflowers/Ewkinos/WJetsToLNu_TuneCP5_13TeV-madgraphMLM-pythia8/crab_extWJetsToLNu_TuneCP5_13TeV-madgraphMLM-pythia8RunIIFall17MiniAODv2/181219_234206/0000/stopFlatNtuples_485.root
   Adding file /mnt/hadoop/user/uscms01/pnfs/unl.edu/data4/cms/store/user/zflowers/Ewkinos/WJetsToLNu_TuneCP5_13TeV-madgraphMLM-pythia8/crab_extWJetsToLNu_TuneCP5_13TeV-madgraphMLM-pythia8RunIIFall17MiniAODv2/181219_234206/0000/stopFlatNtuples_487.root
   Adding file /mnt/hadoop/user/uscms01/pnfs/unl.edu/data4/cms/store/user/zflowers/Ewkinos/WJetsToLNu_TuneCP5_13TeV-madgraphMLM-pythia8/crab_extWJetsToLNu_TuneCP5_13TeV-madgraphMLM-pythia8RunIIFall17MiniAODv2/181219_234206/0000/stopFlatNtuples_489.root
   Adding file /mnt/hadoop/user/uscms01/pnfs/unl.edu/data4/cms/store/user/zflowers/Ewkinos/WJetsToLNu_TuneCP5_13TeV-madgraphMLM-pythia8/crab_extWJetsToLNu_TuneCP5_13TeV-madgraphMLM-pythia8RunIIFall17MiniAODv2/181219_234206/0000/stopFlatNtuples_49.root
   Adding file /mnt/hadoop/user/uscms01/pnfs/unl.edu/data4/cms/store/user/zflowers/Ewkinos/WJetsToLNu_TuneCP5_13TeV-madgraphMLM-pythia8/crab_extWJetsToLNu_TuneCP5_13TeV-madgraphMLM-pythia8RunIIFall17MiniAODv2/181219_234206/0000/stopFlatNtuples_490.root
   Adding file /mnt/hadoop/user/uscms01/pnfs/unl.edu/data4/cms/store/user/zflowers/Ewkinos/WJetsToLNu_TuneCP5_13TeV-madgraphMLM-pythia8/crab_extWJetsToLNu_TuneCP5_13TeV-madgraphMLM-pythia8RunIIFall17MiniAODv2/181219_234206/0000/stopFlatNtuples_492.root
   Adding file /mnt/hadoop/user/uscms01/pnfs/unl.edu/data4/cms/store/user/zflowers/Ewkinos/WJetsToLNu_TuneCP5_13TeV-madgraphMLM-pythia8/crab_extWJetsToLNu_TuneCP5_13TeV-madgraphMLM-pythia8RunIIFall17MiniAODv2/181219_234206/0000/stopFlatNtuples_493.root
   Adding file /mnt/hadoop/user/uscms01/pnfs/unl.edu/data4/cms/store/user/zflowers/Ewkinos/WJetsToLNu_TuneCP5_13TeV-madgraphMLM-pythia8/crab_extWJetsToLNu_TuneCP5_13TeV-madgraphMLM-pythia8RunIIFall17MiniAODv2/181219_234206/0000/stopFlatNtuples_494.root
   Adding file /mnt/hadoop/user/uscms01/pnfs/unl.edu/data4/cms/store/user/zflowers/Ewkinos/WJetsToLNu_TuneCP5_13TeV-madgraphMLM-pythia8/crab_extWJetsToLNu_TuneCP5_13TeV-madgraphMLM-pythia8RunIIFall17MiniAODv2/181219_234206/0000/stopFlatNtuples_495.root
   Adding file /mnt/hadoop/user/uscms01/pnfs/unl.edu/data4/cms/store/user/zflowers/Ewkinos/WJetsToLNu_TuneCP5_13TeV-madgraphMLM-pythia8/crab_extWJetsToLNu_TuneCP5_13TeV-madgraphMLM-pythia8RunIIFall17MiniAODv2/181219_234206/0000/stopFlatNtuples_496.root
   Adding file /mnt/hadoop/user/uscms01/pnfs/unl.edu/data4/cms/store/user/zflowers/Ewkinos/WJetsToLNu_TuneCP5_13TeV-madgraphMLM-pythia8/crab_extWJetsToLNu_TuneCP5_13TeV-madgraphMLM-pythia8RunIIFall17MiniAODv2/181219_234206/0000/stopFlatNtuples_497.root
   Adding file /mnt/hadoop/user/uscms01/pnfs/unl.edu/data4/cms/store/user/zflowers/Ewkinos/WJetsToLNu_TuneCP5_13TeV-madgraphMLM-pythia8/crab_extWJetsToLNu_TuneCP5_13TeV-madgraphMLM-pythia8RunIIFall17MiniAODv2/181219_234206/0000/stopFlatNtuples_500.root
   Adding file /mnt/hadoop/user/uscms01/pnfs/unl.edu/data4/cms/store/user/zflowers/Ewkinos/WJetsToLNu_TuneCP5_13TeV-madgraphMLM-pythia8/crab_extWJetsToLNu_TuneCP5_13TeV-madgraphMLM-pythia8RunIIFall17MiniAODv2/181219_234206/0000/stopFlatNtuples_501.root
   Adding file /mnt/hadoop/user/uscms01/pnfs/unl.edu/data4/cms/store/user/zflowers/Ewkinos/WJetsToLNu_TuneCP5_13TeV-madgraphMLM-pythia8/crab_extWJetsToLNu_TuneCP5_13TeV-madgraphMLM-pythia8RunIIFall17MiniAODv2/181219_234206/0000/stopFlatNtuples_502.root
   Adding file /mnt/hadoop/user/uscms01/pnfs/unl.edu/data4/cms/store/user/zflowers/Ewkinos/WJetsToLNu_TuneCP5_13TeV-madgraphMLM-pythia8/crab_extWJetsToLNu_TuneCP5_13TeV-madgraphMLM-pythia8RunIIFall17MiniAODv2/181219_234206/0000/stopFlatNtuples_503.root
   Adding file /mnt/hadoop/user/uscms01/pnfs/unl.edu/data4/cms/store/user/zflowers/Ewkinos/WJetsToLNu_TuneCP5_13TeV-madgraphMLM-pythia8/crab_extWJetsToLNu_TuneCP5_13TeV-madgraphMLM-pythia8RunIIFall17MiniAODv2/181219_234206/0000/stopFlatNtuples_504.root
 event = 0 : 5377290
 event = 537729 : 5377290
 event = 1075458 : 5377290
 event = 1613187 : 5377290
 event = 2150916 : 5377290
 event = 2688645 : 5377290
 event = 3226374 : 5377290
 event = 3764103 : 5377290
 event = 4301832 : 5377290
 event = 4839561 : 5377290
Ntree 1
