
[36mRestFrames v1.0.0 -- Developed by Christopher Rogan (crogan@cern.ch)
                     Copyright (c) 2014-2018, Christopher Rogan
                     http://RestFrames.com
[0m
   Adding file /mnt/hadoop/user/uscms01/pnfs/unl.edu/data4/cms/store/user/zflowers/Ewkinos/WJetsToLNu_TuneCP5_13TeV-madgraphMLM-pythia8/crab_extWJetsToLNu_TuneCP5_13TeV-madgraphMLM-pythia8RunIIFall17MiniAODv2/181219_234206/0000/stopFlatNtuples_3-61.root
   Adding file /mnt/hadoop/user/uscms01/pnfs/unl.edu/data4/cms/store/user/zflowers/Ewkinos/WJetsToLNu_TuneCP5_13TeV-madgraphMLM-pythia8/crab_extWJetsToLNu_TuneCP5_13TeV-madgraphMLM-pythia8RunIIFall17MiniAODv2/181219_234206/0000/stopFlatNtuples_3-62.root
   Adding file /mnt/hadoop/user/uscms01/pnfs/unl.edu/data4/cms/store/user/zflowers/Ewkinos/WJetsToLNu_TuneCP5_13TeV-madgraphMLM-pythia8/crab_extWJetsToLNu_TuneCP5_13TeV-madgraphMLM-pythia8RunIIFall17MiniAODv2/181219_234206/0000/stopFlatNtuples_3-63.root
   Adding file /mnt/hadoop/user/uscms01/pnfs/unl.edu/data4/cms/store/user/zflowers/Ewkinos/WJetsToLNu_TuneCP5_13TeV-madgraphMLM-pythia8/crab_extWJetsToLNu_TuneCP5_13TeV-madgraphMLM-pythia8RunIIFall17MiniAODv2/181219_234206/0000/stopFlatNtuples_3-64.root
   Adding file /mnt/hadoop/user/uscms01/pnfs/unl.edu/data4/cms/store/user/zflowers/Ewkinos/WJetsToLNu_TuneCP5_13TeV-madgraphMLM-pythia8/crab_extWJetsToLNu_TuneCP5_13TeV-madgraphMLM-pythia8RunIIFall17MiniAODv2/181219_234206/0000/stopFlatNtuples_3-65.root
   Adding file /mnt/hadoop/user/uscms01/pnfs/unl.edu/data4/cms/store/user/zflowers/Ewkinos/WJetsToLNu_TuneCP5_13TeV-madgraphMLM-pythia8/crab_extWJetsToLNu_TuneCP5_13TeV-madgraphMLM-pythia8RunIIFall17MiniAODv2/181219_234206/0000/stopFlatNtuples_3-66.root
   Adding file /mnt/hadoop/user/uscms01/pnfs/unl.edu/data4/cms/store/user/zflowers/Ewkinos/WJetsToLNu_TuneCP5_13TeV-madgraphMLM-pythia8/crab_extWJetsToLNu_TuneCP5_13TeV-madgraphMLM-pythia8RunIIFall17MiniAODv2/181219_234206/0000/stopFlatNtuples_3-67.root
   Adding file /mnt/hadoop/user/uscms01/pnfs/unl.edu/data4/cms/store/user/zflowers/Ewkinos/WJetsToLNu_TuneCP5_13TeV-madgraphMLM-pythia8/crab_extWJetsToLNu_TuneCP5_13TeV-madgraphMLM-pythia8RunIIFall17MiniAODv2/181219_234206/0000/stopFlatNtuples_3-68.root
   Adding file /mnt/hadoop/user/uscms01/pnfs/unl.edu/data4/cms/store/user/zflowers/Ewkinos/WJetsToLNu_TuneCP5_13TeV-madgraphMLM-pythia8/crab_extWJetsToLNu_TuneCP5_13TeV-madgraphMLM-pythia8RunIIFall17MiniAODv2/181219_234206/0000/stopFlatNtuples_3-69.root
   Adding file /mnt/hadoop/user/uscms01/pnfs/unl.edu/data4/cms/store/user/zflowers/Ewkinos/WJetsToLNu_TuneCP5_13TeV-madgraphMLM-pythia8/crab_extWJetsToLNu_TuneCP5_13TeV-madgraphMLM-pythia8RunIIFall17MiniAODv2/181219_234206/0000/stopFlatNtuples_3-7.root
   Adding file /mnt/hadoop/user/uscms01/pnfs/unl.edu/data4/cms/store/user/zflowers/Ewkinos/WJetsToLNu_TuneCP5_13TeV-madgraphMLM-pythia8/crab_extWJetsToLNu_TuneCP5_13TeV-madgraphMLM-pythia8RunIIFall17MiniAODv2/181219_234206/0000/stopFlatNtuples_3-70.root
   Adding file /mnt/hadoop/user/uscms01/pnfs/unl.edu/data4/cms/store/user/zflowers/Ewkinos/WJetsToLNu_TuneCP5_13TeV-madgraphMLM-pythia8/crab_extWJetsToLNu_TuneCP5_13TeV-madgraphMLM-pythia8RunIIFall17MiniAODv2/181219_234206/0000/stopFlatNtuples_3-71.root
   Adding file /mnt/hadoop/user/uscms01/pnfs/unl.edu/data4/cms/store/user/zflowers/Ewkinos/WJetsToLNu_TuneCP5_13TeV-madgraphMLM-pythia8/crab_extWJetsToLNu_TuneCP5_13TeV-madgraphMLM-pythia8RunIIFall17MiniAODv2/181219_234206/0000/stopFlatNtuples_3-72.root
   Adding file /mnt/hadoop/user/uscms01/pnfs/unl.edu/data4/cms/store/user/zflowers/Ewkinos/WJetsToLNu_TuneCP5_13TeV-madgraphMLM-pythia8/crab_extWJetsToLNu_TuneCP5_13TeV-madgraphMLM-pythia8RunIIFall17MiniAODv2/181219_234206/0000/stopFlatNtuples_3-73.root
   Adding file /mnt/hadoop/user/uscms01/pnfs/unl.edu/data4/cms/store/user/zflowers/Ewkinos/WJetsToLNu_TuneCP5_13TeV-madgraphMLM-pythia8/crab_extWJetsToLNu_TuneCP5_13TeV-madgraphMLM-pythia8RunIIFall17MiniAODv2/181219_234206/0000/stopFlatNtuples_3-74.root
   Adding file /mnt/hadoop/user/uscms01/pnfs/unl.edu/data4/cms/store/user/zflowers/Ewkinos/WJetsToLNu_TuneCP5_13TeV-madgraphMLM-pythia8/crab_extWJetsToLNu_TuneCP5_13TeV-madgraphMLM-pythia8RunIIFall17MiniAODv2/181219_234206/0000/stopFlatNtuples_3-75.root
   Adding file /mnt/hadoop/user/uscms01/pnfs/unl.edu/data4/cms/store/user/zflowers/Ewkinos/WJetsToLNu_TuneCP5_13TeV-madgraphMLM-pythia8/crab_extWJetsToLNu_TuneCP5_13TeV-madgraphMLM-pythia8RunIIFall17MiniAODv2/181219_234206/0000/stopFlatNtuples_3-76.root
   Adding file /mnt/hadoop/user/uscms01/pnfs/unl.edu/data4/cms/store/user/zflowers/Ewkinos/WJetsToLNu_TuneCP5_13TeV-madgraphMLM-pythia8/crab_extWJetsToLNu_TuneCP5_13TeV-madgraphMLM-pythia8RunIIFall17MiniAODv2/181219_234206/0000/stopFlatNtuples_3-77.root
   Adding file /mnt/hadoop/user/uscms01/pnfs/unl.edu/data4/cms/store/user/zflowers/Ewkinos/WJetsToLNu_TuneCP5_13TeV-madgraphMLM-pythia8/crab_extWJetsToLNu_TuneCP5_13TeV-madgraphMLM-pythia8RunIIFall17MiniAODv2/181219_234206/0000/stopFlatNtuples_3-78.root
   Adding file /mnt/hadoop/user/uscms01/pnfs/unl.edu/data4/cms/store/user/zflowers/Ewkinos/WJetsToLNu_TuneCP5_13TeV-madgraphMLM-pythia8/crab_extWJetsToLNu_TuneCP5_13TeV-madgraphMLM-pythia8RunIIFall17MiniAODv2/181219_234206/0000/stopFlatNtuples_3-79.root
   Adding file /mnt/hadoop/user/uscms01/pnfs/unl.edu/data4/cms/store/user/zflowers/Ewkinos/WJetsToLNu_TuneCP5_13TeV-madgraphMLM-pythia8/crab_extWJetsToLNu_TuneCP5_13TeV-madgraphMLM-pythia8RunIIFall17MiniAODv2/181219_234206/0000/stopFlatNtuples_3-8.root
   Adding file /mnt/hadoop/user/uscms01/pnfs/unl.edu/data4/cms/store/user/zflowers/Ewkinos/WJetsToLNu_TuneCP5_13TeV-madgraphMLM-pythia8/crab_extWJetsToLNu_TuneCP5_13TeV-madgraphMLM-pythia8RunIIFall17MiniAODv2/181219_234206/0000/stopFlatNtuples_3-80.root
   Adding file /mnt/hadoop/user/uscms01/pnfs/unl.edu/data4/cms/store/user/zflowers/Ewkinos/WJetsToLNu_TuneCP5_13TeV-madgraphMLM-pythia8/crab_extWJetsToLNu_TuneCP5_13TeV-madgraphMLM-pythia8RunIIFall17MiniAODv2/181219_234206/0000/stopFlatNtuples_3-81.root
   Adding file /mnt/hadoop/user/uscms01/pnfs/unl.edu/data4/cms/store/user/zflowers/Ewkinos/WJetsToLNu_TuneCP5_13TeV-madgraphMLM-pythia8/crab_extWJetsToLNu_TuneCP5_13TeV-madgraphMLM-pythia8RunIIFall17MiniAODv2/181219_234206/0000/stopFlatNtuples_3-82.root
   Adding file /mnt/hadoop/user/uscms01/pnfs/unl.edu/data4/cms/store/user/zflowers/Ewkinos/WJetsToLNu_TuneCP5_13TeV-madgraphMLM-pythia8/crab_extWJetsToLNu_TuneCP5_13TeV-madgraphMLM-pythia8RunIIFall17MiniAODv2/181219_234206/0000/stopFlatNtuples_3-83.root
   Adding file /mnt/hadoop/user/uscms01/pnfs/unl.edu/data4/cms/store/user/zflowers/Ewkinos/WJetsToLNu_TuneCP5_13TeV-madgraphMLM-pythia8/crab_extWJetsToLNu_TuneCP5_13TeV-madgraphMLM-pythia8RunIIFall17MiniAODv2/181219_234206/0000/stopFlatNtuples_3-84.root
   Adding file /mnt/hadoop/user/uscms01/pnfs/unl.edu/data4/cms/store/user/zflowers/Ewkinos/WJetsToLNu_TuneCP5_13TeV-madgraphMLM-pythia8/crab_extWJetsToLNu_TuneCP5_13TeV-madgraphMLM-pythia8RunIIFall17MiniAODv2/181219_234206/0000/stopFlatNtuples_3-85.root
   Adding file /mnt/hadoop/user/uscms01/pnfs/unl.edu/data4/cms/store/user/zflowers/Ewkinos/WJetsToLNu_TuneCP5_13TeV-madgraphMLM-pythia8/crab_extWJetsToLNu_TuneCP5_13TeV-madgraphMLM-pythia8RunIIFall17MiniAODv2/181219_234206/0000/stopFlatNtuples_3-86.root
   Adding file /mnt/hadoop/user/uscms01/pnfs/unl.edu/data4/cms/store/user/zflowers/Ewkinos/WJetsToLNu_TuneCP5_13TeV-madgraphMLM-pythia8/crab_extWJetsToLNu_TuneCP5_13TeV-madgraphMLM-pythia8RunIIFall17MiniAODv2/181219_234206/0000/stopFlatNtuples_3-9.root
   Adding file /mnt/hadoop/user/uscms01/pnfs/unl.edu/data4/cms/store/user/zflowers/Ewkinos/WJetsToLNu_TuneCP5_13TeV-madgraphMLM-pythia8/crab_extWJetsToLNu_TuneCP5_13TeV-madgraphMLM-pythia8RunIIFall17MiniAODv2/181219_234206/0000/stopFlatNtuples_3.root
   Adding file /mnt/hadoop/user/uscms01/pnfs/unl.edu/data4/cms/store/user/zflowers/Ewkinos/WJetsToLNu_TuneCP5_13TeV-madgraphMLM-pythia8/crab_extWJetsToLNu_TuneCP5_13TeV-madgraphMLM-pythia8RunIIFall17MiniAODv2/181219_234206/0000/stopFlatNtuples_300.root
   Adding file /mnt/hadoop/user/uscms01/pnfs/unl.edu/data4/cms/store/user/zflowers/Ewkinos/WJetsToLNu_TuneCP5_13TeV-madgraphMLM-pythia8/crab_extWJetsToLNu_TuneCP5_13TeV-madgraphMLM-pythia8RunIIFall17MiniAODv2/181219_234206/0000/stopFlatNtuples_302.root
   Adding file /mnt/hadoop/user/uscms01/pnfs/unl.edu/data4/cms/store/user/zflowers/Ewkinos/WJetsToLNu_TuneCP5_13TeV-madgraphMLM-pythia8/crab_extWJetsToLNu_TuneCP5_13TeV-madgraphMLM-pythia8RunIIFall17MiniAODv2/181219_234206/0000/stopFlatNtuples_304.root
   Adding file /mnt/hadoop/user/uscms01/pnfs/unl.edu/data4/cms/store/user/zflowers/Ewkinos/WJetsToLNu_TuneCP5_13TeV-madgraphMLM-pythia8/crab_extWJetsToLNu_TuneCP5_13TeV-madgraphMLM-pythia8RunIIFall17MiniAODv2/181219_234206/0000/stopFlatNtuples_306.root
   Adding file /mnt/hadoop/user/uscms01/pnfs/unl.edu/data4/cms/store/user/zflowers/Ewkinos/WJetsToLNu_TuneCP5_13TeV-madgraphMLM-pythia8/crab_extWJetsToLNu_TuneCP5_13TeV-madgraphMLM-pythia8RunIIFall17MiniAODv2/181219_234206/0000/stopFlatNtuples_309.root
   Adding file /mnt/hadoop/user/uscms01/pnfs/unl.edu/data4/cms/store/user/zflowers/Ewkinos/WJetsToLNu_TuneCP5_13TeV-madgraphMLM-pythia8/crab_extWJetsToLNu_TuneCP5_13TeV-madgraphMLM-pythia8RunIIFall17MiniAODv2/181219_234206/0000/stopFlatNtuples_31.root
   Adding file /mnt/hadoop/user/uscms01/pnfs/unl.edu/data4/cms/store/user/zflowers/Ewkinos/WJetsToLNu_TuneCP5_13TeV-madgraphMLM-pythia8/crab_extWJetsToLNu_TuneCP5_13TeV-madgraphMLM-pythia8RunIIFall17MiniAODv2/181219_234206/0000/stopFlatNtuples_310.root
   Adding file /mnt/hadoop/user/uscms01/pnfs/unl.edu/data4/cms/store/user/zflowers/Ewkinos/WJetsToLNu_TuneCP5_13TeV-madgraphMLM-pythia8/crab_extWJetsToLNu_TuneCP5_13TeV-madgraphMLM-pythia8RunIIFall17MiniAODv2/181219_234206/0000/stopFlatNtuples_311.root
   Adding file /mnt/hadoop/user/uscms01/pnfs/unl.edu/data4/cms/store/user/zflowers/Ewkinos/WJetsToLNu_TuneCP5_13TeV-madgraphMLM-pythia8/crab_extWJetsToLNu_TuneCP5_13TeV-madgraphMLM-pythia8RunIIFall17MiniAODv2/181219_234206/0000/stopFlatNtuples_312.root
   Adding file /mnt/hadoop/user/uscms01/pnfs/unl.edu/data4/cms/store/user/zflowers/Ewkinos/WJetsToLNu_TuneCP5_13TeV-madgraphMLM-pythia8/crab_extWJetsToLNu_TuneCP5_13TeV-madgraphMLM-pythia8RunIIFall17MiniAODv2/181219_234206/0000/stopFlatNtuples_313.root
   Adding file /mnt/hadoop/user/uscms01/pnfs/unl.edu/data4/cms/store/user/zflowers/Ewkinos/WJetsToLNu_TuneCP5_13TeV-madgraphMLM-pythia8/crab_extWJetsToLNu_TuneCP5_13TeV-madgraphMLM-pythia8RunIIFall17MiniAODv2/181219_234206/0000/stopFlatNtuples_314.root
   Adding file /mnt/hadoop/user/uscms01/pnfs/unl.edu/data4/cms/store/user/zflowers/Ewkinos/WJetsToLNu_TuneCP5_13TeV-madgraphMLM-pythia8/crab_extWJetsToLNu_TuneCP5_13TeV-madgraphMLM-pythia8RunIIFall17MiniAODv2/181219_234206/0000/stopFlatNtuples_316.root
   Adding file /mnt/hadoop/user/uscms01/pnfs/unl.edu/data4/cms/store/user/zflowers/Ewkinos/WJetsToLNu_TuneCP5_13TeV-madgraphMLM-pythia8/crab_extWJetsToLNu_TuneCP5_13TeV-madgraphMLM-pythia8RunIIFall17MiniAODv2/181219_234206/0000/stopFlatNtuples_317.root
   Adding file /mnt/hadoop/user/uscms01/pnfs/unl.edu/data4/cms/store/user/zflowers/Ewkinos/WJetsToLNu_TuneCP5_13TeV-madgraphMLM-pythia8/crab_extWJetsToLNu_TuneCP5_13TeV-madgraphMLM-pythia8RunIIFall17MiniAODv2/181219_234206/0000/stopFlatNtuples_318.root
   Adding file /mnt/hadoop/user/uscms01/pnfs/unl.edu/data4/cms/store/user/zflowers/Ewkinos/WJetsToLNu_TuneCP5_13TeV-madgraphMLM-pythia8/crab_extWJetsToLNu_TuneCP5_13TeV-madgraphMLM-pythia8RunIIFall17MiniAODv2/181219_234206/0000/stopFlatNtuples_319.root
   Adding file /mnt/hadoop/user/uscms01/pnfs/unl.edu/data4/cms/store/user/zflowers/Ewkinos/WJetsToLNu_TuneCP5_13TeV-madgraphMLM-pythia8/crab_extWJetsToLNu_TuneCP5_13TeV-madgraphMLM-pythia8RunIIFall17MiniAODv2/181219_234206/0000/stopFlatNtuples_32.root
   Adding file /mnt/hadoop/user/uscms01/pnfs/unl.edu/data4/cms/store/user/zflowers/Ewkinos/WJetsToLNu_TuneCP5_13TeV-madgraphMLM-pythia8/crab_extWJetsToLNu_TuneCP5_13TeV-madgraphMLM-pythia8RunIIFall17MiniAODv2/181219_234206/0000/stopFlatNtuples_320.root
   Adding file /mnt/hadoop/user/uscms01/pnfs/unl.edu/data4/cms/store/user/zflowers/Ewkinos/WJetsToLNu_TuneCP5_13TeV-madgraphMLM-pythia8/crab_extWJetsToLNu_TuneCP5_13TeV-madgraphMLM-pythia8RunIIFall17MiniAODv2/181219_234206/0000/stopFlatNtuples_321.root
   Adding file /mnt/hadoop/user/uscms01/pnfs/unl.edu/data4/cms/store/user/zflowers/Ewkinos/WJetsToLNu_TuneCP5_13TeV-madgraphMLM-pythia8/crab_extWJetsToLNu_TuneCP5_13TeV-madgraphMLM-pythia8RunIIFall17MiniAODv2/181219_234206/0000/stopFlatNtuples_322.root
   Adding file /mnt/hadoop/user/uscms01/pnfs/unl.edu/data4/cms/store/user/zflowers/Ewkinos/WJetsToLNu_TuneCP5_13TeV-madgraphMLM-pythia8/crab_extWJetsToLNu_TuneCP5_13TeV-madgraphMLM-pythia8RunIIFall17MiniAODv2/181219_234206/0000/stopFlatNtuples_323.root
   Adding file /mnt/hadoop/user/uscms01/pnfs/unl.edu/data4/cms/store/user/zflowers/Ewkinos/WJetsToLNu_TuneCP5_13TeV-madgraphMLM-pythia8/crab_extWJetsToLNu_TuneCP5_13TeV-madgraphMLM-pythia8RunIIFall17MiniAODv2/181219_234206/0000/stopFlatNtuples_324.root
   Adding file /mnt/hadoop/user/uscms01/pnfs/unl.edu/data4/cms/store/user/zflowers/Ewkinos/WJetsToLNu_TuneCP5_13TeV-madgraphMLM-pythia8/crab_extWJetsToLNu_TuneCP5_13TeV-madgraphMLM-pythia8RunIIFall17MiniAODv2/181219_234206/0000/stopFlatNtuples_325.root
   Adding file /mnt/hadoop/user/uscms01/pnfs/unl.edu/data4/cms/store/user/zflowers/Ewkinos/WJetsToLNu_TuneCP5_13TeV-madgraphMLM-pythia8/crab_extWJetsToLNu_TuneCP5_13TeV-madgraphMLM-pythia8RunIIFall17MiniAODv2/181219_234206/0000/stopFlatNtuples_326.root
   Adding file /mnt/hadoop/user/uscms01/pnfs/unl.edu/data4/cms/store/user/zflowers/Ewkinos/WJetsToLNu_TuneCP5_13TeV-madgraphMLM-pythia8/crab_extWJetsToLNu_TuneCP5_13TeV-madgraphMLM-pythia8RunIIFall17MiniAODv2/181219_234206/0000/stopFlatNtuples_327.root
   Adding file /mnt/hadoop/user/uscms01/pnfs/unl.edu/data4/cms/store/user/zflowers/Ewkinos/WJetsToLNu_TuneCP5_13TeV-madgraphMLM-pythia8/crab_extWJetsToLNu_TuneCP5_13TeV-madgraphMLM-pythia8RunIIFall17MiniAODv2/181219_234206/0000/stopFlatNtuples_328.root
   Adding file /mnt/hadoop/user/uscms01/pnfs/unl.edu/data4/cms/store/user/zflowers/Ewkinos/WJetsToLNu_TuneCP5_13TeV-madgraphMLM-pythia8/crab_extWJetsToLNu_TuneCP5_13TeV-madgraphMLM-pythia8RunIIFall17MiniAODv2/181219_234206/0000/stopFlatNtuples_329.root
   Adding file /mnt/hadoop/user/uscms01/pnfs/unl.edu/data4/cms/store/user/zflowers/Ewkinos/WJetsToLNu_TuneCP5_13TeV-madgraphMLM-pythia8/crab_extWJetsToLNu_TuneCP5_13TeV-madgraphMLM-pythia8RunIIFall17MiniAODv2/181219_234206/0000/stopFlatNtuples_330.root
   Adding file /mnt/hadoop/user/uscms01/pnfs/unl.edu/data4/cms/store/user/zflowers/Ewkinos/WJetsToLNu_TuneCP5_13TeV-madgraphMLM-pythia8/crab_extWJetsToLNu_TuneCP5_13TeV-madgraphMLM-pythia8RunIIFall17MiniAODv2/181219_234206/0000/stopFlatNtuples_331.root
   Adding file /mnt/hadoop/user/uscms01/pnfs/unl.edu/data4/cms/store/user/zflowers/Ewkinos/WJetsToLNu_TuneCP5_13TeV-madgraphMLM-pythia8/crab_extWJetsToLNu_TuneCP5_13TeV-madgraphMLM-pythia8RunIIFall17MiniAODv2/181219_234206/0000/stopFlatNtuples_333.root
   Adding file /mnt/hadoop/user/uscms01/pnfs/unl.edu/data4/cms/store/user/zflowers/Ewkinos/WJetsToLNu_TuneCP5_13TeV-madgraphMLM-pythia8/crab_extWJetsToLNu_TuneCP5_13TeV-madgraphMLM-pythia8RunIIFall17MiniAODv2/181219_234206/0000/stopFlatNtuples_334.root
   Adding file /mnt/hadoop/user/uscms01/pnfs/unl.edu/data4/cms/store/user/zflowers/Ewkinos/WJetsToLNu_TuneCP5_13TeV-madgraphMLM-pythia8/crab_extWJetsToLNu_TuneCP5_13TeV-madgraphMLM-pythia8RunIIFall17MiniAODv2/181219_234206/0000/stopFlatNtuples_335.root
   Adding file /mnt/hadoop/user/uscms01/pnfs/unl.edu/data4/cms/store/user/zflowers/Ewkinos/WJetsToLNu_TuneCP5_13TeV-madgraphMLM-pythia8/crab_extWJetsToLNu_TuneCP5_13TeV-madgraphMLM-pythia8RunIIFall17MiniAODv2/181219_234206/0000/stopFlatNtuples_336.root
   Adding file /mnt/hadoop/user/uscms01/pnfs/unl.edu/data4/cms/store/user/zflowers/Ewkinos/WJetsToLNu_TuneCP5_13TeV-madgraphMLM-pythia8/crab_extWJetsToLNu_TuneCP5_13TeV-madgraphMLM-pythia8RunIIFall17MiniAODv2/181219_234206/0000/stopFlatNtuples_337.root
   Adding file /mnt/hadoop/user/uscms01/pnfs/unl.edu/data4/cms/store/user/zflowers/Ewkinos/WJetsToLNu_TuneCP5_13TeV-madgraphMLM-pythia8/crab_extWJetsToLNu_TuneCP5_13TeV-madgraphMLM-pythia8RunIIFall17MiniAODv2/181219_234206/0000/stopFlatNtuples_338.root
   Adding file /mnt/hadoop/user/uscms01/pnfs/unl.edu/data4/cms/store/user/zflowers/Ewkinos/WJetsToLNu_TuneCP5_13TeV-madgraphMLM-pythia8/crab_extWJetsToLNu_TuneCP5_13TeV-madgraphMLM-pythia8RunIIFall17MiniAODv2/181219_234206/0000/stopFlatNtuples_339.root
   Adding file /mnt/hadoop/user/uscms01/pnfs/unl.edu/data4/cms/store/user/zflowers/Ewkinos/WJetsToLNu_TuneCP5_13TeV-madgraphMLM-pythia8/crab_extWJetsToLNu_TuneCP5_13TeV-madgraphMLM-pythia8RunIIFall17MiniAODv2/181219_234206/0000/stopFlatNtuples_34.root
   Adding file /mnt/hadoop/user/uscms01/pnfs/unl.edu/data4/cms/store/user/zflowers/Ewkinos/WJetsToLNu_TuneCP5_13TeV-madgraphMLM-pythia8/crab_extWJetsToLNu_TuneCP5_13TeV-madgraphMLM-pythia8RunIIFall17MiniAODv2/181219_234206/0000/stopFlatNtuples_341.root
   Adding file /mnt/hadoop/user/uscms01/pnfs/unl.edu/data4/cms/store/user/zflowers/Ewkinos/WJetsToLNu_TuneCP5_13TeV-madgraphMLM-pythia8/crab_extWJetsToLNu_TuneCP5_13TeV-madgraphMLM-pythia8RunIIFall17MiniAODv2/181219_234206/0000/stopFlatNtuples_343.root
   Adding file /mnt/hadoop/user/uscms01/pnfs/unl.edu/data4/cms/store/user/zflowers/Ewkinos/WJetsToLNu_TuneCP5_13TeV-madgraphMLM-pythia8/crab_extWJetsToLNu_TuneCP5_13TeV-madgraphMLM-pythia8RunIIFall17MiniAODv2/181219_234206/0000/stopFlatNtuples_344.root
   Adding file /mnt/hadoop/user/uscms01/pnfs/unl.edu/data4/cms/store/user/zflowers/Ewkinos/WJetsToLNu_TuneCP5_13TeV-madgraphMLM-pythia8/crab_extWJetsToLNu_TuneCP5_13TeV-madgraphMLM-pythia8RunIIFall17MiniAODv2/181219_234206/0000/stopFlatNtuples_345.root
   Adding file /mnt/hadoop/user/uscms01/pnfs/unl.edu/data4/cms/store/user/zflowers/Ewkinos/WJetsToLNu_TuneCP5_13TeV-madgraphMLM-pythia8/crab_extWJetsToLNu_TuneCP5_13TeV-madgraphMLM-pythia8RunIIFall17MiniAODv2/181219_234206/0000/stopFlatNtuples_347.root
   Adding file /mnt/hadoop/user/uscms01/pnfs/unl.edu/data4/cms/store/user/zflowers/Ewkinos/WJetsToLNu_TuneCP5_13TeV-madgraphMLM-pythia8/crab_extWJetsToLNu_TuneCP5_13TeV-madgraphMLM-pythia8RunIIFall17MiniAODv2/181219_234206/0000/stopFlatNtuples_348.root
   Adding file /mnt/hadoop/user/uscms01/pnfs/unl.edu/data4/cms/store/user/zflowers/Ewkinos/WJetsToLNu_TuneCP5_13TeV-madgraphMLM-pythia8/crab_extWJetsToLNu_TuneCP5_13TeV-madgraphMLM-pythia8RunIIFall17MiniAODv2/181219_234206/0000/stopFlatNtuples_349.root
   Adding file /mnt/hadoop/user/uscms01/pnfs/unl.edu/data4/cms/store/user/zflowers/Ewkinos/WJetsToLNu_TuneCP5_13TeV-madgraphMLM-pythia8/crab_extWJetsToLNu_TuneCP5_13TeV-madgraphMLM-pythia8RunIIFall17MiniAODv2/181219_234206/0000/stopFlatNtuples_350.root
   Adding file /mnt/hadoop/user/uscms01/pnfs/unl.edu/data4/cms/store/user/zflowers/Ewkinos/WJetsToLNu_TuneCP5_13TeV-madgraphMLM-pythia8/crab_extWJetsToLNu_TuneCP5_13TeV-madgraphMLM-pythia8RunIIFall17MiniAODv2/181219_234206/0000/stopFlatNtuples_352.root
   Adding file /mnt/hadoop/user/uscms01/pnfs/unl.edu/data4/cms/store/user/zflowers/Ewkinos/WJetsToLNu_TuneCP5_13TeV-madgraphMLM-pythia8/crab_extWJetsToLNu_TuneCP5_13TeV-madgraphMLM-pythia8RunIIFall17MiniAODv2/181219_234206/0000/stopFlatNtuples_353.root
   Adding file /mnt/hadoop/user/uscms01/pnfs/unl.edu/data4/cms/store/user/zflowers/Ewkinos/WJetsToLNu_TuneCP5_13TeV-madgraphMLM-pythia8/crab_extWJetsToLNu_TuneCP5_13TeV-madgraphMLM-pythia8RunIIFall17MiniAODv2/181219_234206/0000/stopFlatNtuples_354.root
   Adding file /mnt/hadoop/user/uscms01/pnfs/unl.edu/data4/cms/store/user/zflowers/Ewkinos/WJetsToLNu_TuneCP5_13TeV-madgraphMLM-pythia8/crab_extWJetsToLNu_TuneCP5_13TeV-madgraphMLM-pythia8RunIIFall17MiniAODv2/181219_234206/0000/stopFlatNtuples_357.root
   Adding file /mnt/hadoop/user/uscms01/pnfs/unl.edu/data4/cms/store/user/zflowers/Ewkinos/WJetsToLNu_TuneCP5_13TeV-madgraphMLM-pythia8/crab_extWJetsToLNu_TuneCP5_13TeV-madgraphMLM-pythia8RunIIFall17MiniAODv2/181219_234206/0000/stopFlatNtuples_360.root
   Adding file /mnt/hadoop/user/uscms01/pnfs/unl.edu/data4/cms/store/user/zflowers/Ewkinos/WJetsToLNu_TuneCP5_13TeV-madgraphMLM-pythia8/crab_extWJetsToLNu_TuneCP5_13TeV-madgraphMLM-pythia8RunIIFall17MiniAODv2/181219_234206/0000/stopFlatNtuples_361.root
   Adding file /mnt/hadoop/user/uscms01/pnfs/unl.edu/data4/cms/store/user/zflowers/Ewkinos/WJetsToLNu_TuneCP5_13TeV-madgraphMLM-pythia8/crab_extWJetsToLNu_TuneCP5_13TeV-madgraphMLM-pythia8RunIIFall17MiniAODv2/181219_234206/0000/stopFlatNtuples_364.root
   Adding file /mnt/hadoop/user/uscms01/pnfs/unl.edu/data4/cms/store/user/zflowers/Ewkinos/WJetsToLNu_TuneCP5_13TeV-madgraphMLM-pythia8/crab_extWJetsToLNu_TuneCP5_13TeV-madgraphMLM-pythia8RunIIFall17MiniAODv2/181219_234206/0000/stopFlatNtuples_366.root
   Adding file /mnt/hadoop/user/uscms01/pnfs/unl.edu/data4/cms/store/user/zflowers/Ewkinos/WJetsToLNu_TuneCP5_13TeV-madgraphMLM-pythia8/crab_extWJetsToLNu_TuneCP5_13TeV-madgraphMLM-pythia8RunIIFall17MiniAODv2/181219_234206/0000/stopFlatNtuples_367.root
   Adding file /mnt/hadoop/user/uscms01/pnfs/unl.edu/data4/cms/store/user/zflowers/Ewkinos/WJetsToLNu_TuneCP5_13TeV-madgraphMLM-pythia8/crab_extWJetsToLNu_TuneCP5_13TeV-madgraphMLM-pythia8RunIIFall17MiniAODv2/181219_234206/0000/stopFlatNtuples_368.root
   Adding file /mnt/hadoop/user/uscms01/pnfs/unl.edu/data4/cms/store/user/zflowers/Ewkinos/WJetsToLNu_TuneCP5_13TeV-madgraphMLM-pythia8/crab_extWJetsToLNu_TuneCP5_13TeV-madgraphMLM-pythia8RunIIFall17MiniAODv2/181219_234206/0000/stopFlatNtuples_369.root
   Adding file /mnt/hadoop/user/uscms01/pnfs/unl.edu/data4/cms/store/user/zflowers/Ewkinos/WJetsToLNu_TuneCP5_13TeV-madgraphMLM-pythia8/crab_extWJetsToLNu_TuneCP5_13TeV-madgraphMLM-pythia8RunIIFall17MiniAODv2/181219_234206/0000/stopFlatNtuples_37.root
   Adding file /mnt/hadoop/user/uscms01/pnfs/unl.edu/data4/cms/store/user/zflowers/Ewkinos/WJetsToLNu_TuneCP5_13TeV-madgraphMLM-pythia8/crab_extWJetsToLNu_TuneCP5_13TeV-madgraphMLM-pythia8RunIIFall17MiniAODv2/181219_234206/0000/stopFlatNtuples_371.root
   Adding file /mnt/hadoop/user/uscms01/pnfs/unl.edu/data4/cms/store/user/zflowers/Ewkinos/WJetsToLNu_TuneCP5_13TeV-madgraphMLM-pythia8/crab_extWJetsToLNu_TuneCP5_13TeV-madgraphMLM-pythia8RunIIFall17MiniAODv2/181219_234206/0000/stopFlatNtuples_372.root
   Adding file /mnt/hadoop/user/uscms01/pnfs/unl.edu/data4/cms/store/user/zflowers/Ewkinos/WJetsToLNu_TuneCP5_13TeV-madgraphMLM-pythia8/crab_extWJetsToLNu_TuneCP5_13TeV-madgraphMLM-pythia8RunIIFall17MiniAODv2/181219_234206/0000/stopFlatNtuples_373.root
   Adding file /mnt/hadoop/user/uscms01/pnfs/unl.edu/data4/cms/store/user/zflowers/Ewkinos/WJetsToLNu_TuneCP5_13TeV-madgraphMLM-pythia8/crab_extWJetsToLNu_TuneCP5_13TeV-madgraphMLM-pythia8RunIIFall17MiniAODv2/181219_234206/0000/stopFlatNtuples_374.root
   Adding file /mnt/hadoop/user/uscms01/pnfs/unl.edu/data4/cms/store/user/zflowers/Ewkinos/WJetsToLNu_TuneCP5_13TeV-madgraphMLM-pythia8/crab_extWJetsToLNu_TuneCP5_13TeV-madgraphMLM-pythia8RunIIFall17MiniAODv2/181219_234206/0000/stopFlatNtuples_375.root
   Adding file /mnt/hadoop/user/uscms01/pnfs/unl.edu/data4/cms/store/user/zflowers/Ewkinos/WJetsToLNu_TuneCP5_13TeV-madgraphMLM-pythia8/crab_extWJetsToLNu_TuneCP5_13TeV-madgraphMLM-pythia8RunIIFall17MiniAODv2/181219_234206/0000/stopFlatNtuples_378.root
   Adding file /mnt/hadoop/user/uscms01/pnfs/unl.edu/data4/cms/store/user/zflowers/Ewkinos/WJetsToLNu_TuneCP5_13TeV-madgraphMLM-pythia8/crab_extWJetsToLNu_TuneCP5_13TeV-madgraphMLM-pythia8RunIIFall17MiniAODv2/181219_234206/0000/stopFlatNtuples_379.root
   Adding file /mnt/hadoop/user/uscms01/pnfs/unl.edu/data4/cms/store/user/zflowers/Ewkinos/WJetsToLNu_TuneCP5_13TeV-madgraphMLM-pythia8/crab_extWJetsToLNu_TuneCP5_13TeV-madgraphMLM-pythia8RunIIFall17MiniAODv2/181219_234206/0000/stopFlatNtuples_38.root
   Adding file /mnt/hadoop/user/uscms01/pnfs/unl.edu/data4/cms/store/user/zflowers/Ewkinos/WJetsToLNu_TuneCP5_13TeV-madgraphMLM-pythia8/crab_extWJetsToLNu_TuneCP5_13TeV-madgraphMLM-pythia8RunIIFall17MiniAODv2/181219_234206/0000/stopFlatNtuples_380.root
   Adding file /mnt/hadoop/user/uscms01/pnfs/unl.edu/data4/cms/store/user/zflowers/Ewkinos/WJetsToLNu_TuneCP5_13TeV-madgraphMLM-pythia8/crab_extWJetsToLNu_TuneCP5_13TeV-madgraphMLM-pythia8RunIIFall17MiniAODv2/181219_234206/0000/stopFlatNtuples_381.root
   Adding file /mnt/hadoop/user/uscms01/pnfs/unl.edu/data4/cms/store/user/zflowers/Ewkinos/WJetsToLNu_TuneCP5_13TeV-madgraphMLM-pythia8/crab_extWJetsToLNu_TuneCP5_13TeV-madgraphMLM-pythia8RunIIFall17MiniAODv2/181219_234206/0000/stopFlatNtuples_382.root
   Adding file /mnt/hadoop/user/uscms01/pnfs/unl.edu/data4/cms/store/user/zflowers/Ewkinos/WJetsToLNu_TuneCP5_13TeV-madgraphMLM-pythia8/crab_extWJetsToLNu_TuneCP5_13TeV-madgraphMLM-pythia8RunIIFall17MiniAODv2/181219_234206/0000/stopFlatNtuples_383.root
   Adding file /mnt/hadoop/user/uscms01/pnfs/unl.edu/data4/cms/store/user/zflowers/Ewkinos/WJetsToLNu_TuneCP5_13TeV-madgraphMLM-pythia8/crab_extWJetsToLNu_TuneCP5_13TeV-madgraphMLM-pythia8RunIIFall17MiniAODv2/181219_234206/0000/stopFlatNtuples_384.root
   Adding file /mnt/hadoop/user/uscms01/pnfs/unl.edu/data4/cms/store/user/zflowers/Ewkinos/WJetsToLNu_TuneCP5_13TeV-madgraphMLM-pythia8/crab_extWJetsToLNu_TuneCP5_13TeV-madgraphMLM-pythia8RunIIFall17MiniAODv2/181219_234206/0000/stopFlatNtuples_386.root
 event = 0 : 4064018
 event = 406401 : 4064018
 event = 812802 : 4064018
 event = 1219203 : 4064018
 event = 1625604 : 4064018
 event = 2032005 : 4064018
 event = 2438406 : 4064018
 event = 2844807 : 4064018
 event = 3251208 : 4064018
 event = 3657609 : 4064018
 event = 4064010 : 4064018
Ntree 1
