
[36mRestFrames v1.0.0 -- Developed by Christopher Rogan (crogan@cern.ch)
                     Copyright (c) 2014-2018, Christopher Rogan
                     http://RestFrames.com
[0m
   Adding file /mnt/hadoop/user/uscms01/pnfs/unl.edu/data4/cms/store/user/zflowers/Ewkinos/WJetsToLNu_TuneCP5_13TeV-madgraphMLM-pythia8/crab_extWJetsToLNu_TuneCP5_13TeV-madgraphMLM-pythia8RunIIFall17MiniAODv2/181219_234206/0000/stopFlatNtuples_3-61.root
   Adding file /mnt/hadoop/user/uscms01/pnfs/unl.edu/data4/cms/store/user/zflowers/Ewkinos/WJetsToLNu_TuneCP5_13TeV-madgraphMLM-pythia8/crab_extWJetsToLNu_TuneCP5_13TeV-madgraphMLM-pythia8RunIIFall17MiniAODv2/181219_234206/0000/stopFlatNtuples_3-62.root
   Adding file /mnt/hadoop/user/uscms01/pnfs/unl.edu/data4/cms/store/user/zflowers/Ewkinos/WJetsToLNu_TuneCP5_13TeV-madgraphMLM-pythia8/crab_extWJetsToLNu_TuneCP5_13TeV-madgraphMLM-pythia8RunIIFall17MiniAODv2/181219_234206/0000/stopFlatNtuples_3-63.root
   Adding file /mnt/hadoop/user/uscms01/pnfs/unl.edu/data4/cms/store/user/zflowers/Ewkinos/WJetsToLNu_TuneCP5_13TeV-madgraphMLM-pythia8/crab_extWJetsToLNu_TuneCP5_13TeV-madgraphMLM-pythia8RunIIFall17MiniAODv2/181219_234206/0000/stopFlatNtuples_3-64.root
   Adding file /mnt/hadoop/user/uscms01/pnfs/unl.edu/data4/cms/store/user/zflowers/Ewkinos/WJetsToLNu_TuneCP5_13TeV-madgraphMLM-pythia8/crab_extWJetsToLNu_TuneCP5_13TeV-madgraphMLM-pythia8RunIIFall17MiniAODv2/181219_234206/0000/stopFlatNtuples_3-65.root
   Adding file /mnt/hadoop/user/uscms01/pnfs/unl.edu/data4/cms/store/user/zflowers/Ewkinos/WJetsToLNu_TuneCP5_13TeV-madgraphMLM-pythia8/crab_extWJetsToLNu_TuneCP5_13TeV-madgraphMLM-pythia8RunIIFall17MiniAODv2/181219_234206/0000/stopFlatNtuples_3-66.root
   Adding file /mnt/hadoop/user/uscms01/pnfs/unl.edu/data4/cms/store/user/zflowers/Ewkinos/WJetsToLNu_TuneCP5_13TeV-madgraphMLM-pythia8/crab_extWJetsToLNu_TuneCP5_13TeV-madgraphMLM-pythia8RunIIFall17MiniAODv2/181219_234206/0000/stopFlatNtuples_3-67.root
   Adding file /mnt/hadoop/user/uscms01/pnfs/unl.edu/data4/cms/store/user/zflowers/Ewkinos/WJetsToLNu_TuneCP5_13TeV-madgraphMLM-pythia8/crab_extWJetsToLNu_TuneCP5_13TeV-madgraphMLM-pythia8RunIIFall17MiniAODv2/181219_234206/0000/stopFlatNtuples_3-68.root
   Adding file /mnt/hadoop/user/uscms01/pnfs/unl.edu/data4/cms/store/user/zflowers/Ewkinos/WJetsToLNu_TuneCP5_13TeV-madgraphMLM-pythia8/crab_extWJetsToLNu_TuneCP5_13TeV-madgraphMLM-pythia8RunIIFall17MiniAODv2/181219_234206/0000/stopFlatNtuples_3-69.root
   Adding file /mnt/hadoop/user/uscms01/pnfs/unl.edu/data4/cms/store/user/zflowers/Ewkinos/WJetsToLNu_TuneCP5_13TeV-madgraphMLM-pythia8/crab_extWJetsToLNu_TuneCP5_13TeV-madgraphMLM-pythia8RunIIFall17MiniAODv2/181219_234206/0000/stopFlatNtuples_3-7.root
   Adding file /mnt/hadoop/user/uscms01/pnfs/unl.edu/data4/cms/store/user/zflowers/Ewkinos/WJetsToLNu_TuneCP5_13TeV-madgraphMLM-pythia8/crab_extWJetsToLNu_TuneCP5_13TeV-madgraphMLM-pythia8RunIIFall17MiniAODv2/181219_234206/0000/stopFlatNtuples_3-70.root
   Adding file /mnt/hadoop/user/uscms01/pnfs/unl.edu/data4/cms/store/user/zflowers/Ewkinos/WJetsToLNu_TuneCP5_13TeV-madgraphMLM-pythia8/crab_extWJetsToLNu_TuneCP5_13TeV-madgraphMLM-pythia8RunIIFall17MiniAODv2/181219_234206/0000/stopFlatNtuples_3-71.root
   Adding file /mnt/hadoop/user/uscms01/pnfs/unl.edu/data4/cms/store/user/zflowers/Ewkinos/WJetsToLNu_TuneCP5_13TeV-madgraphMLM-pythia8/crab_extWJetsToLNu_TuneCP5_13TeV-madgraphMLM-pythia8RunIIFall17MiniAODv2/181219_234206/0000/stopFlatNtuples_3-72.root
   Adding file /mnt/hadoop/user/uscms01/pnfs/unl.edu/data4/cms/store/user/zflowers/Ewkinos/WJetsToLNu_TuneCP5_13TeV-madgraphMLM-pythia8/crab_extWJetsToLNu_TuneCP5_13TeV-madgraphMLM-pythia8RunIIFall17MiniAODv2/181219_234206/0000/stopFlatNtuples_3-73.root
   Adding file /mnt/hadoop/user/uscms01/pnfs/unl.edu/data4/cms/store/user/zflowers/Ewkinos/WJetsToLNu_TuneCP5_13TeV-madgraphMLM-pythia8/crab_extWJetsToLNu_TuneCP5_13TeV-madgraphMLM-pythia8RunIIFall17MiniAODv2/181219_234206/0000/stopFlatNtuples_3-74.root
   Adding file /mnt/hadoop/user/uscms01/pnfs/unl.edu/data4/cms/store/user/zflowers/Ewkinos/WJetsToLNu_TuneCP5_13TeV-madgraphMLM-pythia8/crab_extWJetsToLNu_TuneCP5_13TeV-madgraphMLM-pythia8RunIIFall17MiniAODv2/181219_234206/0000/stopFlatNtuples_3-75.root
   Adding file /mnt/hadoop/user/uscms01/pnfs/unl.edu/data4/cms/store/user/zflowers/Ewkinos/WJetsToLNu_TuneCP5_13TeV-madgraphMLM-pythia8/crab_extWJetsToLNu_TuneCP5_13TeV-madgraphMLM-pythia8RunIIFall17MiniAODv2/181219_234206/0000/stopFlatNtuples_3-76.root
   Adding file /mnt/hadoop/user/uscms01/pnfs/unl.edu/data4/cms/store/user/zflowers/Ewkinos/WJetsToLNu_TuneCP5_13TeV-madgraphMLM-pythia8/crab_extWJetsToLNu_TuneCP5_13TeV-madgraphMLM-pythia8RunIIFall17MiniAODv2/181219_234206/0000/stopFlatNtuples_3-77.root
   Adding file /mnt/hadoop/user/uscms01/pnfs/unl.edu/data4/cms/store/user/zflowers/Ewkinos/WJetsToLNu_TuneCP5_13TeV-madgraphMLM-pythia8/crab_extWJetsToLNu_TuneCP5_13TeV-madgraphMLM-pythia8RunIIFall17MiniAODv2/181219_234206/0000/stopFlatNtuples_3-78.root
   Adding file /mnt/hadoop/user/uscms01/pnfs/unl.edu/data4/cms/store/user/zflowers/Ewkinos/WJetsToLNu_TuneCP5_13TeV-madgraphMLM-pythia8/crab_extWJetsToLNu_TuneCP5_13TeV-madgraphMLM-pythia8RunIIFall17MiniAODv2/181219_234206/0000/stopFlatNtuples_3-79.root
   Adding file /mnt/hadoop/user/uscms01/pnfs/unl.edu/data4/cms/store/user/zflowers/Ewkinos/WJetsToLNu_TuneCP5_13TeV-madgraphMLM-pythia8/crab_extWJetsToLNu_TuneCP5_13TeV-madgraphMLM-pythia8RunIIFall17MiniAODv2/181219_234206/0000/stopFlatNtuples_3-8.root
   Adding file /mnt/hadoop/user/uscms01/pnfs/unl.edu/data4/cms/store/user/zflowers/Ewkinos/WJetsToLNu_TuneCP5_13TeV-madgraphMLM-pythia8/crab_extWJetsToLNu_TuneCP5_13TeV-madgraphMLM-pythia8RunIIFall17MiniAODv2/181219_234206/0000/stopFlatNtuples_3-80.root
   Adding file /mnt/hadoop/user/uscms01/pnfs/unl.edu/data4/cms/store/user/zflowers/Ewkinos/WJetsToLNu_TuneCP5_13TeV-madgraphMLM-pythia8/crab_extWJetsToLNu_TuneCP5_13TeV-madgraphMLM-pythia8RunIIFall17MiniAODv2/181219_234206/0000/stopFlatNtuples_3-81.root
   Adding file /mnt/hadoop/user/uscms01/pnfs/unl.edu/data4/cms/store/user/zflowers/Ewkinos/WJetsToLNu_TuneCP5_13TeV-madgraphMLM-pythia8/crab_extWJetsToLNu_TuneCP5_13TeV-madgraphMLM-pythia8RunIIFall17MiniAODv2/181219_234206/0000/stopFlatNtuples_3-82.root
   Adding file /mnt/hadoop/user/uscms01/pnfs/unl.edu/data4/cms/store/user/zflowers/Ewkinos/WJetsToLNu_TuneCP5_13TeV-madgraphMLM-pythia8/crab_extWJetsToLNu_TuneCP5_13TeV-madgraphMLM-pythia8RunIIFall17MiniAODv2/181219_234206/0000/stopFlatNtuples_3-83.root
   Adding file /mnt/hadoop/user/uscms01/pnfs/unl.edu/data4/cms/store/user/zflowers/Ewkinos/WJetsToLNu_TuneCP5_13TeV-madgraphMLM-pythia8/crab_extWJetsToLNu_TuneCP5_13TeV-madgraphMLM-pythia8RunIIFall17MiniAODv2/181219_234206/0000/stopFlatNtuples_3-84.root
   Adding file /mnt/hadoop/user/uscms01/pnfs/unl.edu/data4/cms/store/user/zflowers/Ewkinos/WJetsToLNu_TuneCP5_13TeV-madgraphMLM-pythia8/crab_extWJetsToLNu_TuneCP5_13TeV-madgraphMLM-pythia8RunIIFall17MiniAODv2/181219_234206/0000/stopFlatNtuples_3-85.root
   Adding file /mnt/hadoop/user/uscms01/pnfs/unl.edu/data4/cms/store/user/zflowers/Ewkinos/WJetsToLNu_TuneCP5_13TeV-madgraphMLM-pythia8/crab_extWJetsToLNu_TuneCP5_13TeV-madgraphMLM-pythia8RunIIFall17MiniAODv2/181219_234206/0000/stopFlatNtuples_3-86.root
   Adding file /mnt/hadoop/user/uscms01/pnfs/unl.edu/data4/cms/store/user/zflowers/Ewkinos/WJetsToLNu_TuneCP5_13TeV-madgraphMLM-pythia8/crab_extWJetsToLNu_TuneCP5_13TeV-madgraphMLM-pythia8RunIIFall17MiniAODv2/181219_234206/0000/stopFlatNtuples_3-9.root
   Adding file /mnt/hadoop/user/uscms01/pnfs/unl.edu/data4/cms/store/user/zflowers/Ewkinos/WJetsToLNu_TuneCP5_13TeV-madgraphMLM-pythia8/crab_extWJetsToLNu_TuneCP5_13TeV-madgraphMLM-pythia8RunIIFall17MiniAODv2/181219_234206/0000/stopFlatNtuples_3.root
   Adding file /mnt/hadoop/user/uscms01/pnfs/unl.edu/data4/cms/store/user/zflowers/Ewkinos/WJetsToLNu_TuneCP5_13TeV-madgraphMLM-pythia8/crab_extWJetsToLNu_TuneCP5_13TeV-madgraphMLM-pythia8RunIIFall17MiniAODv2/181219_234206/0000/stopFlatNtuples_300.root
   Adding file /mnt/hadoop/user/uscms01/pnfs/unl.edu/data4/cms/store/user/zflowers/Ewkinos/WJetsToLNu_TuneCP5_13TeV-madgraphMLM-pythia8/crab_extWJetsToLNu_TuneCP5_13TeV-madgraphMLM-pythia8RunIIFall17MiniAODv2/181219_234206/0000/stopFlatNtuples_302.root
   Adding file /mnt/hadoop/user/uscms01/pnfs/unl.edu/data4/cms/store/user/zflowers/Ewkinos/WJetsToLNu_TuneCP5_13TeV-madgraphMLM-pythia8/crab_extWJetsToLNu_TuneCP5_13TeV-madgraphMLM-pythia8RunIIFall17MiniAODv2/181219_234206/0000/stopFlatNtuples_304.root
   Adding file /mnt/hadoop/user/uscms01/pnfs/unl.edu/data4/cms/store/user/zflowers/Ewkinos/WJetsToLNu_TuneCP5_13TeV-madgraphMLM-pythia8/crab_extWJetsToLNu_TuneCP5_13TeV-madgraphMLM-pythia8RunIIFall17MiniAODv2/181219_234206/0000/stopFlatNtuples_306.root
   Adding file /mnt/hadoop/user/uscms01/pnfs/unl.edu/data4/cms/store/user/zflowers/Ewkinos/WJetsToLNu_TuneCP5_13TeV-madgraphMLM-pythia8/crab_extWJetsToLNu_TuneCP5_13TeV-madgraphMLM-pythia8RunIIFall17MiniAODv2/181219_234206/0000/stopFlatNtuples_309.root
   Adding file /mnt/hadoop/user/uscms01/pnfs/unl.edu/data4/cms/store/user/zflowers/Ewkinos/WJetsToLNu_TuneCP5_13TeV-madgraphMLM-pythia8/crab_extWJetsToLNu_TuneCP5_13TeV-madgraphMLM-pythia8RunIIFall17MiniAODv2/181219_234206/0000/stopFlatNtuples_31.root
   Adding file /mnt/hadoop/user/uscms01/pnfs/unl.edu/data4/cms/store/user/zflowers/Ewkinos/WJetsToLNu_TuneCP5_13TeV-madgraphMLM-pythia8/crab_extWJetsToLNu_TuneCP5_13TeV-madgraphMLM-pythia8RunIIFall17MiniAODv2/181219_234206/0000/stopFlatNtuples_310.root
   Adding file /mnt/hadoop/user/uscms01/pnfs/unl.edu/data4/cms/store/user/zflowers/Ewkinos/WJetsToLNu_TuneCP5_13TeV-madgraphMLM-pythia8/crab_extWJetsToLNu_TuneCP5_13TeV-madgraphMLM-pythia8RunIIFall17MiniAODv2/181219_234206/0000/stopFlatNtuples_311.root
   Adding file /mnt/hadoop/user/uscms01/pnfs/unl.edu/data4/cms/store/user/zflowers/Ewkinos/WJetsToLNu_TuneCP5_13TeV-madgraphMLM-pythia8/crab_extWJetsToLNu_TuneCP5_13TeV-madgraphMLM-pythia8RunIIFall17MiniAODv2/181219_234206/0000/stopFlatNtuples_312.root
   Adding file /mnt/hadoop/user/uscms01/pnfs/unl.edu/data4/cms/store/user/zflowers/Ewkinos/WJetsToLNu_TuneCP5_13TeV-madgraphMLM-pythia8/crab_extWJetsToLNu_TuneCP5_13TeV-madgraphMLM-pythia8RunIIFall17MiniAODv2/181219_234206/0000/stopFlatNtuples_313.root
   Adding file /mnt/hadoop/user/uscms01/pnfs/unl.edu/data4/cms/store/user/zflowers/Ewkinos/WJetsToLNu_TuneCP5_13TeV-madgraphMLM-pythia8/crab_extWJetsToLNu_TuneCP5_13TeV-madgraphMLM-pythia8RunIIFall17MiniAODv2/181219_234206/0000/stopFlatNtuples_314.root
   Adding file /mnt/hadoop/user/uscms01/pnfs/unl.edu/data4/cms/store/user/zflowers/Ewkinos/WJetsToLNu_TuneCP5_13TeV-madgraphMLM-pythia8/crab_extWJetsToLNu_TuneCP5_13TeV-madgraphMLM-pythia8RunIIFall17MiniAODv2/181219_234206/0000/stopFlatNtuples_316.root
   Adding file /mnt/hadoop/user/uscms01/pnfs/unl.edu/data4/cms/store/user/zflowers/Ewkinos/WJetsToLNu_TuneCP5_13TeV-madgraphMLM-pythia8/crab_extWJetsToLNu_TuneCP5_13TeV-madgraphMLM-pythia8RunIIFall17MiniAODv2/181219_234206/0000/stopFlatNtuples_317.root
   Adding file /mnt/hadoop/user/uscms01/pnfs/unl.edu/data4/cms/store/user/zflowers/Ewkinos/WJetsToLNu_TuneCP5_13TeV-madgraphMLM-pythia8/crab_extWJetsToLNu_TuneCP5_13TeV-madgraphMLM-pythia8RunIIFall17MiniAODv2/181219_234206/0000/stopFlatNtuples_318.root
   Adding file /mnt/hadoop/user/uscms01/pnfs/unl.edu/data4/cms/store/user/zflowers/Ewkinos/WJetsToLNu_TuneCP5_13TeV-madgraphMLM-pythia8/crab_extWJetsToLNu_TuneCP5_13TeV-madgraphMLM-pythia8RunIIFall17MiniAODv2/181219_234206/0000/stopFlatNtuples_319.root
   Adding file /mnt/hadoop/user/uscms01/pnfs/unl.edu/data4/cms/store/user/zflowers/Ewkinos/WJetsToLNu_TuneCP5_13TeV-madgraphMLM-pythia8/crab_extWJetsToLNu_TuneCP5_13TeV-madgraphMLM-pythia8RunIIFall17MiniAODv2/181219_234206/0000/stopFlatNtuples_32.root
   Adding file /mnt/hadoop/user/uscms01/pnfs/unl.edu/data4/cms/store/user/zflowers/Ewkinos/WJetsToLNu_TuneCP5_13TeV-madgraphMLM-pythia8/crab_extWJetsToLNu_TuneCP5_13TeV-madgraphMLM-pythia8RunIIFall17MiniAODv2/181219_234206/0000/stopFlatNtuples_320.root
   Adding file /mnt/hadoop/user/uscms01/pnfs/unl.edu/data4/cms/store/user/zflowers/Ewkinos/WJetsToLNu_TuneCP5_13TeV-madgraphMLM-pythia8/crab_extWJetsToLNu_TuneCP5_13TeV-madgraphMLM-pythia8RunIIFall17MiniAODv2/181219_234206/0000/stopFlatNtuples_321.root
   Adding file /mnt/hadoop/user/uscms01/pnfs/unl.edu/data4/cms/store/user/zflowers/Ewkinos/WJetsToLNu_TuneCP5_13TeV-madgraphMLM-pythia8/crab_extWJetsToLNu_TuneCP5_13TeV-madgraphMLM-pythia8RunIIFall17MiniAODv2/181219_234206/0000/stopFlatNtuples_322.root
   Adding file /mnt/hadoop/user/uscms01/pnfs/unl.edu/data4/cms/store/user/zflowers/Ewkinos/WJetsToLNu_TuneCP5_13TeV-madgraphMLM-pythia8/crab_extWJetsToLNu_TuneCP5_13TeV-madgraphMLM-pythia8RunIIFall17MiniAODv2/181219_234206/0000/stopFlatNtuples_323.root
   Adding file /mnt/hadoop/user/uscms01/pnfs/unl.edu/data4/cms/store/user/zflowers/Ewkinos/WJetsToLNu_TuneCP5_13TeV-madgraphMLM-pythia8/crab_extWJetsToLNu_TuneCP5_13TeV-madgraphMLM-pythia8RunIIFall17MiniAODv2/181219_234206/0000/stopFlatNtuples_324.root
   Adding file /mnt/hadoop/user/uscms01/pnfs/unl.edu/data4/cms/store/user/zflowers/Ewkinos/WJetsToLNu_TuneCP5_13TeV-madgraphMLM-pythia8/crab_extWJetsToLNu_TuneCP5_13TeV-madgraphMLM-pythia8RunIIFall17MiniAODv2/181219_234206/0000/stopFlatNtuples_325.root
   Adding file /mnt/hadoop/user/uscms01/pnfs/unl.edu/data4/cms/store/user/zflowers/Ewkinos/WJetsToLNu_TuneCP5_13TeV-madgraphMLM-pythia8/crab_extWJetsToLNu_TuneCP5_13TeV-madgraphMLM-pythia8RunIIFall17MiniAODv2/181219_234206/0000/stopFlatNtuples_326.root
   Adding file /mnt/hadoop/user/uscms01/pnfs/unl.edu/data4/cms/store/user/zflowers/Ewkinos/WJetsToLNu_TuneCP5_13TeV-madgraphMLM-pythia8/crab_extWJetsToLNu_TuneCP5_13TeV-madgraphMLM-pythia8RunIIFall17MiniAODv2/181219_234206/0000/stopFlatNtuples_327.root
   Adding file /mnt/hadoop/user/uscms01/pnfs/unl.edu/data4/cms/store/user/zflowers/Ewkinos/WJetsToLNu_TuneCP5_13TeV-madgraphMLM-pythia8/crab_extWJetsToLNu_TuneCP5_13TeV-madgraphMLM-pythia8RunIIFall17MiniAODv2/181219_234206/0000/stopFlatNtuples_328.root
   Adding file /mnt/hadoop/user/uscms01/pnfs/unl.edu/data4/cms/store/user/zflowers/Ewkinos/WJetsToLNu_TuneCP5_13TeV-madgraphMLM-pythia8/crab_extWJetsToLNu_TuneCP5_13TeV-madgraphMLM-pythia8RunIIFall17MiniAODv2/181219_234206/0000/stopFlatNtuples_329.root
   Adding file /mnt/hadoop/user/uscms01/pnfs/unl.edu/data4/cms/store/user/zflowers/Ewkinos/WJetsToLNu_TuneCP5_13TeV-madgraphMLM-pythia8/crab_extWJetsToLNu_TuneCP5_13TeV-madgraphMLM-pythia8RunIIFall17MiniAODv2/181219_234206/0000/stopFlatNtuples_330.root
   Adding file /mnt/hadoop/user/uscms01/pnfs/unl.edu/data4/cms/store/user/zflowers/Ewkinos/WJetsToLNu_TuneCP5_13TeV-madgraphMLM-pythia8/crab_extWJetsToLNu_TuneCP5_13TeV-madgraphMLM-pythia8RunIIFall17MiniAODv2/181219_234206/0000/stopFlatNtuples_331.root
   Adding file /mnt/hadoop/user/uscms01/pnfs/unl.edu/data4/cms/store/user/zflowers/Ewkinos/WJetsToLNu_TuneCP5_13TeV-madgraphMLM-pythia8/crab_extWJetsToLNu_TuneCP5_13TeV-madgraphMLM-pythia8RunIIFall17MiniAODv2/181219_234206/0000/stopFlatNtuples_333.root
   Adding file /mnt/hadoop/user/uscms01/pnfs/unl.edu/data4/cms/store/user/zflowers/Ewkinos/WJetsToLNu_TuneCP5_13TeV-madgraphMLM-pythia8/crab_extWJetsToLNu_TuneCP5_13TeV-madgraphMLM-pythia8RunIIFall17MiniAODv2/181219_234206/0000/stopFlatNtuples_334.root
   Adding file /mnt/hadoop/user/uscms01/pnfs/unl.edu/data4/cms/store/user/zflowers/Ewkinos/WJetsToLNu_TuneCP5_13TeV-madgraphMLM-pythia8/crab_extWJetsToLNu_TuneCP5_13TeV-madgraphMLM-pythia8RunIIFall17MiniAODv2/181219_234206/0000/stopFlatNtuples_335.root
   Adding file /mnt/hadoop/user/uscms01/pnfs/unl.edu/data4/cms/store/user/zflowers/Ewkinos/WJetsToLNu_TuneCP5_13TeV-madgraphMLM-pythia8/crab_extWJetsToLNu_TuneCP5_13TeV-madgraphMLM-pythia8RunIIFall17MiniAODv2/181219_234206/0000/stopFlatNtuples_336.root
   Adding file /mnt/hadoop/user/uscms01/pnfs/unl.edu/data4/cms/store/user/zflowers/Ewkinos/WJetsToLNu_TuneCP5_13TeV-madgraphMLM-pythia8/crab_extWJetsToLNu_TuneCP5_13TeV-madgraphMLM-pythia8RunIIFall17MiniAODv2/181219_234206/0000/stopFlatNtuples_337.root
   Adding file /mnt/hadoop/user/uscms01/pnfs/unl.edu/data4/cms/store/user/zflowers/Ewkinos/WJetsToLNu_TuneCP5_13TeV-madgraphMLM-pythia8/crab_extWJetsToLNu_TuneCP5_13TeV-madgraphMLM-pythia8RunIIFall17MiniAODv2/181219_234206/0000/stopFlatNtuples_338.root
   Adding file /mnt/hadoop/user/uscms01/pnfs/unl.edu/data4/cms/store/user/zflowers/Ewkinos/WJetsToLNu_TuneCP5_13TeV-madgraphMLM-pythia8/crab_extWJetsToLNu_TuneCP5_13TeV-madgraphMLM-pythia8RunIIFall17MiniAODv2/181219_234206/0000/stopFlatNtuples_339.root
   Adding file /mnt/hadoop/user/uscms01/pnfs/unl.edu/data4/cms/store/user/zflowers/Ewkinos/WJetsToLNu_TuneCP5_13TeV-madgraphMLM-pythia8/crab_extWJetsToLNu_TuneCP5_13TeV-madgraphMLM-pythia8RunIIFall17MiniAODv2/181219_234206/0000/stopFlatNtuples_34.root
   Adding file /mnt/hadoop/user/uscms01/pnfs/unl.edu/data4/cms/store/user/zflowers/Ewkinos/WJetsToLNu_TuneCP5_13TeV-madgraphMLM-pythia8/crab_extWJetsToLNu_TuneCP5_13TeV-madgraphMLM-pythia8RunIIFall17MiniAODv2/181219_234206/0000/stopFlatNtuples_341.root
   Adding file /mnt/hadoop/user/uscms01/pnfs/unl.edu/data4/cms/store/user/zflowers/Ewkinos/WJetsToLNu_TuneCP5_13TeV-madgraphMLM-pythia8/crab_extWJetsToLNu_TuneCP5_13TeV-madgraphMLM-pythia8RunIIFall17MiniAODv2/181219_234206/0000/stopFlatNtuples_343.root
   Adding file /mnt/hadoop/user/uscms01/pnfs/unl.edu/data4/cms/store/user/zflowers/Ewkinos/WJetsToLNu_TuneCP5_13TeV-madgraphMLM-pythia8/crab_extWJetsToLNu_TuneCP5_13TeV-madgraphMLM-pythia8RunIIFall17MiniAODv2/181219_234206/0000/stopFlatNtuples_344.root
   Adding file /mnt/hadoop/user/uscms01/pnfs/unl.edu/data4/cms/store/user/zflowers/Ewkinos/WJetsToLNu_TuneCP5_13TeV-madgraphMLM-pythia8/crab_extWJetsToLNu_TuneCP5_13TeV-madgraphMLM-pythia8RunIIFall17MiniAODv2/181219_234206/0000/stopFlatNtuples_345.root
   Adding file /mnt/hadoop/user/uscms01/pnfs/unl.edu/data4/cms/store/user/zflowers/Ewkinos/WJetsToLNu_TuneCP5_13TeV-madgraphMLM-pythia8/crab_extWJetsToLNu_TuneCP5_13TeV-madgraphMLM-pythia8RunIIFall17MiniAODv2/181219_234206/0000/stopFlatNtuples_347.root
   Adding file /mnt/hadoop/user/uscms01/pnfs/unl.edu/data4/cms/store/user/zflowers/Ewkinos/WJetsToLNu_TuneCP5_13TeV-madgraphMLM-pythia8/crab_extWJetsToLNu_TuneCP5_13TeV-madgraphMLM-pythia8RunIIFall17MiniAODv2/181219_234206/0000/stopFlatNtuples_348.root
   Adding file /mnt/hadoop/user/uscms01/pnfs/unl.edu/data4/cms/store/user/zflowers/Ewkinos/WJetsToLNu_TuneCP5_13TeV-madgraphMLM-pythia8/crab_extWJetsToLNu_TuneCP5_13TeV-madgraphMLM-pythia8RunIIFall17MiniAODv2/181219_234206/0000/stopFlatNtuples_349.root
   Adding file /mnt/hadoop/user/uscms01/pnfs/unl.edu/data4/cms/store/user/zflowers/Ewkinos/WJetsToLNu_TuneCP5_13TeV-madgraphMLM-pythia8/crab_extWJetsToLNu_TuneCP5_13TeV-madgraphMLM-pythia8RunIIFall17MiniAODv2/181219_234206/0000/stopFlatNtuples_350.root
   Adding file /mnt/hadoop/user/uscms01/pnfs/unl.edu/data4/cms/store/user/zflowers/Ewkinos/WJetsToLNu_TuneCP5_13TeV-madgraphMLM-pythia8/crab_extWJetsToLNu_TuneCP5_13TeV-madgraphMLM-pythia8RunIIFall17MiniAODv2/181219_234206/0000/stopFlatNtuples_352.root
   Adding file /mnt/hadoop/user/uscms01/pnfs/unl.edu/data4/cms/store/user/zflowers/Ewkinos/WJetsToLNu_TuneCP5_13TeV-madgraphMLM-pythia8/crab_extWJetsToLNu_TuneCP5_13TeV-madgraphMLM-pythia8RunIIFall17MiniAODv2/181219_234206/0000/stopFlatNtuples_353.root
   Adding file /mnt/hadoop/user/uscms01/pnfs/unl.edu/data4/cms/store/user/zflowers/Ewkinos/WJetsToLNu_TuneCP5_13TeV-madgraphMLM-pythia8/crab_extWJetsToLNu_TuneCP5_13TeV-madgraphMLM-pythia8RunIIFall17MiniAODv2/181219_234206/0000/stopFlatNtuples_354.root
   Adding file /mnt/hadoop/user/uscms01/pnfs/unl.edu/data4/cms/store/user/zflowers/Ewkinos/WJetsToLNu_TuneCP5_13TeV-madgraphMLM-pythia8/crab_extWJetsToLNu_TuneCP5_13TeV-madgraphMLM-pythia8RunIIFall17MiniAODv2/181219_234206/0000/stopFlatNtuples_357.root
   Adding file /mnt/hadoop/user/uscms01/pnfs/unl.edu/data4/cms/store/user/zflowers/Ewkinos/WJetsToLNu_TuneCP5_13TeV-madgraphMLM-pythia8/crab_extWJetsToLNu_TuneCP5_13TeV-madgraphMLM-pythia8RunIIFall17MiniAODv2/181219_234206/0000/stopFlatNtuples_360.root
   Adding file /mnt/hadoop/user/uscms01/pnfs/unl.edu/data4/cms/store/user/zflowers/Ewkinos/WJetsToLNu_TuneCP5_13TeV-madgraphMLM-pythia8/crab_extWJetsToLNu_TuneCP5_13TeV-madgraphMLM-pythia8RunIIFall17MiniAODv2/181219_234206/0000/stopFlatNtuples_361.root
   Adding file /mnt/hadoop/user/uscms01/pnfs/unl.edu/data4/cms/store/user/zflowers/Ewkinos/WJetsToLNu_TuneCP5_13TeV-madgraphMLM-pythia8/crab_extWJetsToLNu_TuneCP5_13TeV-madgraphMLM-pythia8RunIIFall17MiniAODv2/181219_234206/0000/stopFlatNtuples_364.root
   Adding file /mnt/hadoop/user/uscms01/pnfs/unl.edu/data4/cms/store/user/zflowers/Ewkinos/WJetsToLNu_TuneCP5_13TeV-madgraphMLM-pythia8/crab_extWJetsToLNu_TuneCP5_13TeV-madgraphMLM-pythia8RunIIFall17MiniAODv2/181219_234206/0000/stopFlatNtuples_366.root
   Adding file /mnt/hadoop/user/uscms01/pnfs/unl.edu/data4/cms/store/user/zflowers/Ewkinos/WJetsToLNu_TuneCP5_13TeV-madgraphMLM-pythia8/crab_extWJetsToLNu_TuneCP5_13TeV-madgraphMLM-pythia8RunIIFall17MiniAODv2/181219_234206/0000/stopFlatNtuples_367.root
   Adding file /mnt/hadoop/user/uscms01/pnfs/unl.edu/data4/cms/store/user/zflowers/Ewkinos/WJetsToLNu_TuneCP5_13TeV-madgraphMLM-pythia8/crab_extWJetsToLNu_TuneCP5_13TeV-madgraphMLM-pythia8RunIIFall17MiniAODv2/181219_234206/0000/stopFlatNtuples_368.root
   Adding file /mnt/hadoop/user/uscms01/pnfs/unl.edu/data4/cms/store/user/zflowers/Ewkinos/WJetsToLNu_TuneCP5_13TeV-madgraphMLM-pythia8/crab_extWJetsToLNu_TuneCP5_13TeV-madgraphMLM-pythia8RunIIFall17MiniAODv2/181219_234206/0000/stopFlatNtuples_369.root
   Adding file /mnt/hadoop/user/uscms01/pnfs/unl.edu/data4/cms/store/user/zflowers/Ewkinos/WJetsToLNu_TuneCP5_13TeV-madgraphMLM-pythia8/crab_extWJetsToLNu_TuneCP5_13TeV-madgraphMLM-pythia8RunIIFall17MiniAODv2/181219_234206/0000/stopFlatNtuples_37.root
   Adding file /mnt/hadoop/user/uscms01/pnfs/unl.edu/data4/cms/store/user/zflowers/Ewkinos/WJetsToLNu_TuneCP5_13TeV-madgraphMLM-pythia8/crab_extWJetsToLNu_TuneCP5_13TeV-madgraphMLM-pythia8RunIIFall17MiniAODv2/181219_234206/0000/stopFlatNtuples_371.root
   Adding file /mnt/hadoop/user/uscms01/pnfs/unl.edu/data4/cms/store/user/zflowers/Ewkinos/WJetsToLNu_TuneCP5_13TeV-madgraphMLM-pythia8/crab_extWJetsToLNu_TuneCP5_13TeV-madgraphMLM-pythia8RunIIFall17MiniAODv2/181219_234206/0000/stopFlatNtuples_372.root
   Adding file /mnt/hadoop/user/uscms01/pnfs/unl.edu/data4/cms/store/user/zflowers/Ewkinos/WJetsToLNu_TuneCP5_13TeV-madgraphMLM-pythia8/crab_extWJetsToLNu_TuneCP5_13TeV-madgraphMLM-pythia8RunIIFall17MiniAODv2/181219_234206/0000/stopFlatNtuples_373.root
   Adding file /mnt/hadoop/user/uscms01/pnfs/unl.edu/data4/cms/store/user/zflowers/Ewkinos/WJetsToLNu_TuneCP5_13TeV-madgraphMLM-pythia8/crab_extWJetsToLNu_TuneCP5_13TeV-madgraphMLM-pythia8RunIIFall17MiniAODv2/181219_234206/0000/stopFlatNtuples_374.root
   Adding file /mnt/hadoop/user/uscms01/pnfs/unl.edu/data4/cms/store/user/zflowers/Ewkinos/WJetsToLNu_TuneCP5_13TeV-madgraphMLM-pythia8/crab_extWJetsToLNu_TuneCP5_13TeV-madgraphMLM-pythia8RunIIFall17MiniAODv2/181219_234206/0000/stopFlatNtuples_375.root
   Adding file /mnt/hadoop/user/uscms01/pnfs/unl.edu/data4/cms/store/user/zflowers/Ewkinos/WJetsToLNu_TuneCP5_13TeV-madgraphMLM-pythia8/crab_extWJetsToLNu_TuneCP5_13TeV-madgraphMLM-pythia8RunIIFall17MiniAODv2/181219_234206/0000/stopFlatNtuples_378.root
   Adding file /mnt/hadoop/user/uscms01/pnfs/unl.edu/data4/cms/store/user/zflowers/Ewkinos/WJetsToLNu_TuneCP5_13TeV-madgraphMLM-pythia8/crab_extWJetsToLNu_TuneCP5_13TeV-madgraphMLM-pythia8RunIIFall17MiniAODv2/181219_234206/0000/stopFlatNtuples_379.root
   Adding file /mnt/hadoop/user/uscms01/pnfs/unl.edu/data4/cms/store/user/zflowers/Ewkinos/WJetsToLNu_TuneCP5_13TeV-madgraphMLM-pythia8/crab_extWJetsToLNu_TuneCP5_13TeV-madgraphMLM-pythia8RunIIFall17MiniAODv2/181219_234206/0000/stopFlatNtuples_38.root
   Adding file /mnt/hadoop/user/uscms01/pnfs/unl.edu/data4/cms/store/user/zflowers/Ewkinos/WJetsToLNu_TuneCP5_13TeV-madgraphMLM-pythia8/crab_extWJetsToLNu_TuneCP5_13TeV-madgraphMLM-pythia8RunIIFall17MiniAODv2/181219_234206/0000/stopFlatNtuples_380.root
   Adding file /mnt/hadoop/user/uscms01/pnfs/unl.edu/data4/cms/store/user/zflowers/Ewkinos/WJetsToLNu_TuneCP5_13TeV-madgraphMLM-pythia8/crab_extWJetsToLNu_TuneCP5_13TeV-madgraphMLM-pythia8RunIIFall17MiniAODv2/181219_234206/0000/stopFlatNtuples_381.root
   Adding file /mnt/hadoop/user/uscms01/pnfs/unl.edu/data4/cms/store/user/zflowers/Ewkinos/WJetsToLNu_TuneCP5_13TeV-madgraphMLM-pythia8/crab_extWJetsToLNu_TuneCP5_13TeV-madgraphMLM-pythia8RunIIFall17MiniAODv2/181219_234206/0000/stopFlatNtuples_382.root
   Adding file /mnt/hadoop/user/uscms01/pnfs/unl.edu/data4/cms/store/user/zflowers/Ewkinos/WJetsToLNu_TuneCP5_13TeV-madgraphMLM-pythia8/crab_extWJetsToLNu_TuneCP5_13TeV-madgraphMLM-pythia8RunIIFall17MiniAODv2/181219_234206/0000/stopFlatNtuples_383.root
   Adding file /mnt/hadoop/user/uscms01/pnfs/unl.edu/data4/cms/store/user/zflowers/Ewkinos/WJetsToLNu_TuneCP5_13TeV-madgraphMLM-pythia8/crab_extWJetsToLNu_TuneCP5_13TeV-madgraphMLM-pythia8RunIIFall17MiniAODv2/181219_234206/0000/stopFlatNtuples_384.root
   Adding file /mnt/hadoop/user/uscms01/pnfs/unl.edu/data4/cms/store/user/zflowers/Ewkinos/WJetsToLNu_TuneCP5_13TeV-madgraphMLM-pythia8/crab_extWJetsToLNu_TuneCP5_13TeV-madgraphMLM-pythia8RunIIFall17MiniAODv2/181219_234206/0000/stopFlatNtuples_386.root
   Adding file /mnt/hadoop/user/uscms01/pnfs/unl.edu/data4/cms/store/user/zflowers/Ewkinos/WJetsToLNu_TuneCP5_13TeV-madgraphMLM-pythia8/crab_extWJetsToLNu_TuneCP5_13TeV-madgraphMLM-pythia8RunIIFall17MiniAODv2/181219_234206/0000/stopFlatNtuples_388.root
   Adding file /mnt/hadoop/user/uscms01/pnfs/unl.edu/data4/cms/store/user/zflowers/Ewkinos/WJetsToLNu_TuneCP5_13TeV-madgraphMLM-pythia8/crab_extWJetsToLNu_TuneCP5_13TeV-madgraphMLM-pythia8RunIIFall17MiniAODv2/181219_234206/0000/stopFlatNtuples_39.root
   Adding file /mnt/hadoop/user/uscms01/pnfs/unl.edu/data4/cms/store/user/zflowers/Ewkinos/WJetsToLNu_TuneCP5_13TeV-madgraphMLM-pythia8/crab_extWJetsToLNu_TuneCP5_13TeV-madgraphMLM-pythia8RunIIFall17MiniAODv2/181219_234206/0000/stopFlatNtuples_393.root
   Adding file /mnt/hadoop/user/uscms01/pnfs/unl.edu/data4/cms/store/user/zflowers/Ewkinos/WJetsToLNu_TuneCP5_13TeV-madgraphMLM-pythia8/crab_extWJetsToLNu_TuneCP5_13TeV-madgraphMLM-pythia8RunIIFall17MiniAODv2/181219_234206/0000/stopFlatNtuples_394.root
   Adding file /mnt/hadoop/user/uscms01/pnfs/unl.edu/data4/cms/store/user/zflowers/Ewkinos/WJetsToLNu_TuneCP5_13TeV-madgraphMLM-pythia8/crab_extWJetsToLNu_TuneCP5_13TeV-madgraphMLM-pythia8RunIIFall17MiniAODv2/181219_234206/0000/stopFlatNtuples_395.root
   Adding file /mnt/hadoop/user/uscms01/pnfs/unl.edu/data4/cms/store/user/zflowers/Ewkinos/WJetsToLNu_TuneCP5_13TeV-madgraphMLM-pythia8/crab_extWJetsToLNu_TuneCP5_13TeV-madgraphMLM-pythia8RunIIFall17MiniAODv2/181219_234206/0000/stopFlatNtuples_396.root
   Adding file /mnt/hadoop/user/uscms01/pnfs/unl.edu/data4/cms/store/user/zflowers/Ewkinos/WJetsToLNu_TuneCP5_13TeV-madgraphMLM-pythia8/crab_extWJetsToLNu_TuneCP5_13TeV-madgraphMLM-pythia8RunIIFall17MiniAODv2/181219_234206/0000/stopFlatNtuples_399.root
   Adding file /mnt/hadoop/user/uscms01/pnfs/unl.edu/data4/cms/store/user/zflowers/Ewkinos/WJetsToLNu_TuneCP5_13TeV-madgraphMLM-pythia8/crab_extWJetsToLNu_TuneCP5_13TeV-madgraphMLM-pythia8RunIIFall17MiniAODv2/181219_234206/0000/stopFlatNtuples_4.root
   Adding file /mnt/hadoop/user/uscms01/pnfs/unl.edu/data4/cms/store/user/zflowers/Ewkinos/WJetsToLNu_TuneCP5_13TeV-madgraphMLM-pythia8/crab_extWJetsToLNu_TuneCP5_13TeV-madgraphMLM-pythia8RunIIFall17MiniAODv2/181219_234206/0000/stopFlatNtuples_40.root
   Adding file /mnt/hadoop/user/uscms01/pnfs/unl.edu/data4/cms/store/user/zflowers/Ewkinos/WJetsToLNu_TuneCP5_13TeV-madgraphMLM-pythia8/crab_extWJetsToLNu_TuneCP5_13TeV-madgraphMLM-pythia8RunIIFall17MiniAODv2/181219_234206/0000/stopFlatNtuples_400.root
   Adding file /mnt/hadoop/user/uscms01/pnfs/unl.edu/data4/cms/store/user/zflowers/Ewkinos/WJetsToLNu_TuneCP5_13TeV-madgraphMLM-pythia8/crab_extWJetsToLNu_TuneCP5_13TeV-madgraphMLM-pythia8RunIIFall17MiniAODv2/181219_234206/0000/stopFlatNtuples_402.root
   Adding file /mnt/hadoop/user/uscms01/pnfs/unl.edu/data4/cms/store/user/zflowers/Ewkinos/WJetsToLNu_TuneCP5_13TeV-madgraphMLM-pythia8/crab_extWJetsToLNu_TuneCP5_13TeV-madgraphMLM-pythia8RunIIFall17MiniAODv2/181219_234206/0000/stopFlatNtuples_403.root
   Adding file /mnt/hadoop/user/uscms01/pnfs/unl.edu/data4/cms/store/user/zflowers/Ewkinos/WJetsToLNu_TuneCP5_13TeV-madgraphMLM-pythia8/crab_extWJetsToLNu_TuneCP5_13TeV-madgraphMLM-pythia8RunIIFall17MiniAODv2/181219_234206/0000/stopFlatNtuples_404.root
   Adding file /mnt/hadoop/user/uscms01/pnfs/unl.edu/data4/cms/store/user/zflowers/Ewkinos/WJetsToLNu_TuneCP5_13TeV-madgraphMLM-pythia8/crab_extWJetsToLNu_TuneCP5_13TeV-madgraphMLM-pythia8RunIIFall17MiniAODv2/181219_234206/0000/stopFlatNtuples_405.root
   Adding file /mnt/hadoop/user/uscms01/pnfs/unl.edu/data4/cms/store/user/zflowers/Ewkinos/WJetsToLNu_TuneCP5_13TeV-madgraphMLM-pythia8/crab_extWJetsToLNu_TuneCP5_13TeV-madgraphMLM-pythia8RunIIFall17MiniAODv2/181219_234206/0000/stopFlatNtuples_406.root
   Adding file /mnt/hadoop/user/uscms01/pnfs/unl.edu/data4/cms/store/user/zflowers/Ewkinos/WJetsToLNu_TuneCP5_13TeV-madgraphMLM-pythia8/crab_extWJetsToLNu_TuneCP5_13TeV-madgraphMLM-pythia8RunIIFall17MiniAODv2/181219_234206/0000/stopFlatNtuples_407.root
   Adding file /mnt/hadoop/user/uscms01/pnfs/unl.edu/data4/cms/store/user/zflowers/Ewkinos/WJetsToLNu_TuneCP5_13TeV-madgraphMLM-pythia8/crab_extWJetsToLNu_TuneCP5_13TeV-madgraphMLM-pythia8RunIIFall17MiniAODv2/181219_234206/0000/stopFlatNtuples_41.root
   Adding file /mnt/hadoop/user/uscms01/pnfs/unl.edu/data4/cms/store/user/zflowers/Ewkinos/WJetsToLNu_TuneCP5_13TeV-madgraphMLM-pythia8/crab_extWJetsToLNu_TuneCP5_13TeV-madgraphMLM-pythia8RunIIFall17MiniAODv2/181219_234206/0000/stopFlatNtuples_410.root
   Adding file /mnt/hadoop/user/uscms01/pnfs/unl.edu/data4/cms/store/user/zflowers/Ewkinos/WJetsToLNu_TuneCP5_13TeV-madgraphMLM-pythia8/crab_extWJetsToLNu_TuneCP5_13TeV-madgraphMLM-pythia8RunIIFall17MiniAODv2/181219_234206/0000/stopFlatNtuples_413.root
   Adding file /mnt/hadoop/user/uscms01/pnfs/unl.edu/data4/cms/store/user/zflowers/Ewkinos/WJetsToLNu_TuneCP5_13TeV-madgraphMLM-pythia8/crab_extWJetsToLNu_TuneCP5_13TeV-madgraphMLM-pythia8RunIIFall17MiniAODv2/181219_234206/0000/stopFlatNtuples_415.root
   Adding file /mnt/hadoop/user/uscms01/pnfs/unl.edu/data4/cms/store/user/zflowers/Ewkinos/WJetsToLNu_TuneCP5_13TeV-madgraphMLM-pythia8/crab_extWJetsToLNu_TuneCP5_13TeV-madgraphMLM-pythia8RunIIFall17MiniAODv2/181219_234206/0000/stopFlatNtuples_416.root
   Adding file /mnt/hadoop/user/uscms01/pnfs/unl.edu/data4/cms/store/user/zflowers/Ewkinos/WJetsToLNu_TuneCP5_13TeV-madgraphMLM-pythia8/crab_extWJetsToLNu_TuneCP5_13TeV-madgraphMLM-pythia8RunIIFall17MiniAODv2/181219_234206/0000/stopFlatNtuples_417.root
   Adding file /mnt/hadoop/user/uscms01/pnfs/unl.edu/data4/cms/store/user/zflowers/Ewkinos/WJetsToLNu_TuneCP5_13TeV-madgraphMLM-pythia8/crab_extWJetsToLNu_TuneCP5_13TeV-madgraphMLM-pythia8RunIIFall17MiniAODv2/181219_234206/0000/stopFlatNtuples_418.root
   Adding file /mnt/hadoop/user/uscms01/pnfs/unl.edu/data4/cms/store/user/zflowers/Ewkinos/WJetsToLNu_TuneCP5_13TeV-madgraphMLM-pythia8/crab_extWJetsToLNu_TuneCP5_13TeV-madgraphMLM-pythia8RunIIFall17MiniAODv2/181219_234206/0000/stopFlatNtuples_419.root
   Adding file /mnt/hadoop/user/uscms01/pnfs/unl.edu/data4/cms/store/user/zflowers/Ewkinos/WJetsToLNu_TuneCP5_13TeV-madgraphMLM-pythia8/crab_extWJetsToLNu_TuneCP5_13TeV-madgraphMLM-pythia8RunIIFall17MiniAODv2/181219_234206/0000/stopFlatNtuples_42.root
   Adding file /mnt/hadoop/user/uscms01/pnfs/unl.edu/data4/cms/store/user/zflowers/Ewkinos/WJetsToLNu_TuneCP5_13TeV-madgraphMLM-pythia8/crab_extWJetsToLNu_TuneCP5_13TeV-madgraphMLM-pythia8RunIIFall17MiniAODv2/181219_234206/0000/stopFlatNtuples_420.root
   Adding file /mnt/hadoop/user/uscms01/pnfs/unl.edu/data4/cms/store/user/zflowers/Ewkinos/WJetsToLNu_TuneCP5_13TeV-madgraphMLM-pythia8/crab_extWJetsToLNu_TuneCP5_13TeV-madgraphMLM-pythia8RunIIFall17MiniAODv2/181219_234206/0000/stopFlatNtuples_421.root
   Adding file /mnt/hadoop/user/uscms01/pnfs/unl.edu/data4/cms/store/user/zflowers/Ewkinos/WJetsToLNu_TuneCP5_13TeV-madgraphMLM-pythia8/crab_extWJetsToLNu_TuneCP5_13TeV-madgraphMLM-pythia8RunIIFall17MiniAODv2/181219_234206/0000/stopFlatNtuples_422.root
   Adding file /mnt/hadoop/user/uscms01/pnfs/unl.edu/data4/cms/store/user/zflowers/Ewkinos/WJetsToLNu_TuneCP5_13TeV-madgraphMLM-pythia8/crab_extWJetsToLNu_TuneCP5_13TeV-madgraphMLM-pythia8RunIIFall17MiniAODv2/181219_234206/0000/stopFlatNtuples_423.root
   Adding file /mnt/hadoop/user/uscms01/pnfs/unl.edu/data4/cms/store/user/zflowers/Ewkinos/WJetsToLNu_TuneCP5_13TeV-madgraphMLM-pythia8/crab_extWJetsToLNu_TuneCP5_13TeV-madgraphMLM-pythia8RunIIFall17MiniAODv2/181219_234206/0000/stopFlatNtuples_424.root
   Adding file /mnt/hadoop/user/uscms01/pnfs/unl.edu/data4/cms/store/user/zflowers/Ewkinos/WJetsToLNu_TuneCP5_13TeV-madgraphMLM-pythia8/crab_extWJetsToLNu_TuneCP5_13TeV-madgraphMLM-pythia8RunIIFall17MiniAODv2/181219_234206/0000/stopFlatNtuples_426.root
   Adding file /mnt/hadoop/user/uscms01/pnfs/unl.edu/data4/cms/store/user/zflowers/Ewkinos/WJetsToLNu_TuneCP5_13TeV-madgraphMLM-pythia8/crab_extWJetsToLNu_TuneCP5_13TeV-madgraphMLM-pythia8RunIIFall17MiniAODv2/181219_234206/0000/stopFlatNtuples_427.root
   Adding file /mnt/hadoop/user/uscms01/pnfs/unl.edu/data4/cms/store/user/zflowers/Ewkinos/WJetsToLNu_TuneCP5_13TeV-madgraphMLM-pythia8/crab_extWJetsToLNu_TuneCP5_13TeV-madgraphMLM-pythia8RunIIFall17MiniAODv2/181219_234206/0000/stopFlatNtuples_429.root
   Adding file /mnt/hadoop/user/uscms01/pnfs/unl.edu/data4/cms/store/user/zflowers/Ewkinos/WJetsToLNu_TuneCP5_13TeV-madgraphMLM-pythia8/crab_extWJetsToLNu_TuneCP5_13TeV-madgraphMLM-pythia8RunIIFall17MiniAODv2/181219_234206/0000/stopFlatNtuples_43.root
   Adding file /mnt/hadoop/user/uscms01/pnfs/unl.edu/data4/cms/store/user/zflowers/Ewkinos/WJetsToLNu_TuneCP5_13TeV-madgraphMLM-pythia8/crab_extWJetsToLNu_TuneCP5_13TeV-madgraphMLM-pythia8RunIIFall17MiniAODv2/181219_234206/0000/stopFlatNtuples_430.root
   Adding file /mnt/hadoop/user/uscms01/pnfs/unl.edu/data4/cms/store/user/zflowers/Ewkinos/WJetsToLNu_TuneCP5_13TeV-madgraphMLM-pythia8/crab_extWJetsToLNu_TuneCP5_13TeV-madgraphMLM-pythia8RunIIFall17MiniAODv2/181219_234206/0000/stopFlatNtuples_431.root
   Adding file /mnt/hadoop/user/uscms01/pnfs/unl.edu/data4/cms/store/user/zflowers/Ewkinos/WJetsToLNu_TuneCP5_13TeV-madgraphMLM-pythia8/crab_extWJetsToLNu_TuneCP5_13TeV-madgraphMLM-pythia8RunIIFall17MiniAODv2/181219_234206/0000/stopFlatNtuples_432.root
   Adding file /mnt/hadoop/user/uscms01/pnfs/unl.edu/data4/cms/store/user/zflowers/Ewkinos/WJetsToLNu_TuneCP5_13TeV-madgraphMLM-pythia8/crab_extWJetsToLNu_TuneCP5_13TeV-madgraphMLM-pythia8RunIIFall17MiniAODv2/181219_234206/0000/stopFlatNtuples_433.root
   Adding file /mnt/hadoop/user/uscms01/pnfs/unl.edu/data4/cms/store/user/zflowers/Ewkinos/WJetsToLNu_TuneCP5_13TeV-madgraphMLM-pythia8/crab_extWJetsToLNu_TuneCP5_13TeV-madgraphMLM-pythia8RunIIFall17MiniAODv2/181219_234206/0000/stopFlatNtuples_435.root
   Adding file /mnt/hadoop/user/uscms01/pnfs/unl.edu/data4/cms/store/user/zflowers/Ewkinos/WJetsToLNu_TuneCP5_13TeV-madgraphMLM-pythia8/crab_extWJetsToLNu_TuneCP5_13TeV-madgraphMLM-pythia8RunIIFall17MiniAODv2/181219_234206/0000/stopFlatNtuples_437.root
   Adding file /mnt/hadoop/user/uscms01/pnfs/unl.edu/data4/cms/store/user/zflowers/Ewkinos/WJetsToLNu_TuneCP5_13TeV-madgraphMLM-pythia8/crab_extWJetsToLNu_TuneCP5_13TeV-madgraphMLM-pythia8RunIIFall17MiniAODv2/181219_234206/0000/stopFlatNtuples_438.root
   Adding file /mnt/hadoop/user/uscms01/pnfs/unl.edu/data4/cms/store/user/zflowers/Ewkinos/WJetsToLNu_TuneCP5_13TeV-madgraphMLM-pythia8/crab_extWJetsToLNu_TuneCP5_13TeV-madgraphMLM-pythia8RunIIFall17MiniAODv2/181219_234206/0000/stopFlatNtuples_439.root
   Adding file /mnt/hadoop/user/uscms01/pnfs/unl.edu/data4/cms/store/user/zflowers/Ewkinos/WJetsToLNu_TuneCP5_13TeV-madgraphMLM-pythia8/crab_extWJetsToLNu_TuneCP5_13TeV-madgraphMLM-pythia8RunIIFall17MiniAODv2/181219_234206/0000/stopFlatNtuples_44.root
   Adding file /mnt/hadoop/user/uscms01/pnfs/unl.edu/data4/cms/store/user/zflowers/Ewkinos/WJetsToLNu_TuneCP5_13TeV-madgraphMLM-pythia8/crab_extWJetsToLNu_TuneCP5_13TeV-madgraphMLM-pythia8RunIIFall17MiniAODv2/181219_234206/0000/stopFlatNtuples_440.root
   Adding file /mnt/hadoop/user/uscms01/pnfs/unl.edu/data4/cms/store/user/zflowers/Ewkinos/WJetsToLNu_TuneCP5_13TeV-madgraphMLM-pythia8/crab_extWJetsToLNu_TuneCP5_13TeV-madgraphMLM-pythia8RunIIFall17MiniAODv2/181219_234206/0000/stopFlatNtuples_441.root
   Adding file /mnt/hadoop/user/uscms01/pnfs/unl.edu/data4/cms/store/user/zflowers/Ewkinos/WJetsToLNu_TuneCP5_13TeV-madgraphMLM-pythia8/crab_extWJetsToLNu_TuneCP5_13TeV-madgraphMLM-pythia8RunIIFall17MiniAODv2/181219_234206/0000/stopFlatNtuples_443.root
   Adding file /mnt/hadoop/user/uscms01/pnfs/unl.edu/data4/cms/store/user/zflowers/Ewkinos/WJetsToLNu_TuneCP5_13TeV-madgraphMLM-pythia8/crab_extWJetsToLNu_TuneCP5_13TeV-madgraphMLM-pythia8RunIIFall17MiniAODv2/181219_234206/0000/stopFlatNtuples_444.root
   Adding file /mnt/hadoop/user/uscms01/pnfs/unl.edu/data4/cms/store/user/zflowers/Ewkinos/WJetsToLNu_TuneCP5_13TeV-madgraphMLM-pythia8/crab_extWJetsToLNu_TuneCP5_13TeV-madgraphMLM-pythia8RunIIFall17MiniAODv2/181219_234206/0000/stopFlatNtuples_445.root
   Adding file /mnt/hadoop/user/uscms01/pnfs/unl.edu/data4/cms/store/user/zflowers/Ewkinos/WJetsToLNu_TuneCP5_13TeV-madgraphMLM-pythia8/crab_extWJetsToLNu_TuneCP5_13TeV-madgraphMLM-pythia8RunIIFall17MiniAODv2/181219_234206/0000/stopFlatNtuples_446.root
   Adding file /mnt/hadoop/user/uscms01/pnfs/unl.edu/data4/cms/store/user/zflowers/Ewkinos/WJetsToLNu_TuneCP5_13TeV-madgraphMLM-pythia8/crab_extWJetsToLNu_TuneCP5_13TeV-madgraphMLM-pythia8RunIIFall17MiniAODv2/181219_234206/0000/stopFlatNtuples_447.root
   Adding file /mnt/hadoop/user/uscms01/pnfs/unl.edu/data4/cms/store/user/zflowers/Ewkinos/WJetsToLNu_TuneCP5_13TeV-madgraphMLM-pythia8/crab_extWJetsToLNu_TuneCP5_13TeV-madgraphMLM-pythia8RunIIFall17MiniAODv2/181219_234206/0000/stopFlatNtuples_448.root
   Adding file /mnt/hadoop/user/uscms01/pnfs/unl.edu/data4/cms/store/user/zflowers/Ewkinos/WJetsToLNu_TuneCP5_13TeV-madgraphMLM-pythia8/crab_extWJetsToLNu_TuneCP5_13TeV-madgraphMLM-pythia8RunIIFall17MiniAODv2/181219_234206/0000/stopFlatNtuples_45.root
   Adding file /mnt/hadoop/user/uscms01/pnfs/unl.edu/data4/cms/store/user/zflowers/Ewkinos/WJetsToLNu_TuneCP5_13TeV-madgraphMLM-pythia8/crab_extWJetsToLNu_TuneCP5_13TeV-madgraphMLM-pythia8RunIIFall17MiniAODv2/181219_234206/0000/stopFlatNtuples_450.root
   Adding file /mnt/hadoop/user/uscms01/pnfs/unl.edu/data4/cms/store/user/zflowers/Ewkinos/WJetsToLNu_TuneCP5_13TeV-madgraphMLM-pythia8/crab_extWJetsToLNu_TuneCP5_13TeV-madgraphMLM-pythia8RunIIFall17MiniAODv2/181219_234206/0000/stopFlatNtuples_451.root
   Adding file /mnt/hadoop/user/uscms01/pnfs/unl.edu/data4/cms/store/user/zflowers/Ewkinos/WJetsToLNu_TuneCP5_13TeV-madgraphMLM-pythia8/crab_extWJetsToLNu_TuneCP5_13TeV-madgraphMLM-pythia8RunIIFall17MiniAODv2/181219_234206/0000/stopFlatNtuples_452.root
   Adding file /mnt/hadoop/user/uscms01/pnfs/unl.edu/data4/cms/store/user/zflowers/Ewkinos/WJetsToLNu_TuneCP5_13TeV-madgraphMLM-pythia8/crab_extWJetsToLNu_TuneCP5_13TeV-madgraphMLM-pythia8RunIIFall17MiniAODv2/181219_234206/0000/stopFlatNtuples_453.root
   Adding file /mnt/hadoop/user/uscms01/pnfs/unl.edu/data4/cms/store/user/zflowers/Ewkinos/WJetsToLNu_TuneCP5_13TeV-madgraphMLM-pythia8/crab_extWJetsToLNu_TuneCP5_13TeV-madgraphMLM-pythia8RunIIFall17MiniAODv2/181219_234206/0000/stopFlatNtuples_454.root
   Adding file /mnt/hadoop/user/uscms01/pnfs/unl.edu/data4/cms/store/user/zflowers/Ewkinos/WJetsToLNu_TuneCP5_13TeV-madgraphMLM-pythia8/crab_extWJetsToLNu_TuneCP5_13TeV-madgraphMLM-pythia8RunIIFall17MiniAODv2/181219_234206/0000/stopFlatNtuples_455.root
   Adding file /mnt/hadoop/user/uscms01/pnfs/unl.edu/data4/cms/store/user/zflowers/Ewkinos/WJetsToLNu_TuneCP5_13TeV-madgraphMLM-pythia8/crab_extWJetsToLNu_TuneCP5_13TeV-madgraphMLM-pythia8RunIIFall17MiniAODv2/181219_234206/0000/stopFlatNtuples_456.root
   Adding file /mnt/hadoop/user/uscms01/pnfs/unl.edu/data4/cms/store/user/zflowers/Ewkinos/WJetsToLNu_TuneCP5_13TeV-madgraphMLM-pythia8/crab_extWJetsToLNu_TuneCP5_13TeV-madgraphMLM-pythia8RunIIFall17MiniAODv2/181219_234206/0000/stopFlatNtuples_457.root
   Adding file /mnt/hadoop/user/uscms01/pnfs/unl.edu/data4/cms/store/user/zflowers/Ewkinos/WJetsToLNu_TuneCP5_13TeV-madgraphMLM-pythia8/crab_extWJetsToLNu_TuneCP5_13TeV-madgraphMLM-pythia8RunIIFall17MiniAODv2/181219_234206/0000/stopFlatNtuples_458.root
   Adding file /mnt/hadoop/user/uscms01/pnfs/unl.edu/data4/cms/store/user/zflowers/Ewkinos/WJetsToLNu_TuneCP5_13TeV-madgraphMLM-pythia8/crab_extWJetsToLNu_TuneCP5_13TeV-madgraphMLM-pythia8RunIIFall17MiniAODv2/181219_234206/0000/stopFlatNtuples_459.root
   Adding file /mnt/hadoop/user/uscms01/pnfs/unl.edu/data4/cms/store/user/zflowers/Ewkinos/WJetsToLNu_TuneCP5_13TeV-madgraphMLM-pythia8/crab_extWJetsToLNu_TuneCP5_13TeV-madgraphMLM-pythia8RunIIFall17MiniAODv2/181219_234206/0000/stopFlatNtuples_46.root
   Adding file /mnt/hadoop/user/uscms01/pnfs/unl.edu/data4/cms/store/user/zflowers/Ewkinos/WJetsToLNu_TuneCP5_13TeV-madgraphMLM-pythia8/crab_extWJetsToLNu_TuneCP5_13TeV-madgraphMLM-pythia8RunIIFall17MiniAODv2/181219_234206/0000/stopFlatNtuples_460.root
   Adding file /mnt/hadoop/user/uscms01/pnfs/unl.edu/data4/cms/store/user/zflowers/Ewkinos/WJetsToLNu_TuneCP5_13TeV-madgraphMLM-pythia8/crab_extWJetsToLNu_TuneCP5_13TeV-madgraphMLM-pythia8RunIIFall17MiniAODv2/181219_234206/0000/stopFlatNtuples_461.root
   Adding file /mnt/hadoop/user/uscms01/pnfs/unl.edu/data4/cms/store/user/zflowers/Ewkinos/WJetsToLNu_TuneCP5_13TeV-madgraphMLM-pythia8/crab_extWJetsToLNu_TuneCP5_13TeV-madgraphMLM-pythia8RunIIFall17MiniAODv2/181219_234206/0000/stopFlatNtuples_462.root
   Adding file /mnt/hadoop/user/uscms01/pnfs/unl.edu/data4/cms/store/user/zflowers/Ewkinos/WJetsToLNu_TuneCP5_13TeV-madgraphMLM-pythia8/crab_extWJetsToLNu_TuneCP5_13TeV-madgraphMLM-pythia8RunIIFall17MiniAODv2/181219_234206/0000/stopFlatNtuples_463.root
   Adding file /mnt/hadoop/user/uscms01/pnfs/unl.edu/data4/cms/store/user/zflowers/Ewkinos/WJetsToLNu_TuneCP5_13TeV-madgraphMLM-pythia8/crab_extWJetsToLNu_TuneCP5_13TeV-madgraphMLM-pythia8RunIIFall17MiniAODv2/181219_234206/0000/stopFlatNtuples_464.root
   Adding file /mnt/hadoop/user/uscms01/pnfs/unl.edu/data4/cms/store/user/zflowers/Ewkinos/WJetsToLNu_TuneCP5_13TeV-madgraphMLM-pythia8/crab_extWJetsToLNu_TuneCP5_13TeV-madgraphMLM-pythia8RunIIFall17MiniAODv2/181219_234206/0000/stopFlatNtuples_465.root
   Adding file /mnt/hadoop/user/uscms01/pnfs/unl.edu/data4/cms/store/user/zflowers/Ewkinos/WJetsToLNu_TuneCP5_13TeV-madgraphMLM-pythia8/crab_extWJetsToLNu_TuneCP5_13TeV-madgraphMLM-pythia8RunIIFall17MiniAODv2/181219_234206/0000/stopFlatNtuples_466.root
   Adding file /mnt/hadoop/user/uscms01/pnfs/unl.edu/data4/cms/store/user/zflowers/Ewkinos/WJetsToLNu_TuneCP5_13TeV-madgraphMLM-pythia8/crab_extWJetsToLNu_TuneCP5_13TeV-madgraphMLM-pythia8RunIIFall17MiniAODv2/181219_234206/0000/stopFlatNtuples_467.root
   Adding file /mnt/hadoop/user/uscms01/pnfs/unl.edu/data4/cms/store/user/zflowers/Ewkinos/WJetsToLNu_TuneCP5_13TeV-madgraphMLM-pythia8/crab_extWJetsToLNu_TuneCP5_13TeV-madgraphMLM-pythia8RunIIFall17MiniAODv2/181219_234206/0000/stopFlatNtuples_468.root
   Adding file /mnt/hadoop/user/uscms01/pnfs/unl.edu/data4/cms/store/user/zflowers/Ewkinos/WJetsToLNu_TuneCP5_13TeV-madgraphMLM-pythia8/crab_extWJetsToLNu_TuneCP5_13TeV-madgraphMLM-pythia8RunIIFall17MiniAODv2/181219_234206/0000/stopFlatNtuples_469.root
   Adding file /mnt/hadoop/user/uscms01/pnfs/unl.edu/data4/cms/store/user/zflowers/Ewkinos/WJetsToLNu_TuneCP5_13TeV-madgraphMLM-pythia8/crab_extWJetsToLNu_TuneCP5_13TeV-madgraphMLM-pythia8RunIIFall17MiniAODv2/181219_234206/0000/stopFlatNtuples_47.root
   Adding file /mnt/hadoop/user/uscms01/pnfs/unl.edu/data4/cms/store/user/zflowers/Ewkinos/WJetsToLNu_TuneCP5_13TeV-madgraphMLM-pythia8/crab_extWJetsToLNu_TuneCP5_13TeV-madgraphMLM-pythia8RunIIFall17MiniAODv2/181219_234206/0000/stopFlatNtuples_470.root
   Adding file /mnt/hadoop/user/uscms01/pnfs/unl.edu/data4/cms/store/user/zflowers/Ewkinos/WJetsToLNu_TuneCP5_13TeV-madgraphMLM-pythia8/crab_extWJetsToLNu_TuneCP5_13TeV-madgraphMLM-pythia8RunIIFall17MiniAODv2/181219_234206/0000/stopFlatNtuples_471.root
   Adding file /mnt/hadoop/user/uscms01/pnfs/unl.edu/data4/cms/store/user/zflowers/Ewkinos/WJetsToLNu_TuneCP5_13TeV-madgraphMLM-pythia8/crab_extWJetsToLNu_TuneCP5_13TeV-madgraphMLM-pythia8RunIIFall17MiniAODv2/181219_234206/0000/stopFlatNtuples_472.root
   Adding file /mnt/hadoop/user/uscms01/pnfs/unl.edu/data4/cms/store/user/zflowers/Ewkinos/WJetsToLNu_TuneCP5_13TeV-madgraphMLM-pythia8/crab_extWJetsToLNu_TuneCP5_13TeV-madgraphMLM-pythia8RunIIFall17MiniAODv2/181219_234206/0000/stopFlatNtuples_473.root
   Adding file /mnt/hadoop/user/uscms01/pnfs/unl.edu/data4/cms/store/user/zflowers/Ewkinos/WJetsToLNu_TuneCP5_13TeV-madgraphMLM-pythia8/crab_extWJetsToLNu_TuneCP5_13TeV-madgraphMLM-pythia8RunIIFall17MiniAODv2/181219_234206/0000/stopFlatNtuples_474.root
   Adding file /mnt/hadoop/user/uscms01/pnfs/unl.edu/data4/cms/store/user/zflowers/Ewkinos/WJetsToLNu_TuneCP5_13TeV-madgraphMLM-pythia8/crab_extWJetsToLNu_TuneCP5_13TeV-madgraphMLM-pythia8RunIIFall17MiniAODv2/181219_234206/0000/stopFlatNtuples_475.root
   Adding file /mnt/hadoop/user/uscms01/pnfs/unl.edu/data4/cms/store/user/zflowers/Ewkinos/WJetsToLNu_TuneCP5_13TeV-madgraphMLM-pythia8/crab_extWJetsToLNu_TuneCP5_13TeV-madgraphMLM-pythia8RunIIFall17MiniAODv2/181219_234206/0000/stopFlatNtuples_478.root
   Adding file /mnt/hadoop/user/uscms01/pnfs/unl.edu/data4/cms/store/user/zflowers/Ewkinos/WJetsToLNu_TuneCP5_13TeV-madgraphMLM-pythia8/crab_extWJetsToLNu_TuneCP5_13TeV-madgraphMLM-pythia8RunIIFall17MiniAODv2/181219_234206/0000/stopFlatNtuples_479.root
   Adding file /mnt/hadoop/user/uscms01/pnfs/unl.edu/data4/cms/store/user/zflowers/Ewkinos/WJetsToLNu_TuneCP5_13TeV-madgraphMLM-pythia8/crab_extWJetsToLNu_TuneCP5_13TeV-madgraphMLM-pythia8RunIIFall17MiniAODv2/181219_234206/0000/stopFlatNtuples_480.root
   Adding file /mnt/hadoop/user/uscms01/pnfs/unl.edu/data4/cms/store/user/zflowers/Ewkinos/WJetsToLNu_TuneCP5_13TeV-madgraphMLM-pythia8/crab_extWJetsToLNu_TuneCP5_13TeV-madgraphMLM-pythia8RunIIFall17MiniAODv2/181219_234206/0000/stopFlatNtuples_481.root
   Adding file /mnt/hadoop/user/uscms01/pnfs/unl.edu/data4/cms/store/user/zflowers/Ewkinos/WJetsToLNu_TuneCP5_13TeV-madgraphMLM-pythia8/crab_extWJetsToLNu_TuneCP5_13TeV-madgraphMLM-pythia8RunIIFall17MiniAODv2/181219_234206/0000/stopFlatNtuples_485.root
   Adding file /mnt/hadoop/user/uscms01/pnfs/unl.edu/data4/cms/store/user/zflowers/Ewkinos/WJetsToLNu_TuneCP5_13TeV-madgraphMLM-pythia8/crab_extWJetsToLNu_TuneCP5_13TeV-madgraphMLM-pythia8RunIIFall17MiniAODv2/181219_234206/0000/stopFlatNtuples_487.root
   Adding file /mnt/hadoop/user/uscms01/pnfs/unl.edu/data4/cms/store/user/zflowers/Ewkinos/WJetsToLNu_TuneCP5_13TeV-madgraphMLM-pythia8/crab_extWJetsToLNu_TuneCP5_13TeV-madgraphMLM-pythia8RunIIFall17MiniAODv2/181219_234206/0000/stopFlatNtuples_489.root
   Adding file /mnt/hadoop/user/uscms01/pnfs/unl.edu/data4/cms/store/user/zflowers/Ewkinos/WJetsToLNu_TuneCP5_13TeV-madgraphMLM-pythia8/crab_extWJetsToLNu_TuneCP5_13TeV-madgraphMLM-pythia8RunIIFall17MiniAODv2/181219_234206/0000/stopFlatNtuples_49.root
   Adding file /mnt/hadoop/user/uscms01/pnfs/unl.edu/data4/cms/store/user/zflowers/Ewkinos/WJetsToLNu_TuneCP5_13TeV-madgraphMLM-pythia8/crab_extWJetsToLNu_TuneCP5_13TeV-madgraphMLM-pythia8RunIIFall17MiniAODv2/181219_234206/0000/stopFlatNtuples_490.root
   Adding file /mnt/hadoop/user/uscms01/pnfs/unl.edu/data4/cms/store/user/zflowers/Ewkinos/WJetsToLNu_TuneCP5_13TeV-madgraphMLM-pythia8/crab_extWJetsToLNu_TuneCP5_13TeV-madgraphMLM-pythia8RunIIFall17MiniAODv2/181219_234206/0000/stopFlatNtuples_492.root
   Adding file /mnt/hadoop/user/uscms01/pnfs/unl.edu/data4/cms/store/user/zflowers/Ewkinos/WJetsToLNu_TuneCP5_13TeV-madgraphMLM-pythia8/crab_extWJetsToLNu_TuneCP5_13TeV-madgraphMLM-pythia8RunIIFall17MiniAODv2/181219_234206/0000/stopFlatNtuples_493.root
   Adding file /mnt/hadoop/user/uscms01/pnfs/unl.edu/data4/cms/store/user/zflowers/Ewkinos/WJetsToLNu_TuneCP5_13TeV-madgraphMLM-pythia8/crab_extWJetsToLNu_TuneCP5_13TeV-madgraphMLM-pythia8RunIIFall17MiniAODv2/181219_234206/0000/stopFlatNtuples_494.root
   Adding file /mnt/hadoop/user/uscms01/pnfs/unl.edu/data4/cms/store/user/zflowers/Ewkinos/WJetsToLNu_TuneCP5_13TeV-madgraphMLM-pythia8/crab_extWJetsToLNu_TuneCP5_13TeV-madgraphMLM-pythia8RunIIFall17MiniAODv2/181219_234206/0000/stopFlatNtuples_495.root
   Adding file /mnt/hadoop/user/uscms01/pnfs/unl.edu/data4/cms/store/user/zflowers/Ewkinos/WJetsToLNu_TuneCP5_13TeV-madgraphMLM-pythia8/crab_extWJetsToLNu_TuneCP5_13TeV-madgraphMLM-pythia8RunIIFall17MiniAODv2/181219_234206/0000/stopFlatNtuples_496.root
   Adding file /mnt/hadoop/user/uscms01/pnfs/unl.edu/data4/cms/store/user/zflowers/Ewkinos/WJetsToLNu_TuneCP5_13TeV-madgraphMLM-pythia8/crab_extWJetsToLNu_TuneCP5_13TeV-madgraphMLM-pythia8RunIIFall17MiniAODv2/181219_234206/0000/stopFlatNtuples_497.root
   Adding file /mnt/hadoop/user/uscms01/pnfs/unl.edu/data4/cms/store/user/zflowers/Ewkinos/WJetsToLNu_TuneCP5_13TeV-madgraphMLM-pythia8/crab_extWJetsToLNu_TuneCP5_13TeV-madgraphMLM-pythia8RunIIFall17MiniAODv2/181219_234206/0000/stopFlatNtuples_500.root
   Adding file /mnt/hadoop/user/uscms01/pnfs/unl.edu/data4/cms/store/user/zflowers/Ewkinos/WJetsToLNu_TuneCP5_13TeV-madgraphMLM-pythia8/crab_extWJetsToLNu_TuneCP5_13TeV-madgraphMLM-pythia8RunIIFall17MiniAODv2/181219_234206/0000/stopFlatNtuples_501.root
   Adding file /mnt/hadoop/user/uscms01/pnfs/unl.edu/data4/cms/store/user/zflowers/Ewkinos/WJetsToLNu_TuneCP5_13TeV-madgraphMLM-pythia8/crab_extWJetsToLNu_TuneCP5_13TeV-madgraphMLM-pythia8RunIIFall17MiniAODv2/181219_234206/0000/stopFlatNtuples_502.root
   Adding file /mnt/hadoop/user/uscms01/pnfs/unl.edu/data4/cms/store/user/zflowers/Ewkinos/WJetsToLNu_TuneCP5_13TeV-madgraphMLM-pythia8/crab_extWJetsToLNu_TuneCP5_13TeV-madgraphMLM-pythia8RunIIFall17MiniAODv2/181219_234206/0000/stopFlatNtuples_503.root
   Adding file /mnt/hadoop/user/uscms01/pnfs/unl.edu/data4/cms/store/user/zflowers/Ewkinos/WJetsToLNu_TuneCP5_13TeV-madgraphMLM-pythia8/crab_extWJetsToLNu_TuneCP5_13TeV-madgraphMLM-pythia8RunIIFall17MiniAODv2/181219_234206/0000/stopFlatNtuples_504.root
 event = 0 : 9441308
 event = 944130 : 9441308
 event = 1888260 : 9441308
 event = 2832390 : 9441308
 event = 3776520 : 9441308
 event = 4720650 : 9441308
 event = 5664780 : 9441308
 event = 6608910 : 9441308
 event = 7553040 : 9441308
 event = 8497170 : 9441308
 event = 9441300 : 9441308
Ntree 1
