
[36mRestFrames v1.0.0 -- Developed by Christopher Rogan (crogan@cern.ch)
                     Copyright (c) 2014-2018, Christopher Rogan
                     http://RestFrames.com
[0m
   Adding file /mnt/hadoop/user/uscms01/pnfs/unl.edu/data4/cms/store/user/zflowers/Ewkinos/WJetsToQQ_HT-800toInf_qc19_3j_TuneCP5_13TeV-madgraphMLM-pythia8/crab_WJetsToQQ_HT-800toInf_qc19_3j_TuneCP5_13TeV-madgraphMLM-pythia8RunIIFall17MiniAODv2/181119_235154/0000/stopFlatNtuples_1-1.root
   Adding file /mnt/hadoop/user/uscms01/pnfs/unl.edu/data4/cms/store/user/zflowers/Ewkinos/WJetsToQQ_HT-800toInf_qc19_3j_TuneCP5_13TeV-madgraphMLM-pythia8/crab_WJetsToQQ_HT-800toInf_qc19_3j_TuneCP5_13TeV-madgraphMLM-pythia8RunIIFall17MiniAODv2/181119_235154/0000/stopFlatNtuples_1-10.root
   Adding file /mnt/hadoop/user/uscms01/pnfs/unl.edu/data4/cms/store/user/zflowers/Ewkinos/WJetsToQQ_HT-800toInf_qc19_3j_TuneCP5_13TeV-madgraphMLM-pythia8/crab_WJetsToQQ_HT-800toInf_qc19_3j_TuneCP5_13TeV-madgraphMLM-pythia8RunIIFall17MiniAODv2/181119_235154/0000/stopFlatNtuples_1-100.root
   Adding file /mnt/hadoop/user/uscms01/pnfs/unl.edu/data4/cms/store/user/zflowers/Ewkinos/WJetsToQQ_HT-800toInf_qc19_3j_TuneCP5_13TeV-madgraphMLM-pythia8/crab_WJetsToQQ_HT-800toInf_qc19_3j_TuneCP5_13TeV-madgraphMLM-pythia8RunIIFall17MiniAODv2/181119_235154/0000/stopFlatNtuples_1-101.root
   Adding file /mnt/hadoop/user/uscms01/pnfs/unl.edu/data4/cms/store/user/zflowers/Ewkinos/WJetsToQQ_HT-800toInf_qc19_3j_TuneCP5_13TeV-madgraphMLM-pythia8/crab_WJetsToQQ_HT-800toInf_qc19_3j_TuneCP5_13TeV-madgraphMLM-pythia8RunIIFall17MiniAODv2/181119_235154/0000/stopFlatNtuples_1-102.root
   Adding file /mnt/hadoop/user/uscms01/pnfs/unl.edu/data4/cms/store/user/zflowers/Ewkinos/WJetsToQQ_HT-800toInf_qc19_3j_TuneCP5_13TeV-madgraphMLM-pythia8/crab_WJetsToQQ_HT-800toInf_qc19_3j_TuneCP5_13TeV-madgraphMLM-pythia8RunIIFall17MiniAODv2/181119_235154/0000/stopFlatNtuples_1-103.root
   Adding file /mnt/hadoop/user/uscms01/pnfs/unl.edu/data4/cms/store/user/zflowers/Ewkinos/WJetsToQQ_HT-800toInf_qc19_3j_TuneCP5_13TeV-madgraphMLM-pythia8/crab_WJetsToQQ_HT-800toInf_qc19_3j_TuneCP5_13TeV-madgraphMLM-pythia8RunIIFall17MiniAODv2/181119_235154/0000/stopFlatNtuples_1-104.root
   Adding file /mnt/hadoop/user/uscms01/pnfs/unl.edu/data4/cms/store/user/zflowers/Ewkinos/WJetsToQQ_HT-800toInf_qc19_3j_TuneCP5_13TeV-madgraphMLM-pythia8/crab_WJetsToQQ_HT-800toInf_qc19_3j_TuneCP5_13TeV-madgraphMLM-pythia8RunIIFall17MiniAODv2/181119_235154/0000/stopFlatNtuples_1-105.root
   Adding file /mnt/hadoop/user/uscms01/pnfs/unl.edu/data4/cms/store/user/zflowers/Ewkinos/WJetsToQQ_HT-800toInf_qc19_3j_TuneCP5_13TeV-madgraphMLM-pythia8/crab_WJetsToQQ_HT-800toInf_qc19_3j_TuneCP5_13TeV-madgraphMLM-pythia8RunIIFall17MiniAODv2/181119_235154/0000/stopFlatNtuples_1-106.root
   Adding file /mnt/hadoop/user/uscms01/pnfs/unl.edu/data4/cms/store/user/zflowers/Ewkinos/WJetsToQQ_HT-800toInf_qc19_3j_TuneCP5_13TeV-madgraphMLM-pythia8/crab_WJetsToQQ_HT-800toInf_qc19_3j_TuneCP5_13TeV-madgraphMLM-pythia8RunIIFall17MiniAODv2/181119_235154/0000/stopFlatNtuples_1-107.root
   Adding file /mnt/hadoop/user/uscms01/pnfs/unl.edu/data4/cms/store/user/zflowers/Ewkinos/WJetsToQQ_HT-800toInf_qc19_3j_TuneCP5_13TeV-madgraphMLM-pythia8/crab_WJetsToQQ_HT-800toInf_qc19_3j_TuneCP5_13TeV-madgraphMLM-pythia8RunIIFall17MiniAODv2/181119_235154/0000/stopFlatNtuples_1-108.root
   Adding file /mnt/hadoop/user/uscms01/pnfs/unl.edu/data4/cms/store/user/zflowers/Ewkinos/WJetsToQQ_HT-800toInf_qc19_3j_TuneCP5_13TeV-madgraphMLM-pythia8/crab_WJetsToQQ_HT-800toInf_qc19_3j_TuneCP5_13TeV-madgraphMLM-pythia8RunIIFall17MiniAODv2/181119_235154/0000/stopFlatNtuples_1-109.root
   Adding file /mnt/hadoop/user/uscms01/pnfs/unl.edu/data4/cms/store/user/zflowers/Ewkinos/WJetsToQQ_HT-800toInf_qc19_3j_TuneCP5_13TeV-madgraphMLM-pythia8/crab_WJetsToQQ_HT-800toInf_qc19_3j_TuneCP5_13TeV-madgraphMLM-pythia8RunIIFall17MiniAODv2/181119_235154/0000/stopFlatNtuples_1-11.root
   Adding file /mnt/hadoop/user/uscms01/pnfs/unl.edu/data4/cms/store/user/zflowers/Ewkinos/WJetsToQQ_HT-800toInf_qc19_3j_TuneCP5_13TeV-madgraphMLM-pythia8/crab_WJetsToQQ_HT-800toInf_qc19_3j_TuneCP5_13TeV-madgraphMLM-pythia8RunIIFall17MiniAODv2/181119_235154/0000/stopFlatNtuples_1-110.root
   Adding file /mnt/hadoop/user/uscms01/pnfs/unl.edu/data4/cms/store/user/zflowers/Ewkinos/WJetsToQQ_HT-800toInf_qc19_3j_TuneCP5_13TeV-madgraphMLM-pythia8/crab_WJetsToQQ_HT-800toInf_qc19_3j_TuneCP5_13TeV-madgraphMLM-pythia8RunIIFall17MiniAODv2/181119_235154/0000/stopFlatNtuples_1-111.root
   Adding file /mnt/hadoop/user/uscms01/pnfs/unl.edu/data4/cms/store/user/zflowers/Ewkinos/WJetsToQQ_HT-800toInf_qc19_3j_TuneCP5_13TeV-madgraphMLM-pythia8/crab_WJetsToQQ_HT-800toInf_qc19_3j_TuneCP5_13TeV-madgraphMLM-pythia8RunIIFall17MiniAODv2/181119_235154/0000/stopFlatNtuples_1-112.root
   Adding file /mnt/hadoop/user/uscms01/pnfs/unl.edu/data4/cms/store/user/zflowers/Ewkinos/WJetsToQQ_HT-800toInf_qc19_3j_TuneCP5_13TeV-madgraphMLM-pythia8/crab_WJetsToQQ_HT-800toInf_qc19_3j_TuneCP5_13TeV-madgraphMLM-pythia8RunIIFall17MiniAODv2/181119_235154/0000/stopFlatNtuples_1-113.root
   Adding file /mnt/hadoop/user/uscms01/pnfs/unl.edu/data4/cms/store/user/zflowers/Ewkinos/WJetsToQQ_HT-800toInf_qc19_3j_TuneCP5_13TeV-madgraphMLM-pythia8/crab_WJetsToQQ_HT-800toInf_qc19_3j_TuneCP5_13TeV-madgraphMLM-pythia8RunIIFall17MiniAODv2/181119_235154/0000/stopFlatNtuples_1-114.root
   Adding file /mnt/hadoop/user/uscms01/pnfs/unl.edu/data4/cms/store/user/zflowers/Ewkinos/WJetsToQQ_HT-800toInf_qc19_3j_TuneCP5_13TeV-madgraphMLM-pythia8/crab_WJetsToQQ_HT-800toInf_qc19_3j_TuneCP5_13TeV-madgraphMLM-pythia8RunIIFall17MiniAODv2/181119_235154/0000/stopFlatNtuples_1-115.root
   Adding file /mnt/hadoop/user/uscms01/pnfs/unl.edu/data4/cms/store/user/zflowers/Ewkinos/WJetsToQQ_HT-800toInf_qc19_3j_TuneCP5_13TeV-madgraphMLM-pythia8/crab_WJetsToQQ_HT-800toInf_qc19_3j_TuneCP5_13TeV-madgraphMLM-pythia8RunIIFall17MiniAODv2/181119_235154/0000/stopFlatNtuples_1-116.root
   Adding file /mnt/hadoop/user/uscms01/pnfs/unl.edu/data4/cms/store/user/zflowers/Ewkinos/WJetsToQQ_HT-800toInf_qc19_3j_TuneCP5_13TeV-madgraphMLM-pythia8/crab_WJetsToQQ_HT-800toInf_qc19_3j_TuneCP5_13TeV-madgraphMLM-pythia8RunIIFall17MiniAODv2/181119_235154/0000/stopFlatNtuples_1-117.root
   Adding file /mnt/hadoop/user/uscms01/pnfs/unl.edu/data4/cms/store/user/zflowers/Ewkinos/WJetsToQQ_HT-800toInf_qc19_3j_TuneCP5_13TeV-madgraphMLM-pythia8/crab_WJetsToQQ_HT-800toInf_qc19_3j_TuneCP5_13TeV-madgraphMLM-pythia8RunIIFall17MiniAODv2/181119_235154/0000/stopFlatNtuples_1-118.root
   Adding file /mnt/hadoop/user/uscms01/pnfs/unl.edu/data4/cms/store/user/zflowers/Ewkinos/WJetsToQQ_HT-800toInf_qc19_3j_TuneCP5_13TeV-madgraphMLM-pythia8/crab_WJetsToQQ_HT-800toInf_qc19_3j_TuneCP5_13TeV-madgraphMLM-pythia8RunIIFall17MiniAODv2/181119_235154/0000/stopFlatNtuples_1-119.root
   Adding file /mnt/hadoop/user/uscms01/pnfs/unl.edu/data4/cms/store/user/zflowers/Ewkinos/WJetsToQQ_HT-800toInf_qc19_3j_TuneCP5_13TeV-madgraphMLM-pythia8/crab_WJetsToQQ_HT-800toInf_qc19_3j_TuneCP5_13TeV-madgraphMLM-pythia8RunIIFall17MiniAODv2/181119_235154/0000/stopFlatNtuples_1-12.root
   Adding file /mnt/hadoop/user/uscms01/pnfs/unl.edu/data4/cms/store/user/zflowers/Ewkinos/WJetsToQQ_HT-800toInf_qc19_3j_TuneCP5_13TeV-madgraphMLM-pythia8/crab_WJetsToQQ_HT-800toInf_qc19_3j_TuneCP5_13TeV-madgraphMLM-pythia8RunIIFall17MiniAODv2/181119_235154/0000/stopFlatNtuples_1-120.root
   Adding file /mnt/hadoop/user/uscms01/pnfs/unl.edu/data4/cms/store/user/zflowers/Ewkinos/WJetsToQQ_HT-800toInf_qc19_3j_TuneCP5_13TeV-madgraphMLM-pythia8/crab_WJetsToQQ_HT-800toInf_qc19_3j_TuneCP5_13TeV-madgraphMLM-pythia8RunIIFall17MiniAODv2/181119_235154/0000/stopFlatNtuples_1-121.root
   Adding file /mnt/hadoop/user/uscms01/pnfs/unl.edu/data4/cms/store/user/zflowers/Ewkinos/WJetsToQQ_HT-800toInf_qc19_3j_TuneCP5_13TeV-madgraphMLM-pythia8/crab_WJetsToQQ_HT-800toInf_qc19_3j_TuneCP5_13TeV-madgraphMLM-pythia8RunIIFall17MiniAODv2/181119_235154/0000/stopFlatNtuples_1-122.root
   Adding file /mnt/hadoop/user/uscms01/pnfs/unl.edu/data4/cms/store/user/zflowers/Ewkinos/WJetsToQQ_HT-800toInf_qc19_3j_TuneCP5_13TeV-madgraphMLM-pythia8/crab_WJetsToQQ_HT-800toInf_qc19_3j_TuneCP5_13TeV-madgraphMLM-pythia8RunIIFall17MiniAODv2/181119_235154/0000/stopFlatNtuples_1-123.root
   Adding file /mnt/hadoop/user/uscms01/pnfs/unl.edu/data4/cms/store/user/zflowers/Ewkinos/WJetsToQQ_HT-800toInf_qc19_3j_TuneCP5_13TeV-madgraphMLM-pythia8/crab_WJetsToQQ_HT-800toInf_qc19_3j_TuneCP5_13TeV-madgraphMLM-pythia8RunIIFall17MiniAODv2/181119_235154/0000/stopFlatNtuples_1-124.root
   Adding file /mnt/hadoop/user/uscms01/pnfs/unl.edu/data4/cms/store/user/zflowers/Ewkinos/WJetsToQQ_HT-800toInf_qc19_3j_TuneCP5_13TeV-madgraphMLM-pythia8/crab_WJetsToQQ_HT-800toInf_qc19_3j_TuneCP5_13TeV-madgraphMLM-pythia8RunIIFall17MiniAODv2/181119_235154/0000/stopFlatNtuples_1-125.root
   Adding file /mnt/hadoop/user/uscms01/pnfs/unl.edu/data4/cms/store/user/zflowers/Ewkinos/WJetsToQQ_HT-800toInf_qc19_3j_TuneCP5_13TeV-madgraphMLM-pythia8/crab_WJetsToQQ_HT-800toInf_qc19_3j_TuneCP5_13TeV-madgraphMLM-pythia8RunIIFall17MiniAODv2/181119_235154/0000/stopFlatNtuples_1-126.root
   Adding file /mnt/hadoop/user/uscms01/pnfs/unl.edu/data4/cms/store/user/zflowers/Ewkinos/WJetsToQQ_HT-800toInf_qc19_3j_TuneCP5_13TeV-madgraphMLM-pythia8/crab_WJetsToQQ_HT-800toInf_qc19_3j_TuneCP5_13TeV-madgraphMLM-pythia8RunIIFall17MiniAODv2/181119_235154/0000/stopFlatNtuples_1-127.root
   Adding file /mnt/hadoop/user/uscms01/pnfs/unl.edu/data4/cms/store/user/zflowers/Ewkinos/WJetsToQQ_HT-800toInf_qc19_3j_TuneCP5_13TeV-madgraphMLM-pythia8/crab_WJetsToQQ_HT-800toInf_qc19_3j_TuneCP5_13TeV-madgraphMLM-pythia8RunIIFall17MiniAODv2/181119_235154/0000/stopFlatNtuples_1-128.root
   Adding file /mnt/hadoop/user/uscms01/pnfs/unl.edu/data4/cms/store/user/zflowers/Ewkinos/WJetsToQQ_HT-800toInf_qc19_3j_TuneCP5_13TeV-madgraphMLM-pythia8/crab_WJetsToQQ_HT-800toInf_qc19_3j_TuneCP5_13TeV-madgraphMLM-pythia8RunIIFall17MiniAODv2/181119_235154/0000/stopFlatNtuples_1-129.root
   Adding file /mnt/hadoop/user/uscms01/pnfs/unl.edu/data4/cms/store/user/zflowers/Ewkinos/WJetsToQQ_HT-800toInf_qc19_3j_TuneCP5_13TeV-madgraphMLM-pythia8/crab_WJetsToQQ_HT-800toInf_qc19_3j_TuneCP5_13TeV-madgraphMLM-pythia8RunIIFall17MiniAODv2/181119_235154/0000/stopFlatNtuples_1-13.root
   Adding file /mnt/hadoop/user/uscms01/pnfs/unl.edu/data4/cms/store/user/zflowers/Ewkinos/WJetsToQQ_HT-800toInf_qc19_3j_TuneCP5_13TeV-madgraphMLM-pythia8/crab_WJetsToQQ_HT-800toInf_qc19_3j_TuneCP5_13TeV-madgraphMLM-pythia8RunIIFall17MiniAODv2/181119_235154/0000/stopFlatNtuples_1-130.root
   Adding file /mnt/hadoop/user/uscms01/pnfs/unl.edu/data4/cms/store/user/zflowers/Ewkinos/WJetsToQQ_HT-800toInf_qc19_3j_TuneCP5_13TeV-madgraphMLM-pythia8/crab_WJetsToQQ_HT-800toInf_qc19_3j_TuneCP5_13TeV-madgraphMLM-pythia8RunIIFall17MiniAODv2/181119_235154/0000/stopFlatNtuples_1-131.root
   Adding file /mnt/hadoop/user/uscms01/pnfs/unl.edu/data4/cms/store/user/zflowers/Ewkinos/WJetsToQQ_HT-800toInf_qc19_3j_TuneCP5_13TeV-madgraphMLM-pythia8/crab_WJetsToQQ_HT-800toInf_qc19_3j_TuneCP5_13TeV-madgraphMLM-pythia8RunIIFall17MiniAODv2/181119_235154/0000/stopFlatNtuples_1-132.root
   Adding file /mnt/hadoop/user/uscms01/pnfs/unl.edu/data4/cms/store/user/zflowers/Ewkinos/WJetsToQQ_HT-800toInf_qc19_3j_TuneCP5_13TeV-madgraphMLM-pythia8/crab_WJetsToQQ_HT-800toInf_qc19_3j_TuneCP5_13TeV-madgraphMLM-pythia8RunIIFall17MiniAODv2/181119_235154/0000/stopFlatNtuples_1-133.root
   Adding file /mnt/hadoop/user/uscms01/pnfs/unl.edu/data4/cms/store/user/zflowers/Ewkinos/WJetsToQQ_HT-800toInf_qc19_3j_TuneCP5_13TeV-madgraphMLM-pythia8/crab_WJetsToQQ_HT-800toInf_qc19_3j_TuneCP5_13TeV-madgraphMLM-pythia8RunIIFall17MiniAODv2/181119_235154/0000/stopFlatNtuples_1-134.root
   Adding file /mnt/hadoop/user/uscms01/pnfs/unl.edu/data4/cms/store/user/zflowers/Ewkinos/WJetsToQQ_HT-800toInf_qc19_3j_TuneCP5_13TeV-madgraphMLM-pythia8/crab_WJetsToQQ_HT-800toInf_qc19_3j_TuneCP5_13TeV-madgraphMLM-pythia8RunIIFall17MiniAODv2/181119_235154/0000/stopFlatNtuples_1-135.root
   Adding file /mnt/hadoop/user/uscms01/pnfs/unl.edu/data4/cms/store/user/zflowers/Ewkinos/WJetsToQQ_HT-800toInf_qc19_3j_TuneCP5_13TeV-madgraphMLM-pythia8/crab_WJetsToQQ_HT-800toInf_qc19_3j_TuneCP5_13TeV-madgraphMLM-pythia8RunIIFall17MiniAODv2/181119_235154/0000/stopFlatNtuples_1-136.root
   Adding file /mnt/hadoop/user/uscms01/pnfs/unl.edu/data4/cms/store/user/zflowers/Ewkinos/WJetsToQQ_HT-800toInf_qc19_3j_TuneCP5_13TeV-madgraphMLM-pythia8/crab_WJetsToQQ_HT-800toInf_qc19_3j_TuneCP5_13TeV-madgraphMLM-pythia8RunIIFall17MiniAODv2/181119_235154/0000/stopFlatNtuples_1-137.root
   Adding file /mnt/hadoop/user/uscms01/pnfs/unl.edu/data4/cms/store/user/zflowers/Ewkinos/WJetsToQQ_HT-800toInf_qc19_3j_TuneCP5_13TeV-madgraphMLM-pythia8/crab_WJetsToQQ_HT-800toInf_qc19_3j_TuneCP5_13TeV-madgraphMLM-pythia8RunIIFall17MiniAODv2/181119_235154/0000/stopFlatNtuples_1-138.root
   Adding file /mnt/hadoop/user/uscms01/pnfs/unl.edu/data4/cms/store/user/zflowers/Ewkinos/WJetsToQQ_HT-800toInf_qc19_3j_TuneCP5_13TeV-madgraphMLM-pythia8/crab_WJetsToQQ_HT-800toInf_qc19_3j_TuneCP5_13TeV-madgraphMLM-pythia8RunIIFall17MiniAODv2/181119_235154/0000/stopFlatNtuples_1-139.root
   Adding file /mnt/hadoop/user/uscms01/pnfs/unl.edu/data4/cms/store/user/zflowers/Ewkinos/WJetsToQQ_HT-800toInf_qc19_3j_TuneCP5_13TeV-madgraphMLM-pythia8/crab_WJetsToQQ_HT-800toInf_qc19_3j_TuneCP5_13TeV-madgraphMLM-pythia8RunIIFall17MiniAODv2/181119_235154/0000/stopFlatNtuples_1-14.root
   Adding file /mnt/hadoop/user/uscms01/pnfs/unl.edu/data4/cms/store/user/zflowers/Ewkinos/WJetsToQQ_HT-800toInf_qc19_3j_TuneCP5_13TeV-madgraphMLM-pythia8/crab_WJetsToQQ_HT-800toInf_qc19_3j_TuneCP5_13TeV-madgraphMLM-pythia8RunIIFall17MiniAODv2/181119_235154/0000/stopFlatNtuples_1-140.root
   Adding file /mnt/hadoop/user/uscms01/pnfs/unl.edu/data4/cms/store/user/zflowers/Ewkinos/WJetsToQQ_HT-800toInf_qc19_3j_TuneCP5_13TeV-madgraphMLM-pythia8/crab_WJetsToQQ_HT-800toInf_qc19_3j_TuneCP5_13TeV-madgraphMLM-pythia8RunIIFall17MiniAODv2/181119_235154/0000/stopFlatNtuples_1-141.root
   Adding file /mnt/hadoop/user/uscms01/pnfs/unl.edu/data4/cms/store/user/zflowers/Ewkinos/WJetsToQQ_HT-800toInf_qc19_3j_TuneCP5_13TeV-madgraphMLM-pythia8/crab_WJetsToQQ_HT-800toInf_qc19_3j_TuneCP5_13TeV-madgraphMLM-pythia8RunIIFall17MiniAODv2/181119_235154/0000/stopFlatNtuples_1-142.root
   Adding file /mnt/hadoop/user/uscms01/pnfs/unl.edu/data4/cms/store/user/zflowers/Ewkinos/WJetsToQQ_HT-800toInf_qc19_3j_TuneCP5_13TeV-madgraphMLM-pythia8/crab_WJetsToQQ_HT-800toInf_qc19_3j_TuneCP5_13TeV-madgraphMLM-pythia8RunIIFall17MiniAODv2/181119_235154/0000/stopFlatNtuples_1-143.root
   Adding file /mnt/hadoop/user/uscms01/pnfs/unl.edu/data4/cms/store/user/zflowers/Ewkinos/WJetsToQQ_HT-800toInf_qc19_3j_TuneCP5_13TeV-madgraphMLM-pythia8/crab_WJetsToQQ_HT-800toInf_qc19_3j_TuneCP5_13TeV-madgraphMLM-pythia8RunIIFall17MiniAODv2/181119_235154/0000/stopFlatNtuples_1-144.root
   Adding file /mnt/hadoop/user/uscms01/pnfs/unl.edu/data4/cms/store/user/zflowers/Ewkinos/WJetsToQQ_HT-800toInf_qc19_3j_TuneCP5_13TeV-madgraphMLM-pythia8/crab_WJetsToQQ_HT-800toInf_qc19_3j_TuneCP5_13TeV-madgraphMLM-pythia8RunIIFall17MiniAODv2/181119_235154/0000/stopFlatNtuples_1-145.root
   Adding file /mnt/hadoop/user/uscms01/pnfs/unl.edu/data4/cms/store/user/zflowers/Ewkinos/WJetsToQQ_HT-800toInf_qc19_3j_TuneCP5_13TeV-madgraphMLM-pythia8/crab_WJetsToQQ_HT-800toInf_qc19_3j_TuneCP5_13TeV-madgraphMLM-pythia8RunIIFall17MiniAODv2/181119_235154/0000/stopFlatNtuples_1-146.root
   Adding file /mnt/hadoop/user/uscms01/pnfs/unl.edu/data4/cms/store/user/zflowers/Ewkinos/WJetsToQQ_HT-800toInf_qc19_3j_TuneCP5_13TeV-madgraphMLM-pythia8/crab_WJetsToQQ_HT-800toInf_qc19_3j_TuneCP5_13TeV-madgraphMLM-pythia8RunIIFall17MiniAODv2/181119_235154/0000/stopFlatNtuples_1-147.root
   Adding file /mnt/hadoop/user/uscms01/pnfs/unl.edu/data4/cms/store/user/zflowers/Ewkinos/WJetsToQQ_HT-800toInf_qc19_3j_TuneCP5_13TeV-madgraphMLM-pythia8/crab_WJetsToQQ_HT-800toInf_qc19_3j_TuneCP5_13TeV-madgraphMLM-pythia8RunIIFall17MiniAODv2/181119_235154/0000/stopFlatNtuples_1-148.root
   Adding file /mnt/hadoop/user/uscms01/pnfs/unl.edu/data4/cms/store/user/zflowers/Ewkinos/WJetsToQQ_HT-800toInf_qc19_3j_TuneCP5_13TeV-madgraphMLM-pythia8/crab_WJetsToQQ_HT-800toInf_qc19_3j_TuneCP5_13TeV-madgraphMLM-pythia8RunIIFall17MiniAODv2/181119_235154/0000/stopFlatNtuples_1-149.root
   Adding file /mnt/hadoop/user/uscms01/pnfs/unl.edu/data4/cms/store/user/zflowers/Ewkinos/WJetsToQQ_HT-800toInf_qc19_3j_TuneCP5_13TeV-madgraphMLM-pythia8/crab_WJetsToQQ_HT-800toInf_qc19_3j_TuneCP5_13TeV-madgraphMLM-pythia8RunIIFall17MiniAODv2/181119_235154/0000/stopFlatNtuples_1-15.root
   Adding file /mnt/hadoop/user/uscms01/pnfs/unl.edu/data4/cms/store/user/zflowers/Ewkinos/WJetsToQQ_HT-800toInf_qc19_3j_TuneCP5_13TeV-madgraphMLM-pythia8/crab_WJetsToQQ_HT-800toInf_qc19_3j_TuneCP5_13TeV-madgraphMLM-pythia8RunIIFall17MiniAODv2/181119_235154/0000/stopFlatNtuples_1-150.root
   Adding file /mnt/hadoop/user/uscms01/pnfs/unl.edu/data4/cms/store/user/zflowers/Ewkinos/WJetsToQQ_HT-800toInf_qc19_3j_TuneCP5_13TeV-madgraphMLM-pythia8/crab_WJetsToQQ_HT-800toInf_qc19_3j_TuneCP5_13TeV-madgraphMLM-pythia8RunIIFall17MiniAODv2/181119_235154/0000/stopFlatNtuples_1-151.root
   Adding file /mnt/hadoop/user/uscms01/pnfs/unl.edu/data4/cms/store/user/zflowers/Ewkinos/WJetsToQQ_HT-800toInf_qc19_3j_TuneCP5_13TeV-madgraphMLM-pythia8/crab_WJetsToQQ_HT-800toInf_qc19_3j_TuneCP5_13TeV-madgraphMLM-pythia8RunIIFall17MiniAODv2/181119_235154/0000/stopFlatNtuples_1-152.root
   Adding file /mnt/hadoop/user/uscms01/pnfs/unl.edu/data4/cms/store/user/zflowers/Ewkinos/WJetsToQQ_HT-800toInf_qc19_3j_TuneCP5_13TeV-madgraphMLM-pythia8/crab_WJetsToQQ_HT-800toInf_qc19_3j_TuneCP5_13TeV-madgraphMLM-pythia8RunIIFall17MiniAODv2/181119_235154/0000/stopFlatNtuples_1-153.root
   Adding file /mnt/hadoop/user/uscms01/pnfs/unl.edu/data4/cms/store/user/zflowers/Ewkinos/WJetsToQQ_HT-800toInf_qc19_3j_TuneCP5_13TeV-madgraphMLM-pythia8/crab_WJetsToQQ_HT-800toInf_qc19_3j_TuneCP5_13TeV-madgraphMLM-pythia8RunIIFall17MiniAODv2/181119_235154/0000/stopFlatNtuples_1-154.root
   Adding file /mnt/hadoop/user/uscms01/pnfs/unl.edu/data4/cms/store/user/zflowers/Ewkinos/WJetsToQQ_HT-800toInf_qc19_3j_TuneCP5_13TeV-madgraphMLM-pythia8/crab_WJetsToQQ_HT-800toInf_qc19_3j_TuneCP5_13TeV-madgraphMLM-pythia8RunIIFall17MiniAODv2/181119_235154/0000/stopFlatNtuples_1-155.root
   Adding file /mnt/hadoop/user/uscms01/pnfs/unl.edu/data4/cms/store/user/zflowers/Ewkinos/WJetsToQQ_HT-800toInf_qc19_3j_TuneCP5_13TeV-madgraphMLM-pythia8/crab_WJetsToQQ_HT-800toInf_qc19_3j_TuneCP5_13TeV-madgraphMLM-pythia8RunIIFall17MiniAODv2/181119_235154/0000/stopFlatNtuples_1-156.root
   Adding file /mnt/hadoop/user/uscms01/pnfs/unl.edu/data4/cms/store/user/zflowers/Ewkinos/WJetsToQQ_HT-800toInf_qc19_3j_TuneCP5_13TeV-madgraphMLM-pythia8/crab_WJetsToQQ_HT-800toInf_qc19_3j_TuneCP5_13TeV-madgraphMLM-pythia8RunIIFall17MiniAODv2/181119_235154/0000/stopFlatNtuples_1-157.root
   Adding file /mnt/hadoop/user/uscms01/pnfs/unl.edu/data4/cms/store/user/zflowers/Ewkinos/WJetsToQQ_HT-800toInf_qc19_3j_TuneCP5_13TeV-madgraphMLM-pythia8/crab_WJetsToQQ_HT-800toInf_qc19_3j_TuneCP5_13TeV-madgraphMLM-pythia8RunIIFall17MiniAODv2/181119_235154/0000/stopFlatNtuples_1-158.root
   Adding file /mnt/hadoop/user/uscms01/pnfs/unl.edu/data4/cms/store/user/zflowers/Ewkinos/WJetsToQQ_HT-800toInf_qc19_3j_TuneCP5_13TeV-madgraphMLM-pythia8/crab_WJetsToQQ_HT-800toInf_qc19_3j_TuneCP5_13TeV-madgraphMLM-pythia8RunIIFall17MiniAODv2/181119_235154/0000/stopFlatNtuples_1-159.root
   Adding file /mnt/hadoop/user/uscms01/pnfs/unl.edu/data4/cms/store/user/zflowers/Ewkinos/WJetsToQQ_HT-800toInf_qc19_3j_TuneCP5_13TeV-madgraphMLM-pythia8/crab_WJetsToQQ_HT-800toInf_qc19_3j_TuneCP5_13TeV-madgraphMLM-pythia8RunIIFall17MiniAODv2/181119_235154/0000/stopFlatNtuples_1-16.root
   Adding file /mnt/hadoop/user/uscms01/pnfs/unl.edu/data4/cms/store/user/zflowers/Ewkinos/WJetsToQQ_HT-800toInf_qc19_3j_TuneCP5_13TeV-madgraphMLM-pythia8/crab_WJetsToQQ_HT-800toInf_qc19_3j_TuneCP5_13TeV-madgraphMLM-pythia8RunIIFall17MiniAODv2/181119_235154/0000/stopFlatNtuples_1-160.root
   Adding file /mnt/hadoop/user/uscms01/pnfs/unl.edu/data4/cms/store/user/zflowers/Ewkinos/WJetsToQQ_HT-800toInf_qc19_3j_TuneCP5_13TeV-madgraphMLM-pythia8/crab_WJetsToQQ_HT-800toInf_qc19_3j_TuneCP5_13TeV-madgraphMLM-pythia8RunIIFall17MiniAODv2/181119_235154/0000/stopFlatNtuples_1-161.root
   Adding file /mnt/hadoop/user/uscms01/pnfs/unl.edu/data4/cms/store/user/zflowers/Ewkinos/WJetsToQQ_HT-800toInf_qc19_3j_TuneCP5_13TeV-madgraphMLM-pythia8/crab_WJetsToQQ_HT-800toInf_qc19_3j_TuneCP5_13TeV-madgraphMLM-pythia8RunIIFall17MiniAODv2/181119_235154/0000/stopFlatNtuples_1-162.root
   Adding file /mnt/hadoop/user/uscms01/pnfs/unl.edu/data4/cms/store/user/zflowers/Ewkinos/WJetsToQQ_HT-800toInf_qc19_3j_TuneCP5_13TeV-madgraphMLM-pythia8/crab_WJetsToQQ_HT-800toInf_qc19_3j_TuneCP5_13TeV-madgraphMLM-pythia8RunIIFall17MiniAODv2/181119_235154/0000/stopFlatNtuples_1-163.root
   Adding file /mnt/hadoop/user/uscms01/pnfs/unl.edu/data4/cms/store/user/zflowers/Ewkinos/WJetsToQQ_HT-800toInf_qc19_3j_TuneCP5_13TeV-madgraphMLM-pythia8/crab_WJetsToQQ_HT-800toInf_qc19_3j_TuneCP5_13TeV-madgraphMLM-pythia8RunIIFall17MiniAODv2/181119_235154/0000/stopFlatNtuples_1-164.root
   Adding file /mnt/hadoop/user/uscms01/pnfs/unl.edu/data4/cms/store/user/zflowers/Ewkinos/WJetsToQQ_HT-800toInf_qc19_3j_TuneCP5_13TeV-madgraphMLM-pythia8/crab_WJetsToQQ_HT-800toInf_qc19_3j_TuneCP5_13TeV-madgraphMLM-pythia8RunIIFall17MiniAODv2/181119_235154/0000/stopFlatNtuples_1-165.root
   Adding file /mnt/hadoop/user/uscms01/pnfs/unl.edu/data4/cms/store/user/zflowers/Ewkinos/WJetsToQQ_HT-800toInf_qc19_3j_TuneCP5_13TeV-madgraphMLM-pythia8/crab_WJetsToQQ_HT-800toInf_qc19_3j_TuneCP5_13TeV-madgraphMLM-pythia8RunIIFall17MiniAODv2/181119_235154/0000/stopFlatNtuples_1-166.root
   Adding file /mnt/hadoop/user/uscms01/pnfs/unl.edu/data4/cms/store/user/zflowers/Ewkinos/WJetsToQQ_HT-800toInf_qc19_3j_TuneCP5_13TeV-madgraphMLM-pythia8/crab_WJetsToQQ_HT-800toInf_qc19_3j_TuneCP5_13TeV-madgraphMLM-pythia8RunIIFall17MiniAODv2/181119_235154/0000/stopFlatNtuples_1-167.root
   Adding file /mnt/hadoop/user/uscms01/pnfs/unl.edu/data4/cms/store/user/zflowers/Ewkinos/WJetsToQQ_HT-800toInf_qc19_3j_TuneCP5_13TeV-madgraphMLM-pythia8/crab_WJetsToQQ_HT-800toInf_qc19_3j_TuneCP5_13TeV-madgraphMLM-pythia8RunIIFall17MiniAODv2/181119_235154/0000/stopFlatNtuples_1-168.root
   Adding file /mnt/hadoop/user/uscms01/pnfs/unl.edu/data4/cms/store/user/zflowers/Ewkinos/WJetsToQQ_HT-800toInf_qc19_3j_TuneCP5_13TeV-madgraphMLM-pythia8/crab_WJetsToQQ_HT-800toInf_qc19_3j_TuneCP5_13TeV-madgraphMLM-pythia8RunIIFall17MiniAODv2/181119_235154/0000/stopFlatNtuples_1-169.root
   Adding file /mnt/hadoop/user/uscms01/pnfs/unl.edu/data4/cms/store/user/zflowers/Ewkinos/WJetsToQQ_HT-800toInf_qc19_3j_TuneCP5_13TeV-madgraphMLM-pythia8/crab_WJetsToQQ_HT-800toInf_qc19_3j_TuneCP5_13TeV-madgraphMLM-pythia8RunIIFall17MiniAODv2/181119_235154/0000/stopFlatNtuples_1-17.root
   Adding file /mnt/hadoop/user/uscms01/pnfs/unl.edu/data4/cms/store/user/zflowers/Ewkinos/WJetsToQQ_HT-800toInf_qc19_3j_TuneCP5_13TeV-madgraphMLM-pythia8/crab_WJetsToQQ_HT-800toInf_qc19_3j_TuneCP5_13TeV-madgraphMLM-pythia8RunIIFall17MiniAODv2/181119_235154/0000/stopFlatNtuples_1-170.root
   Adding file /mnt/hadoop/user/uscms01/pnfs/unl.edu/data4/cms/store/user/zflowers/Ewkinos/WJetsToQQ_HT-800toInf_qc19_3j_TuneCP5_13TeV-madgraphMLM-pythia8/crab_WJetsToQQ_HT-800toInf_qc19_3j_TuneCP5_13TeV-madgraphMLM-pythia8RunIIFall17MiniAODv2/181119_235154/0000/stopFlatNtuples_1-171.root
   Adding file /mnt/hadoop/user/uscms01/pnfs/unl.edu/data4/cms/store/user/zflowers/Ewkinos/WJetsToQQ_HT-800toInf_qc19_3j_TuneCP5_13TeV-madgraphMLM-pythia8/crab_WJetsToQQ_HT-800toInf_qc19_3j_TuneCP5_13TeV-madgraphMLM-pythia8RunIIFall17MiniAODv2/181119_235154/0000/stopFlatNtuples_1-172.root
   Adding file /mnt/hadoop/user/uscms01/pnfs/unl.edu/data4/cms/store/user/zflowers/Ewkinos/WJetsToQQ_HT-800toInf_qc19_3j_TuneCP5_13TeV-madgraphMLM-pythia8/crab_WJetsToQQ_HT-800toInf_qc19_3j_TuneCP5_13TeV-madgraphMLM-pythia8RunIIFall17MiniAODv2/181119_235154/0000/stopFlatNtuples_1-173.root
   Adding file /mnt/hadoop/user/uscms01/pnfs/unl.edu/data4/cms/store/user/zflowers/Ewkinos/WJetsToQQ_HT-800toInf_qc19_3j_TuneCP5_13TeV-madgraphMLM-pythia8/crab_WJetsToQQ_HT-800toInf_qc19_3j_TuneCP5_13TeV-madgraphMLM-pythia8RunIIFall17MiniAODv2/181119_235154/0000/stopFlatNtuples_1-174.root
   Adding file /mnt/hadoop/user/uscms01/pnfs/unl.edu/data4/cms/store/user/zflowers/Ewkinos/WJetsToQQ_HT-800toInf_qc19_3j_TuneCP5_13TeV-madgraphMLM-pythia8/crab_WJetsToQQ_HT-800toInf_qc19_3j_TuneCP5_13TeV-madgraphMLM-pythia8RunIIFall17MiniAODv2/181119_235154/0000/stopFlatNtuples_1-175.root
   Adding file /mnt/hadoop/user/uscms01/pnfs/unl.edu/data4/cms/store/user/zflowers/Ewkinos/WJetsToQQ_HT-800toInf_qc19_3j_TuneCP5_13TeV-madgraphMLM-pythia8/crab_WJetsToQQ_HT-800toInf_qc19_3j_TuneCP5_13TeV-madgraphMLM-pythia8RunIIFall17MiniAODv2/181119_235154/0000/stopFlatNtuples_1-176.root
   Adding file /mnt/hadoop/user/uscms01/pnfs/unl.edu/data4/cms/store/user/zflowers/Ewkinos/WJetsToQQ_HT-800toInf_qc19_3j_TuneCP5_13TeV-madgraphMLM-pythia8/crab_WJetsToQQ_HT-800toInf_qc19_3j_TuneCP5_13TeV-madgraphMLM-pythia8RunIIFall17MiniAODv2/181119_235154/0000/stopFlatNtuples_1-177.root
   Adding file /mnt/hadoop/user/uscms01/pnfs/unl.edu/data4/cms/store/user/zflowers/Ewkinos/WJetsToQQ_HT-800toInf_qc19_3j_TuneCP5_13TeV-madgraphMLM-pythia8/crab_WJetsToQQ_HT-800toInf_qc19_3j_TuneCP5_13TeV-madgraphMLM-pythia8RunIIFall17MiniAODv2/181119_235154/0000/stopFlatNtuples_1-178.root
   Adding file /mnt/hadoop/user/uscms01/pnfs/unl.edu/data4/cms/store/user/zflowers/Ewkinos/WJetsToQQ_HT-800toInf_qc19_3j_TuneCP5_13TeV-madgraphMLM-pythia8/crab_WJetsToQQ_HT-800toInf_qc19_3j_TuneCP5_13TeV-madgraphMLM-pythia8RunIIFall17MiniAODv2/181119_235154/0000/stopFlatNtuples_1-179.root
   Adding file /mnt/hadoop/user/uscms01/pnfs/unl.edu/data4/cms/store/user/zflowers/Ewkinos/WJetsToQQ_HT-800toInf_qc19_3j_TuneCP5_13TeV-madgraphMLM-pythia8/crab_WJetsToQQ_HT-800toInf_qc19_3j_TuneCP5_13TeV-madgraphMLM-pythia8RunIIFall17MiniAODv2/181119_235154/0000/stopFlatNtuples_1-18.root
   Adding file /mnt/hadoop/user/uscms01/pnfs/unl.edu/data4/cms/store/user/zflowers/Ewkinos/WJetsToQQ_HT-800toInf_qc19_3j_TuneCP5_13TeV-madgraphMLM-pythia8/crab_WJetsToQQ_HT-800toInf_qc19_3j_TuneCP5_13TeV-madgraphMLM-pythia8RunIIFall17MiniAODv2/181119_235154/0000/stopFlatNtuples_1-180.root
   Adding file /mnt/hadoop/user/uscms01/pnfs/unl.edu/data4/cms/store/user/zflowers/Ewkinos/WJetsToQQ_HT-800toInf_qc19_3j_TuneCP5_13TeV-madgraphMLM-pythia8/crab_WJetsToQQ_HT-800toInf_qc19_3j_TuneCP5_13TeV-madgraphMLM-pythia8RunIIFall17MiniAODv2/181119_235154/0000/stopFlatNtuples_1-181.root
   Adding file /mnt/hadoop/user/uscms01/pnfs/unl.edu/data4/cms/store/user/zflowers/Ewkinos/WJetsToQQ_HT-800toInf_qc19_3j_TuneCP5_13TeV-madgraphMLM-pythia8/crab_WJetsToQQ_HT-800toInf_qc19_3j_TuneCP5_13TeV-madgraphMLM-pythia8RunIIFall17MiniAODv2/181119_235154/0000/stopFlatNtuples_1-182.root
   Adding file /mnt/hadoop/user/uscms01/pnfs/unl.edu/data4/cms/store/user/zflowers/Ewkinos/WJetsToQQ_HT-800toInf_qc19_3j_TuneCP5_13TeV-madgraphMLM-pythia8/crab_WJetsToQQ_HT-800toInf_qc19_3j_TuneCP5_13TeV-madgraphMLM-pythia8RunIIFall17MiniAODv2/181119_235154/0000/stopFlatNtuples_1-183.root
   Adding file /mnt/hadoop/user/uscms01/pnfs/unl.edu/data4/cms/store/user/zflowers/Ewkinos/WJetsToQQ_HT-800toInf_qc19_3j_TuneCP5_13TeV-madgraphMLM-pythia8/crab_WJetsToQQ_HT-800toInf_qc19_3j_TuneCP5_13TeV-madgraphMLM-pythia8RunIIFall17MiniAODv2/181119_235154/0000/stopFlatNtuples_1-184.root
   Adding file /mnt/hadoop/user/uscms01/pnfs/unl.edu/data4/cms/store/user/zflowers/Ewkinos/WJetsToQQ_HT-800toInf_qc19_3j_TuneCP5_13TeV-madgraphMLM-pythia8/crab_WJetsToQQ_HT-800toInf_qc19_3j_TuneCP5_13TeV-madgraphMLM-pythia8RunIIFall17MiniAODv2/181119_235154/0000/stopFlatNtuples_1-185.root
   Adding file /mnt/hadoop/user/uscms01/pnfs/unl.edu/data4/cms/store/user/zflowers/Ewkinos/WJetsToQQ_HT-800toInf_qc19_3j_TuneCP5_13TeV-madgraphMLM-pythia8/crab_WJetsToQQ_HT-800toInf_qc19_3j_TuneCP5_13TeV-madgraphMLM-pythia8RunIIFall17MiniAODv2/181119_235154/0000/stopFlatNtuples_1-186.root
   Adding file /mnt/hadoop/user/uscms01/pnfs/unl.edu/data4/cms/store/user/zflowers/Ewkinos/WJetsToQQ_HT-800toInf_qc19_3j_TuneCP5_13TeV-madgraphMLM-pythia8/crab_WJetsToQQ_HT-800toInf_qc19_3j_TuneCP5_13TeV-madgraphMLM-pythia8RunIIFall17MiniAODv2/181119_235154/0000/stopFlatNtuples_1-187.root
   Adding file /mnt/hadoop/user/uscms01/pnfs/unl.edu/data4/cms/store/user/zflowers/Ewkinos/WJetsToQQ_HT-800toInf_qc19_3j_TuneCP5_13TeV-madgraphMLM-pythia8/crab_WJetsToQQ_HT-800toInf_qc19_3j_TuneCP5_13TeV-madgraphMLM-pythia8RunIIFall17MiniAODv2/181119_235154/0000/stopFlatNtuples_1-188.root
   Adding file /mnt/hadoop/user/uscms01/pnfs/unl.edu/data4/cms/store/user/zflowers/Ewkinos/WJetsToQQ_HT-800toInf_qc19_3j_TuneCP5_13TeV-madgraphMLM-pythia8/crab_WJetsToQQ_HT-800toInf_qc19_3j_TuneCP5_13TeV-madgraphMLM-pythia8RunIIFall17MiniAODv2/181119_235154/0000/stopFlatNtuples_1-189.root
   Adding file /mnt/hadoop/user/uscms01/pnfs/unl.edu/data4/cms/store/user/zflowers/Ewkinos/WJetsToQQ_HT-800toInf_qc19_3j_TuneCP5_13TeV-madgraphMLM-pythia8/crab_WJetsToQQ_HT-800toInf_qc19_3j_TuneCP5_13TeV-madgraphMLM-pythia8RunIIFall17MiniAODv2/181119_235154/0000/stopFlatNtuples_1-19.root
   Adding file /mnt/hadoop/user/uscms01/pnfs/unl.edu/data4/cms/store/user/zflowers/Ewkinos/WJetsToQQ_HT-800toInf_qc19_3j_TuneCP5_13TeV-madgraphMLM-pythia8/crab_WJetsToQQ_HT-800toInf_qc19_3j_TuneCP5_13TeV-madgraphMLM-pythia8RunIIFall17MiniAODv2/181119_235154/0000/stopFlatNtuples_1-190.root
   Adding file /mnt/hadoop/user/uscms01/pnfs/unl.edu/data4/cms/store/user/zflowers/Ewkinos/WJetsToQQ_HT-800toInf_qc19_3j_TuneCP5_13TeV-madgraphMLM-pythia8/crab_WJetsToQQ_HT-800toInf_qc19_3j_TuneCP5_13TeV-madgraphMLM-pythia8RunIIFall17MiniAODv2/181119_235154/0000/stopFlatNtuples_1-191.root
   Adding file /mnt/hadoop/user/uscms01/pnfs/unl.edu/data4/cms/store/user/zflowers/Ewkinos/WJetsToQQ_HT-800toInf_qc19_3j_TuneCP5_13TeV-madgraphMLM-pythia8/crab_WJetsToQQ_HT-800toInf_qc19_3j_TuneCP5_13TeV-madgraphMLM-pythia8RunIIFall17MiniAODv2/181119_235154/0000/stopFlatNtuples_1-192.root
   Adding file /mnt/hadoop/user/uscms01/pnfs/unl.edu/data4/cms/store/user/zflowers/Ewkinos/WJetsToQQ_HT-800toInf_qc19_3j_TuneCP5_13TeV-madgraphMLM-pythia8/crab_WJetsToQQ_HT-800toInf_qc19_3j_TuneCP5_13TeV-madgraphMLM-pythia8RunIIFall17MiniAODv2/181119_235154/0000/stopFlatNtuples_1-193.root
   Adding file /mnt/hadoop/user/uscms01/pnfs/unl.edu/data4/cms/store/user/zflowers/Ewkinos/WJetsToQQ_HT-800toInf_qc19_3j_TuneCP5_13TeV-madgraphMLM-pythia8/crab_WJetsToQQ_HT-800toInf_qc19_3j_TuneCP5_13TeV-madgraphMLM-pythia8RunIIFall17MiniAODv2/181119_235154/0000/stopFlatNtuples_1-194.root
   Adding file /mnt/hadoop/user/uscms01/pnfs/unl.edu/data4/cms/store/user/zflowers/Ewkinos/WJetsToQQ_HT-800toInf_qc19_3j_TuneCP5_13TeV-madgraphMLM-pythia8/crab_WJetsToQQ_HT-800toInf_qc19_3j_TuneCP5_13TeV-madgraphMLM-pythia8RunIIFall17MiniAODv2/181119_235154/0000/stopFlatNtuples_1-195.root
   Adding file /mnt/hadoop/user/uscms01/pnfs/unl.edu/data4/cms/store/user/zflowers/Ewkinos/WJetsToQQ_HT-800toInf_qc19_3j_TuneCP5_13TeV-madgraphMLM-pythia8/crab_WJetsToQQ_HT-800toInf_qc19_3j_TuneCP5_13TeV-madgraphMLM-pythia8RunIIFall17MiniAODv2/181119_235154/0000/stopFlatNtuples_1-196.root
   Adding file /mnt/hadoop/user/uscms01/pnfs/unl.edu/data4/cms/store/user/zflowers/Ewkinos/WJetsToQQ_HT-800toInf_qc19_3j_TuneCP5_13TeV-madgraphMLM-pythia8/crab_WJetsToQQ_HT-800toInf_qc19_3j_TuneCP5_13TeV-madgraphMLM-pythia8RunIIFall17MiniAODv2/181119_235154/0000/stopFlatNtuples_1-197.root
   Adding file /mnt/hadoop/user/uscms01/pnfs/unl.edu/data4/cms/store/user/zflowers/Ewkinos/WJetsToQQ_HT-800toInf_qc19_3j_TuneCP5_13TeV-madgraphMLM-pythia8/crab_WJetsToQQ_HT-800toInf_qc19_3j_TuneCP5_13TeV-madgraphMLM-pythia8RunIIFall17MiniAODv2/181119_235154/0000/stopFlatNtuples_1-198.root
   Adding file /mnt/hadoop/user/uscms01/pnfs/unl.edu/data4/cms/store/user/zflowers/Ewkinos/WJetsToQQ_HT-800toInf_qc19_3j_TuneCP5_13TeV-madgraphMLM-pythia8/crab_WJetsToQQ_HT-800toInf_qc19_3j_TuneCP5_13TeV-madgraphMLM-pythia8RunIIFall17MiniAODv2/181119_235154/0000/stopFlatNtuples_1-199.root
   Adding file /mnt/hadoop/user/uscms01/pnfs/unl.edu/data4/cms/store/user/zflowers/Ewkinos/WJetsToQQ_HT-800toInf_qc19_3j_TuneCP5_13TeV-madgraphMLM-pythia8/crab_WJetsToQQ_HT-800toInf_qc19_3j_TuneCP5_13TeV-madgraphMLM-pythia8RunIIFall17MiniAODv2/181119_235154/0000/stopFlatNtuples_1-2.root
   Adding file /mnt/hadoop/user/uscms01/pnfs/unl.edu/data4/cms/store/user/zflowers/Ewkinos/WJetsToQQ_HT-800toInf_qc19_3j_TuneCP5_13TeV-madgraphMLM-pythia8/crab_WJetsToQQ_HT-800toInf_qc19_3j_TuneCP5_13TeV-madgraphMLM-pythia8RunIIFall17MiniAODv2/181119_235154/0000/stopFlatNtuples_1-20.root
   Adding file /mnt/hadoop/user/uscms01/pnfs/unl.edu/data4/cms/store/user/zflowers/Ewkinos/WJetsToQQ_HT-800toInf_qc19_3j_TuneCP5_13TeV-madgraphMLM-pythia8/crab_WJetsToQQ_HT-800toInf_qc19_3j_TuneCP5_13TeV-madgraphMLM-pythia8RunIIFall17MiniAODv2/181119_235154/0000/stopFlatNtuples_1-200.root
   Adding file /mnt/hadoop/user/uscms01/pnfs/unl.edu/data4/cms/store/user/zflowers/Ewkinos/WJetsToQQ_HT-800toInf_qc19_3j_TuneCP5_13TeV-madgraphMLM-pythia8/crab_WJetsToQQ_HT-800toInf_qc19_3j_TuneCP5_13TeV-madgraphMLM-pythia8RunIIFall17MiniAODv2/181119_235154/0000/stopFlatNtuples_1-201.root
   Adding file /mnt/hadoop/user/uscms01/pnfs/unl.edu/data4/cms/store/user/zflowers/Ewkinos/WJetsToQQ_HT-800toInf_qc19_3j_TuneCP5_13TeV-madgraphMLM-pythia8/crab_WJetsToQQ_HT-800toInf_qc19_3j_TuneCP5_13TeV-madgraphMLM-pythia8RunIIFall17MiniAODv2/181119_235154/0000/stopFlatNtuples_1-202.root
   Adding file /mnt/hadoop/user/uscms01/pnfs/unl.edu/data4/cms/store/user/zflowers/Ewkinos/WJetsToQQ_HT-800toInf_qc19_3j_TuneCP5_13TeV-madgraphMLM-pythia8/crab_WJetsToQQ_HT-800toInf_qc19_3j_TuneCP5_13TeV-madgraphMLM-pythia8RunIIFall17MiniAODv2/181119_235154/0000/stopFlatNtuples_1-203.root
   Adding file /mnt/hadoop/user/uscms01/pnfs/unl.edu/data4/cms/store/user/zflowers/Ewkinos/WJetsToQQ_HT-800toInf_qc19_3j_TuneCP5_13TeV-madgraphMLM-pythia8/crab_WJetsToQQ_HT-800toInf_qc19_3j_TuneCP5_13TeV-madgraphMLM-pythia8RunIIFall17MiniAODv2/181119_235154/0000/stopFlatNtuples_1-204.root
   Adding file /mnt/hadoop/user/uscms01/pnfs/unl.edu/data4/cms/store/user/zflowers/Ewkinos/WJetsToQQ_HT-800toInf_qc19_3j_TuneCP5_13TeV-madgraphMLM-pythia8/crab_WJetsToQQ_HT-800toInf_qc19_3j_TuneCP5_13TeV-madgraphMLM-pythia8RunIIFall17MiniAODv2/181119_235154/0000/stopFlatNtuples_1-205.root
   Adding file /mnt/hadoop/user/uscms01/pnfs/unl.edu/data4/cms/store/user/zflowers/Ewkinos/WJetsToQQ_HT-800toInf_qc19_3j_TuneCP5_13TeV-madgraphMLM-pythia8/crab_WJetsToQQ_HT-800toInf_qc19_3j_TuneCP5_13TeV-madgraphMLM-pythia8RunIIFall17MiniAODv2/181119_235154/0000/stopFlatNtuples_1-206.root
   Adding file /mnt/hadoop/user/uscms01/pnfs/unl.edu/data4/cms/store/user/zflowers/Ewkinos/WJetsToQQ_HT-800toInf_qc19_3j_TuneCP5_13TeV-madgraphMLM-pythia8/crab_WJetsToQQ_HT-800toInf_qc19_3j_TuneCP5_13TeV-madgraphMLM-pythia8RunIIFall17MiniAODv2/181119_235154/0000/stopFlatNtuples_1-207.root
   Adding file /mnt/hadoop/user/uscms01/pnfs/unl.edu/data4/cms/store/user/zflowers/Ewkinos/WJetsToQQ_HT-800toInf_qc19_3j_TuneCP5_13TeV-madgraphMLM-pythia8/crab_WJetsToQQ_HT-800toInf_qc19_3j_TuneCP5_13TeV-madgraphMLM-pythia8RunIIFall17MiniAODv2/181119_235154/0000/stopFlatNtuples_1-208.root
   Adding file /mnt/hadoop/user/uscms01/pnfs/unl.edu/data4/cms/store/user/zflowers/Ewkinos/WJetsToQQ_HT-800toInf_qc19_3j_TuneCP5_13TeV-madgraphMLM-pythia8/crab_WJetsToQQ_HT-800toInf_qc19_3j_TuneCP5_13TeV-madgraphMLM-pythia8RunIIFall17MiniAODv2/181119_235154/0000/stopFlatNtuples_1-209.root
   Adding file /mnt/hadoop/user/uscms01/pnfs/unl.edu/data4/cms/store/user/zflowers/Ewkinos/WJetsToQQ_HT-800toInf_qc19_3j_TuneCP5_13TeV-madgraphMLM-pythia8/crab_WJetsToQQ_HT-800toInf_qc19_3j_TuneCP5_13TeV-madgraphMLM-pythia8RunIIFall17MiniAODv2/181119_235154/0000/stopFlatNtuples_1-21.root
   Adding file /mnt/hadoop/user/uscms01/pnfs/unl.edu/data4/cms/store/user/zflowers/Ewkinos/WJetsToQQ_HT-800toInf_qc19_3j_TuneCP5_13TeV-madgraphMLM-pythia8/crab_WJetsToQQ_HT-800toInf_qc19_3j_TuneCP5_13TeV-madgraphMLM-pythia8RunIIFall17MiniAODv2/181119_235154/0000/stopFlatNtuples_1-210.root
   Adding file /mnt/hadoop/user/uscms01/pnfs/unl.edu/data4/cms/store/user/zflowers/Ewkinos/WJetsToQQ_HT-800toInf_qc19_3j_TuneCP5_13TeV-madgraphMLM-pythia8/crab_WJetsToQQ_HT-800toInf_qc19_3j_TuneCP5_13TeV-madgraphMLM-pythia8RunIIFall17MiniAODv2/181119_235154/0000/stopFlatNtuples_1-211.root
   Adding file /mnt/hadoop/user/uscms01/pnfs/unl.edu/data4/cms/store/user/zflowers/Ewkinos/WJetsToQQ_HT-800toInf_qc19_3j_TuneCP5_13TeV-madgraphMLM-pythia8/crab_WJetsToQQ_HT-800toInf_qc19_3j_TuneCP5_13TeV-madgraphMLM-pythia8RunIIFall17MiniAODv2/181119_235154/0000/stopFlatNtuples_1-212.root
   Adding file /mnt/hadoop/user/uscms01/pnfs/unl.edu/data4/cms/store/user/zflowers/Ewkinos/WJetsToQQ_HT-800toInf_qc19_3j_TuneCP5_13TeV-madgraphMLM-pythia8/crab_WJetsToQQ_HT-800toInf_qc19_3j_TuneCP5_13TeV-madgraphMLM-pythia8RunIIFall17MiniAODv2/181119_235154/0000/stopFlatNtuples_1-213.root
   Adding file /mnt/hadoop/user/uscms01/pnfs/unl.edu/data4/cms/store/user/zflowers/Ewkinos/WJetsToQQ_HT-800toInf_qc19_3j_TuneCP5_13TeV-madgraphMLM-pythia8/crab_WJetsToQQ_HT-800toInf_qc19_3j_TuneCP5_13TeV-madgraphMLM-pythia8RunIIFall17MiniAODv2/181119_235154/0000/stopFlatNtuples_1-214.root
   Adding file /mnt/hadoop/user/uscms01/pnfs/unl.edu/data4/cms/store/user/zflowers/Ewkinos/WJetsToQQ_HT-800toInf_qc19_3j_TuneCP5_13TeV-madgraphMLM-pythia8/crab_WJetsToQQ_HT-800toInf_qc19_3j_TuneCP5_13TeV-madgraphMLM-pythia8RunIIFall17MiniAODv2/181119_235154/0000/stopFlatNtuples_1-215.root
   Adding file /mnt/hadoop/user/uscms01/pnfs/unl.edu/data4/cms/store/user/zflowers/Ewkinos/WJetsToQQ_HT-800toInf_qc19_3j_TuneCP5_13TeV-madgraphMLM-pythia8/crab_WJetsToQQ_HT-800toInf_qc19_3j_TuneCP5_13TeV-madgraphMLM-pythia8RunIIFall17MiniAODv2/181119_235154/0000/stopFlatNtuples_1-216.root
   Adding file /mnt/hadoop/user/uscms01/pnfs/unl.edu/data4/cms/store/user/zflowers/Ewkinos/WJetsToQQ_HT-800toInf_qc19_3j_TuneCP5_13TeV-madgraphMLM-pythia8/crab_WJetsToQQ_HT-800toInf_qc19_3j_TuneCP5_13TeV-madgraphMLM-pythia8RunIIFall17MiniAODv2/181119_235154/0000/stopFlatNtuples_1-22.root
   Adding file /mnt/hadoop/user/uscms01/pnfs/unl.edu/data4/cms/store/user/zflowers/Ewkinos/WJetsToQQ_HT-800toInf_qc19_3j_TuneCP5_13TeV-madgraphMLM-pythia8/crab_WJetsToQQ_HT-800toInf_qc19_3j_TuneCP5_13TeV-madgraphMLM-pythia8RunIIFall17MiniAODv2/181119_235154/0000/stopFlatNtuples_1-23.root
   Adding file /mnt/hadoop/user/uscms01/pnfs/unl.edu/data4/cms/store/user/zflowers/Ewkinos/WJetsToQQ_HT-800toInf_qc19_3j_TuneCP5_13TeV-madgraphMLM-pythia8/crab_WJetsToQQ_HT-800toInf_qc19_3j_TuneCP5_13TeV-madgraphMLM-pythia8RunIIFall17MiniAODv2/181119_235154/0000/stopFlatNtuples_1-24.root
   Adding file /mnt/hadoop/user/uscms01/pnfs/unl.edu/data4/cms/store/user/zflowers/Ewkinos/WJetsToQQ_HT-800toInf_qc19_3j_TuneCP5_13TeV-madgraphMLM-pythia8/crab_WJetsToQQ_HT-800toInf_qc19_3j_TuneCP5_13TeV-madgraphMLM-pythia8RunIIFall17MiniAODv2/181119_235154/0000/stopFlatNtuples_1-25.root
   Adding file /mnt/hadoop/user/uscms01/pnfs/unl.edu/data4/cms/store/user/zflowers/Ewkinos/WJetsToQQ_HT-800toInf_qc19_3j_TuneCP5_13TeV-madgraphMLM-pythia8/crab_WJetsToQQ_HT-800toInf_qc19_3j_TuneCP5_13TeV-madgraphMLM-pythia8RunIIFall17MiniAODv2/181119_235154/0000/stopFlatNtuples_1-26.root
   Adding file /mnt/hadoop/user/uscms01/pnfs/unl.edu/data4/cms/store/user/zflowers/Ewkinos/WJetsToQQ_HT-800toInf_qc19_3j_TuneCP5_13TeV-madgraphMLM-pythia8/crab_WJetsToQQ_HT-800toInf_qc19_3j_TuneCP5_13TeV-madgraphMLM-pythia8RunIIFall17MiniAODv2/181119_235154/0000/stopFlatNtuples_1-27.root
   Adding file /mnt/hadoop/user/uscms01/pnfs/unl.edu/data4/cms/store/user/zflowers/Ewkinos/WJetsToQQ_HT-800toInf_qc19_3j_TuneCP5_13TeV-madgraphMLM-pythia8/crab_WJetsToQQ_HT-800toInf_qc19_3j_TuneCP5_13TeV-madgraphMLM-pythia8RunIIFall17MiniAODv2/181119_235154/0000/stopFlatNtuples_1-28.root
   Adding file /mnt/hadoop/user/uscms01/pnfs/unl.edu/data4/cms/store/user/zflowers/Ewkinos/WJetsToQQ_HT-800toInf_qc19_3j_TuneCP5_13TeV-madgraphMLM-pythia8/crab_WJetsToQQ_HT-800toInf_qc19_3j_TuneCP5_13TeV-madgraphMLM-pythia8RunIIFall17MiniAODv2/181119_235154/0000/stopFlatNtuples_1-29.root
   Adding file /mnt/hadoop/user/uscms01/pnfs/unl.edu/data4/cms/store/user/zflowers/Ewkinos/WJetsToQQ_HT-800toInf_qc19_3j_TuneCP5_13TeV-madgraphMLM-pythia8/crab_WJetsToQQ_HT-800toInf_qc19_3j_TuneCP5_13TeV-madgraphMLM-pythia8RunIIFall17MiniAODv2/181119_235154/0000/stopFlatNtuples_1-3.root
   Adding file /mnt/hadoop/user/uscms01/pnfs/unl.edu/data4/cms/store/user/zflowers/Ewkinos/WJetsToQQ_HT-800toInf_qc19_3j_TuneCP5_13TeV-madgraphMLM-pythia8/crab_WJetsToQQ_HT-800toInf_qc19_3j_TuneCP5_13TeV-madgraphMLM-pythia8RunIIFall17MiniAODv2/181119_235154/0000/stopFlatNtuples_1-30.root
   Adding file /mnt/hadoop/user/uscms01/pnfs/unl.edu/data4/cms/store/user/zflowers/Ewkinos/WJetsToQQ_HT-800toInf_qc19_3j_TuneCP5_13TeV-madgraphMLM-pythia8/crab_WJetsToQQ_HT-800toInf_qc19_3j_TuneCP5_13TeV-madgraphMLM-pythia8RunIIFall17MiniAODv2/181119_235154/0000/stopFlatNtuples_1-31.root
   Adding file /mnt/hadoop/user/uscms01/pnfs/unl.edu/data4/cms/store/user/zflowers/Ewkinos/WJetsToQQ_HT-800toInf_qc19_3j_TuneCP5_13TeV-madgraphMLM-pythia8/crab_WJetsToQQ_HT-800toInf_qc19_3j_TuneCP5_13TeV-madgraphMLM-pythia8RunIIFall17MiniAODv2/181119_235154/0000/stopFlatNtuples_1-32.root
   Adding file /mnt/hadoop/user/uscms01/pnfs/unl.edu/data4/cms/store/user/zflowers/Ewkinos/WJetsToQQ_HT-800toInf_qc19_3j_TuneCP5_13TeV-madgraphMLM-pythia8/crab_WJetsToQQ_HT-800toInf_qc19_3j_TuneCP5_13TeV-madgraphMLM-pythia8RunIIFall17MiniAODv2/181119_235154/0000/stopFlatNtuples_1-33.root
   Adding file /mnt/hadoop/user/uscms01/pnfs/unl.edu/data4/cms/store/user/zflowers/Ewkinos/WJetsToQQ_HT-800toInf_qc19_3j_TuneCP5_13TeV-madgraphMLM-pythia8/crab_WJetsToQQ_HT-800toInf_qc19_3j_TuneCP5_13TeV-madgraphMLM-pythia8RunIIFall17MiniAODv2/181119_235154/0000/stopFlatNtuples_1-34.root
   Adding file /mnt/hadoop/user/uscms01/pnfs/unl.edu/data4/cms/store/user/zflowers/Ewkinos/WJetsToQQ_HT-800toInf_qc19_3j_TuneCP5_13TeV-madgraphMLM-pythia8/crab_WJetsToQQ_HT-800toInf_qc19_3j_TuneCP5_13TeV-madgraphMLM-pythia8RunIIFall17MiniAODv2/181119_235154/0000/stopFlatNtuples_1-35.root
   Adding file /mnt/hadoop/user/uscms01/pnfs/unl.edu/data4/cms/store/user/zflowers/Ewkinos/WJetsToQQ_HT-800toInf_qc19_3j_TuneCP5_13TeV-madgraphMLM-pythia8/crab_WJetsToQQ_HT-800toInf_qc19_3j_TuneCP5_13TeV-madgraphMLM-pythia8RunIIFall17MiniAODv2/181119_235154/0000/stopFlatNtuples_1-36.root
   Adding file /mnt/hadoop/user/uscms01/pnfs/unl.edu/data4/cms/store/user/zflowers/Ewkinos/WJetsToQQ_HT-800toInf_qc19_3j_TuneCP5_13TeV-madgraphMLM-pythia8/crab_WJetsToQQ_HT-800toInf_qc19_3j_TuneCP5_13TeV-madgraphMLM-pythia8RunIIFall17MiniAODv2/181119_235154/0000/stopFlatNtuples_1-37.root
   Adding file /mnt/hadoop/user/uscms01/pnfs/unl.edu/data4/cms/store/user/zflowers/Ewkinos/WJetsToQQ_HT-800toInf_qc19_3j_TuneCP5_13TeV-madgraphMLM-pythia8/crab_WJetsToQQ_HT-800toInf_qc19_3j_TuneCP5_13TeV-madgraphMLM-pythia8RunIIFall17MiniAODv2/181119_235154/0000/stopFlatNtuples_1-38.root
   Adding file /mnt/hadoop/user/uscms01/pnfs/unl.edu/data4/cms/store/user/zflowers/Ewkinos/WJetsToQQ_HT-800toInf_qc19_3j_TuneCP5_13TeV-madgraphMLM-pythia8/crab_WJetsToQQ_HT-800toInf_qc19_3j_TuneCP5_13TeV-madgraphMLM-pythia8RunIIFall17MiniAODv2/181119_235154/0000/stopFlatNtuples_1-39.root
   Adding file /mnt/hadoop/user/uscms01/pnfs/unl.edu/data4/cms/store/user/zflowers/Ewkinos/WJetsToQQ_HT-800toInf_qc19_3j_TuneCP5_13TeV-madgraphMLM-pythia8/crab_WJetsToQQ_HT-800toInf_qc19_3j_TuneCP5_13TeV-madgraphMLM-pythia8RunIIFall17MiniAODv2/181119_235154/0000/stopFlatNtuples_1-4.root
   Adding file /mnt/hadoop/user/uscms01/pnfs/unl.edu/data4/cms/store/user/zflowers/Ewkinos/WJetsToQQ_HT-800toInf_qc19_3j_TuneCP5_13TeV-madgraphMLM-pythia8/crab_WJetsToQQ_HT-800toInf_qc19_3j_TuneCP5_13TeV-madgraphMLM-pythia8RunIIFall17MiniAODv2/181119_235154/0000/stopFlatNtuples_1-40.root
   Adding file /mnt/hadoop/user/uscms01/pnfs/unl.edu/data4/cms/store/user/zflowers/Ewkinos/WJetsToQQ_HT-800toInf_qc19_3j_TuneCP5_13TeV-madgraphMLM-pythia8/crab_WJetsToQQ_HT-800toInf_qc19_3j_TuneCP5_13TeV-madgraphMLM-pythia8RunIIFall17MiniAODv2/181119_235154/0000/stopFlatNtuples_1-41.root
   Adding file /mnt/hadoop/user/uscms01/pnfs/unl.edu/data4/cms/store/user/zflowers/Ewkinos/WJetsToQQ_HT-800toInf_qc19_3j_TuneCP5_13TeV-madgraphMLM-pythia8/crab_WJetsToQQ_HT-800toInf_qc19_3j_TuneCP5_13TeV-madgraphMLM-pythia8RunIIFall17MiniAODv2/181119_235154/0000/stopFlatNtuples_1-42.root
   Adding file /mnt/hadoop/user/uscms01/pnfs/unl.edu/data4/cms/store/user/zflowers/Ewkinos/WJetsToQQ_HT-800toInf_qc19_3j_TuneCP5_13TeV-madgraphMLM-pythia8/crab_WJetsToQQ_HT-800toInf_qc19_3j_TuneCP5_13TeV-madgraphMLM-pythia8RunIIFall17MiniAODv2/181119_235154/0000/stopFlatNtuples_1-43.root
   Adding file /mnt/hadoop/user/uscms01/pnfs/unl.edu/data4/cms/store/user/zflowers/Ewkinos/WJetsToQQ_HT-800toInf_qc19_3j_TuneCP5_13TeV-madgraphMLM-pythia8/crab_WJetsToQQ_HT-800toInf_qc19_3j_TuneCP5_13TeV-madgraphMLM-pythia8RunIIFall17MiniAODv2/181119_235154/0000/stopFlatNtuples_1-44.root
   Adding file /mnt/hadoop/user/uscms01/pnfs/unl.edu/data4/cms/store/user/zflowers/Ewkinos/WJetsToQQ_HT-800toInf_qc19_3j_TuneCP5_13TeV-madgraphMLM-pythia8/crab_WJetsToQQ_HT-800toInf_qc19_3j_TuneCP5_13TeV-madgraphMLM-pythia8RunIIFall17MiniAODv2/181119_235154/0000/stopFlatNtuples_1-45.root
   Adding file /mnt/hadoop/user/uscms01/pnfs/unl.edu/data4/cms/store/user/zflowers/Ewkinos/WJetsToQQ_HT-800toInf_qc19_3j_TuneCP5_13TeV-madgraphMLM-pythia8/crab_WJetsToQQ_HT-800toInf_qc19_3j_TuneCP5_13TeV-madgraphMLM-pythia8RunIIFall17MiniAODv2/181119_235154/0000/stopFlatNtuples_1-46.root
   Adding file /mnt/hadoop/user/uscms01/pnfs/unl.edu/data4/cms/store/user/zflowers/Ewkinos/WJetsToQQ_HT-800toInf_qc19_3j_TuneCP5_13TeV-madgraphMLM-pythia8/crab_WJetsToQQ_HT-800toInf_qc19_3j_TuneCP5_13TeV-madgraphMLM-pythia8RunIIFall17MiniAODv2/181119_235154/0000/stopFlatNtuples_1-47.root
   Adding file /mnt/hadoop/user/uscms01/pnfs/unl.edu/data4/cms/store/user/zflowers/Ewkinos/WJetsToQQ_HT-800toInf_qc19_3j_TuneCP5_13TeV-madgraphMLM-pythia8/crab_WJetsToQQ_HT-800toInf_qc19_3j_TuneCP5_13TeV-madgraphMLM-pythia8RunIIFall17MiniAODv2/181119_235154/0000/stopFlatNtuples_1-48.root
   Adding file /mnt/hadoop/user/uscms01/pnfs/unl.edu/data4/cms/store/user/zflowers/Ewkinos/WJetsToQQ_HT-800toInf_qc19_3j_TuneCP5_13TeV-madgraphMLM-pythia8/crab_WJetsToQQ_HT-800toInf_qc19_3j_TuneCP5_13TeV-madgraphMLM-pythia8RunIIFall17MiniAODv2/181119_235154/0000/stopFlatNtuples_1-49.root
   Adding file /mnt/hadoop/user/uscms01/pnfs/unl.edu/data4/cms/store/user/zflowers/Ewkinos/WJetsToQQ_HT-800toInf_qc19_3j_TuneCP5_13TeV-madgraphMLM-pythia8/crab_WJetsToQQ_HT-800toInf_qc19_3j_TuneCP5_13TeV-madgraphMLM-pythia8RunIIFall17MiniAODv2/181119_235154/0000/stopFlatNtuples_1-5.root
   Adding file /mnt/hadoop/user/uscms01/pnfs/unl.edu/data4/cms/store/user/zflowers/Ewkinos/WJetsToQQ_HT-800toInf_qc19_3j_TuneCP5_13TeV-madgraphMLM-pythia8/crab_WJetsToQQ_HT-800toInf_qc19_3j_TuneCP5_13TeV-madgraphMLM-pythia8RunIIFall17MiniAODv2/181119_235154/0000/stopFlatNtuples_1-50.root
   Adding file /mnt/hadoop/user/uscms01/pnfs/unl.edu/data4/cms/store/user/zflowers/Ewkinos/WJetsToQQ_HT-800toInf_qc19_3j_TuneCP5_13TeV-madgraphMLM-pythia8/crab_WJetsToQQ_HT-800toInf_qc19_3j_TuneCP5_13TeV-madgraphMLM-pythia8RunIIFall17MiniAODv2/181119_235154/0000/stopFlatNtuples_1-51.root
   Adding file /mnt/hadoop/user/uscms01/pnfs/unl.edu/data4/cms/store/user/zflowers/Ewkinos/WJetsToQQ_HT-800toInf_qc19_3j_TuneCP5_13TeV-madgraphMLM-pythia8/crab_WJetsToQQ_HT-800toInf_qc19_3j_TuneCP5_13TeV-madgraphMLM-pythia8RunIIFall17MiniAODv2/181119_235154/0000/stopFlatNtuples_1-52.root
   Adding file /mnt/hadoop/user/uscms01/pnfs/unl.edu/data4/cms/store/user/zflowers/Ewkinos/WJetsToQQ_HT-800toInf_qc19_3j_TuneCP5_13TeV-madgraphMLM-pythia8/crab_WJetsToQQ_HT-800toInf_qc19_3j_TuneCP5_13TeV-madgraphMLM-pythia8RunIIFall17MiniAODv2/181119_235154/0000/stopFlatNtuples_1-53.root
   Adding file /mnt/hadoop/user/uscms01/pnfs/unl.edu/data4/cms/store/user/zflowers/Ewkinos/WJetsToQQ_HT-800toInf_qc19_3j_TuneCP5_13TeV-madgraphMLM-pythia8/crab_WJetsToQQ_HT-800toInf_qc19_3j_TuneCP5_13TeV-madgraphMLM-pythia8RunIIFall17MiniAODv2/181119_235154/0000/stopFlatNtuples_1-54.root
   Adding file /mnt/hadoop/user/uscms01/pnfs/unl.edu/data4/cms/store/user/zflowers/Ewkinos/WJetsToQQ_HT-800toInf_qc19_3j_TuneCP5_13TeV-madgraphMLM-pythia8/crab_WJetsToQQ_HT-800toInf_qc19_3j_TuneCP5_13TeV-madgraphMLM-pythia8RunIIFall17MiniAODv2/181119_235154/0000/stopFlatNtuples_1-55.root
   Adding file /mnt/hadoop/user/uscms01/pnfs/unl.edu/data4/cms/store/user/zflowers/Ewkinos/WJetsToQQ_HT-800toInf_qc19_3j_TuneCP5_13TeV-madgraphMLM-pythia8/crab_WJetsToQQ_HT-800toInf_qc19_3j_TuneCP5_13TeV-madgraphMLM-pythia8RunIIFall17MiniAODv2/181119_235154/0000/stopFlatNtuples_1-56.root
   Adding file /mnt/hadoop/user/uscms01/pnfs/unl.edu/data4/cms/store/user/zflowers/Ewkinos/WJetsToQQ_HT-800toInf_qc19_3j_TuneCP5_13TeV-madgraphMLM-pythia8/crab_WJetsToQQ_HT-800toInf_qc19_3j_TuneCP5_13TeV-madgraphMLM-pythia8RunIIFall17MiniAODv2/181119_235154/0000/stopFlatNtuples_1-57.root
   Adding file /mnt/hadoop/user/uscms01/pnfs/unl.edu/data4/cms/store/user/zflowers/Ewkinos/WJetsToQQ_HT-800toInf_qc19_3j_TuneCP5_13TeV-madgraphMLM-pythia8/crab_WJetsToQQ_HT-800toInf_qc19_3j_TuneCP5_13TeV-madgraphMLM-pythia8RunIIFall17MiniAODv2/181119_235154/0000/stopFlatNtuples_1-58.root
   Adding file /mnt/hadoop/user/uscms01/pnfs/unl.edu/data4/cms/store/user/zflowers/Ewkinos/WJetsToQQ_HT-800toInf_qc19_3j_TuneCP5_13TeV-madgraphMLM-pythia8/crab_WJetsToQQ_HT-800toInf_qc19_3j_TuneCP5_13TeV-madgraphMLM-pythia8RunIIFall17MiniAODv2/181119_235154/0000/stopFlatNtuples_1-59.root
   Adding file /mnt/hadoop/user/uscms01/pnfs/unl.edu/data4/cms/store/user/zflowers/Ewkinos/WJetsToQQ_HT-800toInf_qc19_3j_TuneCP5_13TeV-madgraphMLM-pythia8/crab_WJetsToQQ_HT-800toInf_qc19_3j_TuneCP5_13TeV-madgraphMLM-pythia8RunIIFall17MiniAODv2/181119_235154/0000/stopFlatNtuples_1-6.root
   Adding file /mnt/hadoop/user/uscms01/pnfs/unl.edu/data4/cms/store/user/zflowers/Ewkinos/WJetsToQQ_HT-800toInf_qc19_3j_TuneCP5_13TeV-madgraphMLM-pythia8/crab_WJetsToQQ_HT-800toInf_qc19_3j_TuneCP5_13TeV-madgraphMLM-pythia8RunIIFall17MiniAODv2/181119_235154/0000/stopFlatNtuples_1-60.root
   Adding file /mnt/hadoop/user/uscms01/pnfs/unl.edu/data4/cms/store/user/zflowers/Ewkinos/WJetsToQQ_HT-800toInf_qc19_3j_TuneCP5_13TeV-madgraphMLM-pythia8/crab_WJetsToQQ_HT-800toInf_qc19_3j_TuneCP5_13TeV-madgraphMLM-pythia8RunIIFall17MiniAODv2/181119_235154/0000/stopFlatNtuples_1-61.root
   Adding file /mnt/hadoop/user/uscms01/pnfs/unl.edu/data4/cms/store/user/zflowers/Ewkinos/WJetsToQQ_HT-800toInf_qc19_3j_TuneCP5_13TeV-madgraphMLM-pythia8/crab_WJetsToQQ_HT-800toInf_qc19_3j_TuneCP5_13TeV-madgraphMLM-pythia8RunIIFall17MiniAODv2/181119_235154/0000/stopFlatNtuples_1-62.root
   Adding file /mnt/hadoop/user/uscms01/pnfs/unl.edu/data4/cms/store/user/zflowers/Ewkinos/WJetsToQQ_HT-800toInf_qc19_3j_TuneCP5_13TeV-madgraphMLM-pythia8/crab_WJetsToQQ_HT-800toInf_qc19_3j_TuneCP5_13TeV-madgraphMLM-pythia8RunIIFall17MiniAODv2/181119_235154/0000/stopFlatNtuples_1-63.root
   Adding file /mnt/hadoop/user/uscms01/pnfs/unl.edu/data4/cms/store/user/zflowers/Ewkinos/WJetsToQQ_HT-800toInf_qc19_3j_TuneCP5_13TeV-madgraphMLM-pythia8/crab_WJetsToQQ_HT-800toInf_qc19_3j_TuneCP5_13TeV-madgraphMLM-pythia8RunIIFall17MiniAODv2/181119_235154/0000/stopFlatNtuples_1-64.root
   Adding file /mnt/hadoop/user/uscms01/pnfs/unl.edu/data4/cms/store/user/zflowers/Ewkinos/WJetsToQQ_HT-800toInf_qc19_3j_TuneCP5_13TeV-madgraphMLM-pythia8/crab_WJetsToQQ_HT-800toInf_qc19_3j_TuneCP5_13TeV-madgraphMLM-pythia8RunIIFall17MiniAODv2/181119_235154/0000/stopFlatNtuples_1-65.root
   Adding file /mnt/hadoop/user/uscms01/pnfs/unl.edu/data4/cms/store/user/zflowers/Ewkinos/WJetsToQQ_HT-800toInf_qc19_3j_TuneCP5_13TeV-madgraphMLM-pythia8/crab_WJetsToQQ_HT-800toInf_qc19_3j_TuneCP5_13TeV-madgraphMLM-pythia8RunIIFall17MiniAODv2/181119_235154/0000/stopFlatNtuples_1-66.root
   Adding file /mnt/hadoop/user/uscms01/pnfs/unl.edu/data4/cms/store/user/zflowers/Ewkinos/WJetsToQQ_HT-800toInf_qc19_3j_TuneCP5_13TeV-madgraphMLM-pythia8/crab_WJetsToQQ_HT-800toInf_qc19_3j_TuneCP5_13TeV-madgraphMLM-pythia8RunIIFall17MiniAODv2/181119_235154/0000/stopFlatNtuples_1-67.root
   Adding file /mnt/hadoop/user/uscms01/pnfs/unl.edu/data4/cms/store/user/zflowers/Ewkinos/WJetsToQQ_HT-800toInf_qc19_3j_TuneCP5_13TeV-madgraphMLM-pythia8/crab_WJetsToQQ_HT-800toInf_qc19_3j_TuneCP5_13TeV-madgraphMLM-pythia8RunIIFall17MiniAODv2/181119_235154/0000/stopFlatNtuples_1-68.root
   Adding file /mnt/hadoop/user/uscms01/pnfs/unl.edu/data4/cms/store/user/zflowers/Ewkinos/WJetsToQQ_HT-800toInf_qc19_3j_TuneCP5_13TeV-madgraphMLM-pythia8/crab_WJetsToQQ_HT-800toInf_qc19_3j_TuneCP5_13TeV-madgraphMLM-pythia8RunIIFall17MiniAODv2/181119_235154/0000/stopFlatNtuples_1-69.root
   Adding file /mnt/hadoop/user/uscms01/pnfs/unl.edu/data4/cms/store/user/zflowers/Ewkinos/WJetsToQQ_HT-800toInf_qc19_3j_TuneCP5_13TeV-madgraphMLM-pythia8/crab_WJetsToQQ_HT-800toInf_qc19_3j_TuneCP5_13TeV-madgraphMLM-pythia8RunIIFall17MiniAODv2/181119_235154/0000/stopFlatNtuples_1-7.root
   Adding file /mnt/hadoop/user/uscms01/pnfs/unl.edu/data4/cms/store/user/zflowers/Ewkinos/WJetsToQQ_HT-800toInf_qc19_3j_TuneCP5_13TeV-madgraphMLM-pythia8/crab_WJetsToQQ_HT-800toInf_qc19_3j_TuneCP5_13TeV-madgraphMLM-pythia8RunIIFall17MiniAODv2/181119_235154/0000/stopFlatNtuples_1-70.root
   Adding file /mnt/hadoop/user/uscms01/pnfs/unl.edu/data4/cms/store/user/zflowers/Ewkinos/WJetsToQQ_HT-800toInf_qc19_3j_TuneCP5_13TeV-madgraphMLM-pythia8/crab_WJetsToQQ_HT-800toInf_qc19_3j_TuneCP5_13TeV-madgraphMLM-pythia8RunIIFall17MiniAODv2/181119_235154/0000/stopFlatNtuples_1-71.root
   Adding file /mnt/hadoop/user/uscms01/pnfs/unl.edu/data4/cms/store/user/zflowers/Ewkinos/WJetsToQQ_HT-800toInf_qc19_3j_TuneCP5_13TeV-madgraphMLM-pythia8/crab_WJetsToQQ_HT-800toInf_qc19_3j_TuneCP5_13TeV-madgraphMLM-pythia8RunIIFall17MiniAODv2/181119_235154/0000/stopFlatNtuples_1-72.root
   Adding file /mnt/hadoop/user/uscms01/pnfs/unl.edu/data4/cms/store/user/zflowers/Ewkinos/WJetsToQQ_HT-800toInf_qc19_3j_TuneCP5_13TeV-madgraphMLM-pythia8/crab_WJetsToQQ_HT-800toInf_qc19_3j_TuneCP5_13TeV-madgraphMLM-pythia8RunIIFall17MiniAODv2/181119_235154/0000/stopFlatNtuples_1-73.root
   Adding file /mnt/hadoop/user/uscms01/pnfs/unl.edu/data4/cms/store/user/zflowers/Ewkinos/WJetsToQQ_HT-800toInf_qc19_3j_TuneCP5_13TeV-madgraphMLM-pythia8/crab_WJetsToQQ_HT-800toInf_qc19_3j_TuneCP5_13TeV-madgraphMLM-pythia8RunIIFall17MiniAODv2/181119_235154/0000/stopFlatNtuples_1-74.root
   Adding file /mnt/hadoop/user/uscms01/pnfs/unl.edu/data4/cms/store/user/zflowers/Ewkinos/WJetsToQQ_HT-800toInf_qc19_3j_TuneCP5_13TeV-madgraphMLM-pythia8/crab_WJetsToQQ_HT-800toInf_qc19_3j_TuneCP5_13TeV-madgraphMLM-pythia8RunIIFall17MiniAODv2/181119_235154/0000/stopFlatNtuples_1-75.root
   Adding file /mnt/hadoop/user/uscms01/pnfs/unl.edu/data4/cms/store/user/zflowers/Ewkinos/WJetsToQQ_HT-800toInf_qc19_3j_TuneCP5_13TeV-madgraphMLM-pythia8/crab_WJetsToQQ_HT-800toInf_qc19_3j_TuneCP5_13TeV-madgraphMLM-pythia8RunIIFall17MiniAODv2/181119_235154/0000/stopFlatNtuples_1-76.root
   Adding file /mnt/hadoop/user/uscms01/pnfs/unl.edu/data4/cms/store/user/zflowers/Ewkinos/WJetsToQQ_HT-800toInf_qc19_3j_TuneCP5_13TeV-madgraphMLM-pythia8/crab_WJetsToQQ_HT-800toInf_qc19_3j_TuneCP5_13TeV-madgraphMLM-pythia8RunIIFall17MiniAODv2/181119_235154/0000/stopFlatNtuples_1-77.root
   Adding file /mnt/hadoop/user/uscms01/pnfs/unl.edu/data4/cms/store/user/zflowers/Ewkinos/WJetsToQQ_HT-800toInf_qc19_3j_TuneCP5_13TeV-madgraphMLM-pythia8/crab_WJetsToQQ_HT-800toInf_qc19_3j_TuneCP5_13TeV-madgraphMLM-pythia8RunIIFall17MiniAODv2/181119_235154/0000/stopFlatNtuples_1-78.root
   Adding file /mnt/hadoop/user/uscms01/pnfs/unl.edu/data4/cms/store/user/zflowers/Ewkinos/WJetsToQQ_HT-800toInf_qc19_3j_TuneCP5_13TeV-madgraphMLM-pythia8/crab_WJetsToQQ_HT-800toInf_qc19_3j_TuneCP5_13TeV-madgraphMLM-pythia8RunIIFall17MiniAODv2/181119_235154/0000/stopFlatNtuples_1-79.root
   Adding file /mnt/hadoop/user/uscms01/pnfs/unl.edu/data4/cms/store/user/zflowers/Ewkinos/WJetsToQQ_HT-800toInf_qc19_3j_TuneCP5_13TeV-madgraphMLM-pythia8/crab_WJetsToQQ_HT-800toInf_qc19_3j_TuneCP5_13TeV-madgraphMLM-pythia8RunIIFall17MiniAODv2/181119_235154/0000/stopFlatNtuples_1-8.root
   Adding file /mnt/hadoop/user/uscms01/pnfs/unl.edu/data4/cms/store/user/zflowers/Ewkinos/WJetsToQQ_HT-800toInf_qc19_3j_TuneCP5_13TeV-madgraphMLM-pythia8/crab_WJetsToQQ_HT-800toInf_qc19_3j_TuneCP5_13TeV-madgraphMLM-pythia8RunIIFall17MiniAODv2/181119_235154/0000/stopFlatNtuples_1-80.root
   Adding file /mnt/hadoop/user/uscms01/pnfs/unl.edu/data4/cms/store/user/zflowers/Ewkinos/WJetsToQQ_HT-800toInf_qc19_3j_TuneCP5_13TeV-madgraphMLM-pythia8/crab_WJetsToQQ_HT-800toInf_qc19_3j_TuneCP5_13TeV-madgraphMLM-pythia8RunIIFall17MiniAODv2/181119_235154/0000/stopFlatNtuples_1-81.root
   Adding file /mnt/hadoop/user/uscms01/pnfs/unl.edu/data4/cms/store/user/zflowers/Ewkinos/WJetsToQQ_HT-800toInf_qc19_3j_TuneCP5_13TeV-madgraphMLM-pythia8/crab_WJetsToQQ_HT-800toInf_qc19_3j_TuneCP5_13TeV-madgraphMLM-pythia8RunIIFall17MiniAODv2/181119_235154/0000/stopFlatNtuples_1-82.root
   Adding file /mnt/hadoop/user/uscms01/pnfs/unl.edu/data4/cms/store/user/zflowers/Ewkinos/WJetsToQQ_HT-800toInf_qc19_3j_TuneCP5_13TeV-madgraphMLM-pythia8/crab_WJetsToQQ_HT-800toInf_qc19_3j_TuneCP5_13TeV-madgraphMLM-pythia8RunIIFall17MiniAODv2/181119_235154/0000/stopFlatNtuples_1-83.root
   Adding file /mnt/hadoop/user/uscms01/pnfs/unl.edu/data4/cms/store/user/zflowers/Ewkinos/WJetsToQQ_HT-800toInf_qc19_3j_TuneCP5_13TeV-madgraphMLM-pythia8/crab_WJetsToQQ_HT-800toInf_qc19_3j_TuneCP5_13TeV-madgraphMLM-pythia8RunIIFall17MiniAODv2/181119_235154/0000/stopFlatNtuples_1-84.root
 event = 0 : 2150125
 event = 215012 : 2150125
 event = 430024 : 2150125
 event = 645036 : 2150125
 event = 860048 : 2150125
 event = 1075060 : 2150125
 event = 1290072 : 2150125
 event = 1505084 : 2150125
 event = 1720096 : 2150125
 event = 1935108 : 2150125
 event = 2150120 : 2150125
Ntree 1
