
[36mRestFrames v1.0.0 -- Developed by Christopher Rogan (crogan@cern.ch)
                     Copyright (c) 2014-2018, Christopher Rogan
                     http://RestFrames.com
[0m
   Adding file /mnt/hadoop/user/uscms01/pnfs/unl.edu/data4/cms/store/user/zflowers/Ewkinos/WJetsToLNu_TuneCP5_13TeV-madgraphMLM-pythia8/crab_extWJetsToLNu_TuneCP5_13TeV-madgraphMLM-pythia8RunIIFall17MiniAODv2/181219_234206/0000/stopFlatNtuples_1-50.root
   Adding file /mnt/hadoop/user/uscms01/pnfs/unl.edu/data4/cms/store/user/zflowers/Ewkinos/WJetsToLNu_TuneCP5_13TeV-madgraphMLM-pythia8/crab_extWJetsToLNu_TuneCP5_13TeV-madgraphMLM-pythia8RunIIFall17MiniAODv2/181219_234206/0000/stopFlatNtuples_1-500.root
   Adding file /mnt/hadoop/user/uscms01/pnfs/unl.edu/data4/cms/store/user/zflowers/Ewkinos/WJetsToLNu_TuneCP5_13TeV-madgraphMLM-pythia8/crab_extWJetsToLNu_TuneCP5_13TeV-madgraphMLM-pythia8RunIIFall17MiniAODv2/181219_234206/0000/stopFlatNtuples_1-501.root
   Adding file /mnt/hadoop/user/uscms01/pnfs/unl.edu/data4/cms/store/user/zflowers/Ewkinos/WJetsToLNu_TuneCP5_13TeV-madgraphMLM-pythia8/crab_extWJetsToLNu_TuneCP5_13TeV-madgraphMLM-pythia8RunIIFall17MiniAODv2/181219_234206/0000/stopFlatNtuples_1-502.root
   Adding file /mnt/hadoop/user/uscms01/pnfs/unl.edu/data4/cms/store/user/zflowers/Ewkinos/WJetsToLNu_TuneCP5_13TeV-madgraphMLM-pythia8/crab_extWJetsToLNu_TuneCP5_13TeV-madgraphMLM-pythia8RunIIFall17MiniAODv2/181219_234206/0000/stopFlatNtuples_1-503.root
   Adding file /mnt/hadoop/user/uscms01/pnfs/unl.edu/data4/cms/store/user/zflowers/Ewkinos/WJetsToLNu_TuneCP5_13TeV-madgraphMLM-pythia8/crab_extWJetsToLNu_TuneCP5_13TeV-madgraphMLM-pythia8RunIIFall17MiniAODv2/181219_234206/0000/stopFlatNtuples_1-504.root
   Adding file /mnt/hadoop/user/uscms01/pnfs/unl.edu/data4/cms/store/user/zflowers/Ewkinos/WJetsToLNu_TuneCP5_13TeV-madgraphMLM-pythia8/crab_extWJetsToLNu_TuneCP5_13TeV-madgraphMLM-pythia8RunIIFall17MiniAODv2/181219_234206/0000/stopFlatNtuples_1-505.root
   Adding file /mnt/hadoop/user/uscms01/pnfs/unl.edu/data4/cms/store/user/zflowers/Ewkinos/WJetsToLNu_TuneCP5_13TeV-madgraphMLM-pythia8/crab_extWJetsToLNu_TuneCP5_13TeV-madgraphMLM-pythia8RunIIFall17MiniAODv2/181219_234206/0000/stopFlatNtuples_1-506.root
   Adding file /mnt/hadoop/user/uscms01/pnfs/unl.edu/data4/cms/store/user/zflowers/Ewkinos/WJetsToLNu_TuneCP5_13TeV-madgraphMLM-pythia8/crab_extWJetsToLNu_TuneCP5_13TeV-madgraphMLM-pythia8RunIIFall17MiniAODv2/181219_234206/0000/stopFlatNtuples_1-507.root
   Adding file /mnt/hadoop/user/uscms01/pnfs/unl.edu/data4/cms/store/user/zflowers/Ewkinos/WJetsToLNu_TuneCP5_13TeV-madgraphMLM-pythia8/crab_extWJetsToLNu_TuneCP5_13TeV-madgraphMLM-pythia8RunIIFall17MiniAODv2/181219_234206/0000/stopFlatNtuples_1-508.root
   Adding file /mnt/hadoop/user/uscms01/pnfs/unl.edu/data4/cms/store/user/zflowers/Ewkinos/WJetsToLNu_TuneCP5_13TeV-madgraphMLM-pythia8/crab_extWJetsToLNu_TuneCP5_13TeV-madgraphMLM-pythia8RunIIFall17MiniAODv2/181219_234206/0000/stopFlatNtuples_1-509.root
   Adding file /mnt/hadoop/user/uscms01/pnfs/unl.edu/data4/cms/store/user/zflowers/Ewkinos/WJetsToLNu_TuneCP5_13TeV-madgraphMLM-pythia8/crab_extWJetsToLNu_TuneCP5_13TeV-madgraphMLM-pythia8RunIIFall17MiniAODv2/181219_234206/0000/stopFlatNtuples_1-51.root
   Adding file /mnt/hadoop/user/uscms01/pnfs/unl.edu/data4/cms/store/user/zflowers/Ewkinos/WJetsToLNu_TuneCP5_13TeV-madgraphMLM-pythia8/crab_extWJetsToLNu_TuneCP5_13TeV-madgraphMLM-pythia8RunIIFall17MiniAODv2/181219_234206/0000/stopFlatNtuples_1-510.root
   Adding file /mnt/hadoop/user/uscms01/pnfs/unl.edu/data4/cms/store/user/zflowers/Ewkinos/WJetsToLNu_TuneCP5_13TeV-madgraphMLM-pythia8/crab_extWJetsToLNu_TuneCP5_13TeV-madgraphMLM-pythia8RunIIFall17MiniAODv2/181219_234206/0000/stopFlatNtuples_1-511.root
   Adding file /mnt/hadoop/user/uscms01/pnfs/unl.edu/data4/cms/store/user/zflowers/Ewkinos/WJetsToLNu_TuneCP5_13TeV-madgraphMLM-pythia8/crab_extWJetsToLNu_TuneCP5_13TeV-madgraphMLM-pythia8RunIIFall17MiniAODv2/181219_234206/0000/stopFlatNtuples_1-512.root
   Adding file /mnt/hadoop/user/uscms01/pnfs/unl.edu/data4/cms/store/user/zflowers/Ewkinos/WJetsToLNu_TuneCP5_13TeV-madgraphMLM-pythia8/crab_extWJetsToLNu_TuneCP5_13TeV-madgraphMLM-pythia8RunIIFall17MiniAODv2/181219_234206/0000/stopFlatNtuples_1-513.root
   Adding file /mnt/hadoop/user/uscms01/pnfs/unl.edu/data4/cms/store/user/zflowers/Ewkinos/WJetsToLNu_TuneCP5_13TeV-madgraphMLM-pythia8/crab_extWJetsToLNu_TuneCP5_13TeV-madgraphMLM-pythia8RunIIFall17MiniAODv2/181219_234206/0000/stopFlatNtuples_1-514.root
   Adding file /mnt/hadoop/user/uscms01/pnfs/unl.edu/data4/cms/store/user/zflowers/Ewkinos/WJetsToLNu_TuneCP5_13TeV-madgraphMLM-pythia8/crab_extWJetsToLNu_TuneCP5_13TeV-madgraphMLM-pythia8RunIIFall17MiniAODv2/181219_234206/0000/stopFlatNtuples_1-515.root
   Adding file /mnt/hadoop/user/uscms01/pnfs/unl.edu/data4/cms/store/user/zflowers/Ewkinos/WJetsToLNu_TuneCP5_13TeV-madgraphMLM-pythia8/crab_extWJetsToLNu_TuneCP5_13TeV-madgraphMLM-pythia8RunIIFall17MiniAODv2/181219_234206/0000/stopFlatNtuples_1-516.root
   Adding file /mnt/hadoop/user/uscms01/pnfs/unl.edu/data4/cms/store/user/zflowers/Ewkinos/WJetsToLNu_TuneCP5_13TeV-madgraphMLM-pythia8/crab_extWJetsToLNu_TuneCP5_13TeV-madgraphMLM-pythia8RunIIFall17MiniAODv2/181219_234206/0000/stopFlatNtuples_1-517.root
   Adding file /mnt/hadoop/user/uscms01/pnfs/unl.edu/data4/cms/store/user/zflowers/Ewkinos/WJetsToLNu_TuneCP5_13TeV-madgraphMLM-pythia8/crab_extWJetsToLNu_TuneCP5_13TeV-madgraphMLM-pythia8RunIIFall17MiniAODv2/181219_234206/0000/stopFlatNtuples_1-518.root
   Adding file /mnt/hadoop/user/uscms01/pnfs/unl.edu/data4/cms/store/user/zflowers/Ewkinos/WJetsToLNu_TuneCP5_13TeV-madgraphMLM-pythia8/crab_extWJetsToLNu_TuneCP5_13TeV-madgraphMLM-pythia8RunIIFall17MiniAODv2/181219_234206/0000/stopFlatNtuples_1-519.root
   Adding file /mnt/hadoop/user/uscms01/pnfs/unl.edu/data4/cms/store/user/zflowers/Ewkinos/WJetsToLNu_TuneCP5_13TeV-madgraphMLM-pythia8/crab_extWJetsToLNu_TuneCP5_13TeV-madgraphMLM-pythia8RunIIFall17MiniAODv2/181219_234206/0000/stopFlatNtuples_1-52.root
   Adding file /mnt/hadoop/user/uscms01/pnfs/unl.edu/data4/cms/store/user/zflowers/Ewkinos/WJetsToLNu_TuneCP5_13TeV-madgraphMLM-pythia8/crab_extWJetsToLNu_TuneCP5_13TeV-madgraphMLM-pythia8RunIIFall17MiniAODv2/181219_234206/0000/stopFlatNtuples_1-520.root
   Adding file /mnt/hadoop/user/uscms01/pnfs/unl.edu/data4/cms/store/user/zflowers/Ewkinos/WJetsToLNu_TuneCP5_13TeV-madgraphMLM-pythia8/crab_extWJetsToLNu_TuneCP5_13TeV-madgraphMLM-pythia8RunIIFall17MiniAODv2/181219_234206/0000/stopFlatNtuples_1-521.root
   Adding file /mnt/hadoop/user/uscms01/pnfs/unl.edu/data4/cms/store/user/zflowers/Ewkinos/WJetsToLNu_TuneCP5_13TeV-madgraphMLM-pythia8/crab_extWJetsToLNu_TuneCP5_13TeV-madgraphMLM-pythia8RunIIFall17MiniAODv2/181219_234206/0000/stopFlatNtuples_1-522.root
   Adding file /mnt/hadoop/user/uscms01/pnfs/unl.edu/data4/cms/store/user/zflowers/Ewkinos/WJetsToLNu_TuneCP5_13TeV-madgraphMLM-pythia8/crab_extWJetsToLNu_TuneCP5_13TeV-madgraphMLM-pythia8RunIIFall17MiniAODv2/181219_234206/0000/stopFlatNtuples_1-523.root
   Adding file /mnt/hadoop/user/uscms01/pnfs/unl.edu/data4/cms/store/user/zflowers/Ewkinos/WJetsToLNu_TuneCP5_13TeV-madgraphMLM-pythia8/crab_extWJetsToLNu_TuneCP5_13TeV-madgraphMLM-pythia8RunIIFall17MiniAODv2/181219_234206/0000/stopFlatNtuples_1-524.root
   Adding file /mnt/hadoop/user/uscms01/pnfs/unl.edu/data4/cms/store/user/zflowers/Ewkinos/WJetsToLNu_TuneCP5_13TeV-madgraphMLM-pythia8/crab_extWJetsToLNu_TuneCP5_13TeV-madgraphMLM-pythia8RunIIFall17MiniAODv2/181219_234206/0000/stopFlatNtuples_1-525.root
   Adding file /mnt/hadoop/user/uscms01/pnfs/unl.edu/data4/cms/store/user/zflowers/Ewkinos/WJetsToLNu_TuneCP5_13TeV-madgraphMLM-pythia8/crab_extWJetsToLNu_TuneCP5_13TeV-madgraphMLM-pythia8RunIIFall17MiniAODv2/181219_234206/0000/stopFlatNtuples_1-526.root
   Adding file /mnt/hadoop/user/uscms01/pnfs/unl.edu/data4/cms/store/user/zflowers/Ewkinos/WJetsToLNu_TuneCP5_13TeV-madgraphMLM-pythia8/crab_extWJetsToLNu_TuneCP5_13TeV-madgraphMLM-pythia8RunIIFall17MiniAODv2/181219_234206/0000/stopFlatNtuples_1-527.root
   Adding file /mnt/hadoop/user/uscms01/pnfs/unl.edu/data4/cms/store/user/zflowers/Ewkinos/WJetsToLNu_TuneCP5_13TeV-madgraphMLM-pythia8/crab_extWJetsToLNu_TuneCP5_13TeV-madgraphMLM-pythia8RunIIFall17MiniAODv2/181219_234206/0000/stopFlatNtuples_1-528.root
   Adding file /mnt/hadoop/user/uscms01/pnfs/unl.edu/data4/cms/store/user/zflowers/Ewkinos/WJetsToLNu_TuneCP5_13TeV-madgraphMLM-pythia8/crab_extWJetsToLNu_TuneCP5_13TeV-madgraphMLM-pythia8RunIIFall17MiniAODv2/181219_234206/0000/stopFlatNtuples_1-529.root
   Adding file /mnt/hadoop/user/uscms01/pnfs/unl.edu/data4/cms/store/user/zflowers/Ewkinos/WJetsToLNu_TuneCP5_13TeV-madgraphMLM-pythia8/crab_extWJetsToLNu_TuneCP5_13TeV-madgraphMLM-pythia8RunIIFall17MiniAODv2/181219_234206/0000/stopFlatNtuples_1-53.root
   Adding file /mnt/hadoop/user/uscms01/pnfs/unl.edu/data4/cms/store/user/zflowers/Ewkinos/WJetsToLNu_TuneCP5_13TeV-madgraphMLM-pythia8/crab_extWJetsToLNu_TuneCP5_13TeV-madgraphMLM-pythia8RunIIFall17MiniAODv2/181219_234206/0000/stopFlatNtuples_1-530.root
   Adding file /mnt/hadoop/user/uscms01/pnfs/unl.edu/data4/cms/store/user/zflowers/Ewkinos/WJetsToLNu_TuneCP5_13TeV-madgraphMLM-pythia8/crab_extWJetsToLNu_TuneCP5_13TeV-madgraphMLM-pythia8RunIIFall17MiniAODv2/181219_234206/0000/stopFlatNtuples_1-531.root
   Adding file /mnt/hadoop/user/uscms01/pnfs/unl.edu/data4/cms/store/user/zflowers/Ewkinos/WJetsToLNu_TuneCP5_13TeV-madgraphMLM-pythia8/crab_extWJetsToLNu_TuneCP5_13TeV-madgraphMLM-pythia8RunIIFall17MiniAODv2/181219_234206/0000/stopFlatNtuples_1-532.root
   Adding file /mnt/hadoop/user/uscms01/pnfs/unl.edu/data4/cms/store/user/zflowers/Ewkinos/WJetsToLNu_TuneCP5_13TeV-madgraphMLM-pythia8/crab_extWJetsToLNu_TuneCP5_13TeV-madgraphMLM-pythia8RunIIFall17MiniAODv2/181219_234206/0000/stopFlatNtuples_1-533.root
   Adding file /mnt/hadoop/user/uscms01/pnfs/unl.edu/data4/cms/store/user/zflowers/Ewkinos/WJetsToLNu_TuneCP5_13TeV-madgraphMLM-pythia8/crab_extWJetsToLNu_TuneCP5_13TeV-madgraphMLM-pythia8RunIIFall17MiniAODv2/181219_234206/0000/stopFlatNtuples_1-534.root
   Adding file /mnt/hadoop/user/uscms01/pnfs/unl.edu/data4/cms/store/user/zflowers/Ewkinos/WJetsToLNu_TuneCP5_13TeV-madgraphMLM-pythia8/crab_extWJetsToLNu_TuneCP5_13TeV-madgraphMLM-pythia8RunIIFall17MiniAODv2/181219_234206/0000/stopFlatNtuples_1-535.root
   Adding file /mnt/hadoop/user/uscms01/pnfs/unl.edu/data4/cms/store/user/zflowers/Ewkinos/WJetsToLNu_TuneCP5_13TeV-madgraphMLM-pythia8/crab_extWJetsToLNu_TuneCP5_13TeV-madgraphMLM-pythia8RunIIFall17MiniAODv2/181219_234206/0000/stopFlatNtuples_1-536.root
   Adding file /mnt/hadoop/user/uscms01/pnfs/unl.edu/data4/cms/store/user/zflowers/Ewkinos/WJetsToLNu_TuneCP5_13TeV-madgraphMLM-pythia8/crab_extWJetsToLNu_TuneCP5_13TeV-madgraphMLM-pythia8RunIIFall17MiniAODv2/181219_234206/0000/stopFlatNtuples_1-537.root
   Adding file /mnt/hadoop/user/uscms01/pnfs/unl.edu/data4/cms/store/user/zflowers/Ewkinos/WJetsToLNu_TuneCP5_13TeV-madgraphMLM-pythia8/crab_extWJetsToLNu_TuneCP5_13TeV-madgraphMLM-pythia8RunIIFall17MiniAODv2/181219_234206/0000/stopFlatNtuples_1-538.root
   Adding file /mnt/hadoop/user/uscms01/pnfs/unl.edu/data4/cms/store/user/zflowers/Ewkinos/WJetsToLNu_TuneCP5_13TeV-madgraphMLM-pythia8/crab_extWJetsToLNu_TuneCP5_13TeV-madgraphMLM-pythia8RunIIFall17MiniAODv2/181219_234206/0000/stopFlatNtuples_1-539.root
   Adding file /mnt/hadoop/user/uscms01/pnfs/unl.edu/data4/cms/store/user/zflowers/Ewkinos/WJetsToLNu_TuneCP5_13TeV-madgraphMLM-pythia8/crab_extWJetsToLNu_TuneCP5_13TeV-madgraphMLM-pythia8RunIIFall17MiniAODv2/181219_234206/0000/stopFlatNtuples_1-54.root
   Adding file /mnt/hadoop/user/uscms01/pnfs/unl.edu/data4/cms/store/user/zflowers/Ewkinos/WJetsToLNu_TuneCP5_13TeV-madgraphMLM-pythia8/crab_extWJetsToLNu_TuneCP5_13TeV-madgraphMLM-pythia8RunIIFall17MiniAODv2/181219_234206/0000/stopFlatNtuples_1-540.root
   Adding file /mnt/hadoop/user/uscms01/pnfs/unl.edu/data4/cms/store/user/zflowers/Ewkinos/WJetsToLNu_TuneCP5_13TeV-madgraphMLM-pythia8/crab_extWJetsToLNu_TuneCP5_13TeV-madgraphMLM-pythia8RunIIFall17MiniAODv2/181219_234206/0000/stopFlatNtuples_1-541.root
   Adding file /mnt/hadoop/user/uscms01/pnfs/unl.edu/data4/cms/store/user/zflowers/Ewkinos/WJetsToLNu_TuneCP5_13TeV-madgraphMLM-pythia8/crab_extWJetsToLNu_TuneCP5_13TeV-madgraphMLM-pythia8RunIIFall17MiniAODv2/181219_234206/0000/stopFlatNtuples_1-542.root
   Adding file /mnt/hadoop/user/uscms01/pnfs/unl.edu/data4/cms/store/user/zflowers/Ewkinos/WJetsToLNu_TuneCP5_13TeV-madgraphMLM-pythia8/crab_extWJetsToLNu_TuneCP5_13TeV-madgraphMLM-pythia8RunIIFall17MiniAODv2/181219_234206/0000/stopFlatNtuples_1-543.root
   Adding file /mnt/hadoop/user/uscms01/pnfs/unl.edu/data4/cms/store/user/zflowers/Ewkinos/WJetsToLNu_TuneCP5_13TeV-madgraphMLM-pythia8/crab_extWJetsToLNu_TuneCP5_13TeV-madgraphMLM-pythia8RunIIFall17MiniAODv2/181219_234206/0000/stopFlatNtuples_1-544.root
   Adding file /mnt/hadoop/user/uscms01/pnfs/unl.edu/data4/cms/store/user/zflowers/Ewkinos/WJetsToLNu_TuneCP5_13TeV-madgraphMLM-pythia8/crab_extWJetsToLNu_TuneCP5_13TeV-madgraphMLM-pythia8RunIIFall17MiniAODv2/181219_234206/0000/stopFlatNtuples_1-545.root
   Adding file /mnt/hadoop/user/uscms01/pnfs/unl.edu/data4/cms/store/user/zflowers/Ewkinos/WJetsToLNu_TuneCP5_13TeV-madgraphMLM-pythia8/crab_extWJetsToLNu_TuneCP5_13TeV-madgraphMLM-pythia8RunIIFall17MiniAODv2/181219_234206/0000/stopFlatNtuples_1-546.root
   Adding file /mnt/hadoop/user/uscms01/pnfs/unl.edu/data4/cms/store/user/zflowers/Ewkinos/WJetsToLNu_TuneCP5_13TeV-madgraphMLM-pythia8/crab_extWJetsToLNu_TuneCP5_13TeV-madgraphMLM-pythia8RunIIFall17MiniAODv2/181219_234206/0000/stopFlatNtuples_1-547.root
   Adding file /mnt/hadoop/user/uscms01/pnfs/unl.edu/data4/cms/store/user/zflowers/Ewkinos/WJetsToLNu_TuneCP5_13TeV-madgraphMLM-pythia8/crab_extWJetsToLNu_TuneCP5_13TeV-madgraphMLM-pythia8RunIIFall17MiniAODv2/181219_234206/0000/stopFlatNtuples_1-548.root
   Adding file /mnt/hadoop/user/uscms01/pnfs/unl.edu/data4/cms/store/user/zflowers/Ewkinos/WJetsToLNu_TuneCP5_13TeV-madgraphMLM-pythia8/crab_extWJetsToLNu_TuneCP5_13TeV-madgraphMLM-pythia8RunIIFall17MiniAODv2/181219_234206/0000/stopFlatNtuples_1-549.root
   Adding file /mnt/hadoop/user/uscms01/pnfs/unl.edu/data4/cms/store/user/zflowers/Ewkinos/WJetsToLNu_TuneCP5_13TeV-madgraphMLM-pythia8/crab_extWJetsToLNu_TuneCP5_13TeV-madgraphMLM-pythia8RunIIFall17MiniAODv2/181219_234206/0000/stopFlatNtuples_1-55.root
   Adding file /mnt/hadoop/user/uscms01/pnfs/unl.edu/data4/cms/store/user/zflowers/Ewkinos/WJetsToLNu_TuneCP5_13TeV-madgraphMLM-pythia8/crab_extWJetsToLNu_TuneCP5_13TeV-madgraphMLM-pythia8RunIIFall17MiniAODv2/181219_234206/0000/stopFlatNtuples_1-56.root
   Adding file /mnt/hadoop/user/uscms01/pnfs/unl.edu/data4/cms/store/user/zflowers/Ewkinos/WJetsToLNu_TuneCP5_13TeV-madgraphMLM-pythia8/crab_extWJetsToLNu_TuneCP5_13TeV-madgraphMLM-pythia8RunIIFall17MiniAODv2/181219_234206/0000/stopFlatNtuples_1-57.root
   Adding file /mnt/hadoop/user/uscms01/pnfs/unl.edu/data4/cms/store/user/zflowers/Ewkinos/WJetsToLNu_TuneCP5_13TeV-madgraphMLM-pythia8/crab_extWJetsToLNu_TuneCP5_13TeV-madgraphMLM-pythia8RunIIFall17MiniAODv2/181219_234206/0000/stopFlatNtuples_1-58.root
   Adding file /mnt/hadoop/user/uscms01/pnfs/unl.edu/data4/cms/store/user/zflowers/Ewkinos/WJetsToLNu_TuneCP5_13TeV-madgraphMLM-pythia8/crab_extWJetsToLNu_TuneCP5_13TeV-madgraphMLM-pythia8RunIIFall17MiniAODv2/181219_234206/0000/stopFlatNtuples_1-59.root
   Adding file /mnt/hadoop/user/uscms01/pnfs/unl.edu/data4/cms/store/user/zflowers/Ewkinos/WJetsToLNu_TuneCP5_13TeV-madgraphMLM-pythia8/crab_extWJetsToLNu_TuneCP5_13TeV-madgraphMLM-pythia8RunIIFall17MiniAODv2/181219_234206/0000/stopFlatNtuples_1-6.root
   Adding file /mnt/hadoop/user/uscms01/pnfs/unl.edu/data4/cms/store/user/zflowers/Ewkinos/WJetsToLNu_TuneCP5_13TeV-madgraphMLM-pythia8/crab_extWJetsToLNu_TuneCP5_13TeV-madgraphMLM-pythia8RunIIFall17MiniAODv2/181219_234206/0000/stopFlatNtuples_1-60.root
   Adding file /mnt/hadoop/user/uscms01/pnfs/unl.edu/data4/cms/store/user/zflowers/Ewkinos/WJetsToLNu_TuneCP5_13TeV-madgraphMLM-pythia8/crab_extWJetsToLNu_TuneCP5_13TeV-madgraphMLM-pythia8RunIIFall17MiniAODv2/181219_234206/0000/stopFlatNtuples_1-61.root
   Adding file /mnt/hadoop/user/uscms01/pnfs/unl.edu/data4/cms/store/user/zflowers/Ewkinos/WJetsToLNu_TuneCP5_13TeV-madgraphMLM-pythia8/crab_extWJetsToLNu_TuneCP5_13TeV-madgraphMLM-pythia8RunIIFall17MiniAODv2/181219_234206/0000/stopFlatNtuples_1-62.root
   Adding file /mnt/hadoop/user/uscms01/pnfs/unl.edu/data4/cms/store/user/zflowers/Ewkinos/WJetsToLNu_TuneCP5_13TeV-madgraphMLM-pythia8/crab_extWJetsToLNu_TuneCP5_13TeV-madgraphMLM-pythia8RunIIFall17MiniAODv2/181219_234206/0000/stopFlatNtuples_1-63.root
   Adding file /mnt/hadoop/user/uscms01/pnfs/unl.edu/data4/cms/store/user/zflowers/Ewkinos/WJetsToLNu_TuneCP5_13TeV-madgraphMLM-pythia8/crab_extWJetsToLNu_TuneCP5_13TeV-madgraphMLM-pythia8RunIIFall17MiniAODv2/181219_234206/0000/stopFlatNtuples_1-64.root
   Adding file /mnt/hadoop/user/uscms01/pnfs/unl.edu/data4/cms/store/user/zflowers/Ewkinos/WJetsToLNu_TuneCP5_13TeV-madgraphMLM-pythia8/crab_extWJetsToLNu_TuneCP5_13TeV-madgraphMLM-pythia8RunIIFall17MiniAODv2/181219_234206/0000/stopFlatNtuples_1-65.root
   Adding file /mnt/hadoop/user/uscms01/pnfs/unl.edu/data4/cms/store/user/zflowers/Ewkinos/WJetsToLNu_TuneCP5_13TeV-madgraphMLM-pythia8/crab_extWJetsToLNu_TuneCP5_13TeV-madgraphMLM-pythia8RunIIFall17MiniAODv2/181219_234206/0000/stopFlatNtuples_1-66.root
   Adding file /mnt/hadoop/user/uscms01/pnfs/unl.edu/data4/cms/store/user/zflowers/Ewkinos/WJetsToLNu_TuneCP5_13TeV-madgraphMLM-pythia8/crab_extWJetsToLNu_TuneCP5_13TeV-madgraphMLM-pythia8RunIIFall17MiniAODv2/181219_234206/0000/stopFlatNtuples_1-67.root
   Adding file /mnt/hadoop/user/uscms01/pnfs/unl.edu/data4/cms/store/user/zflowers/Ewkinos/WJetsToLNu_TuneCP5_13TeV-madgraphMLM-pythia8/crab_extWJetsToLNu_TuneCP5_13TeV-madgraphMLM-pythia8RunIIFall17MiniAODv2/181219_234206/0000/stopFlatNtuples_1-68.root
   Adding file /mnt/hadoop/user/uscms01/pnfs/unl.edu/data4/cms/store/user/zflowers/Ewkinos/WJetsToLNu_TuneCP5_13TeV-madgraphMLM-pythia8/crab_extWJetsToLNu_TuneCP5_13TeV-madgraphMLM-pythia8RunIIFall17MiniAODv2/181219_234206/0000/stopFlatNtuples_1-69.root
   Adding file /mnt/hadoop/user/uscms01/pnfs/unl.edu/data4/cms/store/user/zflowers/Ewkinos/WJetsToLNu_TuneCP5_13TeV-madgraphMLM-pythia8/crab_extWJetsToLNu_TuneCP5_13TeV-madgraphMLM-pythia8RunIIFall17MiniAODv2/181219_234206/0000/stopFlatNtuples_1-7.root
   Adding file /mnt/hadoop/user/uscms01/pnfs/unl.edu/data4/cms/store/user/zflowers/Ewkinos/WJetsToLNu_TuneCP5_13TeV-madgraphMLM-pythia8/crab_extWJetsToLNu_TuneCP5_13TeV-madgraphMLM-pythia8RunIIFall17MiniAODv2/181219_234206/0000/stopFlatNtuples_1-70.root
   Adding file /mnt/hadoop/user/uscms01/pnfs/unl.edu/data4/cms/store/user/zflowers/Ewkinos/WJetsToLNu_TuneCP5_13TeV-madgraphMLM-pythia8/crab_extWJetsToLNu_TuneCP5_13TeV-madgraphMLM-pythia8RunIIFall17MiniAODv2/181219_234206/0000/stopFlatNtuples_1-71.root
   Adding file /mnt/hadoop/user/uscms01/pnfs/unl.edu/data4/cms/store/user/zflowers/Ewkinos/WJetsToLNu_TuneCP5_13TeV-madgraphMLM-pythia8/crab_extWJetsToLNu_TuneCP5_13TeV-madgraphMLM-pythia8RunIIFall17MiniAODv2/181219_234206/0000/stopFlatNtuples_1-72.root
   Adding file /mnt/hadoop/user/uscms01/pnfs/unl.edu/data4/cms/store/user/zflowers/Ewkinos/WJetsToLNu_TuneCP5_13TeV-madgraphMLM-pythia8/crab_extWJetsToLNu_TuneCP5_13TeV-madgraphMLM-pythia8RunIIFall17MiniAODv2/181219_234206/0000/stopFlatNtuples_1-73.root
   Adding file /mnt/hadoop/user/uscms01/pnfs/unl.edu/data4/cms/store/user/zflowers/Ewkinos/WJetsToLNu_TuneCP5_13TeV-madgraphMLM-pythia8/crab_extWJetsToLNu_TuneCP5_13TeV-madgraphMLM-pythia8RunIIFall17MiniAODv2/181219_234206/0000/stopFlatNtuples_1-74.root
   Adding file /mnt/hadoop/user/uscms01/pnfs/unl.edu/data4/cms/store/user/zflowers/Ewkinos/WJetsToLNu_TuneCP5_13TeV-madgraphMLM-pythia8/crab_extWJetsToLNu_TuneCP5_13TeV-madgraphMLM-pythia8RunIIFall17MiniAODv2/181219_234206/0000/stopFlatNtuples_1-75.root
   Adding file /mnt/hadoop/user/uscms01/pnfs/unl.edu/data4/cms/store/user/zflowers/Ewkinos/WJetsToLNu_TuneCP5_13TeV-madgraphMLM-pythia8/crab_extWJetsToLNu_TuneCP5_13TeV-madgraphMLM-pythia8RunIIFall17MiniAODv2/181219_234206/0000/stopFlatNtuples_1-76.root
   Adding file /mnt/hadoop/user/uscms01/pnfs/unl.edu/data4/cms/store/user/zflowers/Ewkinos/WJetsToLNu_TuneCP5_13TeV-madgraphMLM-pythia8/crab_extWJetsToLNu_TuneCP5_13TeV-madgraphMLM-pythia8RunIIFall17MiniAODv2/181219_234206/0000/stopFlatNtuples_1-77.root
   Adding file /mnt/hadoop/user/uscms01/pnfs/unl.edu/data4/cms/store/user/zflowers/Ewkinos/WJetsToLNu_TuneCP5_13TeV-madgraphMLM-pythia8/crab_extWJetsToLNu_TuneCP5_13TeV-madgraphMLM-pythia8RunIIFall17MiniAODv2/181219_234206/0000/stopFlatNtuples_1-78.root
   Adding file /mnt/hadoop/user/uscms01/pnfs/unl.edu/data4/cms/store/user/zflowers/Ewkinos/WJetsToLNu_TuneCP5_13TeV-madgraphMLM-pythia8/crab_extWJetsToLNu_TuneCP5_13TeV-madgraphMLM-pythia8RunIIFall17MiniAODv2/181219_234206/0000/stopFlatNtuples_1-79.root
   Adding file /mnt/hadoop/user/uscms01/pnfs/unl.edu/data4/cms/store/user/zflowers/Ewkinos/WJetsToLNu_TuneCP5_13TeV-madgraphMLM-pythia8/crab_extWJetsToLNu_TuneCP5_13TeV-madgraphMLM-pythia8RunIIFall17MiniAODv2/181219_234206/0000/stopFlatNtuples_1-8.root
   Adding file /mnt/hadoop/user/uscms01/pnfs/unl.edu/data4/cms/store/user/zflowers/Ewkinos/WJetsToLNu_TuneCP5_13TeV-madgraphMLM-pythia8/crab_extWJetsToLNu_TuneCP5_13TeV-madgraphMLM-pythia8RunIIFall17MiniAODv2/181219_234206/0000/stopFlatNtuples_1-80.root
   Adding file /mnt/hadoop/user/uscms01/pnfs/unl.edu/data4/cms/store/user/zflowers/Ewkinos/WJetsToLNu_TuneCP5_13TeV-madgraphMLM-pythia8/crab_extWJetsToLNu_TuneCP5_13TeV-madgraphMLM-pythia8RunIIFall17MiniAODv2/181219_234206/0000/stopFlatNtuples_1-81.root
   Adding file /mnt/hadoop/user/uscms01/pnfs/unl.edu/data4/cms/store/user/zflowers/Ewkinos/WJetsToLNu_TuneCP5_13TeV-madgraphMLM-pythia8/crab_extWJetsToLNu_TuneCP5_13TeV-madgraphMLM-pythia8RunIIFall17MiniAODv2/181219_234206/0000/stopFlatNtuples_1-82.root
   Adding file /mnt/hadoop/user/uscms01/pnfs/unl.edu/data4/cms/store/user/zflowers/Ewkinos/WJetsToLNu_TuneCP5_13TeV-madgraphMLM-pythia8/crab_extWJetsToLNu_TuneCP5_13TeV-madgraphMLM-pythia8RunIIFall17MiniAODv2/181219_234206/0000/stopFlatNtuples_1-83.root
   Adding file /mnt/hadoop/user/uscms01/pnfs/unl.edu/data4/cms/store/user/zflowers/Ewkinos/WJetsToLNu_TuneCP5_13TeV-madgraphMLM-pythia8/crab_extWJetsToLNu_TuneCP5_13TeV-madgraphMLM-pythia8RunIIFall17MiniAODv2/181219_234206/0000/stopFlatNtuples_1-84.root
   Adding file /mnt/hadoop/user/uscms01/pnfs/unl.edu/data4/cms/store/user/zflowers/Ewkinos/WJetsToLNu_TuneCP5_13TeV-madgraphMLM-pythia8/crab_extWJetsToLNu_TuneCP5_13TeV-madgraphMLM-pythia8RunIIFall17MiniAODv2/181219_234206/0000/stopFlatNtuples_1-85.root
   Adding file /mnt/hadoop/user/uscms01/pnfs/unl.edu/data4/cms/store/user/zflowers/Ewkinos/WJetsToLNu_TuneCP5_13TeV-madgraphMLM-pythia8/crab_extWJetsToLNu_TuneCP5_13TeV-madgraphMLM-pythia8RunIIFall17MiniAODv2/181219_234206/0000/stopFlatNtuples_1-86.root
   Adding file /mnt/hadoop/user/uscms01/pnfs/unl.edu/data4/cms/store/user/zflowers/Ewkinos/WJetsToLNu_TuneCP5_13TeV-madgraphMLM-pythia8/crab_extWJetsToLNu_TuneCP5_13TeV-madgraphMLM-pythia8RunIIFall17MiniAODv2/181219_234206/0000/stopFlatNtuples_1-87.root
   Adding file /mnt/hadoop/user/uscms01/pnfs/unl.edu/data4/cms/store/user/zflowers/Ewkinos/WJetsToLNu_TuneCP5_13TeV-madgraphMLM-pythia8/crab_extWJetsToLNu_TuneCP5_13TeV-madgraphMLM-pythia8RunIIFall17MiniAODv2/181219_234206/0000/stopFlatNtuples_1-88.root
   Adding file /mnt/hadoop/user/uscms01/pnfs/unl.edu/data4/cms/store/user/zflowers/Ewkinos/WJetsToLNu_TuneCP5_13TeV-madgraphMLM-pythia8/crab_extWJetsToLNu_TuneCP5_13TeV-madgraphMLM-pythia8RunIIFall17MiniAODv2/181219_234206/0000/stopFlatNtuples_1-89.root
   Adding file /mnt/hadoop/user/uscms01/pnfs/unl.edu/data4/cms/store/user/zflowers/Ewkinos/WJetsToLNu_TuneCP5_13TeV-madgraphMLM-pythia8/crab_extWJetsToLNu_TuneCP5_13TeV-madgraphMLM-pythia8RunIIFall17MiniAODv2/181219_234206/0000/stopFlatNtuples_1-9.root
   Adding file /mnt/hadoop/user/uscms01/pnfs/unl.edu/data4/cms/store/user/zflowers/Ewkinos/WJetsToLNu_TuneCP5_13TeV-madgraphMLM-pythia8/crab_extWJetsToLNu_TuneCP5_13TeV-madgraphMLM-pythia8RunIIFall17MiniAODv2/181219_234206/0000/stopFlatNtuples_1-90.root
   Adding file /mnt/hadoop/user/uscms01/pnfs/unl.edu/data4/cms/store/user/zflowers/Ewkinos/WJetsToLNu_TuneCP5_13TeV-madgraphMLM-pythia8/crab_extWJetsToLNu_TuneCP5_13TeV-madgraphMLM-pythia8RunIIFall17MiniAODv2/181219_234206/0000/stopFlatNtuples_1-91.root
   Adding file /mnt/hadoop/user/uscms01/pnfs/unl.edu/data4/cms/store/user/zflowers/Ewkinos/WJetsToLNu_TuneCP5_13TeV-madgraphMLM-pythia8/crab_extWJetsToLNu_TuneCP5_13TeV-madgraphMLM-pythia8RunIIFall17MiniAODv2/181219_234206/0000/stopFlatNtuples_1-92.root
   Adding file /mnt/hadoop/user/uscms01/pnfs/unl.edu/data4/cms/store/user/zflowers/Ewkinos/WJetsToLNu_TuneCP5_13TeV-madgraphMLM-pythia8/crab_extWJetsToLNu_TuneCP5_13TeV-madgraphMLM-pythia8RunIIFall17MiniAODv2/181219_234206/0000/stopFlatNtuples_1-93.root
   Adding file /mnt/hadoop/user/uscms01/pnfs/unl.edu/data4/cms/store/user/zflowers/Ewkinos/WJetsToLNu_TuneCP5_13TeV-madgraphMLM-pythia8/crab_extWJetsToLNu_TuneCP5_13TeV-madgraphMLM-pythia8RunIIFall17MiniAODv2/181219_234206/0000/stopFlatNtuples_1-94.root
   Adding file /mnt/hadoop/user/uscms01/pnfs/unl.edu/data4/cms/store/user/zflowers/Ewkinos/WJetsToLNu_TuneCP5_13TeV-madgraphMLM-pythia8/crab_extWJetsToLNu_TuneCP5_13TeV-madgraphMLM-pythia8RunIIFall17MiniAODv2/181219_234206/0000/stopFlatNtuples_1-95.root
 event = 0 : 1365107
 event = 136510 : 1365107
 event = 273020 : 1365107
 event = 409530 : 1365107
 event = 546040 : 1365107
 event = 682550 : 1365107
 event = 819060 : 1365107
 event = 955570 : 1365107
 event = 1092080 : 1365107
 event = 1228590 : 1365107
 event = 1365100 : 1365107
Ntree 1
