
[36mRestFrames v1.0.0 -- Developed by Christopher Rogan (crogan@cern.ch)
                     Copyright (c) 2014-2018, Christopher Rogan
                     http://RestFrames.com
[0m
   Adding file /mnt/hadoop/user/uscms01/pnfs/unl.edu/data4/cms/store/user/zflowers/Ewkinos/WJetsToQQ_HT600to800_qc19_3j_TuneCP5_13TeV-madgraphMLM-pythia8/crab_WJetsToQQ_HT600to800_qc19_3j_TuneCP5_13TeV-madgraphMLM-pythia8RunIIFall17MiniAODv2/181119_235130/0000/stopFlatNtuples_1-47.root
   Adding file /mnt/hadoop/user/uscms01/pnfs/unl.edu/data4/cms/store/user/zflowers/Ewkinos/WJetsToQQ_HT600to800_qc19_3j_TuneCP5_13TeV-madgraphMLM-pythia8/crab_WJetsToQQ_HT600to800_qc19_3j_TuneCP5_13TeV-madgraphMLM-pythia8RunIIFall17MiniAODv2/181119_235130/0000/stopFlatNtuples_1-48.root
   Adding file /mnt/hadoop/user/uscms01/pnfs/unl.edu/data4/cms/store/user/zflowers/Ewkinos/WJetsToQQ_HT600to800_qc19_3j_TuneCP5_13TeV-madgraphMLM-pythia8/crab_WJetsToQQ_HT600to800_qc19_3j_TuneCP5_13TeV-madgraphMLM-pythia8RunIIFall17MiniAODv2/181119_235130/0000/stopFlatNtuples_1-49.root
   Adding file /mnt/hadoop/user/uscms01/pnfs/unl.edu/data4/cms/store/user/zflowers/Ewkinos/WJetsToQQ_HT600to800_qc19_3j_TuneCP5_13TeV-madgraphMLM-pythia8/crab_WJetsToQQ_HT600to800_qc19_3j_TuneCP5_13TeV-madgraphMLM-pythia8RunIIFall17MiniAODv2/181119_235130/0000/stopFlatNtuples_1-5.root
   Adding file /mnt/hadoop/user/uscms01/pnfs/unl.edu/data4/cms/store/user/zflowers/Ewkinos/WJetsToQQ_HT600to800_qc19_3j_TuneCP5_13TeV-madgraphMLM-pythia8/crab_WJetsToQQ_HT600to800_qc19_3j_TuneCP5_13TeV-madgraphMLM-pythia8RunIIFall17MiniAODv2/181119_235130/0000/stopFlatNtuples_1-50.root
   Adding file /mnt/hadoop/user/uscms01/pnfs/unl.edu/data4/cms/store/user/zflowers/Ewkinos/WJetsToQQ_HT600to800_qc19_3j_TuneCP5_13TeV-madgraphMLM-pythia8/crab_WJetsToQQ_HT600to800_qc19_3j_TuneCP5_13TeV-madgraphMLM-pythia8RunIIFall17MiniAODv2/181119_235130/0000/stopFlatNtuples_1-51.root
   Adding file /mnt/hadoop/user/uscms01/pnfs/unl.edu/data4/cms/store/user/zflowers/Ewkinos/WJetsToQQ_HT600to800_qc19_3j_TuneCP5_13TeV-madgraphMLM-pythia8/crab_WJetsToQQ_HT600to800_qc19_3j_TuneCP5_13TeV-madgraphMLM-pythia8RunIIFall17MiniAODv2/181119_235130/0000/stopFlatNtuples_1-52.root
   Adding file /mnt/hadoop/user/uscms01/pnfs/unl.edu/data4/cms/store/user/zflowers/Ewkinos/WJetsToQQ_HT600to800_qc19_3j_TuneCP5_13TeV-madgraphMLM-pythia8/crab_WJetsToQQ_HT600to800_qc19_3j_TuneCP5_13TeV-madgraphMLM-pythia8RunIIFall17MiniAODv2/181119_235130/0000/stopFlatNtuples_1-53.root
   Adding file /mnt/hadoop/user/uscms01/pnfs/unl.edu/data4/cms/store/user/zflowers/Ewkinos/WJetsToQQ_HT600to800_qc19_3j_TuneCP5_13TeV-madgraphMLM-pythia8/crab_WJetsToQQ_HT600to800_qc19_3j_TuneCP5_13TeV-madgraphMLM-pythia8RunIIFall17MiniAODv2/181119_235130/0000/stopFlatNtuples_1-54.root
   Adding file /mnt/hadoop/user/uscms01/pnfs/unl.edu/data4/cms/store/user/zflowers/Ewkinos/WJetsToQQ_HT600to800_qc19_3j_TuneCP5_13TeV-madgraphMLM-pythia8/crab_WJetsToQQ_HT600to800_qc19_3j_TuneCP5_13TeV-madgraphMLM-pythia8RunIIFall17MiniAODv2/181119_235130/0000/stopFlatNtuples_1-55.root
   Adding file /mnt/hadoop/user/uscms01/pnfs/unl.edu/data4/cms/store/user/zflowers/Ewkinos/WJetsToQQ_HT600to800_qc19_3j_TuneCP5_13TeV-madgraphMLM-pythia8/crab_WJetsToQQ_HT600to800_qc19_3j_TuneCP5_13TeV-madgraphMLM-pythia8RunIIFall17MiniAODv2/181119_235130/0000/stopFlatNtuples_1-56.root
   Adding file /mnt/hadoop/user/uscms01/pnfs/unl.edu/data4/cms/store/user/zflowers/Ewkinos/WJetsToQQ_HT600to800_qc19_3j_TuneCP5_13TeV-madgraphMLM-pythia8/crab_WJetsToQQ_HT600to800_qc19_3j_TuneCP5_13TeV-madgraphMLM-pythia8RunIIFall17MiniAODv2/181119_235130/0000/stopFlatNtuples_1-57.root
   Adding file /mnt/hadoop/user/uscms01/pnfs/unl.edu/data4/cms/store/user/zflowers/Ewkinos/WJetsToQQ_HT600to800_qc19_3j_TuneCP5_13TeV-madgraphMLM-pythia8/crab_WJetsToQQ_HT600to800_qc19_3j_TuneCP5_13TeV-madgraphMLM-pythia8RunIIFall17MiniAODv2/181119_235130/0000/stopFlatNtuples_1-58.root
   Adding file /mnt/hadoop/user/uscms01/pnfs/unl.edu/data4/cms/store/user/zflowers/Ewkinos/WJetsToQQ_HT600to800_qc19_3j_TuneCP5_13TeV-madgraphMLM-pythia8/crab_WJetsToQQ_HT600to800_qc19_3j_TuneCP5_13TeV-madgraphMLM-pythia8RunIIFall17MiniAODv2/181119_235130/0000/stopFlatNtuples_1-59.root
   Adding file /mnt/hadoop/user/uscms01/pnfs/unl.edu/data4/cms/store/user/zflowers/Ewkinos/WJetsToQQ_HT600to800_qc19_3j_TuneCP5_13TeV-madgraphMLM-pythia8/crab_WJetsToQQ_HT600to800_qc19_3j_TuneCP5_13TeV-madgraphMLM-pythia8RunIIFall17MiniAODv2/181119_235130/0000/stopFlatNtuples_1-6.root
   Adding file /mnt/hadoop/user/uscms01/pnfs/unl.edu/data4/cms/store/user/zflowers/Ewkinos/WJetsToQQ_HT600to800_qc19_3j_TuneCP5_13TeV-madgraphMLM-pythia8/crab_WJetsToQQ_HT600to800_qc19_3j_TuneCP5_13TeV-madgraphMLM-pythia8RunIIFall17MiniAODv2/181119_235130/0000/stopFlatNtuples_1-60.root
   Adding file /mnt/hadoop/user/uscms01/pnfs/unl.edu/data4/cms/store/user/zflowers/Ewkinos/WJetsToQQ_HT600to800_qc19_3j_TuneCP5_13TeV-madgraphMLM-pythia8/crab_WJetsToQQ_HT600to800_qc19_3j_TuneCP5_13TeV-madgraphMLM-pythia8RunIIFall17MiniAODv2/181119_235130/0000/stopFlatNtuples_1-61.root
   Adding file /mnt/hadoop/user/uscms01/pnfs/unl.edu/data4/cms/store/user/zflowers/Ewkinos/WJetsToQQ_HT600to800_qc19_3j_TuneCP5_13TeV-madgraphMLM-pythia8/crab_WJetsToQQ_HT600to800_qc19_3j_TuneCP5_13TeV-madgraphMLM-pythia8RunIIFall17MiniAODv2/181119_235130/0000/stopFlatNtuples_1-62.root
   Adding file /mnt/hadoop/user/uscms01/pnfs/unl.edu/data4/cms/store/user/zflowers/Ewkinos/WJetsToQQ_HT600to800_qc19_3j_TuneCP5_13TeV-madgraphMLM-pythia8/crab_WJetsToQQ_HT600to800_qc19_3j_TuneCP5_13TeV-madgraphMLM-pythia8RunIIFall17MiniAODv2/181119_235130/0000/stopFlatNtuples_1-63.root
   Adding file /mnt/hadoop/user/uscms01/pnfs/unl.edu/data4/cms/store/user/zflowers/Ewkinos/WJetsToQQ_HT600to800_qc19_3j_TuneCP5_13TeV-madgraphMLM-pythia8/crab_WJetsToQQ_HT600to800_qc19_3j_TuneCP5_13TeV-madgraphMLM-pythia8RunIIFall17MiniAODv2/181119_235130/0000/stopFlatNtuples_1-64.root
   Adding file /mnt/hadoop/user/uscms01/pnfs/unl.edu/data4/cms/store/user/zflowers/Ewkinos/WJetsToQQ_HT600to800_qc19_3j_TuneCP5_13TeV-madgraphMLM-pythia8/crab_WJetsToQQ_HT600to800_qc19_3j_TuneCP5_13TeV-madgraphMLM-pythia8RunIIFall17MiniAODv2/181119_235130/0000/stopFlatNtuples_1-65.root
   Adding file /mnt/hadoop/user/uscms01/pnfs/unl.edu/data4/cms/store/user/zflowers/Ewkinos/WJetsToQQ_HT600to800_qc19_3j_TuneCP5_13TeV-madgraphMLM-pythia8/crab_WJetsToQQ_HT600to800_qc19_3j_TuneCP5_13TeV-madgraphMLM-pythia8RunIIFall17MiniAODv2/181119_235130/0000/stopFlatNtuples_1-66.root
   Adding file /mnt/hadoop/user/uscms01/pnfs/unl.edu/data4/cms/store/user/zflowers/Ewkinos/WJetsToQQ_HT600to800_qc19_3j_TuneCP5_13TeV-madgraphMLM-pythia8/crab_WJetsToQQ_HT600to800_qc19_3j_TuneCP5_13TeV-madgraphMLM-pythia8RunIIFall17MiniAODv2/181119_235130/0000/stopFlatNtuples_1-67.root
   Adding file /mnt/hadoop/user/uscms01/pnfs/unl.edu/data4/cms/store/user/zflowers/Ewkinos/WJetsToQQ_HT600to800_qc19_3j_TuneCP5_13TeV-madgraphMLM-pythia8/crab_WJetsToQQ_HT600to800_qc19_3j_TuneCP5_13TeV-madgraphMLM-pythia8RunIIFall17MiniAODv2/181119_235130/0000/stopFlatNtuples_1-68.root
   Adding file /mnt/hadoop/user/uscms01/pnfs/unl.edu/data4/cms/store/user/zflowers/Ewkinos/WJetsToQQ_HT600to800_qc19_3j_TuneCP5_13TeV-madgraphMLM-pythia8/crab_WJetsToQQ_HT600to800_qc19_3j_TuneCP5_13TeV-madgraphMLM-pythia8RunIIFall17MiniAODv2/181119_235130/0000/stopFlatNtuples_1-69.root
   Adding file /mnt/hadoop/user/uscms01/pnfs/unl.edu/data4/cms/store/user/zflowers/Ewkinos/WJetsToQQ_HT600to800_qc19_3j_TuneCP5_13TeV-madgraphMLM-pythia8/crab_WJetsToQQ_HT600to800_qc19_3j_TuneCP5_13TeV-madgraphMLM-pythia8RunIIFall17MiniAODv2/181119_235130/0000/stopFlatNtuples_1-7.root
   Adding file /mnt/hadoop/user/uscms01/pnfs/unl.edu/data4/cms/store/user/zflowers/Ewkinos/WJetsToQQ_HT600to800_qc19_3j_TuneCP5_13TeV-madgraphMLM-pythia8/crab_WJetsToQQ_HT600to800_qc19_3j_TuneCP5_13TeV-madgraphMLM-pythia8RunIIFall17MiniAODv2/181119_235130/0000/stopFlatNtuples_1-70.root
   Adding file /mnt/hadoop/user/uscms01/pnfs/unl.edu/data4/cms/store/user/zflowers/Ewkinos/WJetsToQQ_HT600to800_qc19_3j_TuneCP5_13TeV-madgraphMLM-pythia8/crab_WJetsToQQ_HT600to800_qc19_3j_TuneCP5_13TeV-madgraphMLM-pythia8RunIIFall17MiniAODv2/181119_235130/0000/stopFlatNtuples_1-71.root
   Adding file /mnt/hadoop/user/uscms01/pnfs/unl.edu/data4/cms/store/user/zflowers/Ewkinos/WJetsToQQ_HT600to800_qc19_3j_TuneCP5_13TeV-madgraphMLM-pythia8/crab_WJetsToQQ_HT600to800_qc19_3j_TuneCP5_13TeV-madgraphMLM-pythia8RunIIFall17MiniAODv2/181119_235130/0000/stopFlatNtuples_1-72.root
   Adding file /mnt/hadoop/user/uscms01/pnfs/unl.edu/data4/cms/store/user/zflowers/Ewkinos/WJetsToQQ_HT600to800_qc19_3j_TuneCP5_13TeV-madgraphMLM-pythia8/crab_WJetsToQQ_HT600to800_qc19_3j_TuneCP5_13TeV-madgraphMLM-pythia8RunIIFall17MiniAODv2/181119_235130/0000/stopFlatNtuples_1-73.root
   Adding file /mnt/hadoop/user/uscms01/pnfs/unl.edu/data4/cms/store/user/zflowers/Ewkinos/WJetsToQQ_HT600to800_qc19_3j_TuneCP5_13TeV-madgraphMLM-pythia8/crab_WJetsToQQ_HT600to800_qc19_3j_TuneCP5_13TeV-madgraphMLM-pythia8RunIIFall17MiniAODv2/181119_235130/0000/stopFlatNtuples_1-74.root
   Adding file /mnt/hadoop/user/uscms01/pnfs/unl.edu/data4/cms/store/user/zflowers/Ewkinos/WJetsToQQ_HT600to800_qc19_3j_TuneCP5_13TeV-madgraphMLM-pythia8/crab_WJetsToQQ_HT600to800_qc19_3j_TuneCP5_13TeV-madgraphMLM-pythia8RunIIFall17MiniAODv2/181119_235130/0000/stopFlatNtuples_1-75.root
   Adding file /mnt/hadoop/user/uscms01/pnfs/unl.edu/data4/cms/store/user/zflowers/Ewkinos/WJetsToQQ_HT600to800_qc19_3j_TuneCP5_13TeV-madgraphMLM-pythia8/crab_WJetsToQQ_HT600to800_qc19_3j_TuneCP5_13TeV-madgraphMLM-pythia8RunIIFall17MiniAODv2/181119_235130/0000/stopFlatNtuples_1-76.root
   Adding file /mnt/hadoop/user/uscms01/pnfs/unl.edu/data4/cms/store/user/zflowers/Ewkinos/WJetsToQQ_HT600to800_qc19_3j_TuneCP5_13TeV-madgraphMLM-pythia8/crab_WJetsToQQ_HT600to800_qc19_3j_TuneCP5_13TeV-madgraphMLM-pythia8RunIIFall17MiniAODv2/181119_235130/0000/stopFlatNtuples_1-77.root
   Adding file /mnt/hadoop/user/uscms01/pnfs/unl.edu/data4/cms/store/user/zflowers/Ewkinos/WJetsToQQ_HT600to800_qc19_3j_TuneCP5_13TeV-madgraphMLM-pythia8/crab_WJetsToQQ_HT600to800_qc19_3j_TuneCP5_13TeV-madgraphMLM-pythia8RunIIFall17MiniAODv2/181119_235130/0000/stopFlatNtuples_1-78.root
   Adding file /mnt/hadoop/user/uscms01/pnfs/unl.edu/data4/cms/store/user/zflowers/Ewkinos/WJetsToQQ_HT600to800_qc19_3j_TuneCP5_13TeV-madgraphMLM-pythia8/crab_WJetsToQQ_HT600to800_qc19_3j_TuneCP5_13TeV-madgraphMLM-pythia8RunIIFall17MiniAODv2/181119_235130/0000/stopFlatNtuples_1-79.root
   Adding file /mnt/hadoop/user/uscms01/pnfs/unl.edu/data4/cms/store/user/zflowers/Ewkinos/WJetsToQQ_HT600to800_qc19_3j_TuneCP5_13TeV-madgraphMLM-pythia8/crab_WJetsToQQ_HT600to800_qc19_3j_TuneCP5_13TeV-madgraphMLM-pythia8RunIIFall17MiniAODv2/181119_235130/0000/stopFlatNtuples_1-8.root
   Adding file /mnt/hadoop/user/uscms01/pnfs/unl.edu/data4/cms/store/user/zflowers/Ewkinos/WJetsToQQ_HT600to800_qc19_3j_TuneCP5_13TeV-madgraphMLM-pythia8/crab_WJetsToQQ_HT600to800_qc19_3j_TuneCP5_13TeV-madgraphMLM-pythia8RunIIFall17MiniAODv2/181119_235130/0000/stopFlatNtuples_1-80.root
   Adding file /mnt/hadoop/user/uscms01/pnfs/unl.edu/data4/cms/store/user/zflowers/Ewkinos/WJetsToQQ_HT600to800_qc19_3j_TuneCP5_13TeV-madgraphMLM-pythia8/crab_WJetsToQQ_HT600to800_qc19_3j_TuneCP5_13TeV-madgraphMLM-pythia8RunIIFall17MiniAODv2/181119_235130/0000/stopFlatNtuples_1-81.root
   Adding file /mnt/hadoop/user/uscms01/pnfs/unl.edu/data4/cms/store/user/zflowers/Ewkinos/WJetsToQQ_HT600to800_qc19_3j_TuneCP5_13TeV-madgraphMLM-pythia8/crab_WJetsToQQ_HT600to800_qc19_3j_TuneCP5_13TeV-madgraphMLM-pythia8RunIIFall17MiniAODv2/181119_235130/0000/stopFlatNtuples_1-82.root
   Adding file /mnt/hadoop/user/uscms01/pnfs/unl.edu/data4/cms/store/user/zflowers/Ewkinos/WJetsToQQ_HT600to800_qc19_3j_TuneCP5_13TeV-madgraphMLM-pythia8/crab_WJetsToQQ_HT600to800_qc19_3j_TuneCP5_13TeV-madgraphMLM-pythia8RunIIFall17MiniAODv2/181119_235130/0000/stopFlatNtuples_1-83.root
   Adding file /mnt/hadoop/user/uscms01/pnfs/unl.edu/data4/cms/store/user/zflowers/Ewkinos/WJetsToQQ_HT600to800_qc19_3j_TuneCP5_13TeV-madgraphMLM-pythia8/crab_WJetsToQQ_HT600to800_qc19_3j_TuneCP5_13TeV-madgraphMLM-pythia8RunIIFall17MiniAODv2/181119_235130/0000/stopFlatNtuples_1-84.root
   Adding file /mnt/hadoop/user/uscms01/pnfs/unl.edu/data4/cms/store/user/zflowers/Ewkinos/WJetsToQQ_HT600to800_qc19_3j_TuneCP5_13TeV-madgraphMLM-pythia8/crab_WJetsToQQ_HT600to800_qc19_3j_TuneCP5_13TeV-madgraphMLM-pythia8RunIIFall17MiniAODv2/181119_235130/0000/stopFlatNtuples_1-85.root
   Adding file /mnt/hadoop/user/uscms01/pnfs/unl.edu/data4/cms/store/user/zflowers/Ewkinos/WJetsToQQ_HT600to800_qc19_3j_TuneCP5_13TeV-madgraphMLM-pythia8/crab_WJetsToQQ_HT600to800_qc19_3j_TuneCP5_13TeV-madgraphMLM-pythia8RunIIFall17MiniAODv2/181119_235130/0000/stopFlatNtuples_1-86.root
   Adding file /mnt/hadoop/user/uscms01/pnfs/unl.edu/data4/cms/store/user/zflowers/Ewkinos/WJetsToQQ_HT600to800_qc19_3j_TuneCP5_13TeV-madgraphMLM-pythia8/crab_WJetsToQQ_HT600to800_qc19_3j_TuneCP5_13TeV-madgraphMLM-pythia8RunIIFall17MiniAODv2/181119_235130/0000/stopFlatNtuples_1-87.root
   Adding file /mnt/hadoop/user/uscms01/pnfs/unl.edu/data4/cms/store/user/zflowers/Ewkinos/WJetsToQQ_HT600to800_qc19_3j_TuneCP5_13TeV-madgraphMLM-pythia8/crab_WJetsToQQ_HT600to800_qc19_3j_TuneCP5_13TeV-madgraphMLM-pythia8RunIIFall17MiniAODv2/181119_235130/0000/stopFlatNtuples_1-88.root
   Adding file /mnt/hadoop/user/uscms01/pnfs/unl.edu/data4/cms/store/user/zflowers/Ewkinos/WJetsToQQ_HT600to800_qc19_3j_TuneCP5_13TeV-madgraphMLM-pythia8/crab_WJetsToQQ_HT600to800_qc19_3j_TuneCP5_13TeV-madgraphMLM-pythia8RunIIFall17MiniAODv2/181119_235130/0000/stopFlatNtuples_1-89.root
   Adding file /mnt/hadoop/user/uscms01/pnfs/unl.edu/data4/cms/store/user/zflowers/Ewkinos/WJetsToQQ_HT600to800_qc19_3j_TuneCP5_13TeV-madgraphMLM-pythia8/crab_WJetsToQQ_HT600to800_qc19_3j_TuneCP5_13TeV-madgraphMLM-pythia8RunIIFall17MiniAODv2/181119_235130/0000/stopFlatNtuples_1-9.root
   Adding file /mnt/hadoop/user/uscms01/pnfs/unl.edu/data4/cms/store/user/zflowers/Ewkinos/WJetsToQQ_HT600to800_qc19_3j_TuneCP5_13TeV-madgraphMLM-pythia8/crab_WJetsToQQ_HT600to800_qc19_3j_TuneCP5_13TeV-madgraphMLM-pythia8RunIIFall17MiniAODv2/181119_235130/0000/stopFlatNtuples_1-90.root
   Adding file /mnt/hadoop/user/uscms01/pnfs/unl.edu/data4/cms/store/user/zflowers/Ewkinos/WJetsToQQ_HT600to800_qc19_3j_TuneCP5_13TeV-madgraphMLM-pythia8/crab_WJetsToQQ_HT600to800_qc19_3j_TuneCP5_13TeV-madgraphMLM-pythia8RunIIFall17MiniAODv2/181119_235130/0000/stopFlatNtuples_1-91.root
   Adding file /mnt/hadoop/user/uscms01/pnfs/unl.edu/data4/cms/store/user/zflowers/Ewkinos/WJetsToQQ_HT600to800_qc19_3j_TuneCP5_13TeV-madgraphMLM-pythia8/crab_WJetsToQQ_HT600to800_qc19_3j_TuneCP5_13TeV-madgraphMLM-pythia8RunIIFall17MiniAODv2/181119_235130/0000/stopFlatNtuples_1-92.root
   Adding file /mnt/hadoop/user/uscms01/pnfs/unl.edu/data4/cms/store/user/zflowers/Ewkinos/WJetsToQQ_HT600to800_qc19_3j_TuneCP5_13TeV-madgraphMLM-pythia8/crab_WJetsToQQ_HT600to800_qc19_3j_TuneCP5_13TeV-madgraphMLM-pythia8RunIIFall17MiniAODv2/181119_235130/0000/stopFlatNtuples_1-93.root
   Adding file /mnt/hadoop/user/uscms01/pnfs/unl.edu/data4/cms/store/user/zflowers/Ewkinos/WJetsToQQ_HT600to800_qc19_3j_TuneCP5_13TeV-madgraphMLM-pythia8/crab_WJetsToQQ_HT600to800_qc19_3j_TuneCP5_13TeV-madgraphMLM-pythia8RunIIFall17MiniAODv2/181119_235130/0000/stopFlatNtuples_1-94.root
   Adding file /mnt/hadoop/user/uscms01/pnfs/unl.edu/data4/cms/store/user/zflowers/Ewkinos/WJetsToQQ_HT600to800_qc19_3j_TuneCP5_13TeV-madgraphMLM-pythia8/crab_WJetsToQQ_HT600to800_qc19_3j_TuneCP5_13TeV-madgraphMLM-pythia8RunIIFall17MiniAODv2/181119_235130/0000/stopFlatNtuples_1-95.root
   Adding file /mnt/hadoop/user/uscms01/pnfs/unl.edu/data4/cms/store/user/zflowers/Ewkinos/WJetsToQQ_HT600to800_qc19_3j_TuneCP5_13TeV-madgraphMLM-pythia8/crab_WJetsToQQ_HT600to800_qc19_3j_TuneCP5_13TeV-madgraphMLM-pythia8RunIIFall17MiniAODv2/181119_235130/0000/stopFlatNtuples_1-96.root
   Adding file /mnt/hadoop/user/uscms01/pnfs/unl.edu/data4/cms/store/user/zflowers/Ewkinos/WJetsToQQ_HT600to800_qc19_3j_TuneCP5_13TeV-madgraphMLM-pythia8/crab_WJetsToQQ_HT600to800_qc19_3j_TuneCP5_13TeV-madgraphMLM-pythia8RunIIFall17MiniAODv2/181119_235130/0000/stopFlatNtuples_1-97.root
   Adding file /mnt/hadoop/user/uscms01/pnfs/unl.edu/data4/cms/store/user/zflowers/Ewkinos/WJetsToQQ_HT600to800_qc19_3j_TuneCP5_13TeV-madgraphMLM-pythia8/crab_WJetsToQQ_HT600to800_qc19_3j_TuneCP5_13TeV-madgraphMLM-pythia8RunIIFall17MiniAODv2/181119_235130/0000/stopFlatNtuples_1-98.root
   Adding file /mnt/hadoop/user/uscms01/pnfs/unl.edu/data4/cms/store/user/zflowers/Ewkinos/WJetsToQQ_HT600to800_qc19_3j_TuneCP5_13TeV-madgraphMLM-pythia8/crab_WJetsToQQ_HT600to800_qc19_3j_TuneCP5_13TeV-madgraphMLM-pythia8RunIIFall17MiniAODv2/181119_235130/0000/stopFlatNtuples_1-99.root
   Adding file /mnt/hadoop/user/uscms01/pnfs/unl.edu/data4/cms/store/user/zflowers/Ewkinos/WJetsToQQ_HT600to800_qc19_3j_TuneCP5_13TeV-madgraphMLM-pythia8/crab_WJetsToQQ_HT600to800_qc19_3j_TuneCP5_13TeV-madgraphMLM-pythia8RunIIFall17MiniAODv2/181119_235130/0000/stopFlatNtuples_101.root
   Adding file /mnt/hadoop/user/uscms01/pnfs/unl.edu/data4/cms/store/user/zflowers/Ewkinos/WJetsToQQ_HT600to800_qc19_3j_TuneCP5_13TeV-madgraphMLM-pythia8/crab_WJetsToQQ_HT600to800_qc19_3j_TuneCP5_13TeV-madgraphMLM-pythia8RunIIFall17MiniAODv2/181119_235130/0000/stopFlatNtuples_102.root
   Adding file /mnt/hadoop/user/uscms01/pnfs/unl.edu/data4/cms/store/user/zflowers/Ewkinos/WJetsToQQ_HT600to800_qc19_3j_TuneCP5_13TeV-madgraphMLM-pythia8/crab_WJetsToQQ_HT600to800_qc19_3j_TuneCP5_13TeV-madgraphMLM-pythia8RunIIFall17MiniAODv2/181119_235130/0000/stopFlatNtuples_103.root
   Adding file /mnt/hadoop/user/uscms01/pnfs/unl.edu/data4/cms/store/user/zflowers/Ewkinos/WJetsToQQ_HT600to800_qc19_3j_TuneCP5_13TeV-madgraphMLM-pythia8/crab_WJetsToQQ_HT600to800_qc19_3j_TuneCP5_13TeV-madgraphMLM-pythia8RunIIFall17MiniAODv2/181119_235130/0000/stopFlatNtuples_104.root
   Adding file /mnt/hadoop/user/uscms01/pnfs/unl.edu/data4/cms/store/user/zflowers/Ewkinos/WJetsToQQ_HT600to800_qc19_3j_TuneCP5_13TeV-madgraphMLM-pythia8/crab_WJetsToQQ_HT600to800_qc19_3j_TuneCP5_13TeV-madgraphMLM-pythia8RunIIFall17MiniAODv2/181119_235130/0000/stopFlatNtuples_105.root
   Adding file /mnt/hadoop/user/uscms01/pnfs/unl.edu/data4/cms/store/user/zflowers/Ewkinos/WJetsToQQ_HT600to800_qc19_3j_TuneCP5_13TeV-madgraphMLM-pythia8/crab_WJetsToQQ_HT600to800_qc19_3j_TuneCP5_13TeV-madgraphMLM-pythia8RunIIFall17MiniAODv2/181119_235130/0000/stopFlatNtuples_106.root
   Adding file /mnt/hadoop/user/uscms01/pnfs/unl.edu/data4/cms/store/user/zflowers/Ewkinos/WJetsToQQ_HT600to800_qc19_3j_TuneCP5_13TeV-madgraphMLM-pythia8/crab_WJetsToQQ_HT600to800_qc19_3j_TuneCP5_13TeV-madgraphMLM-pythia8RunIIFall17MiniAODv2/181119_235130/0000/stopFlatNtuples_107.root
   Adding file /mnt/hadoop/user/uscms01/pnfs/unl.edu/data4/cms/store/user/zflowers/Ewkinos/WJetsToQQ_HT600to800_qc19_3j_TuneCP5_13TeV-madgraphMLM-pythia8/crab_WJetsToQQ_HT600to800_qc19_3j_TuneCP5_13TeV-madgraphMLM-pythia8RunIIFall17MiniAODv2/181119_235130/0000/stopFlatNtuples_109.root
   Adding file /mnt/hadoop/user/uscms01/pnfs/unl.edu/data4/cms/store/user/zflowers/Ewkinos/WJetsToQQ_HT600to800_qc19_3j_TuneCP5_13TeV-madgraphMLM-pythia8/crab_WJetsToQQ_HT600to800_qc19_3j_TuneCP5_13TeV-madgraphMLM-pythia8RunIIFall17MiniAODv2/181119_235130/0000/stopFlatNtuples_110.root
   Adding file /mnt/hadoop/user/uscms01/pnfs/unl.edu/data4/cms/store/user/zflowers/Ewkinos/WJetsToQQ_HT600to800_qc19_3j_TuneCP5_13TeV-madgraphMLM-pythia8/crab_WJetsToQQ_HT600to800_qc19_3j_TuneCP5_13TeV-madgraphMLM-pythia8RunIIFall17MiniAODv2/181119_235130/0000/stopFlatNtuples_113.root
   Adding file /mnt/hadoop/user/uscms01/pnfs/unl.edu/data4/cms/store/user/zflowers/Ewkinos/WJetsToQQ_HT600to800_qc19_3j_TuneCP5_13TeV-madgraphMLM-pythia8/crab_WJetsToQQ_HT600to800_qc19_3j_TuneCP5_13TeV-madgraphMLM-pythia8RunIIFall17MiniAODv2/181119_235130/0000/stopFlatNtuples_117.root
   Adding file /mnt/hadoop/user/uscms01/pnfs/unl.edu/data4/cms/store/user/zflowers/Ewkinos/WJetsToQQ_HT600to800_qc19_3j_TuneCP5_13TeV-madgraphMLM-pythia8/crab_WJetsToQQ_HT600to800_qc19_3j_TuneCP5_13TeV-madgraphMLM-pythia8RunIIFall17MiniAODv2/181119_235130/0000/stopFlatNtuples_118.root
   Adding file /mnt/hadoop/user/uscms01/pnfs/unl.edu/data4/cms/store/user/zflowers/Ewkinos/WJetsToQQ_HT600to800_qc19_3j_TuneCP5_13TeV-madgraphMLM-pythia8/crab_WJetsToQQ_HT600to800_qc19_3j_TuneCP5_13TeV-madgraphMLM-pythia8RunIIFall17MiniAODv2/181119_235130/0000/stopFlatNtuples_119.root
   Adding file /mnt/hadoop/user/uscms01/pnfs/unl.edu/data4/cms/store/user/zflowers/Ewkinos/WJetsToQQ_HT600to800_qc19_3j_TuneCP5_13TeV-madgraphMLM-pythia8/crab_WJetsToQQ_HT600to800_qc19_3j_TuneCP5_13TeV-madgraphMLM-pythia8RunIIFall17MiniAODv2/181119_235130/0000/stopFlatNtuples_120.root
   Adding file /mnt/hadoop/user/uscms01/pnfs/unl.edu/data4/cms/store/user/zflowers/Ewkinos/WJetsToQQ_HT600to800_qc19_3j_TuneCP5_13TeV-madgraphMLM-pythia8/crab_WJetsToQQ_HT600to800_qc19_3j_TuneCP5_13TeV-madgraphMLM-pythia8RunIIFall17MiniAODv2/181119_235130/0000/stopFlatNtuples_121.root
   Adding file /mnt/hadoop/user/uscms01/pnfs/unl.edu/data4/cms/store/user/zflowers/Ewkinos/WJetsToQQ_HT600to800_qc19_3j_TuneCP5_13TeV-madgraphMLM-pythia8/crab_WJetsToQQ_HT600to800_qc19_3j_TuneCP5_13TeV-madgraphMLM-pythia8RunIIFall17MiniAODv2/181119_235130/0000/stopFlatNtuples_122.root
   Adding file /mnt/hadoop/user/uscms01/pnfs/unl.edu/data4/cms/store/user/zflowers/Ewkinos/WJetsToQQ_HT600to800_qc19_3j_TuneCP5_13TeV-madgraphMLM-pythia8/crab_WJetsToQQ_HT600to800_qc19_3j_TuneCP5_13TeV-madgraphMLM-pythia8RunIIFall17MiniAODv2/181119_235130/0000/stopFlatNtuples_123.root
   Adding file /mnt/hadoop/user/uscms01/pnfs/unl.edu/data4/cms/store/user/zflowers/Ewkinos/WJetsToQQ_HT600to800_qc19_3j_TuneCP5_13TeV-madgraphMLM-pythia8/crab_WJetsToQQ_HT600to800_qc19_3j_TuneCP5_13TeV-madgraphMLM-pythia8RunIIFall17MiniAODv2/181119_235130/0000/stopFlatNtuples_124.root
   Adding file /mnt/hadoop/user/uscms01/pnfs/unl.edu/data4/cms/store/user/zflowers/Ewkinos/WJetsToQQ_HT600to800_qc19_3j_TuneCP5_13TeV-madgraphMLM-pythia8/crab_WJetsToQQ_HT600to800_qc19_3j_TuneCP5_13TeV-madgraphMLM-pythia8RunIIFall17MiniAODv2/181119_235130/0000/stopFlatNtuples_125.root
   Adding file /mnt/hadoop/user/uscms01/pnfs/unl.edu/data4/cms/store/user/zflowers/Ewkinos/WJetsToQQ_HT600to800_qc19_3j_TuneCP5_13TeV-madgraphMLM-pythia8/crab_WJetsToQQ_HT600to800_qc19_3j_TuneCP5_13TeV-madgraphMLM-pythia8RunIIFall17MiniAODv2/181119_235130/0000/stopFlatNtuples_126.root
   Adding file /mnt/hadoop/user/uscms01/pnfs/unl.edu/data4/cms/store/user/zflowers/Ewkinos/WJetsToQQ_HT600to800_qc19_3j_TuneCP5_13TeV-madgraphMLM-pythia8/crab_WJetsToQQ_HT600to800_qc19_3j_TuneCP5_13TeV-madgraphMLM-pythia8RunIIFall17MiniAODv2/181119_235130/0000/stopFlatNtuples_127.root
   Adding file /mnt/hadoop/user/uscms01/pnfs/unl.edu/data4/cms/store/user/zflowers/Ewkinos/WJetsToQQ_HT600to800_qc19_3j_TuneCP5_13TeV-madgraphMLM-pythia8/crab_WJetsToQQ_HT600to800_qc19_3j_TuneCP5_13TeV-madgraphMLM-pythia8RunIIFall17MiniAODv2/181119_235130/0000/stopFlatNtuples_130.root
   Adding file /mnt/hadoop/user/uscms01/pnfs/unl.edu/data4/cms/store/user/zflowers/Ewkinos/WJetsToQQ_HT600to800_qc19_3j_TuneCP5_13TeV-madgraphMLM-pythia8/crab_WJetsToQQ_HT600to800_qc19_3j_TuneCP5_13TeV-madgraphMLM-pythia8RunIIFall17MiniAODv2/181119_235130/0000/stopFlatNtuples_132.root
   Adding file /mnt/hadoop/user/uscms01/pnfs/unl.edu/data4/cms/store/user/zflowers/Ewkinos/WJetsToQQ_HT600to800_qc19_3j_TuneCP5_13TeV-madgraphMLM-pythia8/crab_WJetsToQQ_HT600to800_qc19_3j_TuneCP5_13TeV-madgraphMLM-pythia8RunIIFall17MiniAODv2/181119_235130/0000/stopFlatNtuples_14.root
   Adding file /mnt/hadoop/user/uscms01/pnfs/unl.edu/data4/cms/store/user/zflowers/Ewkinos/WJetsToQQ_HT600to800_qc19_3j_TuneCP5_13TeV-madgraphMLM-pythia8/crab_WJetsToQQ_HT600to800_qc19_3j_TuneCP5_13TeV-madgraphMLM-pythia8RunIIFall17MiniAODv2/181119_235130/0000/stopFlatNtuples_143.root
   Adding file /mnt/hadoop/user/uscms01/pnfs/unl.edu/data4/cms/store/user/zflowers/Ewkinos/WJetsToQQ_HT600to800_qc19_3j_TuneCP5_13TeV-madgraphMLM-pythia8/crab_WJetsToQQ_HT600to800_qc19_3j_TuneCP5_13TeV-madgraphMLM-pythia8RunIIFall17MiniAODv2/181119_235130/0000/stopFlatNtuples_147.root
   Adding file /mnt/hadoop/user/uscms01/pnfs/unl.edu/data4/cms/store/user/zflowers/Ewkinos/WJetsToQQ_HT600to800_qc19_3j_TuneCP5_13TeV-madgraphMLM-pythia8/crab_WJetsToQQ_HT600to800_qc19_3j_TuneCP5_13TeV-madgraphMLM-pythia8RunIIFall17MiniAODv2/181119_235130/0000/stopFlatNtuples_148.root
   Adding file /mnt/hadoop/user/uscms01/pnfs/unl.edu/data4/cms/store/user/zflowers/Ewkinos/WJetsToQQ_HT600to800_qc19_3j_TuneCP5_13TeV-madgraphMLM-pythia8/crab_WJetsToQQ_HT600to800_qc19_3j_TuneCP5_13TeV-madgraphMLM-pythia8RunIIFall17MiniAODv2/181119_235130/0000/stopFlatNtuples_149.root
   Adding file /mnt/hadoop/user/uscms01/pnfs/unl.edu/data4/cms/store/user/zflowers/Ewkinos/WJetsToQQ_HT600to800_qc19_3j_TuneCP5_13TeV-madgraphMLM-pythia8/crab_WJetsToQQ_HT600to800_qc19_3j_TuneCP5_13TeV-madgraphMLM-pythia8RunIIFall17MiniAODv2/181119_235130/0000/stopFlatNtuples_15.root
   Adding file /mnt/hadoop/user/uscms01/pnfs/unl.edu/data4/cms/store/user/zflowers/Ewkinos/WJetsToQQ_HT600to800_qc19_3j_TuneCP5_13TeV-madgraphMLM-pythia8/crab_WJetsToQQ_HT600to800_qc19_3j_TuneCP5_13TeV-madgraphMLM-pythia8RunIIFall17MiniAODv2/181119_235130/0000/stopFlatNtuples_153.root
   Adding file /mnt/hadoop/user/uscms01/pnfs/unl.edu/data4/cms/store/user/zflowers/Ewkinos/WJetsToQQ_HT600to800_qc19_3j_TuneCP5_13TeV-madgraphMLM-pythia8/crab_WJetsToQQ_HT600to800_qc19_3j_TuneCP5_13TeV-madgraphMLM-pythia8RunIIFall17MiniAODv2/181119_235130/0000/stopFlatNtuples_154.root
   Adding file /mnt/hadoop/user/uscms01/pnfs/unl.edu/data4/cms/store/user/zflowers/Ewkinos/WJetsToQQ_HT600to800_qc19_3j_TuneCP5_13TeV-madgraphMLM-pythia8/crab_WJetsToQQ_HT600to800_qc19_3j_TuneCP5_13TeV-madgraphMLM-pythia8RunIIFall17MiniAODv2/181119_235130/0000/stopFlatNtuples_155.root
   Adding file /mnt/hadoop/user/uscms01/pnfs/unl.edu/data4/cms/store/user/zflowers/Ewkinos/WJetsToQQ_HT600to800_qc19_3j_TuneCP5_13TeV-madgraphMLM-pythia8/crab_WJetsToQQ_HT600to800_qc19_3j_TuneCP5_13TeV-madgraphMLM-pythia8RunIIFall17MiniAODv2/181119_235130/0000/stopFlatNtuples_156.root
   Adding file /mnt/hadoop/user/uscms01/pnfs/unl.edu/data4/cms/store/user/zflowers/Ewkinos/WJetsToQQ_HT600to800_qc19_3j_TuneCP5_13TeV-madgraphMLM-pythia8/crab_WJetsToQQ_HT600to800_qc19_3j_TuneCP5_13TeV-madgraphMLM-pythia8RunIIFall17MiniAODv2/181119_235130/0000/stopFlatNtuples_159.root
   Adding file /mnt/hadoop/user/uscms01/pnfs/unl.edu/data4/cms/store/user/zflowers/Ewkinos/WJetsToQQ_HT600to800_qc19_3j_TuneCP5_13TeV-madgraphMLM-pythia8/crab_WJetsToQQ_HT600to800_qc19_3j_TuneCP5_13TeV-madgraphMLM-pythia8RunIIFall17MiniAODv2/181119_235130/0000/stopFlatNtuples_161.root
   Adding file /mnt/hadoop/user/uscms01/pnfs/unl.edu/data4/cms/store/user/zflowers/Ewkinos/WJetsToQQ_HT600to800_qc19_3j_TuneCP5_13TeV-madgraphMLM-pythia8/crab_WJetsToQQ_HT600to800_qc19_3j_TuneCP5_13TeV-madgraphMLM-pythia8RunIIFall17MiniAODv2/181119_235130/0000/stopFlatNtuples_167.root
   Adding file /mnt/hadoop/user/uscms01/pnfs/unl.edu/data4/cms/store/user/zflowers/Ewkinos/WJetsToQQ_HT600to800_qc19_3j_TuneCP5_13TeV-madgraphMLM-pythia8/crab_WJetsToQQ_HT600to800_qc19_3j_TuneCP5_13TeV-madgraphMLM-pythia8RunIIFall17MiniAODv2/181119_235130/0000/stopFlatNtuples_17.root
   Adding file /mnt/hadoop/user/uscms01/pnfs/unl.edu/data4/cms/store/user/zflowers/Ewkinos/WJetsToQQ_HT600to800_qc19_3j_TuneCP5_13TeV-madgraphMLM-pythia8/crab_WJetsToQQ_HT600to800_qc19_3j_TuneCP5_13TeV-madgraphMLM-pythia8RunIIFall17MiniAODv2/181119_235130/0000/stopFlatNtuples_172.root
   Adding file /mnt/hadoop/user/uscms01/pnfs/unl.edu/data4/cms/store/user/zflowers/Ewkinos/WJetsToQQ_HT600to800_qc19_3j_TuneCP5_13TeV-madgraphMLM-pythia8/crab_WJetsToQQ_HT600to800_qc19_3j_TuneCP5_13TeV-madgraphMLM-pythia8RunIIFall17MiniAODv2/181119_235130/0000/stopFlatNtuples_175.root
   Adding file /mnt/hadoop/user/uscms01/pnfs/unl.edu/data4/cms/store/user/zflowers/Ewkinos/WJetsToQQ_HT600to800_qc19_3j_TuneCP5_13TeV-madgraphMLM-pythia8/crab_WJetsToQQ_HT600to800_qc19_3j_TuneCP5_13TeV-madgraphMLM-pythia8RunIIFall17MiniAODv2/181119_235130/0000/stopFlatNtuples_176.root
   Adding file /mnt/hadoop/user/uscms01/pnfs/unl.edu/data4/cms/store/user/zflowers/Ewkinos/WJetsToQQ_HT600to800_qc19_3j_TuneCP5_13TeV-madgraphMLM-pythia8/crab_WJetsToQQ_HT600to800_qc19_3j_TuneCP5_13TeV-madgraphMLM-pythia8RunIIFall17MiniAODv2/181119_235130/0000/stopFlatNtuples_177.root
   Adding file /mnt/hadoop/user/uscms01/pnfs/unl.edu/data4/cms/store/user/zflowers/Ewkinos/WJetsToQQ_HT600to800_qc19_3j_TuneCP5_13TeV-madgraphMLM-pythia8/crab_WJetsToQQ_HT600to800_qc19_3j_TuneCP5_13TeV-madgraphMLM-pythia8RunIIFall17MiniAODv2/181119_235130/0000/stopFlatNtuples_178.root
 event = 0 : 2212454
 event = 221245 : 2212454
 event = 442490 : 2212454
 event = 663735 : 2212454
 event = 884980 : 2212454
 event = 1106225 : 2212454
 event = 1327470 : 2212454
 event = 1548715 : 2212454
 event = 1769960 : 2212454
 event = 1991205 : 2212454
 event = 2212450 : 2212454
Ntree 1
