In file included from input_line_1:1:
In file included from /cvmfs/cms.cern.ch/slc6_amd64_gcc630/external/gcc/6.3.0/bin/../lib/gcc/x86_64-unknown-linux-gnu/6.3.0/../../../../include/c++/6.3.0/new:39:
In file included from /cvmfs/cms.cern.ch/slc6_amd64_gcc630/external/gcc/6.3.0/bin/../lib/gcc/x86_64-unknown-linux-gnu/6.3.0/../../../../include/c++/6.3.0/x86_64-unknown-linux-gnu/bits/c++config.h:507:
/cvmfs/cms.cern.ch/slc6_amd64_gcc630/external/gcc/6.3.0/bin/../lib/gcc/x86_64-unknown-linux-gnu/6.3.0/../../../../include/c++/6.3.0/x86_64-unknown-linux-gnu/bits/os_defines.h:39:10: fatal error: 'features.h' file not found
#include <features.h>
         ^
In file included from input_line_2:1:
In file included from /cvmfs/cms.cern.ch/slc6_amd64_gcc630/lcg/root/6.10.09-omkpbe4/include/RtypesCore.h:25:
/cvmfs/cms.cern.ch/slc6_amd64_gcc630/lcg/root/6.10.09-omkpbe4/etc/cling/lib/clang/3.9.0/include/stddef.h:51:9: error: unknown type name '__PTRDIFF_TYPE__'
typedef __PTRDIFF_TYPE__ ptrdiff_t;
        ^
/cvmfs/cms.cern.ch/slc6_amd64_gcc630/lcg/root/6.10.09-omkpbe4/etc/cling/lib/clang/3.9.0/include/stddef.h:62:9: error: unknown type name '__SIZE_TYPE__'
typedef __SIZE_TYPE__ size_t;
        ^
/cvmfs/cms.cern.ch/slc6_amd64_gcc630/lcg/root/6.10.09-omkpbe4/etc/cling/lib/clang/3.9.0/include/stddef.h:90:9: error: unknown type name '__WCHAR_TYPE__'
typedef __WCHAR_TYPE__ wchar_t;
        ^
/cvmfs/cms.cern.ch/slc6_amd64_gcc630/lcg/root/6.10.09-omkpbe4/etc/cling/lib/clang/3.9.0/include/stddef.h:90:24: error: expected unqualified-id
typedef __WCHAR_TYPE__ wchar_t;
                       ^
In file included from input_line_2:2:
In file included from /cvmfs/cms.cern.ch/slc6_amd64_gcc630/external/gcc/6.3.0/bin/../lib/gcc/x86_64-unknown-linux-gnu/6.3.0/../../../../include/c++/6.3.0/string:38:
In file included from /cvmfs/cms.cern.ch/slc6_amd64_gcc630/external/gcc/6.3.0/bin/../lib/gcc/x86_64-unknown-linux-gnu/6.3.0/../../../../include/c++/6.3.0/x86_64-unknown-linux-gnu/bits/c++config.h:507:
/cvmfs/cms.cern.ch/slc6_amd64_gcc630/external/gcc/6.3.0/bin/../lib/gcc/x86_64-unknown-linux-gnu/6.3.0/../../../../include/c++/6.3.0/x86_64-unknown-linux-gnu/bits/os_defines.h:39:10: fatal error: 'features.h' file not found
#include <features.h>
         ^

 *** Break *** segmentation violation
Error in <ACLiC>: Dictionary generation failed!
SysError in <TFile::WriteBuffer>: error writing to file /home/t3-ku/mlazarov/CMSSW_10_1_4_patch1/src/red_NTUPLES/Wjets_2017/WJetsToQQ_HT400to600_qc19_3j_TuneCP5_13TeV-madgraphMLM-pythia8_Fall17/WJetsToQQ_HT400to600_qc19_3j_TuneCP5_13TeV-madgraphMLM-pythia8_Fall17_4.root (-1) (No such file or directory)
Error in <TBranchElement::TBranch::WriteBasketImpl>: basket's WriteBuffer failed.

Error in <TBranchElement::TBranch::Fill>: Failed to write out basket.

Error in <TBranchElement::Fill>: Failed filling branch:MSS, nbytes=-1
Error in <TTree::Fill>: Failed filling branch:KUAnalysis.MSS, nbytes=-1, entry=1100
 This error is symptomatic of a Tree created as a memory-resident Tree
 Instead of doing:
    TTree *T = new TTree(...)
    TFile *f = new TFile(...)
 you should do:
    TFile *f = new TFile(...)
    TTree *T = new TTree(...)
Error in <TBranchElement::TBranch::WriteBasketImpl>: basket's WriteBuffer failed.

Error in <TBranchElement::TBranch::Fill>: Failed to write out basket.

Error in <TBranchElement::Fill>: Failed filling branch:PSS, nbytes=-1
Error in <TTree::Fill>: Failed filling branch:KUAnalysis.PSS, nbytes=-1, entry=1100
 This error is symptomatic of a Tree created as a memory-resident Tree
 Instead of doing:
    TTree *T = new TTree(...)
    TFile *f = new TFile(...)
 you should do:
    TFile *f = new TFile(...)
    TTree *T = new TTree(...)
Error in <TBranchElement::TBranch::WriteBasketImpl>: basket's WriteBuffer failed.

Error in <TBranchElement::TBranch::Fill>: Failed to write out basket.

Error in <TBranchElement::Fill>: Failed filling branch:cosSS, nbytes=-1
Error in <TTree::Fill>: Failed filling branch:KUAnalysis.cosSS, nbytes=-1, entry=1100
Error in <TBranchElement::TBranch::WriteBasketImpl>: basket's WriteBuffer failed.

Error in <TBranchElement::TBranch::Fill>: Failed to write out basket.

Error in <TBranchElement::Fill>: Failed filling branch:dphiSS, nbytes=-1
Error in <TTree::Fill>: Failed filling branch:KUAnalysis.dphiSS, nbytes=-1, entry=1100
Error in <TBranchElement::TBranch::WriteBasketImpl>: basket's WriteBuffer failed.

Error in <TBranchElement::TBranch::Fill>: Failed to write out basket.

Error in <TBranchElement::Fill>: Failed filling branch:PTSS, nbytes=-1
Error in <TTree::Fill>: Failed filling branch:KUAnalysis.PTSS, nbytes=-1, entry=1100
Error in <TBranchElement::TBranch::WriteBasketImpl>: basket's WriteBuffer failed.

Error in <TBranchElement::TBranch::Fill>: Failed to write out basket.

Error in <TBranchElement::Fill>: Failed filling branch:PzSS, nbytes=-1
Error in <TTree::Fill>: Failed filling branch:KUAnalysis.PzSS, nbytes=-1, entry=1100
Error in <TBranchElement::TBranch::WriteBasketImpl>: basket's WriteBuffer failed.

Error in <TBranchElement::TBranch::Fill>: Failed to write out basket.

Error in <TBranchElement::Fill>: Failed filling branch:MCa, nbytes=-1
Error in <TTree::Fill>: Failed filling branch:KUAnalysis.MCa, nbytes=-1, entry=1100
Error in <TBranchElement::TBranch::WriteBasketImpl>: basket's WriteBuffer failed.

Error in <TBranchElement::TBranch::Fill>: Failed to write out basket.

Error in <TBranchElement::Fill>: Failed filling branch:cosCa, nbytes=-1
Error in <TTree::Fill>: Failed filling branch:KUAnalysis.cosCa, nbytes=-1, entry=1100
Error in <TBranchElement::TBranch::WriteBasketImpl>: basket's WriteBuffer failed.

Error in <TBranchElement::TBranch::Fill>: Failed to write out basket.

Error in <TBranchElement::Fill>: Failed filling branch:MCb, nbytes=-1
Error in <TTree::Fill>: Failed filling branch:KUAnalysis.MCb, nbytes=-1, entry=1100
Error in <TBranchElement::TBranch::WriteBasketImpl>: basket's WriteBuffer failed.

Error in <TBranchElement::TBranch::Fill>: Failed to write out basket.

Error in <TBranchElement::Fill>: Failed filling branch:cosCb, nbytes=-1
Error in <TTree::Fill>: Failed filling branch:KUAnalysis.cosCb, nbytes=-1, entry=1100
Error in <TBranchElement::TBranch::WriteBasketImpl>: basket's WriteBuffer failed.

Error in <TBranchElement::TBranch::Fill>: Failed to write out basket.

Error in <TBranchElement::Fill>: Failed filling branch:MGCa, nbytes=-1
Error in <TTree::Fill>: Failed filling branch:KUAnalysis.MGCa, nbytes=-1, entry=1100
Error in <TBranchElement::TBranch::WriteBasketImpl>: basket's WriteBuffer failed.

Error in <TBranchElement::TBranch::Fill>: Failed to write out basket.

Error in <TBranchElement::Fill>: Failed filling branch:cosGCa, nbytes=-1
Error in <TTree::Fill>: Failed filling branch:KUAnalysis.cosGCa, nbytes=-1, entry=1100
Error in <TBranchElement::TBranch::WriteBasketImpl>: basket's WriteBuffer failed.

Error in <TBranchElement::TBranch::Fill>: Failed to write out basket.

Error in <TBranchElement::Fill>: Failed filling branch:MGCb, nbytes=-1
Error in <TTree::Fill>: Failed filling branch:KUAnalysis.MGCb, nbytes=-1, entry=1100
Error in <TBranchElement::TBranch::WriteBasketImpl>: basket's WriteBuffer failed.

Error in <TBranchElement::TBranch::Fill>: Failed to write out basket.

Error in <TBranchElement::Fill>: Failed filling branch:cosGCb, nbytes=-1
Error in <TTree::Fill>: Failed filling branch:KUAnalysis.cosGCb, nbytes=-1, entry=1100
Error in <TBranchElement::TBranch::WriteBasketImpl>: basket's WriteBuffer failed.

Error in <TBranchElement::TBranch::Fill>: Failed to write out basket.

Error in <TBranchElement::Fill>: Failed filling branch:H11SS, nbytes=-1
Error in <TTree::Fill>: Failed filling branch:KUAnalysis.H11SS, nbytes=-1, entry=1100
Error in <TBranchElement::TBranch::WriteBasketImpl>: basket's WriteBuffer failed.

Error in <TBranchElement::TBranch::Fill>: Failed to write out basket.

Error in <TBranchElement::Fill>: Failed filling branch:H21SS, nbytes=-1
Error in <TTree::Fill>: Failed filling branch:KUAnalysis.H21SS, nbytes=-1, entry=1100
Error in <TBranchElement::TBranch::WriteBasketImpl>: basket's WriteBuffer failed.

Error in <TBranchElement::TBranch::Fill>: Failed to write out basket.

Error in <TBranchElement::Fill>: Failed filling branch:HT21SS, nbytes=-1
Error in <TTree::Fill>: Failed filling branch:KUAnalysis.HT21SS, nbytes=-1, entry=1100
Error in <TBranchElement::TBranch::WriteBasketImpl>: basket's WriteBuffer failed.

Error in <TBranchElement::TBranch::Fill>: Failed to write out basket.

Error in <TBranchElement::Fill>: Failed filling branch:H22SS, nbytes=-1
Error in <TTree::Fill>: Failed filling branch:KUAnalysis.H22SS, nbytes=-1, entry=1100
Error in <TBranchElement::TBranch::WriteBasketImpl>: basket's WriteBuffer failed.

Error in <TBranchElement::TBranch::Fill>: Failed to write out basket.

Error in <TBranchElement::Fill>: Failed filling branch:HT22SS, nbytes=-1
Error in <TTree::Fill>: Failed filling branch:KUAnalysis.HT22SS, nbytes=-1, entry=1100
Error in <TBranchElement::TBranch::WriteBasketImpl>: basket's WriteBuffer failed.

Error in <TBranchElement::TBranch::Fill>: Failed to write out basket.

Error in <TBranchElement::Fill>: Failed filling branch:H42SS, nbytes=-1
Error in <TTree::Fill>: Failed filling branch:KUAnalysis.H42SS, nbytes=-1, entry=1100
Error in <TBranchElement::TBranch::WriteBasketImpl>: basket's WriteBuffer failed.

Error in <TBranchElement::TBranch::Fill>: Failed to write out basket.

Error in <TBranchElement::Fill>: Failed filling branch:HT42SS, nbytes=-1
Error in <TTree::Fill>: Failed filling branch:KUAnalysis.HT42SS, nbytes=-1, entry=1100
Error in <TBranchElement::TBranch::WriteBasketImpl>: basket's WriteBuffer failed.

Error in <TBranchElement::TBranch::Fill>: Failed to write out basket.

Error in <TBranchElement::Fill>: Failed filling branch:H11Ca, nbytes=-1
Error in <TTree::Fill>: Failed filling branch:KUAnalysis.H11Ca, nbytes=-1, entry=1100
Error in <TBranchElement::TBranch::WriteBasketImpl>: basket's WriteBuffer failed.

Error in <TBranchElement::TBranch::Fill>: Failed to write out basket.

Error in <TBranchElement::Fill>: Failed filling branch:H11Cb, nbytes=-1
Error in <TTree::Fill>: Failed filling branch:KUAnalysis.H11Cb, nbytes=-1, entry=1100
Error in <TBranchElement::TBranch::WriteBasketImpl>: basket's WriteBuffer failed.

Error in <TBranchElement::TBranch::Fill>: Failed to write out basket.

Error in <TBranchElement::Fill>: Failed filling branch:H21Ca, nbytes=-1
Error in <TTree::Fill>: Failed filling branch:KUAnalysis.H21Ca, nbytes=-1, entry=1100
Error in <TBranchElement::TBranch::WriteBasketImpl>: basket's WriteBuffer failed.

Error in <TBranchElement::TBranch::Fill>: Failed to write out basket.

Error in <TBranchElement::Fill>: Failed filling branch:H21Cb, nbytes=-1
Error in <TTree::Fill>: Failed filling branch:KUAnalysis.H21Cb, nbytes=-1, entry=1100
Error in <TBranchElement::TBranch::WriteBasketImpl>: basket's WriteBuffer failed.

Error in <TBranchElement::TBranch::Fill>: Failed to write out basket.

Error in <TBranchElement::Fill>: Failed filling branch:MVa, nbytes=-1
Error in <TTree::Fill>: Failed filling branch:KUAnalysis.MVa, nbytes=-1, entry=1100
Error in <TBranchElement::TBranch::WriteBasketImpl>: basket's WriteBuffer failed.

Error in <TBranchElement::TBranch::Fill>: Failed to write out basket.

Error in <TBranchElement::Fill>: Failed filling branch:PVa, nbytes=-1
Error in <TTree::Fill>: Failed filling branch:KUAnalysis.PVa, nbytes=-1, entry=1100
Error in <TBranchElement::TBranch::WriteBasketImpl>: basket's WriteBuffer failed.

Error in <TBranchElement::TBranch::Fill>: Failed to write out basket.

Error in <TBranchElement::Fill>: Failed filling branch:cosVa, nbytes=-1
Error in <TTree::Fill>: Failed filling branch:KUAnalysis.cosVa, nbytes=-1, entry=1100
Error in <TBranchElement::TBranch::WriteBasketImpl>: basket's WriteBuffer failed.

Error in <TBranchElement::TBranch::Fill>: Failed to write out basket.

Error in <TBranchElement::Fill>: Failed filling branch:MVb, nbytes=-1
Error in <TTree::Fill>: Failed filling branch:KUAnalysis.MVb, nbytes=-1, entry=1100
Error in <TBranchElement::TBranch::WriteBasketImpl>: basket's WriteBuffer failed.

Error in <TBranchElement::TBranch::Fill>: Failed to write out basket.

Error in <TBranchElement::Fill>: Failed filling branch:PVb, nbytes=-1
Error in <TTree::Fill>: Failed filling branch:KUAnalysis.PVb, nbytes=-1, entry=1100
Error in <TBranchElement::TBranch::WriteBasketImpl>: basket's WriteBuffer failed.

Error in <TBranchElement::TBranch::Fill>: Failed to write out basket.

Error in <TBranchElement::Fill>: Failed filling branch:cosVb, nbytes=-1
Error in <TTree::Fill>: Failed filling branch:KUAnalysis.cosVb, nbytes=-1, entry=1100
Error in <TBranchElement::TBranch::WriteBasketImpl>: basket's WriteBuffer failed.

Error in <TBranchElement::TBranch::Fill>: Failed to write out basket.

Error in <TBranchElement::Fill>: Failed filling branch:PT_jet, nbytes=-1
Error in <TTree::Fill>: Failed filling branch:KUAnalysis.PT_jet, nbytes=-1, entry=1169
 This error is symptomatic of a Tree created as a memory-resident Tree
 Instead of doing:
    TTree *T = new TTree(...)
    TFile *f = new TFile(...)
 you should do:
    TFile *f = new TFile(...)
    TTree *T = new TTree(...)
Error in <TBranchElement::TBranch::WriteBasketImpl>: basket's WriteBuffer failed.

Error in <TBranchElement::TBranch::Fill>: Failed to write out basket.

Error in <TBranchElement::Fill>: Failed filling branch:Eta_jet, nbytes=-1
Error in <TTree::Fill>: Failed filling branch:KUAnalysis.Eta_jet, nbytes=-1, entry=1169
 This error is symptomatic of a Tree created as a memory-resident Tree
 Instead of doing:
    TTree *T = new TTree(...)
    TFile *f = new TFile(...)
 you should do:
    TFile *f = new TFile(...)
    TTree *T = new TTree(...)
Error in <TBranchElement::TBranch::WriteBasketImpl>: basket's WriteBuffer failed.

Error in <TBranchElement::TBranch::Fill>: Failed to write out basket.

Error in <TBranchElement::Fill>: Failed filling branch:Phi_jet, nbytes=-1
Error in <TTree::Fill>: Failed filling branch:KUAnalysis.Phi_jet, nbytes=-1, entry=1169
Error in <TBranchElement::TBranch::WriteBasketImpl>: basket's WriteBuffer failed.

Error in <TBranchElement::TBranch::Fill>: Failed to write out basket.

Error in <TBranchElement::Fill>: Failed filling branch:M_jet, nbytes=-1
Error in <TTree::Fill>: Failed filling branch:KUAnalysis.M_jet, nbytes=-1, entry=1169
Error in <TBranchElement::TBranch::WriteBasketImpl>: basket's WriteBuffer failed.

Error in <TBranchElement::TBranch::Fill>: Failed to write out basket.

Error in <TBranchElement::Fill>: Failed filling branch:Btag_jet, nbytes=-1
Error in <TTree::Fill>: Failed filling branch:KUAnalysis.Btag_jet, nbytes=-1, entry=1169
Error in <TBranchElement::TBranch::WriteBasketImpl>: basket's WriteBuffer failed.

Error in <TBranchElement::TBranch::Fill>: Failed to write out basket.

Error in <TBranchElement::Fill>: Failed filling branch:index_jet_b, nbytes=-1
Error in <TTree::Fill>: Failed filling branch:KUAnalysis.index_jet_b, nbytes=-1, entry=1197
 This error is symptomatic of a Tree created as a memory-resident Tree
 Instead of doing:
    TTree *T = new TTree(...)
    TFile *f = new TFile(...)
 you should do:
    TFile *f = new TFile(...)
    TTree *T = new TTree(...)
Error in <TBranchElement::TBranch::WriteBasketImpl>: basket's WriteBuffer failed.

Error in <TBranchElement::TBranch::Fill>: Failed to write out basket.

Error in <TBranchElement::Fill>: Failed filling branch:PT_lep, nbytes=-1
Error in <TTree::Fill>: Failed filling branch:KUAnalysis.PT_lep, nbytes=-1, entry=1207
 This error is symptomatic of a Tree created as a memory-resident Tree
 Instead of doing:
    TTree *T = new TTree(...)
    TFile *f = new TFile(...)
 you should do:
    TFile *f = new TFile(...)
    TTree *T = new TTree(...)
Error in <TBranchElement::TBranch::WriteBasketImpl>: basket's WriteBuffer failed.

Error in <TBranchElement::TBranch::Fill>: Failed to write out basket.

Error in <TBranchElement::Fill>: Failed filling branch:Eta_lep, nbytes=-1
Error in <TTree::Fill>: Failed filling branch:KUAnalysis.Eta_lep, nbytes=-1, entry=1207
 This error is symptomatic of a Tree created as a memory-resident Tree
 Instead of doing:
    TTree *T = new TTree(...)
    TFile *f = new TFile(...)
 you should do:
    TFile *f = new TFile(...)
    TTree *T = new TTree(...)
Error in <TBranchElement::TBranch::WriteBasketImpl>: basket's WriteBuffer failed.

Error in <TBranchElement::TBranch::Fill>: Failed to write out basket.

Error in <TBranchElement::Fill>: Failed filling branch:Phi_lep, nbytes=-1
Error in <TTree::Fill>: Failed filling branch:KUAnalysis.Phi_lep, nbytes=-1, entry=1207
Error in <TBranchElement::TBranch::WriteBasketImpl>: basket's WriteBuffer failed.

Error in <TBranchElement::TBranch::Fill>: Failed to write out basket.

Error in <TBranchElement::Fill>: Failed filling branch:M_lep, nbytes=-1
Error in <TTree::Fill>: Failed filling branch:KUAnalysis.M_lep, nbytes=-1, entry=1207
Error in <TBranchElement::TBranch::WriteBasketImpl>: basket's WriteBuffer failed.

Error in <TBranchElement::TBranch::Fill>: Failed to write out basket.

Error in <TBranchElement::Fill>: Failed filling branch:genPT_boson, nbytes=-1
Error in <TTree::Fill>: Failed filling branch:KUAnalysis.genPT_boson, nbytes=-1, entry=1227
 This error is symptomatic of a Tree created as a memory-resident Tree
 Instead of doing:
    TTree *T = new TTree(...)
    TFile *f = new TFile(...)
 you should do:
    TFile *f = new TFile(...)
    TTree *T = new TTree(...)
Error in <TBranchElement::TBranch::WriteBasketImpl>: basket's WriteBuffer failed.

Error in <TBranchElement::TBranch::Fill>: Failed to write out basket.

Error in <TBranchElement::Fill>: Failed filling branch:genEta_boson, nbytes=-1
Error in <TTree::Fill>: Failed filling branch:KUAnalysis.genEta_boson, nbytes=-1, entry=1227
 This error is symptomatic of a Tree created as a memory-resident Tree
 Instead of doing:
    TTree *T = new TTree(...)
    TFile *f = new TFile(...)
 you should do:
    TFile *f = new TFile(...)
    TTree *T = new TTree(...)
Error in <TBranchElement::TBranch::WriteBasketImpl>: basket's WriteBuffer failed.

Error in <TBranchElement::TBranch::Fill>: Failed to write out basket.

Error in <TBranchElement::Fill>: Failed filling branch:genPhi_boson, nbytes=-1
Error in <TTree::Fill>: Failed filling branch:KUAnalysis.genPhi_boson, nbytes=-1, entry=1227
Error in <TBranchElement::TBranch::WriteBasketImpl>: basket's WriteBuffer failed.

Error in <TBranchElement::TBranch::Fill>: Failed to write out basket.

Error in <TBranchElement::Fill>: Failed filling branch:genM_boson, nbytes=-1
Error in <TTree::Fill>: Failed filling branch:KUAnalysis.genM_boson, nbytes=-1, entry=1227
Error in <TBranchElement::TBranch::WriteBasketImpl>: basket's WriteBuffer failed.

Error in <TBranchElement::TBranch::Fill>: Failed to write out basket.

Error in <TBranchElement::Fill>: Failed filling branch:index_jet_S, nbytes=-1
Error in <TTree::Fill>: Failed filling branch:KUAnalysis.index_jet_S, nbytes=-1, entry=1373
 This error is symptomatic of a Tree created as a memory-resident Tree
 Instead of doing:
    TTree *T = new TTree(...)
    TFile *f = new TFile(...)
 you should do:
    TFile *f = new TFile(...)
    TTree *T = new TTree(...)
Error in <TBranchElement::TBranch::WriteBasketImpl>: basket's WriteBuffer failed.

Error in <TBranchElement::TBranch::Fill>: Failed to write out basket.

Error in <TBranchElement::Fill>: Failed filling branch:index_jet_ISR, nbytes=-1
Error in <TTree::Fill>: Failed filling branch:KUAnalysis.index_jet_ISR, nbytes=-1, entry=1399
 This error is symptomatic of a Tree created as a memory-resident Tree
 Instead of doing:
    TTree *T = new TTree(...)
    TFile *f = new TFile(...)
 you should do:
    TFile *f = new TFile(...)
    TTree *T = new TTree(...)
Error in <TBranchElement::TBranch::WriteBasketImpl>: basket's WriteBuffer failed.

Error in <TBranchElement::TBranch::Fill>: Failed to write out basket.

Error in <TBranchElement::Fill>: Failed filling branch:index_lep_a, nbytes=-1
Error in <TTree::Fill>: Failed filling branch:KUAnalysis.index_lep_a, nbytes=-1, entry=1429
 This error is symptomatic of a Tree created as a memory-resident Tree
 Instead of doing:
    TTree *T = new TTree(...)
    TFile *f = new TFile(...)
 you should do:
    TFile *f = new TFile(...)
    TTree *T = new TTree(...)
Error in <TBranchElement::TBranch::WriteBasketImpl>: basket's WriteBuffer failed.

Error in <TBranchElement::TBranch::Fill>: Failed to write out basket.

Error in <TBranchElement::Fill>: Failed filling branch:Charge_lep, nbytes=-1
Error in <TTree::Fill>: Failed filling branch:KUAnalysis.Charge_lep, nbytes=-1, entry=1435
 This error is symptomatic of a Tree created as a memory-resident Tree
 Instead of doing:
    TTree *T = new TTree(...)
    TFile *f = new TFile(...)
 you should do:
    TFile *f = new TFile(...)
    TTree *T = new TTree(...)
Error in <TBranchElement::TBranch::WriteBasketImpl>: basket's WriteBuffer failed.

Error in <TBranchElement::TBranch::Fill>: Failed to write out basket.

Error in <TBranchElement::Fill>: Failed filling branch:PDGID_lep, nbytes=-1
Error in <TTree::Fill>: Failed filling branch:KUAnalysis.PDGID_lep, nbytes=-1, entry=1435
 This error is symptomatic of a Tree created as a memory-resident Tree
 Instead of doing:
    TTree *T = new TTree(...)
    TFile *f = new TFile(...)
 you should do:
    TFile *f = new TFile(...)
    TTree *T = new TTree(...)
Error in <TBranchElement::TBranch::WriteBasketImpl>: basket's WriteBuffer failed.

Error in <TBranchElement::TBranch::Fill>: Failed to write out basket.

Error in <TBranchElement::Fill>: Failed filling branch:RelIso_lep, nbytes=-1
Error in <TTree::Fill>: Failed filling branch:KUAnalysis.RelIso_lep, nbytes=-1, entry=1435
Error in <TBranchElement::TBranch::WriteBasketImpl>: basket's WriteBuffer failed.

Error in <TBranchElement::TBranch::Fill>: Failed to write out basket.

Error in <TBranchElement::Fill>: Failed filling branch:MiniIso_lep, nbytes=-1
Error in <TTree::Fill>: Failed filling branch:KUAnalysis.MiniIso_lep, nbytes=-1, entry=1435
Error in <TBranchElement::TBranch::WriteBasketImpl>: basket's WriteBuffer failed.

Error in <TBranchElement::TBranch::Fill>: Failed to write out basket.

Error in <TBranchElement::Fill>: Failed filling branch:ID_lep, nbytes=-1
Error in <TTree::Fill>: Failed filling branch:KUAnalysis.ID_lep, nbytes=-1, entry=1435
Error in <TBranchElement::TBranch::WriteBasketImpl>: basket's WriteBuffer failed.

Error in <TBranchElement::TBranch::Fill>: Failed to write out basket.

Error in <TBranchElement::Fill>: Failed filling branch:Index_lep, nbytes=-1
Error in <TTree::Fill>: Failed filling branch:KUAnalysis.Index_lep, nbytes=-1, entry=1435
Error in <TBranchElement::TBranch::WriteBasketImpl>: basket's WriteBuffer failed.

Error in <TBranchElement::TBranch::Fill>: Failed to write out basket.

Error in <TBranchElement::Fill>: Failed filling branch:index_jet_a, nbytes=-1
Error in <TTree::Fill>: Failed filling branch:KUAnalysis.index_jet_a, nbytes=-1, entry=1437
 This error is symptomatic of a Tree created as a memory-resident Tree
 Instead of doing:
    TTree *T = new TTree(...)
    TFile *f = new TFile(...)
 you should do:
    TFile *f = new TFile(...)
    TTree *T = new TTree(...)
Error in <TBranchElement::TBranch::WriteBasketImpl>: basket's WriteBuffer failed.

Error in <TBranchElement::TBranch::Fill>: Failed to write out basket.

Error in <TBranchElement::Fill>: Failed filling branch:genPDGID_boson, nbytes=-1
Error in <TTree::Fill>: Failed filling branch:KUAnalysis.genPDGID_boson, nbytes=-1, entry=1450
 This error is symptomatic of a Tree created as a memory-resident Tree
 Instead of doing:
    TTree *T = new TTree(...)
    TFile *f = new TFile(...)
 you should do:
    TFile *f = new TFile(...)
    TTree *T = new TTree(...)
Error in <TBranchElement::TBranch::WriteBasketImpl>: basket's WriteBuffer failed.

Error in <TBranchElement::TBranch::Fill>: Failed to write out basket.

Error in <TBranchElement::Fill>: Failed filling branch:index_jet_ga, nbytes=-1
Error in <TTree::Fill>: Failed filling branch:KUAnalysis.index_jet_ga, nbytes=-1, entry=1514
 This error is symptomatic of a Tree created as a memory-resident Tree
 Instead of doing:
    TTree *T = new TTree(...)
    TFile *f = new TFile(...)
 you should do:
    TFile *f = new TFile(...)
    TTree *T = new TTree(...)
Error in <TBranchElement::TBranch::WriteBasketImpl>: basket's WriteBuffer failed.

Error in <TBranchElement::TBranch::Fill>: Failed to write out basket.

Error in <TBranchElement::Fill>: Failed filling branch:PTISR, nbytes=-1
Error in <TTree::Fill>: Failed filling branch:KUAnalysis.PTISR, nbytes=-1, entry=1520
 This error is symptomatic of a Tree created as a memory-resident Tree
 Instead of doing:
    TTree *T = new TTree(...)
    TFile *f = new TFile(...)
 you should do:
    TFile *f = new TFile(...)
    TTree *T = new TTree(...)
Error in <TBranchElement::TBranch::WriteBasketImpl>: basket's WriteBuffer failed.

Error in <TBranchElement::TBranch::Fill>: Failed to write out basket.

Error in <TBranchElement::Fill>: Failed filling branch:PTCM, nbytes=-1
Error in <TTree::Fill>: Failed filling branch:KUAnalysis.PTCM, nbytes=-1, entry=1520
 This error is symptomatic of a Tree created as a memory-resident Tree
 Instead of doing:
    TTree *T = new TTree(...)
    TFile *f = new TFile(...)
 you should do:
    TFile *f = new TFile(...)
    TTree *T = new TTree(...)
Error in <TBranchElement::TBranch::WriteBasketImpl>: basket's WriteBuffer failed.

Error in <TBranchElement::TBranch::Fill>: Failed to write out basket.

Error in <TBranchElement::Fill>: Failed filling branch:RISR, nbytes=-1
Error in <TTree::Fill>: Failed filling branch:KUAnalysis.RISR, nbytes=-1, entry=1520
Error in <TBranchElement::TBranch::WriteBasketImpl>: basket's WriteBuffer failed.

Error in <TBranchElement::TBranch::Fill>: Failed to write out basket.

Error in <TBranchElement::Fill>: Failed filling branch:cosCM, nbytes=-1
Error in <TTree::Fill>: Failed filling branch:KUAnalysis.cosCM, nbytes=-1, entry=1520
Error in <TBranchElement::TBranch::WriteBasketImpl>: basket's WriteBuffer failed.

Error in <TBranchElement::TBranch::Fill>: Failed to write out basket.

Error in <TBranchElement::Fill>: Failed filling branch:cosS, nbytes=-1
Error in <TTree::Fill>: Failed filling branch:KUAnalysis.cosS, nbytes=-1, entry=1520
Error in <TBranchElement::TBranch::WriteBasketImpl>: basket's WriteBuffer failed.

Error in <TBranchElement::TBranch::Fill>: Failed to write out basket.

Error in <TBranchElement::Fill>: Failed filling branch:MISR, nbytes=-1
Error in <TTree::Fill>: Failed filling branch:KUAnalysis.MISR, nbytes=-1, entry=1520
Error in <TBranchElement::TBranch::WriteBasketImpl>: basket's WriteBuffer failed.

Error in <TBranchElement::TBranch::Fill>: Failed to write out basket.

Error in <TBranchElement::Fill>: Failed filling branch:MS, nbytes=-1
Error in <TTree::Fill>: Failed filling branch:KUAnalysis.MS, nbytes=-1, entry=1520
Error in <TBranchElement::TBranch::WriteBasketImpl>: basket's WriteBuffer failed.

Error in <TBranchElement::TBranch::Fill>: Failed to write out basket.

Error in <TBranchElement::Fill>: Failed filling branch:MV, nbytes=-1
Error in <TTree::Fill>: Failed filling branch:KUAnalysis.MV, nbytes=-1, entry=1520
Error in <TBranchElement::TBranch::WriteBasketImpl>: basket's WriteBuffer failed.

Error in <TBranchElement::TBranch::Fill>: Failed to write out basket.

Error in <TBranchElement::Fill>: Failed filling branch:ML, nbytes=-1
Error in <TTree::Fill>: Failed filling branch:KUAnalysis.ML, nbytes=-1, entry=1520
Error in <TBranchElement::TBranch::WriteBasketImpl>: basket's WriteBuffer failed.

Error in <TBranchElement::TBranch::Fill>: Failed to write out basket.

Error in <TBranchElement::Fill>: Failed filling branch:dphiCMI, nbytes=-1
Error in <TTree::Fill>: Failed filling branch:KUAnalysis.dphiCMI, nbytes=-1, entry=1520
Error in <TBranchElement::TBranch::WriteBasketImpl>: basket's WriteBuffer failed.

Error in <TBranchElement::TBranch::Fill>: Failed to write out basket.

Error in <TBranchElement::Fill>: Failed filling branch:dphiSI, nbytes=-1
Error in <TTree::Fill>: Failed filling branch:KUAnalysis.dphiSI, nbytes=-1, entry=1520
Error in <TBranchElement::TBranch::WriteBasketImpl>: basket's WriteBuffer failed.

Error in <TBranchElement::TBranch::Fill>: Failed to write out basket.

Error in <TBranchElement::Fill>: Failed filling branch:dphiISRI, nbytes=-1
Error in <TTree::Fill>: Failed filling branch:KUAnalysis.dphiISRI, nbytes=-1, entry=1520
Error in <TBranchElement::TBranch::WriteBasketImpl>: basket's WriteBuffer failed.

Error in <TBranchElement::TBranch::Fill>: Failed to write out basket.

Error in <TBranchElement::Fill>: Failed filling branch:index_lep_S, nbytes=-1
Error in <TTree::Fill>: Failed filling branch:KUAnalysis.index_lep_S, nbytes=-1, entry=1530
 This error is symptomatic of a Tree created as a memory-resident Tree
 Instead of doing:
    TTree *T = new TTree(...)
    TFile *f = new TFile(...)
 you should do:
    TFile *f = new TFile(...)
    TTree *T = new TTree(...)
Error in <TBranchElement::TBranch::WriteBasketImpl>: basket's WriteBuffer failed.

Error in <TBranchElement::TBranch::Fill>: Failed to write out basket.

Error in <TBranchElement::Fill>: Failed filling branch:index_lep_b, nbytes=-1
Error in <TTree::Fill>: Failed filling branch:KUAnalysis.index_lep_b, nbytes=-1, entry=1534
 This error is symptomatic of a Tree created as a memory-resident Tree
 Instead of doing:
    TTree *T = new TTree(...)
    TFile *f = new TFile(...)
 you should do:
    TFile *f = new TFile(...)
    TTree *T = new TTree(...)
Error in <TBranchElement::TBranch::WriteBasketImpl>: basket's WriteBuffer failed.

Error in <TBranchElement::TBranch::Fill>: Failed to write out basket.

Error in <TBranchElement::Fill>: Failed filling branch:index_jet_gb, nbytes=-1
Error in <TTree::Fill>: Failed filling branch:KUAnalysis.index_jet_gb, nbytes=-1, entry=1544
 This error is symptomatic of a Tree created as a memory-resident Tree
 Instead of doing:
    TTree *T = new TTree(...)
    TFile *f = new TFile(...)
 you should do:
    TFile *f = new TFile(...)
    TTree *T = new TTree(...)
Error in <TBranchElement::TBranch::WriteBasketImpl>: basket's WriteBuffer failed.

Error in <TBranchElement::TBranch::Fill>: Failed to write out basket.

Error in <TBranchElement::Fill>: Failed filling branch:index_lep_ga, nbytes=-1
Error in <TTree::Fill>: Failed filling branch:KUAnalysis.index_lep_ga, nbytes=-1, entry=1607
 This error is symptomatic of a Tree created as a memory-resident Tree
 Instead of doing:
    TTree *T = new TTree(...)
    TFile *f = new TFile(...)
 you should do:
    TFile *f = new TFile(...)
    TTree *T = new TTree(...)
Error in <TBranchElement::TBranch::WriteBasketImpl>: basket's WriteBuffer failed.

Error in <TBranchElement::TBranch::Fill>: Failed to write out basket.

Error in <TBranchElement::Fill>: Failed filling branch:MSS, nbytes=-1
Error in <TTree::Fill>: Failed filling branch:KUAnalysis.MSS, nbytes=-1, entry=1650
 This error is symptomatic of a Tree created as a memory-resident Tree
 Instead of doing:
    TTree *T = new TTree(...)
    TFile *f = new TFile(...)
 you should do:
    TFile *f = new TFile(...)
    TTree *T = new TTree(...)
Error in <TBranchElement::TBranch::WriteBasketImpl>: basket's WriteBuffer failed.

Error in <TBranchElement::TBranch::Fill>: Failed to write out basket.

Error in <TBranchElement::Fill>: Failed filling branch:PSS, nbytes=-1
Error in <TTree::Fill>: Failed filling branch:KUAnalysis.PSS, nbytes=-1, entry=1650
 This error is symptomatic of a Tree created as a memory-resident Tree
 Instead of doing:
    TTree *T = new TTree(...)
    TFile *f = new TFile(...)
 you should do:
    TFile *f = new TFile(...)
    TTree *T = new TTree(...)
Error in <TBranchElement::TBranch::WriteBasketImpl>: basket's WriteBuffer failed.

Error in <TBranchElement::TBranch::Fill>: Failed to write out basket.

Error in <TBranchElement::Fill>: Failed filling branch:cosSS, nbytes=-1
Error in <TTree::Fill>: Failed filling branch:KUAnalysis.cosSS, nbytes=-1, entry=1650
Error in <TBranchElement::TBranch::WriteBasketImpl>: basket's WriteBuffer failed.

Error in <TBranchElement::TBranch::Fill>: Failed to write out basket.

Error in <TBranchElement::Fill>: Failed filling branch:dphiSS, nbytes=-1
Error in <TTree::Fill>: Failed filling branch:KUAnalysis.dphiSS, nbytes=-1, entry=1650
Error in <TBranchElement::TBranch::WriteBasketImpl>: basket's WriteBuffer failed.

Error in <TBranchElement::TBranch::Fill>: Failed to write out basket.

Error in <TBranchElement::Fill>: Failed filling branch:PTSS, nbytes=-1
Error in <TTree::Fill>: Failed filling branch:KUAnalysis.PTSS, nbytes=-1, entry=1650
Error in <TBranchElement::TBranch::WriteBasketImpl>: basket's WriteBuffer failed.

Error in <TBranchElement::TBranch::Fill>: Failed to write out basket.

Error in <TBranchElement::Fill>: Failed filling branch:PzSS, nbytes=-1
Error in <TTree::Fill>: Failed filling branch:KUAnalysis.PzSS, nbytes=-1, entry=1650
Error in <TBranchElement::TBranch::WriteBasketImpl>: basket's WriteBuffer failed.

Error in <TBranchElement::TBranch::Fill>: Failed to write out basket.

Error in <TBranchElement::Fill>: Failed filling branch:MCa, nbytes=-1
Error in <TTree::Fill>: Failed filling branch:KUAnalysis.MCa, nbytes=-1, entry=1650
Error in <TBranchElement::TBranch::WriteBasketImpl>: basket's WriteBuffer failed.

Error in <TBranchElement::TBranch::Fill>: Failed to write out basket.

Error in <TBranchElement::Fill>: Failed filling branch:cosCa, nbytes=-1
Error in <TTree::Fill>: Failed filling branch:KUAnalysis.cosCa, nbytes=-1, entry=1650
Error in <TBranchElement::TBranch::WriteBasketImpl>: basket's WriteBuffer failed.

Error in <TBranchElement::TBranch::Fill>: Failed to write out basket.

Error in <TBranchElement::Fill>: Failed filling branch:MCb, nbytes=-1
Error in <TTree::Fill>: Failed filling branch:KUAnalysis.MCb, nbytes=-1, entry=1650
Error in <TBranchElement::TBranch::WriteBasketImpl>: basket's WriteBuffer failed.

Error in <TBranchElement::TBranch::Fill>: Failed to write out basket.

Error in <TBranchElement::Fill>: Failed filling branch:cosCb, nbytes=-1
Error in <TTree::Fill>: Failed filling branch:KUAnalysis.cosCb, nbytes=-1, entry=1650
Error in <TBranchElement::TBranch::WriteBasketImpl>: basket's WriteBuffer failed.

Error in <TBranchElement::TBranch::Fill>: Failed to write out basket.

Error in <TBranchElement::Fill>: Failed filling branch:MGCa, nbytes=-1
Error in <TTree::Fill>: Failed filling branch:KUAnalysis.MGCa, nbytes=-1, entry=1650
Error in <TBranchElement::TBranch::WriteBasketImpl>: basket's WriteBuffer failed.

Error in <TBranchElement::TBranch::Fill>: Failed to write out basket.

Error in <TBranchElement::Fill>: Failed filling branch:cosGCa, nbytes=-1
Error in <TTree::Fill>: Failed filling branch:KUAnalysis.cosGCa, nbytes=-1, entry=1650
Error in <TBranchElement::TBranch::WriteBasketImpl>: basket's WriteBuffer failed.

Error in <TBranchElement::TBranch::Fill>: Failed to write out basket.

Error in <TBranchElement::Fill>: Failed filling branch:MGCb, nbytes=-1
Error in <TTree::Fill>: Failed filling branch:KUAnalysis.MGCb, nbytes=-1, entry=1650
Error in <TBranchElement::TBranch::WriteBasketImpl>: basket's WriteBuffer failed.

Error in <TBranchElement::TBranch::Fill>: Failed to write out basket.

Error in <TBranchElement::Fill>: Failed filling branch:cosGCb, nbytes=-1
Error in <TTree::Fill>: Failed filling branch:KUAnalysis.cosGCb, nbytes=-1, entry=1650
Error in <TBranchElement::TBranch::WriteBasketImpl>: basket's WriteBuffer failed.

Error in <TBranchElement::TBranch::Fill>: Failed to write out basket.

Error in <TBranchElement::Fill>: Failed filling branch:H11SS, nbytes=-1
Error in <TTree::Fill>: Failed filling branch:KUAnalysis.H11SS, nbytes=-1, entry=1650
Error in <TBranchElement::TBranch::WriteBasketImpl>: basket's WriteBuffer failed.

Error in <TBranchElement::TBranch::Fill>: Failed to write out basket.

Error in <TBranchElement::Fill>: Failed filling branch:H21SS, nbytes=-1
Error in <TTree::Fill>: Failed filling branch:KUAnalysis.H21SS, nbytes=-1, entry=1650
Error in <TBranchElement::TBranch::WriteBasketImpl>: basket's WriteBuffer failed.

Error in <TBranchElement::TBranch::Fill>: Failed to write out basket.

Error in <TBranchElement::Fill>: Failed filling branch:HT21SS, nbytes=-1
Error in <TTree::Fill>: Failed filling branch:KUAnalysis.HT21SS, nbytes=-1, entry=1650
Error in <TBranchElement::TBranch::WriteBasketImpl>: basket's WriteBuffer failed.

Error in <TBranchElement::TBranch::Fill>: Failed to write out basket.

Error in <TBranchElement::Fill>: Failed filling branch:H22SS, nbytes=-1
Error in <TTree::Fill>: Failed filling branch:KUAnalysis.H22SS, nbytes=-1, entry=1650
Error in <TBranchElement::TBranch::WriteBasketImpl>: basket's WriteBuffer failed.

Error in <TBranchElement::TBranch::Fill>: Failed to write out basket.

Error in <TBranchElement::Fill>: Failed filling branch:HT22SS, nbytes=-1
Error in <TTree::Fill>: Failed filling branch:KUAnalysis.HT22SS, nbytes=-1, entry=1650
Error in <TBranchElement::TBranch::WriteBasketImpl>: basket's WriteBuffer failed.

Error in <TBranchElement::TBranch::Fill>: Failed to write out basket.

Error in <TBranchElement::Fill>: Failed filling branch:H42SS, nbytes=-1
Error in <TTree::Fill>: Failed filling branch:KUAnalysis.H42SS, nbytes=-1, entry=1650
Error in <TBranchElement::TBranch::WriteBasketImpl>: basket's WriteBuffer failed.

Error in <TBranchElement::TBranch::Fill>: Failed to write out basket.

Error in <TBranchElement::Fill>: Failed filling branch:HT42SS, nbytes=-1
Error in <TTree::Fill>: Failed filling branch:KUAnalysis.HT42SS, nbytes=-1, entry=1650
Error in <TBranchElement::TBranch::WriteBasketImpl>: basket's WriteBuffer failed.

Error in <TBranchElement::TBranch::Fill>: Failed to write out basket.

Error in <TBranchElement::Fill>: Failed filling branch:H11Ca, nbytes=-1
Error in <TTree::Fill>: Failed filling branch:KUAnalysis.H11Ca, nbytes=-1, entry=1650
Error in <TBranchElement::TBranch::WriteBasketImpl>: basket's WriteBuffer failed.

Error in <TBranchElement::TBranch::Fill>: Failed to write out basket.

Error in <TBranchElement::Fill>: Failed filling branch:H11Cb, nbytes=-1
Error in <TTree::Fill>: Failed filling branch:KUAnalysis.H11Cb, nbytes=-1, entry=1650
Error in <TBranchElement::TBranch::WriteBasketImpl>: basket's WriteBuffer failed.

Error in <TBranchElement::TBranch::Fill>: Failed to write out basket.

Error in <TBranchElement::Fill>: Failed filling branch:H21Ca, nbytes=-1
Error in <TTree::Fill>: Failed filling branch:KUAnalysis.H21Ca, nbytes=-1, entry=1650
Error in <TBranchElement::TBranch::WriteBasketImpl>: basket's WriteBuffer failed.

Error in <TBranchElement::TBranch::Fill>: Failed to write out basket.

Error in <TBranchElement::Fill>: Failed filling branch:H21Cb, nbytes=-1
Error in <TTree::Fill>: Failed filling branch:KUAnalysis.H21Cb, nbytes=-1, entry=1650
Error in <TBranchElement::TBranch::WriteBasketImpl>: basket's WriteBuffer failed.

Error in <TBranchElement::TBranch::Fill>: Failed to write out basket.

Error in <TBranchElement::Fill>: Failed filling branch:MVa, nbytes=-1
Error in <TTree::Fill>: Failed filling branch:KUAnalysis.MVa, nbytes=-1, entry=1650
Error in <TBranchElement::TBranch::WriteBasketImpl>: basket's WriteBuffer failed.

Error in <TBranchElement::TBranch::Fill>: Failed to write out basket.

Error in <TBranchElement::Fill>: Failed filling branch:PVa, nbytes=-1
Error in <TTree::Fill>: Failed filling branch:KUAnalysis.PVa, nbytes=-1, entry=1650
Error in <TBranchElement::TBranch::WriteBasketImpl>: basket's WriteBuffer failed.

Error in <TBranchElement::TBranch::Fill>: Failed to write out basket.

Error in <TBranchElement::Fill>: Failed filling branch:cosVa, nbytes=-1
Error in <TTree::Fill>: Failed filling branch:KUAnalysis.cosVa, nbytes=-1, entry=1650
Error in <TBranchElement::TBranch::WriteBasketImpl>: basket's WriteBuffer failed.

Error in <TBranchElement::TBranch::Fill>: Failed to write out basket.

Error in <TBranchElement::Fill>: Failed filling branch:MVb, nbytes=-1
Error in <TTree::Fill>: Failed filling branch:KUAnalysis.MVb, nbytes=-1, entry=1650
Error in <TBranchElement::TBranch::WriteBasketImpl>: basket's WriteBuffer failed.

Error in <TBranchElement::TBranch::Fill>: Failed to write out basket.

Error in <TBranchElement::Fill>: Failed filling branch:PVb, nbytes=-1
Error in <TTree::Fill>: Failed filling branch:KUAnalysis.PVb, nbytes=-1, entry=1650
Error in <TBranchElement::TBranch::WriteBasketImpl>: basket's WriteBuffer failed.

Error in <TBranchElement::TBranch::Fill>: Failed to write out basket.

Error in <TBranchElement::Fill>: Failed filling branch:cosVb, nbytes=-1
Error in <TTree::Fill>: Failed filling branch:KUAnalysis.cosVb, nbytes=-1, entry=1650
Error in <TBranchElement::TBranch::WriteBasketImpl>: basket's WriteBuffer failed.

Error in <TBranchElement::TBranch::Fill>: Failed to write out basket.

Error in <TBranchElement::Fill>: Failed filling branch:index_lep_gb, nbytes=-1
Error in <TTree::Fill>: Failed filling branch:KUAnalysis.index_lep_gb, nbytes=-1, entry=1666
 This error is symptomatic of a Tree created as a memory-resident Tree
 Instead of doing:
    TTree *T = new TTree(...)
    TFile *f = new TFile(...)
 you should do:
    TFile *f = new TFile(...)
    TTree *T = new TTree(...)
Error in <TBranchElement::TBranch::WriteBasketImpl>: basket's WriteBuffer failed.

Error in <TBranchElement::TBranch::Fill>: Failed to write out basket.

Error in <TBranchElement::Fill>: Failed filling branch:Njet_a, nbytes=-1
Error in <TTree::Fill>: Failed filling branch:KUAnalysis.Njet_a, nbytes=-1, entry=1680
 This error is symptomatic of a Tree created as a memory-resident Tree
 Instead of doing:
    TTree *T = new TTree(...)
    TFile *f = new TFile(...)
 you should do:
    TFile *f = new TFile(...)
    TTree *T = new TTree(...)
Error in <TBranchElement::TBranch::WriteBasketImpl>: basket's WriteBuffer failed.

Error in <TBranchElement::TBranch::Fill>: Failed to write out basket.

Error in <TBranchElement::Fill>: Failed filling branch:Njet_b, nbytes=-1
Error in <TTree::Fill>: Failed filling branch:KUAnalysis.Njet_b, nbytes=-1, entry=1680
 This error is symptomatic of a Tree created as a memory-resident Tree
 Instead of doing:
    TTree *T = new TTree(...)
    TFile *f = new TFile(...)
 you should do:
    TFile *f = new TFile(...)
    TTree *T = new TTree(...)
Error in <TBranchElement::TBranch::WriteBasketImpl>: basket's WriteBuffer failed.

Error in <TBranchElement::TBranch::Fill>: Failed to write out basket.

Error in <TBranchElement::Fill>: Failed filling branch:Nbjet_a, nbytes=-1
Error in <TTree::Fill>: Failed filling branch:KUAnalysis.Nbjet_a, nbytes=-1, entry=1680
Error in <TBranchElement::TBranch::WriteBasketImpl>: basket's WriteBuffer failed.

Error in <TBranchElement::TBranch::Fill>: Failed to write out basket.

Error in <TBranchElement::Fill>: Failed filling branch:Nbjet_b, nbytes=-1
Error in <TTree::Fill>: Failed filling branch:KUAnalysis.Nbjet_b, nbytes=-1, entry=1680
Error in <TBranchElement::TBranch::WriteBasketImpl>: basket's WriteBuffer failed.

Error in <TBranchElement::TBranch::Fill>: Failed to write out basket.

Error in <TBranchElement::Fill>: Failed filling branch:Nlep_a, nbytes=-1
Error in <TTree::Fill>: Failed filling branch:KUAnalysis.Nlep_a, nbytes=-1, entry=1680
Error in <TBranchElement::TBranch::WriteBasketImpl>: basket's WriteBuffer failed.

Error in <TBranchElement::TBranch::Fill>: Failed to write out basket.

Error in <TBranchElement::Fill>: Failed filling branch:Nlep_b, nbytes=-1
Error in <TTree::Fill>: Failed filling branch:KUAnalysis.Nlep_b, nbytes=-1, entry=1680
Error in <TBranchElement::TBranch::WriteBasketImpl>: basket's WriteBuffer failed.

Error in <TBranchElement::TBranch::Fill>: Failed to write out basket.

Error in <TBranchElement::Fill>: Failed filling branch:Njet_ga, nbytes=-1
Error in <TTree::Fill>: Failed filling branch:KUAnalysis.Njet_ga, nbytes=-1, entry=1680
Error in <TBranchElement::TBranch::WriteBasketImpl>: basket's WriteBuffer failed.

Error in <TBranchElement::TBranch::Fill>: Failed to write out basket.

Error in <TBranchElement::Fill>: Failed filling branch:Njet_gb, nbytes=-1
Error in <TTree::Fill>: Failed filling branch:KUAnalysis.Njet_gb, nbytes=-1, entry=1680
Error in <TBranchElement::TBranch::WriteBasketImpl>: basket's WriteBuffer failed.

Error in <TBranchElement::TBranch::Fill>: Failed to write out basket.

Error in <TBranchElement::Fill>: Failed filling branch:Nbjet_ga, nbytes=-1
Error in <TTree::Fill>: Failed filling branch:KUAnalysis.Nbjet_ga, nbytes=-1, entry=1680
Error in <TBranchElement::TBranch::WriteBasketImpl>: basket's WriteBuffer failed.

Error in <TBranchElement::TBranch::Fill>: Failed to write out basket.

Error in <TBranchElement::Fill>: Failed filling branch:Nbjet_gb, nbytes=-1
Error in <TTree::Fill>: Failed filling branch:KUAnalysis.Nbjet_gb, nbytes=-1, entry=1680
Error in <TBranchElement::TBranch::WriteBasketImpl>: basket's WriteBuffer failed.

Error in <TBranchElement::TBranch::Fill>: Failed to write out basket.

Error in <TBranchElement::Fill>: Failed filling branch:Nlep_ga, nbytes=-1
Error in <TTree::Fill>: Failed filling branch:KUAnalysis.Nlep_ga, nbytes=-1, entry=1680
Error in <TBranchElement::TBranch::WriteBasketImpl>: basket's WriteBuffer failed.

Error in <TBranchElement::TBranch::Fill>: Failed to write out basket.

Error in <TBranchElement::Fill>: Failed filling branch:Nlep_gb, nbytes=-1
Error in <TTree::Fill>: Failed filling branch:KUAnalysis.Nlep_gb, nbytes=-1, entry=1680
Error in <TBranchElement::TBranch::WriteBasketImpl>: basket's WriteBuffer failed.

Error in <TBranchElement::TBranch::Fill>: Failed to write out basket.

Error in <TBranchElement::Fill>: Failed filling branch:PT_jet, nbytes=-1
Error in <TTree::Fill>: Failed filling branch:KUAnalysis.PT_jet, nbytes=-1, entry=1760
 This error is symptomatic of a Tree created as a memory-resident Tree
 Instead of doing:
    TTree *T = new TTree(...)
    TFile *f = new TFile(...)
 you should do:
    TFile *f = new TFile(...)
    TTree *T = new TTree(...)
Error in <TBranchElement::TBranch::WriteBasketImpl>: basket's WriteBuffer failed.

Error in <TBranchElement::TBranch::Fill>: Failed to write out basket.

Error in <TBranchElement::Fill>: Failed filling branch:Eta_jet, nbytes=-1
Error in <TTree::Fill>: Failed filling branch:KUAnalysis.Eta_jet, nbytes=-1, entry=1760
 This error is symptomatic of a Tree created as a memory-resident Tree
 Instead of doing:
    TTree *T = new TTree(...)
    TFile *f = new TFile(...)
 you should do:
    TFile *f = new TFile(...)
    TTree *T = new TTree(...)
Error in <TBranchElement::TBranch::WriteBasketImpl>: basket's WriteBuffer failed.

Error in <TBranchElement::TBranch::Fill>: Failed to write out basket.

Error in <TBranchElement::Fill>: Failed filling branch:Phi_jet, nbytes=-1
Error in <TTree::Fill>: Failed filling branch:KUAnalysis.Phi_jet, nbytes=-1, entry=1760
Error in <TBranchElement::TBranch::WriteBasketImpl>: basket's WriteBuffer failed.

Error in <TBranchElement::TBranch::Fill>: Failed to write out basket.

Error in <TBranchElement::Fill>: Failed filling branch:M_jet, nbytes=-1
Error in <TTree::Fill>: Failed filling branch:KUAnalysis.M_jet, nbytes=-1, entry=1760
Error in <TBranchElement::TBranch::WriteBasketImpl>: basket's WriteBuffer failed.

Error in <TBranchElement::TBranch::Fill>: Failed to write out basket.

Error in <TBranchElement::Fill>: Failed filling branch:Btag_jet, nbytes=-1
Error in <TTree::Fill>: Failed filling branch:KUAnalysis.Btag_jet, nbytes=-1, entry=1760
Error in <TBranchElement::TBranch::WriteBasketImpl>: basket's WriteBuffer failed.

Error in <TBranchElement::TBranch::Fill>: Failed to write out basket.

Error in <TBranchElement::Fill>: Failed filling branch:genPT_lep, nbytes=-1
Error in <TTree::Fill>: Failed filling branch:KUAnalysis.genPT_lep, nbytes=-1, entry=1772
 This error is symptomatic of a Tree created as a memory-resident Tree
 Instead of doing:
    TTree *T = new TTree(...)
    TFile *f = new TFile(...)
 you should do:
    TFile *f = new TFile(...)
    TTree *T = new TTree(...)
Error in <TBranchElement::TBranch::WriteBasketImpl>: basket's WriteBuffer failed.

Error in <TBranchElement::TBranch::Fill>: Failed to write out basket.

Error in <TBranchElement::Fill>: Failed filling branch:genEta_lep, nbytes=-1
Error in <TTree::Fill>: Failed filling branch:KUAnalysis.genEta_lep, nbytes=-1, entry=1772
 This error is symptomatic of a Tree created as a memory-resident Tree
 Instead of doing:
    TTree *T = new TTree(...)
    TFile *f = new TFile(...)
 you should do:
    TFile *f = new TFile(...)
    TTree *T = new TTree(...)
Error in <TBranchElement::TBranch::WriteBasketImpl>: basket's WriteBuffer failed.

Error in <TBranchElement::TBranch::Fill>: Failed to write out basket.

Error in <TBranchElement::Fill>: Failed filling branch:genPhi_lep, nbytes=-1
Error in <TTree::Fill>: Failed filling branch:KUAnalysis.genPhi_lep, nbytes=-1, entry=1772
Error in <TBranchElement::TBranch::WriteBasketImpl>: basket's WriteBuffer failed.

Error in <TBranchElement::TBranch::Fill>: Failed to write out basket.

Error in <TBranchElement::Fill>: Failed filling branch:genM_lep, nbytes=-1
Error in <TTree::Fill>: Failed filling branch:KUAnalysis.genM_lep, nbytes=-1, entry=1772
Error in <TBranchElement::TBranch::WriteBasketImpl>: basket's WriteBuffer failed.

Error in <TBranchElement::TBranch::Fill>: Failed to write out basket.

Error in <TBranchElement::Fill>: Failed filling branch:genCharge_lep, nbytes=-1
Error in <TTree::Fill>: Failed filling branch:KUAnalysis.genCharge_lep, nbytes=-1, entry=1772
Error in <TBranchElement::TBranch::WriteBasketImpl>: basket's WriteBuffer failed.

Error in <TBranchElement::TBranch::Fill>: Failed to write out basket.

Error in <TBranchElement::Fill>: Failed filling branch:genPDGID_lep, nbytes=-1
Error in <TTree::Fill>: Failed filling branch:KUAnalysis.genPDGID_lep, nbytes=-1, entry=1773
 This error is symptomatic of a Tree created as a memory-resident Tree
 Instead of doing:
    TTree *T = new TTree(...)
    TFile *f = new TFile(...)
 you should do:
    TFile *f = new TFile(...)
    TTree *T = new TTree(...)
Error in <TBranchElement::TBranch::WriteBasketImpl>: basket's WriteBuffer failed.

Error in <TBranchElement::TBranch::Fill>: Failed to write out basket.

Error in <TBranchElement::Fill>: Failed filling branch:genIndex_lep, nbytes=-1
Error in <TTree::Fill>: Failed filling branch:KUAnalysis.genIndex_lep, nbytes=-1, entry=1773
 This error is symptomatic of a Tree created as a memory-resident Tree
 Instead of doing:
    TTree *T = new TTree(...)
    TFile *f = new TFile(...)
 you should do:
    TFile *f = new TFile(...)
    TTree *T = new TTree(...)
Error in <TBranchElement::TBranch::WriteBasketImpl>: basket's WriteBuffer failed.

Error in <TBranchElement::TBranch::Fill>: Failed to write out basket.

Error in <TBranchElement::Fill>: Failed filling branch:genPT_nu, nbytes=-1
Error in <TTree::Fill>: Failed filling branch:KUAnalysis.genPT_nu, nbytes=-1, entry=1773
Error in <TBranchElement::TBranch::WriteBasketImpl>: basket's WriteBuffer failed.

Error in <TBranchElement::TBranch::Fill>: Failed to write out basket.

Error in <TBranchElement::Fill>: Failed filling branch:genEta_nu, nbytes=-1
Error in <TTree::Fill>: Failed filling branch:KUAnalysis.genEta_nu, nbytes=-1, entry=1773
Error in <TBranchElement::TBranch::WriteBasketImpl>: basket's WriteBuffer failed.

Error in <TBranchElement::TBranch::Fill>: Failed to write out basket.

Error in <TBranchElement::Fill>: Failed filling branch:genPhi_nu, nbytes=-1
Error in <TTree::Fill>: Failed filling branch:KUAnalysis.genPhi_nu, nbytes=-1, entry=1773
Error in <TBranchElement::TBranch::WriteBasketImpl>: basket's WriteBuffer failed.

Error in <TBranchElement::TBranch::Fill>: Failed to write out basket.

Error in <TBranchElement::Fill>: Failed filling branch:genPDGID_nu, nbytes=-1
Error in <TTree::Fill>: Failed filling branch:KUAnalysis.genPDGID_nu, nbytes=-1, entry=1773
Error in <TBranchElement::TBranch::WriteBasketImpl>: basket's WriteBuffer failed.

Error in <TBranchElement::TBranch::Fill>: Failed to write out basket.

Error in <TBranchElement::Fill>: Failed filling branch:genPT_susy, nbytes=-1
Error in <TTree::Fill>: Failed filling branch:KUAnalysis.genPT_susy, nbytes=-1, entry=1773
Error in <TBranchElement::TBranch::WriteBasketImpl>: basket's WriteBuffer failed.

Error in <TBranchElement::TBranch::Fill>: Failed to write out basket.

Error in <TBranchElement::Fill>: Failed filling branch:genEta_susy, nbytes=-1
Error in <TTree::Fill>: Failed filling branch:KUAnalysis.genEta_susy, nbytes=-1, entry=1773
Error in <TBranchElement::TBranch::WriteBasketImpl>: basket's WriteBuffer failed.

Error in <TBranchElement::TBranch::Fill>: Failed to write out basket.

Error in <TBranchElement::Fill>: Failed filling branch:genPhi_susy, nbytes=-1
Error in <TTree::Fill>: Failed filling branch:KUAnalysis.genPhi_susy, nbytes=-1, entry=1773
Error in <TBranchElement::TBranch::WriteBasketImpl>: basket's WriteBuffer failed.

Error in <TBranchElement::TBranch::Fill>: Failed to write out basket.

Error in <TBranchElement::Fill>: Failed filling branch:genM_susy, nbytes=-1
Error in <TTree::Fill>: Failed filling branch:KUAnalysis.genM_susy, nbytes=-1, entry=1773
Error in <TBranchElement::TBranch::WriteBasketImpl>: basket's WriteBuffer failed.

Error in <TBranchElement::TBranch::Fill>: Failed to write out basket.

Error in <TBranchElement::Fill>: Failed filling branch:genPDGID_susy, nbytes=-1
Error in <TTree::Fill>: Failed filling branch:KUAnalysis.genPDGID_susy, nbytes=-1, entry=1773
Error in <TBranchElement::TBranch::WriteBasketImpl>: basket's WriteBuffer failed.

Error in <TBranchElement::TBranch::Fill>: Failed to write out basket.

Error in <TBranchElement::Fill>: Failed filling branch:index_jet_b, nbytes=-1
Error in <TTree::Fill>: Failed filling branch:KUAnalysis.index_jet_b, nbytes=-1, entry=1796
 This error is symptomatic of a Tree created as a memory-resident Tree
 Instead of doing:
    TTree *T = new TTree(...)
    TFile *f = new TFile(...)
 you should do:
    TFile *f = new TFile(...)
    TTree *T = new TTree(...)
Error in <TBranchElement::TBranch::WriteBasketImpl>: basket's WriteBuffer failed.

Error in <TBranchElement::TBranch::Fill>: Failed to write out basket.

Error in <TBranchElement::Fill>: Failed filling branch:index_jet_ISR, nbytes=-1
Error in <TTree::Fill>: Failed filling branch:KUAnalysis.index_jet_ISR, nbytes=-1, entry=1871
 This error is symptomatic of a Tree created as a memory-resident Tree
 Instead of doing:
    TTree *T = new TTree(...)
    TFile *f = new TFile(...)
 you should do:
    TFile *f = new TFile(...)
    TTree *T = new TTree(...)
Error in <TBranch::TBranch::WriteBasketImpl>: basket's WriteBuffer failed.

Error in <TBranch::TBranch::WriteBasketImpl>: basket's WriteBuffer failed.

Error in <TBranch::TBranch::WriteBasketImpl>: basket's WriteBuffer failed.

Error in <TBranch::TBranch::WriteBasketImpl>: basket's WriteBuffer failed.

Error in <TBranch::TBranch::WriteBasketImpl>: basket's WriteBuffer failed.

Error in <TBranch::TBranch::WriteBasketImpl>: basket's WriteBuffer failed.

Error in <TBranch::TBranch::WriteBasketImpl>: basket's WriteBuffer failed.

Error in <TBranch::TBranch::WriteBasketImpl>: basket's WriteBuffer failed.

Error in <TBranch::TBranch::WriteBasketImpl>: basket's WriteBuffer failed.

Error in <TBranchElement::TBranch::WriteBasketImpl>: basket's WriteBuffer failed.

Error in <TBranchElement::TBranch::WriteBasketImpl>: basket's WriteBuffer failed.

Error in <TBranchElement::TBranch::WriteBasketImpl>: basket's WriteBuffer failed.

Error in <TBranchElement::TBranch::WriteBasketImpl>: basket's WriteBuffer failed.

Error in <TBranchElement::TBranch::WriteBasketImpl>: basket's WriteBuffer failed.

Error in <TBranchElement::TBranch::WriteBasketImpl>: basket's WriteBuffer failed.

Error in <TBranchElement::TBranch::WriteBasketImpl>: basket's WriteBuffer failed.

Error in <TBranchElement::TBranch::WriteBasketImpl>: basket's WriteBuffer failed.

Error in <TBranchElement::TBranch::WriteBasketImpl>: basket's WriteBuffer failed.

Error in <TBranchElement::TBranch::WriteBasketImpl>: basket's WriteBuffer failed.

Error in <TBranchElement::TBranch::WriteBasketImpl>: basket's WriteBuffer failed.

Error in <TBranchElement::TBranch::WriteBasketImpl>: basket's WriteBuffer failed.

Error in <TBranchElement::TBranch::WriteBasketImpl>: basket's WriteBuffer failed.

Error in <TBranchElement::TBranch::WriteBasketImpl>: basket's WriteBuffer failed.

Error in <TBranchElement::TBranch::WriteBasketImpl>: basket's WriteBuffer failed.

Error in <TBranchElement::TBranch::WriteBasketImpl>: basket's WriteBuffer failed.

Error in <TBranchElement::TBranch::WriteBasketImpl>: basket's WriteBuffer failed.

Error in <TBranchElement::TBranch::WriteBasketImpl>: basket's WriteBuffer failed.

Error in <TBranchElement::TBranch::WriteBasketImpl>: basket's WriteBuffer failed.

Error in <TBranchElement::TBranch::WriteBasketImpl>: basket's WriteBuffer failed.

Error in <TBranch::TBranch::WriteBasketImpl>: basket's WriteBuffer failed.

Error in <TBranch::TBranch::WriteBasketImpl>: basket's WriteBuffer failed.

Error in <TBranchElement::TBranch::WriteBasketImpl>: basket's WriteBuffer failed.

Error in <TBranchElement::TBranch::WriteBasketImpl>: basket's WriteBuffer failed.

Error in <TBranchElement::TBranch::WriteBasketImpl>: basket's WriteBuffer failed.

Error in <TBranchElement::TBranch::WriteBasketImpl>: basket's WriteBuffer failed.

Error in <TBranchElement::TBranch::WriteBasketImpl>: basket's WriteBuffer failed.

Error in <TBranchElement::TBranch::WriteBasketImpl>: basket's WriteBuffer failed.

Error in <TBranchElement::TBranch::WriteBasketImpl>: basket's WriteBuffer failed.

Error in <TBranchElement::TBranch::WriteBasketImpl>: basket's WriteBuffer failed.

Error in <TBranchElement::TBranch::WriteBasketImpl>: basket's WriteBuffer failed.

Error in <TBranchElement::TBranch::WriteBasketImpl>: basket's WriteBuffer failed.

Error in <TBranchElement::TBranch::WriteBasketImpl>: basket's WriteBuffer failed.

Error in <TBranchElement::TBranch::WriteBasketImpl>: basket's WriteBuffer failed.

Error in <TBranchElement::TBranch::WriteBasketImpl>: basket's WriteBuffer failed.

Error in <TBranchElement::TBranch::WriteBasketImpl>: basket's WriteBuffer failed.

Error in <TBranchElement::TBranch::WriteBasketImpl>: basket's WriteBuffer failed.

Error in <TBranch::TBranch::WriteBasketImpl>: basket's WriteBuffer failed.

Error in <TBranch::TBranch::WriteBasketImpl>: basket's WriteBuffer failed.

Error in <TBranch::TBranch::WriteBasketImpl>: basket's WriteBuffer failed.

Error in <TBranchElement::TBranch::WriteBasketImpl>: basket's WriteBuffer failed.

Error in <TBranchElement::TBranch::WriteBasketImpl>: basket's WriteBuffer failed.

Error in <TBranchElement::TBranch::WriteBasketImpl>: basket's WriteBuffer failed.

Error in <TBranchElement::TBranch::WriteBasketImpl>: basket's WriteBuffer failed.

Error in <TBranchElement::TBranch::WriteBasketImpl>: basket's WriteBuffer failed.

Error in <TBranchElement::TBranch::WriteBasketImpl>: basket's WriteBuffer failed.

Error in <TBranchElement::TBranch::WriteBasketImpl>: basket's WriteBuffer failed.

Error in <TBranchElement::TBranch::WriteBasketImpl>: basket's WriteBuffer failed.

Error in <TBranchElement::TBranch::WriteBasketImpl>: basket's WriteBuffer failed.

Error in <TBranchElement::TBranch::WriteBasketImpl>: basket's WriteBuffer failed.

Error in <TBranchElement::TBranch::WriteBasketImpl>: basket's WriteBuffer failed.

Error in <TBranchElement::TBranch::WriteBasketImpl>: basket's WriteBuffer failed.

Error in <TBranchElement::TBranch::WriteBasketImpl>: basket's WriteBuffer failed.

Error in <TBranchElement::TBranch::WriteBasketImpl>: basket's WriteBuffer failed.

Error in <TBranch::TBranch::WriteBasketImpl>: basket's WriteBuffer failed.

Error in <TBranchElement::TBranch::WriteBasketImpl>: basket's WriteBuffer failed.

Error in <TBranchElement::TBranch::WriteBasketImpl>: basket's WriteBuffer failed.

Error in <TBranchElement::TBranch::WriteBasketImpl>: basket's WriteBuffer failed.

Error in <TBranchElement::TBranch::WriteBasketImpl>: basket's WriteBuffer failed.

Error in <TBranchElement::TBranch::WriteBasketImpl>: basket's WriteBuffer failed.

Error in <TBranchElement::TBranch::WriteBasketImpl>: basket's WriteBuffer failed.

Error in <TBranchElement::TBranch::WriteBasketImpl>: basket's WriteBuffer failed.

Error in <TBranchElement::TBranch::WriteBasketImpl>: basket's WriteBuffer failed.

Error in <TBranch::TBranch::WriteBasketImpl>: basket's WriteBuffer failed.

Error in <TBranchElement::TBranch::WriteBasketImpl>: basket's WriteBuffer failed.

Error in <TBranchElement::TBranch::WriteBasketImpl>: basket's WriteBuffer failed.

Error in <TBranchElement::TBranch::WriteBasketImpl>: basket's WriteBuffer failed.

Error in <TBranchElement::TBranch::WriteBasketImpl>: basket's WriteBuffer failed.

Error in <TBranchElement::TBranch::WriteBasketImpl>: basket's WriteBuffer failed.

Error in <TBranchElement::TBranch::WriteBasketImpl>: basket's WriteBuffer failed.

Error in <TBranchElement::TBranch::WriteBasketImpl>: basket's WriteBuffer failed.

Error in <TBranchElement::TBranch::WriteBasketImpl>: basket's WriteBuffer failed.

Error in <TBranchElement::TBranch::WriteBasketImpl>: basket's WriteBuffer failed.

Error in <TBranchElement::TBranch::WriteBasketImpl>: basket's WriteBuffer failed.

Error in <TBranch::TBranch::WriteBasketImpl>: basket's WriteBuffer failed.

Error in <TBranchElement::TBranch::WriteBasketImpl>: basket's WriteBuffer failed.

Error in <TBranchElement::TBranch::WriteBasketImpl>: basket's WriteBuffer failed.

Error in <TBranchElement::TBranch::WriteBasketImpl>: basket's WriteBuffer failed.

Error in <TBranchElement::TBranch::WriteBasketImpl>: basket's WriteBuffer failed.

Error in <TBranchElement::TBranch::WriteBasketImpl>: basket's WriteBuffer failed.

Error in <TBranchElement::TBranch::WriteBasketImpl>: basket's WriteBuffer failed.

Error in <TBranchElement::TBranch::WriteBasketImpl>: basket's WriteBuffer failed.

Error in <TBranchElement::TBranch::WriteBasketImpl>: basket's WriteBuffer failed.

Error in <TBranchElement::TBranch::WriteBasketImpl>: basket's WriteBuffer failed.

Error in <TBranchElement::TBranch::WriteBasketImpl>: basket's WriteBuffer failed.

Error in <TBranchElement::TBranch::WriteBasketImpl>: basket's WriteBuffer failed.

Error in <TBranchElement::TBranch::WriteBasketImpl>: basket's WriteBuffer failed.

Error in <TBranchElement::TBranch::WriteBasketImpl>: basket's WriteBuffer failed.

Error in <TBranchElement::TBranch::WriteBasketImpl>: basket's WriteBuffer failed.

Error in <TBranchElement::TBranch::WriteBasketImpl>: basket's WriteBuffer failed.

Error in <TBranchElement::TBranch::WriteBasketImpl>: basket's WriteBuffer failed.

Error in <TBranchElement::TBranch::WriteBasketImpl>: basket's WriteBuffer failed.

Error in <TBranchElement::TBranch::WriteBasketImpl>: basket's WriteBuffer failed.

Error in <TBranchElement::TBranch::WriteBasketImpl>: basket's WriteBuffer failed.

Error in <TBranchElement::TBranch::WriteBasketImpl>: basket's WriteBuffer failed.

Error in <TBranchElement::TBranch::WriteBasketImpl>: basket's WriteBuffer failed.

Error in <TBranchElement::TBranch::WriteBasketImpl>: basket's WriteBuffer failed.

Error in <TBranchElement::TBranch::WriteBasketImpl>: basket's WriteBuffer failed.

Error in <TBranchElement::TBranch::WriteBasketImpl>: basket's WriteBuffer failed.

Error in <TBranchElement::TBranch::WriteBasketImpl>: basket's WriteBuffer failed.

Error in <TBranchElement::TBranch::WriteBasketImpl>: basket's WriteBuffer failed.

Error in <TBranchElement::TBranch::WriteBasketImpl>: basket's WriteBuffer failed.

Error in <TBranchElement::TBranch::WriteBasketImpl>: basket's WriteBuffer failed.

Error in <TBranchElement::TBranch::WriteBasketImpl>: basket's WriteBuffer failed.

Error in <TBranchElement::TBranch::WriteBasketImpl>: basket's WriteBuffer failed.

Error in <TBranchElement::TBranch::WriteBasketImpl>: basket's WriteBuffer failed.

Error in <TBranchElement::TBranch::WriteBasketImpl>: basket's WriteBuffer failed.

Error in <TBranchElement::TBranch::WriteBasketImpl>: basket's WriteBuffer failed.

Error in <TBranchElement::TBranch::WriteBasketImpl>: basket's WriteBuffer failed.

Error in <TBranchElement::TBranch::WriteBasketImpl>: basket's WriteBuffer failed.

Error in <TBranchElement::TBranch::WriteBasketImpl>: basket's WriteBuffer failed.

Error in <TBranchElement::TBranch::WriteBasketImpl>: basket's WriteBuffer failed.

Error in <TBranchElement::TBranch::WriteBasketImpl>: basket's WriteBuffer failed.

Error in <TBranchElement::TBranch::WriteBasketImpl>: basket's WriteBuffer failed.

Error in <TBranchElement::TBranch::WriteBasketImpl>: basket's WriteBuffer failed.

Error in <TBranchElement::TBranch::WriteBasketImpl>: basket's WriteBuffer failed.

Error in <TBranchElement::TBranch::WriteBasketImpl>: basket's WriteBuffer failed.

Error in <TBranchElement::TBranch::WriteBasketImpl>: basket's WriteBuffer failed.

Error in <TBranchElement::TBranch::WriteBasketImpl>: basket's WriteBuffer failed.

Error in <TBranchElement::TBranch::WriteBasketImpl>: basket's WriteBuffer failed.

Error in <TBranchElement::TBranch::WriteBasketImpl>: basket's WriteBuffer failed.

Error in <TBranchElement::TBranch::WriteBasketImpl>: basket's WriteBuffer failed.

Error in <TBranchElement::TBranch::WriteBasketImpl>: basket's WriteBuffer failed.

Error in <TBranchElement::TBranch::WriteBasketImpl>: basket's WriteBuffer failed.

Error in <TBranchElement::TBranch::WriteBasketImpl>: basket's WriteBuffer failed.

Error in <TBranchElement::TBranch::WriteBasketImpl>: basket's WriteBuffer failed.

Error in <TBranchElement::TBranch::WriteBasketImpl>: basket's WriteBuffer failed.

Error in <TBranchElement::TBranch::WriteBasketImpl>: basket's WriteBuffer failed.

Error in <TBranchElement::TBranch::WriteBasketImpl>: basket's WriteBuffer failed.

Error in <TBranchElement::TBranch::WriteBasketImpl>: basket's WriteBuffer failed.

Error in <TBranchElement::TBranch::WriteBasketImpl>: basket's WriteBuffer failed.

Error in <TBranchElement::TBranch::WriteBasketImpl>: basket's WriteBuffer failed.

Error in <TBranchElement::TBranch::WriteBasketImpl>: basket's WriteBuffer failed.

Error in <TBranchElement::TBranch::WriteBasketImpl>: basket's WriteBuffer failed.

Error in <TBranchElement::TBranch::WriteBasketImpl>: basket's WriteBuffer failed.

Error in <TBranchElement::TBranch::WriteBasketImpl>: basket's WriteBuffer failed.

Error in <TBranchElement::TBranch::WriteBasketImpl>: basket's WriteBuffer failed.

Error in <TBranchElement::TBranch::WriteBasketImpl>: basket's WriteBuffer failed.

Error in <TBranchElement::TBranch::WriteBasketImpl>: basket's WriteBuffer failed.

Error in <TBranchElement::TBranch::WriteBasketImpl>: basket's WriteBuffer failed.

Error in <TBranchElement::TBranch::WriteBasketImpl>: basket's WriteBuffer failed.

Error in <TBranchElement::TBranch::WriteBasketImpl>: basket's WriteBuffer failed.

Error in <TBranchElement::TBranch::WriteBasketImpl>: basket's WriteBuffer failed.

Error in <TBranchElement::TBranch::WriteBasketImpl>: basket's WriteBuffer failed.

Error in <TBranchElement::TBranch::WriteBasketImpl>: basket's WriteBuffer failed.

Error in <TBranchElement::TBranch::WriteBasketImpl>: basket's WriteBuffer failed.

Error in <TBranchElement::TBranch::WriteBasketImpl>: basket's WriteBuffer failed.

Error in <TBranchElement::TBranch::WriteBasketImpl>: basket's WriteBuffer failed.

Error in <TBranchElement::TBranch::WriteBasketImpl>: basket's WriteBuffer failed.

Error in <TBranchElement::TBranch::WriteBasketImpl>: basket's WriteBuffer failed.

Error in <TBranchElement::TBranch::WriteBasketImpl>: basket's WriteBuffer failed.

Error in <TBranchElement::TBranch::WriteBasketImpl>: basket's WriteBuffer failed.

Error in <TBranchElement::TBranch::WriteBasketImpl>: basket's WriteBuffer failed.

Error in <TBranchElement::TBranch::WriteBasketImpl>: basket's WriteBuffer failed.

Error in <TBranchElement::TBranch::WriteBasketImpl>: basket's WriteBuffer failed.

Error in <TBranchElement::TBranch::WriteBasketImpl>: basket's WriteBuffer failed.

Error in <TBranchElement::TBranch::WriteBasketImpl>: basket's WriteBuffer failed.

Error in <TBranchElement::TBranch::WriteBasketImpl>: basket's WriteBuffer failed.

Error in <TBranchElement::TBranch::WriteBasketImpl>: basket's WriteBuffer failed.

Error in <TBranchElement::TBranch::WriteBasketImpl>: basket's WriteBuffer failed.

Error in <TBranchElement::TBranch::WriteBasketImpl>: basket's WriteBuffer failed.

Error in <TBranchElement::TBranch::WriteBasketImpl>: basket's WriteBuffer failed.

Error in <TBranchElement::TBranch::WriteBasketImpl>: basket's WriteBuffer failed.

Error in <TBranchElement::TBranch::WriteBasketImpl>: basket's WriteBuffer failed.

Error in <TBranchElement::TBranch::WriteBasketImpl>: basket's WriteBuffer failed.

Error in <TBranchElement::TBranch::WriteBasketImpl>: basket's WriteBuffer failed.

Error in <TBranchElement::TBranch::WriteBasketImpl>: basket's WriteBuffer failed.

Error in <TBranchElement::TBranch::WriteBasketImpl>: basket's WriteBuffer failed.

Error in <TBranchElement::TBranch::WriteBasketImpl>: basket's WriteBuffer failed.

Error in <TBranchElement::TBranch::WriteBasketImpl>: basket's WriteBuffer failed.

Error in <TBranchElement::TBranch::WriteBasketImpl>: basket's WriteBuffer failed.

Error in <TBranchElement::TBranch::WriteBasketImpl>: basket's WriteBuffer failed.

Error in <TBranchElement::TBranch::WriteBasketImpl>: basket's WriteBuffer failed.

Error in <TBranchElement::TBranch::WriteBasketImpl>: basket's WriteBuffer failed.

Error in <TBranchElement::TBranch::WriteBasketImpl>: basket's WriteBuffer failed.

Error in <TBranchElement::TBranch::WriteBasketImpl>: basket's WriteBuffer failed.

Error in <TBranchElement::TBranch::WriteBasketImpl>: basket's WriteBuffer failed.

Error in <TBranchElement::TBranch::WriteBasketImpl>: basket's WriteBuffer failed.

Error in <TBranchElement::TBranch::WriteBasketImpl>: basket's WriteBuffer failed.

Error in <TBranchElement::TBranch::WriteBasketImpl>: basket's WriteBuffer failed.

Error in <TBranchElement::TBranch::WriteBasketImpl>: basket's WriteBuffer failed.

Error in <TBranchElement::TBranch::WriteBasketImpl>: basket's WriteBuffer failed.

Error in <TBranchElement::TBranch::WriteBasketImpl>: basket's WriteBuffer failed.

Error in <TBranchElement::TBranch::WriteBasketImpl>: basket's WriteBuffer failed.

Error in <TBranchElement::TBranch::WriteBasketImpl>: basket's WriteBuffer failed.

Error in <TBranchElement::TBranch::WriteBasketImpl>: basket's WriteBuffer failed.

Error in <TBranchElement::TBranch::WriteBasketImpl>: basket's WriteBuffer failed.

Error in <TBranchElement::TBranch::WriteBasketImpl>: basket's WriteBuffer failed.

Error in <TBranchElement::TBranch::WriteBasketImpl>: basket's WriteBuffer failed.

Error in <TBranchElement::TBranch::WriteBasketImpl>: basket's WriteBuffer failed.

Error in <TBranchElement::TBranch::WriteBasketImpl>: basket's WriteBuffer failed.

Error in <TBranchElement::TBranch::WriteBasketImpl>: basket's WriteBuffer failed.

Error in <TBranchElement::TBranch::WriteBasketImpl>: basket's WriteBuffer failed.

Error in <TBranchElement::TBranch::WriteBasketImpl>: basket's WriteBuffer failed.

Error in <TBranchElement::TBranch::WriteBasketImpl>: basket's WriteBuffer failed.

Error in <TBranchElement::TBranch::WriteBasketImpl>: basket's WriteBuffer failed.

Error in <TBranchElement::TBranch::WriteBasketImpl>: basket's WriteBuffer failed.

Error in <TBranchElement::TBranch::WriteBasketImpl>: basket's WriteBuffer failed.

Error in <TBranchElement::TBranch::WriteBasketImpl>: basket's WriteBuffer failed.

Error in <TBranchElement::TBranch::WriteBasketImpl>: basket's WriteBuffer failed.

Error in <TBranchElement::TBranch::WriteBasketImpl>: basket's WriteBuffer failed.

Error in <TBranchElement::TBranch::WriteBasketImpl>: basket's WriteBuffer failed.

Error in <TBranchElement::TBranch::WriteBasketImpl>: basket's WriteBuffer failed.

Error in <TBranchElement::TBranch::WriteBasketImpl>: basket's WriteBuffer failed.

Error in <TBranchElement::TBranch::WriteBasketImpl>: basket's WriteBuffer failed.

Error in <TBranchElement::TBranch::WriteBasketImpl>: basket's WriteBuffer failed.

Error in <TBranchElement::TBranch::WriteBasketImpl>: basket's WriteBuffer failed.

Error in <TBranchElement::TBranch::WriteBasketImpl>: basket's WriteBuffer failed.

Error in <TBranchElement::TBranch::WriteBasketImpl>: basket's WriteBuffer failed.

Error in <TBranchElement::TBranch::WriteBasketImpl>: basket's WriteBuffer failed.

Error in <TBranchElement::TBranch::WriteBasketImpl>: basket's WriteBuffer failed.

Error in <TBranchElement::TBranch::WriteBasketImpl>: basket's WriteBuffer failed.

Error in <TBranchElement::TBranch::WriteBasketImpl>: basket's WriteBuffer failed.

Error in <TBranchElement::TBranch::WriteBasketImpl>: basket's WriteBuffer failed.

Error in <TBranchElement::TBranch::WriteBasketImpl>: basket's WriteBuffer failed.

Error in <TBranchElement::TBranch::WriteBasketImpl>: basket's WriteBuffer failed.

Error in <TBranchElement::TBranch::WriteBasketImpl>: basket's WriteBuffer failed.

Error in <TBranchElement::TBranch::WriteBasketImpl>: basket's WriteBuffer failed.

Error in <TBranch::TBranch::WriteBasketImpl>: basket's WriteBuffer failed.

Error in <TBranch::TBranch::WriteBasketImpl>: basket's WriteBuffer failed.

Error in <TBranch::TBranch::WriteBasketImpl>: basket's WriteBuffer failed.

Error in <TBranch::TBranch::WriteBasketImpl>: basket's WriteBuffer failed.

Error in <TBranch::TBranch::WriteBasketImpl>: basket's WriteBuffer failed.

Error in <TBranch::TBranch::WriteBasketImpl>: basket's WriteBuffer failed.

Error in <TBranch::TBranch::WriteBasketImpl>: basket's WriteBuffer failed.

Error in <TBranch::TBranch::WriteBasketImpl>: basket's WriteBuffer failed.

Error in <TBranch::TBranch::WriteBasketImpl>: basket's WriteBuffer failed.

Error in <TBranchElement::TBranch::WriteBasketImpl>: basket's WriteBuffer failed.

Error in <TBranchElement::TBranch::WriteBasketImpl>: basket's WriteBuffer failed.

Error in <TBranchElement::TBranch::WriteBasketImpl>: basket's WriteBuffer failed.

Error in <TBranchElement::TBranch::WriteBasketImpl>: basket's WriteBuffer failed.

Error in <TBranchElement::TBranch::WriteBasketImpl>: basket's WriteBuffer failed.

Error in <TBranchElement::TBranch::WriteBasketImpl>: basket's WriteBuffer failed.

Error in <TBranchElement::TBranch::WriteBasketImpl>: basket's WriteBuffer failed.

Error in <TBranchElement::TBranch::WriteBasketImpl>: basket's WriteBuffer failed.

Error in <TBranchElement::TBranch::WriteBasketImpl>: basket's WriteBuffer failed.

Error in <TBranchElement::TBranch::WriteBasketImpl>: basket's WriteBuffer failed.

Error in <TBranchElement::TBranch::WriteBasketImpl>: basket's WriteBuffer failed.

Error in <TBranchElement::TBranch::WriteBasketImpl>: basket's WriteBuffer failed.

Error in <TBranchElement::TBranch::WriteBasketImpl>: basket's WriteBuffer failed.

Error in <TBranchElement::TBranch::WriteBasketImpl>: basket's WriteBuffer failed.

Error in <TBranchElement::TBranch::WriteBasketImpl>: basket's WriteBuffer failed.

Error in <TBranchElement::TBranch::WriteBasketImpl>: basket's WriteBuffer failed.

Error in <TBranchElement::TBranch::WriteBasketImpl>: basket's WriteBuffer failed.

Error in <TBranchElement::TBranch::WriteBasketImpl>: basket's WriteBuffer failed.

Error in <TBranchElement::TBranch::WriteBasketImpl>: basket's WriteBuffer failed.

Error in <TBranchElement::TBranch::WriteBasketImpl>: basket's WriteBuffer failed.

Error in <TBranchElement::TBranch::WriteBasketImpl>: basket's WriteBuffer failed.

Error in <TBranchElement::TBranch::WriteBasketImpl>: basket's WriteBuffer failed.

Error in <TBranchElement::TBranch::WriteBasketImpl>: basket's WriteBuffer failed.

Error in <TBranchElement::TBranch::WriteBasketImpl>: basket's WriteBuffer failed.

Error in <TBranchElement::TBranch::WriteBasketImpl>: basket's WriteBuffer failed.

Error in <TBranchElement::TBranch::WriteBasketImpl>: basket's WriteBuffer failed.

Error in <TBranchElement::TBranch::WriteBasketImpl>: basket's WriteBuffer failed.

Error in <TBranchElement::TBranch::WriteBasketImpl>: basket's WriteBuffer failed.

Error in <TBranchElement::TBranch::WriteBasketImpl>: basket's WriteBuffer failed.

Error in <TBranchElement::TBranch::WriteBasketImpl>: basket's WriteBuffer failed.

Error in <TBranchElement::TBranch::WriteBasketImpl>: basket's WriteBuffer failed.

Error in <TBranchElement::TBranch::WriteBasketImpl>: basket's WriteBuffer failed.

Error in <TBranchElement::TBranch::WriteBasketImpl>: basket's WriteBuffer failed.

Error in <TBranchElement::TBranch::WriteBasketImpl>: basket's WriteBuffer failed.

Error in <TBranchElement::TBranch::WriteBasketImpl>: basket's WriteBuffer failed.

Error in <TBranchElement::TBranch::WriteBasketImpl>: basket's WriteBuffer failed.

Error in <TBranchElement::TBranch::WriteBasketImpl>: basket's WriteBuffer failed.

Error in <TBranchElement::TBranch::WriteBasketImpl>: basket's WriteBuffer failed.

