
[36mRestFrames v1.0.0 -- Developed by Christopher Rogan (crogan@cern.ch)
                     Copyright (c) 2014-2018, Christopher Rogan
                     http://RestFrames.com
[0m
   Adding file /mnt/hadoop/user/uscms01/pnfs/unl.edu/data4/cms/store/user/zflowers/Ewkinos/WJetsToLNu_TuneCP5_13TeV-madgraphMLM-pythia8/crab_WJetsToLNu_TuneCP5_13TeV-madgraphMLM-pythia8RunIIFall17MiniAODv2/181116_210752/0000/stopFlatNtuples_2-63.root
   Adding file /mnt/hadoop/user/uscms01/pnfs/unl.edu/data4/cms/store/user/zflowers/Ewkinos/WJetsToLNu_TuneCP5_13TeV-madgraphMLM-pythia8/crab_WJetsToLNu_TuneCP5_13TeV-madgraphMLM-pythia8RunIIFall17MiniAODv2/181116_210752/0000/stopFlatNtuples_2-64.root
   Adding file /mnt/hadoop/user/uscms01/pnfs/unl.edu/data4/cms/store/user/zflowers/Ewkinos/WJetsToLNu_TuneCP5_13TeV-madgraphMLM-pythia8/crab_WJetsToLNu_TuneCP5_13TeV-madgraphMLM-pythia8RunIIFall17MiniAODv2/181116_210752/0000/stopFlatNtuples_2-65.root
   Adding file /mnt/hadoop/user/uscms01/pnfs/unl.edu/data4/cms/store/user/zflowers/Ewkinos/WJetsToLNu_TuneCP5_13TeV-madgraphMLM-pythia8/crab_WJetsToLNu_TuneCP5_13TeV-madgraphMLM-pythia8RunIIFall17MiniAODv2/181116_210752/0000/stopFlatNtuples_2-66.root
   Adding file /mnt/hadoop/user/uscms01/pnfs/unl.edu/data4/cms/store/user/zflowers/Ewkinos/WJetsToLNu_TuneCP5_13TeV-madgraphMLM-pythia8/crab_WJetsToLNu_TuneCP5_13TeV-madgraphMLM-pythia8RunIIFall17MiniAODv2/181116_210752/0000/stopFlatNtuples_2-67.root
   Adding file /mnt/hadoop/user/uscms01/pnfs/unl.edu/data4/cms/store/user/zflowers/Ewkinos/WJetsToLNu_TuneCP5_13TeV-madgraphMLM-pythia8/crab_WJetsToLNu_TuneCP5_13TeV-madgraphMLM-pythia8RunIIFall17MiniAODv2/181116_210752/0000/stopFlatNtuples_2-68.root
   Adding file /mnt/hadoop/user/uscms01/pnfs/unl.edu/data4/cms/store/user/zflowers/Ewkinos/WJetsToLNu_TuneCP5_13TeV-madgraphMLM-pythia8/crab_WJetsToLNu_TuneCP5_13TeV-madgraphMLM-pythia8RunIIFall17MiniAODv2/181116_210752/0000/stopFlatNtuples_2-69.root
   Adding file /mnt/hadoop/user/uscms01/pnfs/unl.edu/data4/cms/store/user/zflowers/Ewkinos/WJetsToLNu_TuneCP5_13TeV-madgraphMLM-pythia8/crab_WJetsToLNu_TuneCP5_13TeV-madgraphMLM-pythia8RunIIFall17MiniAODv2/181116_210752/0000/stopFlatNtuples_2-7.root
   Adding file /mnt/hadoop/user/uscms01/pnfs/unl.edu/data4/cms/store/user/zflowers/Ewkinos/WJetsToLNu_TuneCP5_13TeV-madgraphMLM-pythia8/crab_WJetsToLNu_TuneCP5_13TeV-madgraphMLM-pythia8RunIIFall17MiniAODv2/181116_210752/0000/stopFlatNtuples_2-70.root
   Adding file /mnt/hadoop/user/uscms01/pnfs/unl.edu/data4/cms/store/user/zflowers/Ewkinos/WJetsToLNu_TuneCP5_13TeV-madgraphMLM-pythia8/crab_WJetsToLNu_TuneCP5_13TeV-madgraphMLM-pythia8RunIIFall17MiniAODv2/181116_210752/0000/stopFlatNtuples_2-71.root
   Adding file /mnt/hadoop/user/uscms01/pnfs/unl.edu/data4/cms/store/user/zflowers/Ewkinos/WJetsToLNu_TuneCP5_13TeV-madgraphMLM-pythia8/crab_WJetsToLNu_TuneCP5_13TeV-madgraphMLM-pythia8RunIIFall17MiniAODv2/181116_210752/0000/stopFlatNtuples_2-72.root
   Adding file /mnt/hadoop/user/uscms01/pnfs/unl.edu/data4/cms/store/user/zflowers/Ewkinos/WJetsToLNu_TuneCP5_13TeV-madgraphMLM-pythia8/crab_WJetsToLNu_TuneCP5_13TeV-madgraphMLM-pythia8RunIIFall17MiniAODv2/181116_210752/0000/stopFlatNtuples_2-73.root
   Adding file /mnt/hadoop/user/uscms01/pnfs/unl.edu/data4/cms/store/user/zflowers/Ewkinos/WJetsToLNu_TuneCP5_13TeV-madgraphMLM-pythia8/crab_WJetsToLNu_TuneCP5_13TeV-madgraphMLM-pythia8RunIIFall17MiniAODv2/181116_210752/0000/stopFlatNtuples_2-74.root
   Adding file /mnt/hadoop/user/uscms01/pnfs/unl.edu/data4/cms/store/user/zflowers/Ewkinos/WJetsToLNu_TuneCP5_13TeV-madgraphMLM-pythia8/crab_WJetsToLNu_TuneCP5_13TeV-madgraphMLM-pythia8RunIIFall17MiniAODv2/181116_210752/0000/stopFlatNtuples_2-75.root
   Adding file /mnt/hadoop/user/uscms01/pnfs/unl.edu/data4/cms/store/user/zflowers/Ewkinos/WJetsToLNu_TuneCP5_13TeV-madgraphMLM-pythia8/crab_WJetsToLNu_TuneCP5_13TeV-madgraphMLM-pythia8RunIIFall17MiniAODv2/181116_210752/0000/stopFlatNtuples_2-76.root
   Adding file /mnt/hadoop/user/uscms01/pnfs/unl.edu/data4/cms/store/user/zflowers/Ewkinos/WJetsToLNu_TuneCP5_13TeV-madgraphMLM-pythia8/crab_WJetsToLNu_TuneCP5_13TeV-madgraphMLM-pythia8RunIIFall17MiniAODv2/181116_210752/0000/stopFlatNtuples_2-77.root
   Adding file /mnt/hadoop/user/uscms01/pnfs/unl.edu/data4/cms/store/user/zflowers/Ewkinos/WJetsToLNu_TuneCP5_13TeV-madgraphMLM-pythia8/crab_WJetsToLNu_TuneCP5_13TeV-madgraphMLM-pythia8RunIIFall17MiniAODv2/181116_210752/0000/stopFlatNtuples_2-78.root
   Adding file /mnt/hadoop/user/uscms01/pnfs/unl.edu/data4/cms/store/user/zflowers/Ewkinos/WJetsToLNu_TuneCP5_13TeV-madgraphMLM-pythia8/crab_WJetsToLNu_TuneCP5_13TeV-madgraphMLM-pythia8RunIIFall17MiniAODv2/181116_210752/0000/stopFlatNtuples_2-79.root
   Adding file /mnt/hadoop/user/uscms01/pnfs/unl.edu/data4/cms/store/user/zflowers/Ewkinos/WJetsToLNu_TuneCP5_13TeV-madgraphMLM-pythia8/crab_WJetsToLNu_TuneCP5_13TeV-madgraphMLM-pythia8RunIIFall17MiniAODv2/181116_210752/0000/stopFlatNtuples_2-8.root
   Adding file /mnt/hadoop/user/uscms01/pnfs/unl.edu/data4/cms/store/user/zflowers/Ewkinos/WJetsToLNu_TuneCP5_13TeV-madgraphMLM-pythia8/crab_WJetsToLNu_TuneCP5_13TeV-madgraphMLM-pythia8RunIIFall17MiniAODv2/181116_210752/0000/stopFlatNtuples_2-80.root
   Adding file /mnt/hadoop/user/uscms01/pnfs/unl.edu/data4/cms/store/user/zflowers/Ewkinos/WJetsToLNu_TuneCP5_13TeV-madgraphMLM-pythia8/crab_WJetsToLNu_TuneCP5_13TeV-madgraphMLM-pythia8RunIIFall17MiniAODv2/181116_210752/0000/stopFlatNtuples_2-81.root
   Adding file /mnt/hadoop/user/uscms01/pnfs/unl.edu/data4/cms/store/user/zflowers/Ewkinos/WJetsToLNu_TuneCP5_13TeV-madgraphMLM-pythia8/crab_WJetsToLNu_TuneCP5_13TeV-madgraphMLM-pythia8RunIIFall17MiniAODv2/181116_210752/0000/stopFlatNtuples_2-82.root
   Adding file /mnt/hadoop/user/uscms01/pnfs/unl.edu/data4/cms/store/user/zflowers/Ewkinos/WJetsToLNu_TuneCP5_13TeV-madgraphMLM-pythia8/crab_WJetsToLNu_TuneCP5_13TeV-madgraphMLM-pythia8RunIIFall17MiniAODv2/181116_210752/0000/stopFlatNtuples_2-83.root
   Adding file /mnt/hadoop/user/uscms01/pnfs/unl.edu/data4/cms/store/user/zflowers/Ewkinos/WJetsToLNu_TuneCP5_13TeV-madgraphMLM-pythia8/crab_WJetsToLNu_TuneCP5_13TeV-madgraphMLM-pythia8RunIIFall17MiniAODv2/181116_210752/0000/stopFlatNtuples_2-84.root
   Adding file /mnt/hadoop/user/uscms01/pnfs/unl.edu/data4/cms/store/user/zflowers/Ewkinos/WJetsToLNu_TuneCP5_13TeV-madgraphMLM-pythia8/crab_WJetsToLNu_TuneCP5_13TeV-madgraphMLM-pythia8RunIIFall17MiniAODv2/181116_210752/0000/stopFlatNtuples_2-85.root
   Adding file /mnt/hadoop/user/uscms01/pnfs/unl.edu/data4/cms/store/user/zflowers/Ewkinos/WJetsToLNu_TuneCP5_13TeV-madgraphMLM-pythia8/crab_WJetsToLNu_TuneCP5_13TeV-madgraphMLM-pythia8RunIIFall17MiniAODv2/181116_210752/0000/stopFlatNtuples_2-86.root
   Adding file /mnt/hadoop/user/uscms01/pnfs/unl.edu/data4/cms/store/user/zflowers/Ewkinos/WJetsToLNu_TuneCP5_13TeV-madgraphMLM-pythia8/crab_WJetsToLNu_TuneCP5_13TeV-madgraphMLM-pythia8RunIIFall17MiniAODv2/181116_210752/0000/stopFlatNtuples_2-87.root
   Adding file /mnt/hadoop/user/uscms01/pnfs/unl.edu/data4/cms/store/user/zflowers/Ewkinos/WJetsToLNu_TuneCP5_13TeV-madgraphMLM-pythia8/crab_WJetsToLNu_TuneCP5_13TeV-madgraphMLM-pythia8RunIIFall17MiniAODv2/181116_210752/0000/stopFlatNtuples_2-88.root
   Adding file /mnt/hadoop/user/uscms01/pnfs/unl.edu/data4/cms/store/user/zflowers/Ewkinos/WJetsToLNu_TuneCP5_13TeV-madgraphMLM-pythia8/crab_WJetsToLNu_TuneCP5_13TeV-madgraphMLM-pythia8RunIIFall17MiniAODv2/181116_210752/0000/stopFlatNtuples_2-89.root
   Adding file /mnt/hadoop/user/uscms01/pnfs/unl.edu/data4/cms/store/user/zflowers/Ewkinos/WJetsToLNu_TuneCP5_13TeV-madgraphMLM-pythia8/crab_WJetsToLNu_TuneCP5_13TeV-madgraphMLM-pythia8RunIIFall17MiniAODv2/181116_210752/0000/stopFlatNtuples_2-9.root
   Adding file /mnt/hadoop/user/uscms01/pnfs/unl.edu/data4/cms/store/user/zflowers/Ewkinos/WJetsToLNu_TuneCP5_13TeV-madgraphMLM-pythia8/crab_WJetsToLNu_TuneCP5_13TeV-madgraphMLM-pythia8RunIIFall17MiniAODv2/181116_210752/0000/stopFlatNtuples_2-90.root
   Adding file /mnt/hadoop/user/uscms01/pnfs/unl.edu/data4/cms/store/user/zflowers/Ewkinos/WJetsToLNu_TuneCP5_13TeV-madgraphMLM-pythia8/crab_WJetsToLNu_TuneCP5_13TeV-madgraphMLM-pythia8RunIIFall17MiniAODv2/181116_210752/0000/stopFlatNtuples_2-91.root
   Adding file /mnt/hadoop/user/uscms01/pnfs/unl.edu/data4/cms/store/user/zflowers/Ewkinos/WJetsToLNu_TuneCP5_13TeV-madgraphMLM-pythia8/crab_WJetsToLNu_TuneCP5_13TeV-madgraphMLM-pythia8RunIIFall17MiniAODv2/181116_210752/0000/stopFlatNtuples_2-92.root
   Adding file /mnt/hadoop/user/uscms01/pnfs/unl.edu/data4/cms/store/user/zflowers/Ewkinos/WJetsToLNu_TuneCP5_13TeV-madgraphMLM-pythia8/crab_WJetsToLNu_TuneCP5_13TeV-madgraphMLM-pythia8RunIIFall17MiniAODv2/181116_210752/0000/stopFlatNtuples_2-93.root
   Adding file /mnt/hadoop/user/uscms01/pnfs/unl.edu/data4/cms/store/user/zflowers/Ewkinos/WJetsToLNu_TuneCP5_13TeV-madgraphMLM-pythia8/crab_WJetsToLNu_TuneCP5_13TeV-madgraphMLM-pythia8RunIIFall17MiniAODv2/181116_210752/0000/stopFlatNtuples_2-94.root
   Adding file /mnt/hadoop/user/uscms01/pnfs/unl.edu/data4/cms/store/user/zflowers/Ewkinos/WJetsToLNu_TuneCP5_13TeV-madgraphMLM-pythia8/crab_WJetsToLNu_TuneCP5_13TeV-madgraphMLM-pythia8RunIIFall17MiniAODv2/181116_210752/0000/stopFlatNtuples_2-95.root
   Adding file /mnt/hadoop/user/uscms01/pnfs/unl.edu/data4/cms/store/user/zflowers/Ewkinos/WJetsToLNu_TuneCP5_13TeV-madgraphMLM-pythia8/crab_WJetsToLNu_TuneCP5_13TeV-madgraphMLM-pythia8RunIIFall17MiniAODv2/181116_210752/0000/stopFlatNtuples_2-96.root
   Adding file /mnt/hadoop/user/uscms01/pnfs/unl.edu/data4/cms/store/user/zflowers/Ewkinos/WJetsToLNu_TuneCP5_13TeV-madgraphMLM-pythia8/crab_WJetsToLNu_TuneCP5_13TeV-madgraphMLM-pythia8RunIIFall17MiniAODv2/181116_210752/0000/stopFlatNtuples_2-97.root
   Adding file /mnt/hadoop/user/uscms01/pnfs/unl.edu/data4/cms/store/user/zflowers/Ewkinos/WJetsToLNu_TuneCP5_13TeV-madgraphMLM-pythia8/crab_WJetsToLNu_TuneCP5_13TeV-madgraphMLM-pythia8RunIIFall17MiniAODv2/181116_210752/0000/stopFlatNtuples_2-98.root
   Adding file /mnt/hadoop/user/uscms01/pnfs/unl.edu/data4/cms/store/user/zflowers/Ewkinos/WJetsToLNu_TuneCP5_13TeV-madgraphMLM-pythia8/crab_WJetsToLNu_TuneCP5_13TeV-madgraphMLM-pythia8RunIIFall17MiniAODv2/181116_210752/0000/stopFlatNtuples_2.root
   Adding file /mnt/hadoop/user/uscms01/pnfs/unl.edu/data4/cms/store/user/zflowers/Ewkinos/WJetsToLNu_TuneCP5_13TeV-madgraphMLM-pythia8/crab_WJetsToLNu_TuneCP5_13TeV-madgraphMLM-pythia8RunIIFall17MiniAODv2/181116_210752/0000/stopFlatNtuples_20.root
   Adding file /mnt/hadoop/user/uscms01/pnfs/unl.edu/data4/cms/store/user/zflowers/Ewkinos/WJetsToLNu_TuneCP5_13TeV-madgraphMLM-pythia8/crab_WJetsToLNu_TuneCP5_13TeV-madgraphMLM-pythia8RunIIFall17MiniAODv2/181116_210752/0000/stopFlatNtuples_200.root
   Adding file /mnt/hadoop/user/uscms01/pnfs/unl.edu/data4/cms/store/user/zflowers/Ewkinos/WJetsToLNu_TuneCP5_13TeV-madgraphMLM-pythia8/crab_WJetsToLNu_TuneCP5_13TeV-madgraphMLM-pythia8RunIIFall17MiniAODv2/181116_210752/0000/stopFlatNtuples_201.root
   Adding file /mnt/hadoop/user/uscms01/pnfs/unl.edu/data4/cms/store/user/zflowers/Ewkinos/WJetsToLNu_TuneCP5_13TeV-madgraphMLM-pythia8/crab_WJetsToLNu_TuneCP5_13TeV-madgraphMLM-pythia8RunIIFall17MiniAODv2/181116_210752/0000/stopFlatNtuples_202.root
   Adding file /mnt/hadoop/user/uscms01/pnfs/unl.edu/data4/cms/store/user/zflowers/Ewkinos/WJetsToLNu_TuneCP5_13TeV-madgraphMLM-pythia8/crab_WJetsToLNu_TuneCP5_13TeV-madgraphMLM-pythia8RunIIFall17MiniAODv2/181116_210752/0000/stopFlatNtuples_203.root
   Adding file /mnt/hadoop/user/uscms01/pnfs/unl.edu/data4/cms/store/user/zflowers/Ewkinos/WJetsToLNu_TuneCP5_13TeV-madgraphMLM-pythia8/crab_WJetsToLNu_TuneCP5_13TeV-madgraphMLM-pythia8RunIIFall17MiniAODv2/181116_210752/0000/stopFlatNtuples_204.root
   Adding file /mnt/hadoop/user/uscms01/pnfs/unl.edu/data4/cms/store/user/zflowers/Ewkinos/WJetsToLNu_TuneCP5_13TeV-madgraphMLM-pythia8/crab_WJetsToLNu_TuneCP5_13TeV-madgraphMLM-pythia8RunIIFall17MiniAODv2/181116_210752/0000/stopFlatNtuples_205.root
   Adding file /mnt/hadoop/user/uscms01/pnfs/unl.edu/data4/cms/store/user/zflowers/Ewkinos/WJetsToLNu_TuneCP5_13TeV-madgraphMLM-pythia8/crab_WJetsToLNu_TuneCP5_13TeV-madgraphMLM-pythia8RunIIFall17MiniAODv2/181116_210752/0000/stopFlatNtuples_207.root
   Adding file /mnt/hadoop/user/uscms01/pnfs/unl.edu/data4/cms/store/user/zflowers/Ewkinos/WJetsToLNu_TuneCP5_13TeV-madgraphMLM-pythia8/crab_WJetsToLNu_TuneCP5_13TeV-madgraphMLM-pythia8RunIIFall17MiniAODv2/181116_210752/0000/stopFlatNtuples_208.root
   Adding file /mnt/hadoop/user/uscms01/pnfs/unl.edu/data4/cms/store/user/zflowers/Ewkinos/WJetsToLNu_TuneCP5_13TeV-madgraphMLM-pythia8/crab_WJetsToLNu_TuneCP5_13TeV-madgraphMLM-pythia8RunIIFall17MiniAODv2/181116_210752/0000/stopFlatNtuples_209.root
   Adding file /mnt/hadoop/user/uscms01/pnfs/unl.edu/data4/cms/store/user/zflowers/Ewkinos/WJetsToLNu_TuneCP5_13TeV-madgraphMLM-pythia8/crab_WJetsToLNu_TuneCP5_13TeV-madgraphMLM-pythia8RunIIFall17MiniAODv2/181116_210752/0000/stopFlatNtuples_21.root
   Adding file /mnt/hadoop/user/uscms01/pnfs/unl.edu/data4/cms/store/user/zflowers/Ewkinos/WJetsToLNu_TuneCP5_13TeV-madgraphMLM-pythia8/crab_WJetsToLNu_TuneCP5_13TeV-madgraphMLM-pythia8RunIIFall17MiniAODv2/181116_210752/0000/stopFlatNtuples_210.root
   Adding file /mnt/hadoop/user/uscms01/pnfs/unl.edu/data4/cms/store/user/zflowers/Ewkinos/WJetsToLNu_TuneCP5_13TeV-madgraphMLM-pythia8/crab_WJetsToLNu_TuneCP5_13TeV-madgraphMLM-pythia8RunIIFall17MiniAODv2/181116_210752/0000/stopFlatNtuples_211.root
   Adding file /mnt/hadoop/user/uscms01/pnfs/unl.edu/data4/cms/store/user/zflowers/Ewkinos/WJetsToLNu_TuneCP5_13TeV-madgraphMLM-pythia8/crab_WJetsToLNu_TuneCP5_13TeV-madgraphMLM-pythia8RunIIFall17MiniAODv2/181116_210752/0000/stopFlatNtuples_212.root
   Adding file /mnt/hadoop/user/uscms01/pnfs/unl.edu/data4/cms/store/user/zflowers/Ewkinos/WJetsToLNu_TuneCP5_13TeV-madgraphMLM-pythia8/crab_WJetsToLNu_TuneCP5_13TeV-madgraphMLM-pythia8RunIIFall17MiniAODv2/181116_210752/0000/stopFlatNtuples_214.root
   Adding file /mnt/hadoop/user/uscms01/pnfs/unl.edu/data4/cms/store/user/zflowers/Ewkinos/WJetsToLNu_TuneCP5_13TeV-madgraphMLM-pythia8/crab_WJetsToLNu_TuneCP5_13TeV-madgraphMLM-pythia8RunIIFall17MiniAODv2/181116_210752/0000/stopFlatNtuples_215.root
   Adding file /mnt/hadoop/user/uscms01/pnfs/unl.edu/data4/cms/store/user/zflowers/Ewkinos/WJetsToLNu_TuneCP5_13TeV-madgraphMLM-pythia8/crab_WJetsToLNu_TuneCP5_13TeV-madgraphMLM-pythia8RunIIFall17MiniAODv2/181116_210752/0000/stopFlatNtuples_216.root
   Adding file /mnt/hadoop/user/uscms01/pnfs/unl.edu/data4/cms/store/user/zflowers/Ewkinos/WJetsToLNu_TuneCP5_13TeV-madgraphMLM-pythia8/crab_WJetsToLNu_TuneCP5_13TeV-madgraphMLM-pythia8RunIIFall17MiniAODv2/181116_210752/0000/stopFlatNtuples_217.root
   Adding file /mnt/hadoop/user/uscms01/pnfs/unl.edu/data4/cms/store/user/zflowers/Ewkinos/WJetsToLNu_TuneCP5_13TeV-madgraphMLM-pythia8/crab_WJetsToLNu_TuneCP5_13TeV-madgraphMLM-pythia8RunIIFall17MiniAODv2/181116_210752/0000/stopFlatNtuples_218.root
   Adding file /mnt/hadoop/user/uscms01/pnfs/unl.edu/data4/cms/store/user/zflowers/Ewkinos/WJetsToLNu_TuneCP5_13TeV-madgraphMLM-pythia8/crab_WJetsToLNu_TuneCP5_13TeV-madgraphMLM-pythia8RunIIFall17MiniAODv2/181116_210752/0000/stopFlatNtuples_219.root
   Adding file /mnt/hadoop/user/uscms01/pnfs/unl.edu/data4/cms/store/user/zflowers/Ewkinos/WJetsToLNu_TuneCP5_13TeV-madgraphMLM-pythia8/crab_WJetsToLNu_TuneCP5_13TeV-madgraphMLM-pythia8RunIIFall17MiniAODv2/181116_210752/0000/stopFlatNtuples_22.root
   Adding file /mnt/hadoop/user/uscms01/pnfs/unl.edu/data4/cms/store/user/zflowers/Ewkinos/WJetsToLNu_TuneCP5_13TeV-madgraphMLM-pythia8/crab_WJetsToLNu_TuneCP5_13TeV-madgraphMLM-pythia8RunIIFall17MiniAODv2/181116_210752/0000/stopFlatNtuples_221.root
   Adding file /mnt/hadoop/user/uscms01/pnfs/unl.edu/data4/cms/store/user/zflowers/Ewkinos/WJetsToLNu_TuneCP5_13TeV-madgraphMLM-pythia8/crab_WJetsToLNu_TuneCP5_13TeV-madgraphMLM-pythia8RunIIFall17MiniAODv2/181116_210752/0000/stopFlatNtuples_222.root
   Adding file /mnt/hadoop/user/uscms01/pnfs/unl.edu/data4/cms/store/user/zflowers/Ewkinos/WJetsToLNu_TuneCP5_13TeV-madgraphMLM-pythia8/crab_WJetsToLNu_TuneCP5_13TeV-madgraphMLM-pythia8RunIIFall17MiniAODv2/181116_210752/0000/stopFlatNtuples_223.root
   Adding file /mnt/hadoop/user/uscms01/pnfs/unl.edu/data4/cms/store/user/zflowers/Ewkinos/WJetsToLNu_TuneCP5_13TeV-madgraphMLM-pythia8/crab_WJetsToLNu_TuneCP5_13TeV-madgraphMLM-pythia8RunIIFall17MiniAODv2/181116_210752/0000/stopFlatNtuples_224.root
   Adding file /mnt/hadoop/user/uscms01/pnfs/unl.edu/data4/cms/store/user/zflowers/Ewkinos/WJetsToLNu_TuneCP5_13TeV-madgraphMLM-pythia8/crab_WJetsToLNu_TuneCP5_13TeV-madgraphMLM-pythia8RunIIFall17MiniAODv2/181116_210752/0000/stopFlatNtuples_225.root
   Adding file /mnt/hadoop/user/uscms01/pnfs/unl.edu/data4/cms/store/user/zflowers/Ewkinos/WJetsToLNu_TuneCP5_13TeV-madgraphMLM-pythia8/crab_WJetsToLNu_TuneCP5_13TeV-madgraphMLM-pythia8RunIIFall17MiniAODv2/181116_210752/0000/stopFlatNtuples_226.root
   Adding file /mnt/hadoop/user/uscms01/pnfs/unl.edu/data4/cms/store/user/zflowers/Ewkinos/WJetsToLNu_TuneCP5_13TeV-madgraphMLM-pythia8/crab_WJetsToLNu_TuneCP5_13TeV-madgraphMLM-pythia8RunIIFall17MiniAODv2/181116_210752/0000/stopFlatNtuples_227.root
   Adding file /mnt/hadoop/user/uscms01/pnfs/unl.edu/data4/cms/store/user/zflowers/Ewkinos/WJetsToLNu_TuneCP5_13TeV-madgraphMLM-pythia8/crab_WJetsToLNu_TuneCP5_13TeV-madgraphMLM-pythia8RunIIFall17MiniAODv2/181116_210752/0000/stopFlatNtuples_228.root
   Adding file /mnt/hadoop/user/uscms01/pnfs/unl.edu/data4/cms/store/user/zflowers/Ewkinos/WJetsToLNu_TuneCP5_13TeV-madgraphMLM-pythia8/crab_WJetsToLNu_TuneCP5_13TeV-madgraphMLM-pythia8RunIIFall17MiniAODv2/181116_210752/0000/stopFlatNtuples_229.root
   Adding file /mnt/hadoop/user/uscms01/pnfs/unl.edu/data4/cms/store/user/zflowers/Ewkinos/WJetsToLNu_TuneCP5_13TeV-madgraphMLM-pythia8/crab_WJetsToLNu_TuneCP5_13TeV-madgraphMLM-pythia8RunIIFall17MiniAODv2/181116_210752/0000/stopFlatNtuples_23.root
   Adding file /mnt/hadoop/user/uscms01/pnfs/unl.edu/data4/cms/store/user/zflowers/Ewkinos/WJetsToLNu_TuneCP5_13TeV-madgraphMLM-pythia8/crab_WJetsToLNu_TuneCP5_13TeV-madgraphMLM-pythia8RunIIFall17MiniAODv2/181116_210752/0000/stopFlatNtuples_230.root
   Adding file /mnt/hadoop/user/uscms01/pnfs/unl.edu/data4/cms/store/user/zflowers/Ewkinos/WJetsToLNu_TuneCP5_13TeV-madgraphMLM-pythia8/crab_WJetsToLNu_TuneCP5_13TeV-madgraphMLM-pythia8RunIIFall17MiniAODv2/181116_210752/0000/stopFlatNtuples_231.root
   Adding file /mnt/hadoop/user/uscms01/pnfs/unl.edu/data4/cms/store/user/zflowers/Ewkinos/WJetsToLNu_TuneCP5_13TeV-madgraphMLM-pythia8/crab_WJetsToLNu_TuneCP5_13TeV-madgraphMLM-pythia8RunIIFall17MiniAODv2/181116_210752/0000/stopFlatNtuples_232.root
   Adding file /mnt/hadoop/user/uscms01/pnfs/unl.edu/data4/cms/store/user/zflowers/Ewkinos/WJetsToLNu_TuneCP5_13TeV-madgraphMLM-pythia8/crab_WJetsToLNu_TuneCP5_13TeV-madgraphMLM-pythia8RunIIFall17MiniAODv2/181116_210752/0000/stopFlatNtuples_233.root
   Adding file /mnt/hadoop/user/uscms01/pnfs/unl.edu/data4/cms/store/user/zflowers/Ewkinos/WJetsToLNu_TuneCP5_13TeV-madgraphMLM-pythia8/crab_WJetsToLNu_TuneCP5_13TeV-madgraphMLM-pythia8RunIIFall17MiniAODv2/181116_210752/0000/stopFlatNtuples_234.root
   Adding file /mnt/hadoop/user/uscms01/pnfs/unl.edu/data4/cms/store/user/zflowers/Ewkinos/WJetsToLNu_TuneCP5_13TeV-madgraphMLM-pythia8/crab_WJetsToLNu_TuneCP5_13TeV-madgraphMLM-pythia8RunIIFall17MiniAODv2/181116_210752/0000/stopFlatNtuples_235.root
   Adding file /mnt/hadoop/user/uscms01/pnfs/unl.edu/data4/cms/store/user/zflowers/Ewkinos/WJetsToLNu_TuneCP5_13TeV-madgraphMLM-pythia8/crab_WJetsToLNu_TuneCP5_13TeV-madgraphMLM-pythia8RunIIFall17MiniAODv2/181116_210752/0000/stopFlatNtuples_237.root
   Adding file /mnt/hadoop/user/uscms01/pnfs/unl.edu/data4/cms/store/user/zflowers/Ewkinos/WJetsToLNu_TuneCP5_13TeV-madgraphMLM-pythia8/crab_WJetsToLNu_TuneCP5_13TeV-madgraphMLM-pythia8RunIIFall17MiniAODv2/181116_210752/0000/stopFlatNtuples_238.root
   Adding file /mnt/hadoop/user/uscms01/pnfs/unl.edu/data4/cms/store/user/zflowers/Ewkinos/WJetsToLNu_TuneCP5_13TeV-madgraphMLM-pythia8/crab_WJetsToLNu_TuneCP5_13TeV-madgraphMLM-pythia8RunIIFall17MiniAODv2/181116_210752/0000/stopFlatNtuples_239.root
   Adding file /mnt/hadoop/user/uscms01/pnfs/unl.edu/data4/cms/store/user/zflowers/Ewkinos/WJetsToLNu_TuneCP5_13TeV-madgraphMLM-pythia8/crab_WJetsToLNu_TuneCP5_13TeV-madgraphMLM-pythia8RunIIFall17MiniAODv2/181116_210752/0000/stopFlatNtuples_240.root
   Adding file /mnt/hadoop/user/uscms01/pnfs/unl.edu/data4/cms/store/user/zflowers/Ewkinos/WJetsToLNu_TuneCP5_13TeV-madgraphMLM-pythia8/crab_WJetsToLNu_TuneCP5_13TeV-madgraphMLM-pythia8RunIIFall17MiniAODv2/181116_210752/0000/stopFlatNtuples_241.root
   Adding file /mnt/hadoop/user/uscms01/pnfs/unl.edu/data4/cms/store/user/zflowers/Ewkinos/WJetsToLNu_TuneCP5_13TeV-madgraphMLM-pythia8/crab_WJetsToLNu_TuneCP5_13TeV-madgraphMLM-pythia8RunIIFall17MiniAODv2/181116_210752/0000/stopFlatNtuples_242.root
   Adding file /mnt/hadoop/user/uscms01/pnfs/unl.edu/data4/cms/store/user/zflowers/Ewkinos/WJetsToLNu_TuneCP5_13TeV-madgraphMLM-pythia8/crab_WJetsToLNu_TuneCP5_13TeV-madgraphMLM-pythia8RunIIFall17MiniAODv2/181116_210752/0000/stopFlatNtuples_245.root
   Adding file /mnt/hadoop/user/uscms01/pnfs/unl.edu/data4/cms/store/user/zflowers/Ewkinos/WJetsToLNu_TuneCP5_13TeV-madgraphMLM-pythia8/crab_WJetsToLNu_TuneCP5_13TeV-madgraphMLM-pythia8RunIIFall17MiniAODv2/181116_210752/0000/stopFlatNtuples_246.root
   Adding file /mnt/hadoop/user/uscms01/pnfs/unl.edu/data4/cms/store/user/zflowers/Ewkinos/WJetsToLNu_TuneCP5_13TeV-madgraphMLM-pythia8/crab_WJetsToLNu_TuneCP5_13TeV-madgraphMLM-pythia8RunIIFall17MiniAODv2/181116_210752/0000/stopFlatNtuples_247.root
   Adding file /mnt/hadoop/user/uscms01/pnfs/unl.edu/data4/cms/store/user/zflowers/Ewkinos/WJetsToLNu_TuneCP5_13TeV-madgraphMLM-pythia8/crab_WJetsToLNu_TuneCP5_13TeV-madgraphMLM-pythia8RunIIFall17MiniAODv2/181116_210752/0000/stopFlatNtuples_248.root
   Adding file /mnt/hadoop/user/uscms01/pnfs/unl.edu/data4/cms/store/user/zflowers/Ewkinos/WJetsToLNu_TuneCP5_13TeV-madgraphMLM-pythia8/crab_WJetsToLNu_TuneCP5_13TeV-madgraphMLM-pythia8RunIIFall17MiniAODv2/181116_210752/0000/stopFlatNtuples_249.root
   Adding file /mnt/hadoop/user/uscms01/pnfs/unl.edu/data4/cms/store/user/zflowers/Ewkinos/WJetsToLNu_TuneCP5_13TeV-madgraphMLM-pythia8/crab_WJetsToLNu_TuneCP5_13TeV-madgraphMLM-pythia8RunIIFall17MiniAODv2/181116_210752/0000/stopFlatNtuples_25.root
   Adding file /mnt/hadoop/user/uscms01/pnfs/unl.edu/data4/cms/store/user/zflowers/Ewkinos/WJetsToLNu_TuneCP5_13TeV-madgraphMLM-pythia8/crab_WJetsToLNu_TuneCP5_13TeV-madgraphMLM-pythia8RunIIFall17MiniAODv2/181116_210752/0000/stopFlatNtuples_250.root
   Adding file /mnt/hadoop/user/uscms01/pnfs/unl.edu/data4/cms/store/user/zflowers/Ewkinos/WJetsToLNu_TuneCP5_13TeV-madgraphMLM-pythia8/crab_WJetsToLNu_TuneCP5_13TeV-madgraphMLM-pythia8RunIIFall17MiniAODv2/181116_210752/0000/stopFlatNtuples_251.root
   Adding file /mnt/hadoop/user/uscms01/pnfs/unl.edu/data4/cms/store/user/zflowers/Ewkinos/WJetsToLNu_TuneCP5_13TeV-madgraphMLM-pythia8/crab_WJetsToLNu_TuneCP5_13TeV-madgraphMLM-pythia8RunIIFall17MiniAODv2/181116_210752/0000/stopFlatNtuples_252.root
   Adding file /mnt/hadoop/user/uscms01/pnfs/unl.edu/data4/cms/store/user/zflowers/Ewkinos/WJetsToLNu_TuneCP5_13TeV-madgraphMLM-pythia8/crab_WJetsToLNu_TuneCP5_13TeV-madgraphMLM-pythia8RunIIFall17MiniAODv2/181116_210752/0000/stopFlatNtuples_253.root
   Adding file /mnt/hadoop/user/uscms01/pnfs/unl.edu/data4/cms/store/user/zflowers/Ewkinos/WJetsToLNu_TuneCP5_13TeV-madgraphMLM-pythia8/crab_WJetsToLNu_TuneCP5_13TeV-madgraphMLM-pythia8RunIIFall17MiniAODv2/181116_210752/0000/stopFlatNtuples_254.root
   Adding file /mnt/hadoop/user/uscms01/pnfs/unl.edu/data4/cms/store/user/zflowers/Ewkinos/WJetsToLNu_TuneCP5_13TeV-madgraphMLM-pythia8/crab_WJetsToLNu_TuneCP5_13TeV-madgraphMLM-pythia8RunIIFall17MiniAODv2/181116_210752/0000/stopFlatNtuples_255.root
   Adding file /mnt/hadoop/user/uscms01/pnfs/unl.edu/data4/cms/store/user/zflowers/Ewkinos/WJetsToLNu_TuneCP5_13TeV-madgraphMLM-pythia8/crab_WJetsToLNu_TuneCP5_13TeV-madgraphMLM-pythia8RunIIFall17MiniAODv2/181116_210752/0000/stopFlatNtuples_256.root
   Adding file /mnt/hadoop/user/uscms01/pnfs/unl.edu/data4/cms/store/user/zflowers/Ewkinos/WJetsToLNu_TuneCP5_13TeV-madgraphMLM-pythia8/crab_WJetsToLNu_TuneCP5_13TeV-madgraphMLM-pythia8RunIIFall17MiniAODv2/181116_210752/0000/stopFlatNtuples_257.root
   Adding file /mnt/hadoop/user/uscms01/pnfs/unl.edu/data4/cms/store/user/zflowers/Ewkinos/WJetsToLNu_TuneCP5_13TeV-madgraphMLM-pythia8/crab_WJetsToLNu_TuneCP5_13TeV-madgraphMLM-pythia8RunIIFall17MiniAODv2/181116_210752/0000/stopFlatNtuples_258.root
   Adding file /mnt/hadoop/user/uscms01/pnfs/unl.edu/data4/cms/store/user/zflowers/Ewkinos/WJetsToLNu_TuneCP5_13TeV-madgraphMLM-pythia8/crab_WJetsToLNu_TuneCP5_13TeV-madgraphMLM-pythia8RunIIFall17MiniAODv2/181116_210752/0000/stopFlatNtuples_259.root
   Adding file /mnt/hadoop/user/uscms01/pnfs/unl.edu/data4/cms/store/user/zflowers/Ewkinos/WJetsToLNu_TuneCP5_13TeV-madgraphMLM-pythia8/crab_WJetsToLNu_TuneCP5_13TeV-madgraphMLM-pythia8RunIIFall17MiniAODv2/181116_210752/0000/stopFlatNtuples_26.root
   Adding file /mnt/hadoop/user/uscms01/pnfs/unl.edu/data4/cms/store/user/zflowers/Ewkinos/WJetsToLNu_TuneCP5_13TeV-madgraphMLM-pythia8/crab_WJetsToLNu_TuneCP5_13TeV-madgraphMLM-pythia8RunIIFall17MiniAODv2/181116_210752/0000/stopFlatNtuples_260.root
   Adding file /mnt/hadoop/user/uscms01/pnfs/unl.edu/data4/cms/store/user/zflowers/Ewkinos/WJetsToLNu_TuneCP5_13TeV-madgraphMLM-pythia8/crab_WJetsToLNu_TuneCP5_13TeV-madgraphMLM-pythia8RunIIFall17MiniAODv2/181116_210752/0000/stopFlatNtuples_261.root
   Adding file /mnt/hadoop/user/uscms01/pnfs/unl.edu/data4/cms/store/user/zflowers/Ewkinos/WJetsToLNu_TuneCP5_13TeV-madgraphMLM-pythia8/crab_WJetsToLNu_TuneCP5_13TeV-madgraphMLM-pythia8RunIIFall17MiniAODv2/181116_210752/0000/stopFlatNtuples_262.root
   Adding file /mnt/hadoop/user/uscms01/pnfs/unl.edu/data4/cms/store/user/zflowers/Ewkinos/WJetsToLNu_TuneCP5_13TeV-madgraphMLM-pythia8/crab_WJetsToLNu_TuneCP5_13TeV-madgraphMLM-pythia8RunIIFall17MiniAODv2/181116_210752/0000/stopFlatNtuples_263.root
   Adding file /mnt/hadoop/user/uscms01/pnfs/unl.edu/data4/cms/store/user/zflowers/Ewkinos/WJetsToLNu_TuneCP5_13TeV-madgraphMLM-pythia8/crab_WJetsToLNu_TuneCP5_13TeV-madgraphMLM-pythia8RunIIFall17MiniAODv2/181116_210752/0000/stopFlatNtuples_264.root
   Adding file /mnt/hadoop/user/uscms01/pnfs/unl.edu/data4/cms/store/user/zflowers/Ewkinos/WJetsToLNu_TuneCP5_13TeV-madgraphMLM-pythia8/crab_WJetsToLNu_TuneCP5_13TeV-madgraphMLM-pythia8RunIIFall17MiniAODv2/181116_210752/0000/stopFlatNtuples_265.root
   Adding file /mnt/hadoop/user/uscms01/pnfs/unl.edu/data4/cms/store/user/zflowers/Ewkinos/WJetsToLNu_TuneCP5_13TeV-madgraphMLM-pythia8/crab_WJetsToLNu_TuneCP5_13TeV-madgraphMLM-pythia8RunIIFall17MiniAODv2/181116_210752/0000/stopFlatNtuples_266.root
   Adding file /mnt/hadoop/user/uscms01/pnfs/unl.edu/data4/cms/store/user/zflowers/Ewkinos/WJetsToLNu_TuneCP5_13TeV-madgraphMLM-pythia8/crab_WJetsToLNu_TuneCP5_13TeV-madgraphMLM-pythia8RunIIFall17MiniAODv2/181116_210752/0000/stopFlatNtuples_267.root
   Adding file /mnt/hadoop/user/uscms01/pnfs/unl.edu/data4/cms/store/user/zflowers/Ewkinos/WJetsToLNu_TuneCP5_13TeV-madgraphMLM-pythia8/crab_WJetsToLNu_TuneCP5_13TeV-madgraphMLM-pythia8RunIIFall17MiniAODv2/181116_210752/0000/stopFlatNtuples_268.root
   Adding file /mnt/hadoop/user/uscms01/pnfs/unl.edu/data4/cms/store/user/zflowers/Ewkinos/WJetsToLNu_TuneCP5_13TeV-madgraphMLM-pythia8/crab_WJetsToLNu_TuneCP5_13TeV-madgraphMLM-pythia8RunIIFall17MiniAODv2/181116_210752/0000/stopFlatNtuples_269.root
   Adding file /mnt/hadoop/user/uscms01/pnfs/unl.edu/data4/cms/store/user/zflowers/Ewkinos/WJetsToLNu_TuneCP5_13TeV-madgraphMLM-pythia8/crab_WJetsToLNu_TuneCP5_13TeV-madgraphMLM-pythia8RunIIFall17MiniAODv2/181116_210752/0000/stopFlatNtuples_27.root
   Adding file /mnt/hadoop/user/uscms01/pnfs/unl.edu/data4/cms/store/user/zflowers/Ewkinos/WJetsToLNu_TuneCP5_13TeV-madgraphMLM-pythia8/crab_WJetsToLNu_TuneCP5_13TeV-madgraphMLM-pythia8RunIIFall17MiniAODv2/181116_210752/0000/stopFlatNtuples_270.root
   Adding file /mnt/hadoop/user/uscms01/pnfs/unl.edu/data4/cms/store/user/zflowers/Ewkinos/WJetsToLNu_TuneCP5_13TeV-madgraphMLM-pythia8/crab_WJetsToLNu_TuneCP5_13TeV-madgraphMLM-pythia8RunIIFall17MiniAODv2/181116_210752/0000/stopFlatNtuples_271.root
   Adding file /mnt/hadoop/user/uscms01/pnfs/unl.edu/data4/cms/store/user/zflowers/Ewkinos/WJetsToLNu_TuneCP5_13TeV-madgraphMLM-pythia8/crab_WJetsToLNu_TuneCP5_13TeV-madgraphMLM-pythia8RunIIFall17MiniAODv2/181116_210752/0000/stopFlatNtuples_272.root
   Adding file /mnt/hadoop/user/uscms01/pnfs/unl.edu/data4/cms/store/user/zflowers/Ewkinos/WJetsToLNu_TuneCP5_13TeV-madgraphMLM-pythia8/crab_WJetsToLNu_TuneCP5_13TeV-madgraphMLM-pythia8RunIIFall17MiniAODv2/181116_210752/0000/stopFlatNtuples_273.root
   Adding file /mnt/hadoop/user/uscms01/pnfs/unl.edu/data4/cms/store/user/zflowers/Ewkinos/WJetsToLNu_TuneCP5_13TeV-madgraphMLM-pythia8/crab_WJetsToLNu_TuneCP5_13TeV-madgraphMLM-pythia8RunIIFall17MiniAODv2/181116_210752/0000/stopFlatNtuples_274.root
   Adding file /mnt/hadoop/user/uscms01/pnfs/unl.edu/data4/cms/store/user/zflowers/Ewkinos/WJetsToLNu_TuneCP5_13TeV-madgraphMLM-pythia8/crab_WJetsToLNu_TuneCP5_13TeV-madgraphMLM-pythia8RunIIFall17MiniAODv2/181116_210752/0000/stopFlatNtuples_276.root
   Adding file /mnt/hadoop/user/uscms01/pnfs/unl.edu/data4/cms/store/user/zflowers/Ewkinos/WJetsToLNu_TuneCP5_13TeV-madgraphMLM-pythia8/crab_WJetsToLNu_TuneCP5_13TeV-madgraphMLM-pythia8RunIIFall17MiniAODv2/181116_210752/0000/stopFlatNtuples_277.root
   Adding file /mnt/hadoop/user/uscms01/pnfs/unl.edu/data4/cms/store/user/zflowers/Ewkinos/WJetsToLNu_TuneCP5_13TeV-madgraphMLM-pythia8/crab_WJetsToLNu_TuneCP5_13TeV-madgraphMLM-pythia8RunIIFall17MiniAODv2/181116_210752/0000/stopFlatNtuples_278.root
   Adding file /mnt/hadoop/user/uscms01/pnfs/unl.edu/data4/cms/store/user/zflowers/Ewkinos/WJetsToLNu_TuneCP5_13TeV-madgraphMLM-pythia8/crab_WJetsToLNu_TuneCP5_13TeV-madgraphMLM-pythia8RunIIFall17MiniAODv2/181116_210752/0000/stopFlatNtuples_279.root
   Adding file /mnt/hadoop/user/uscms01/pnfs/unl.edu/data4/cms/store/user/zflowers/Ewkinos/WJetsToLNu_TuneCP5_13TeV-madgraphMLM-pythia8/crab_WJetsToLNu_TuneCP5_13TeV-madgraphMLM-pythia8RunIIFall17MiniAODv2/181116_210752/0000/stopFlatNtuples_28.root
   Adding file /mnt/hadoop/user/uscms01/pnfs/unl.edu/data4/cms/store/user/zflowers/Ewkinos/WJetsToLNu_TuneCP5_13TeV-madgraphMLM-pythia8/crab_WJetsToLNu_TuneCP5_13TeV-madgraphMLM-pythia8RunIIFall17MiniAODv2/181116_210752/0000/stopFlatNtuples_280.root
   Adding file /mnt/hadoop/user/uscms01/pnfs/unl.edu/data4/cms/store/user/zflowers/Ewkinos/WJetsToLNu_TuneCP5_13TeV-madgraphMLM-pythia8/crab_WJetsToLNu_TuneCP5_13TeV-madgraphMLM-pythia8RunIIFall17MiniAODv2/181116_210752/0000/stopFlatNtuples_281.root
   Adding file /mnt/hadoop/user/uscms01/pnfs/unl.edu/data4/cms/store/user/zflowers/Ewkinos/WJetsToLNu_TuneCP5_13TeV-madgraphMLM-pythia8/crab_WJetsToLNu_TuneCP5_13TeV-madgraphMLM-pythia8RunIIFall17MiniAODv2/181116_210752/0000/stopFlatNtuples_282.root
   Adding file /mnt/hadoop/user/uscms01/pnfs/unl.edu/data4/cms/store/user/zflowers/Ewkinos/WJetsToLNu_TuneCP5_13TeV-madgraphMLM-pythia8/crab_WJetsToLNu_TuneCP5_13TeV-madgraphMLM-pythia8RunIIFall17MiniAODv2/181116_210752/0000/stopFlatNtuples_283.root
   Adding file /mnt/hadoop/user/uscms01/pnfs/unl.edu/data4/cms/store/user/zflowers/Ewkinos/WJetsToLNu_TuneCP5_13TeV-madgraphMLM-pythia8/crab_WJetsToLNu_TuneCP5_13TeV-madgraphMLM-pythia8RunIIFall17MiniAODv2/181116_210752/0000/stopFlatNtuples_284.root
   Adding file /mnt/hadoop/user/uscms01/pnfs/unl.edu/data4/cms/store/user/zflowers/Ewkinos/WJetsToLNu_TuneCP5_13TeV-madgraphMLM-pythia8/crab_WJetsToLNu_TuneCP5_13TeV-madgraphMLM-pythia8RunIIFall17MiniAODv2/181116_210752/0000/stopFlatNtuples_285.root
   Adding file /mnt/hadoop/user/uscms01/pnfs/unl.edu/data4/cms/store/user/zflowers/Ewkinos/WJetsToLNu_TuneCP5_13TeV-madgraphMLM-pythia8/crab_WJetsToLNu_TuneCP5_13TeV-madgraphMLM-pythia8RunIIFall17MiniAODv2/181116_210752/0000/stopFlatNtuples_286.root
   Adding file /mnt/hadoop/user/uscms01/pnfs/unl.edu/data4/cms/store/user/zflowers/Ewkinos/WJetsToLNu_TuneCP5_13TeV-madgraphMLM-pythia8/crab_WJetsToLNu_TuneCP5_13TeV-madgraphMLM-pythia8RunIIFall17MiniAODv2/181116_210752/0000/stopFlatNtuples_287.root
   Adding file /mnt/hadoop/user/uscms01/pnfs/unl.edu/data4/cms/store/user/zflowers/Ewkinos/WJetsToLNu_TuneCP5_13TeV-madgraphMLM-pythia8/crab_WJetsToLNu_TuneCP5_13TeV-madgraphMLM-pythia8RunIIFall17MiniAODv2/181116_210752/0000/stopFlatNtuples_288.root
   Adding file /mnt/hadoop/user/uscms01/pnfs/unl.edu/data4/cms/store/user/zflowers/Ewkinos/WJetsToLNu_TuneCP5_13TeV-madgraphMLM-pythia8/crab_WJetsToLNu_TuneCP5_13TeV-madgraphMLM-pythia8RunIIFall17MiniAODv2/181116_210752/0000/stopFlatNtuples_289.root
   Adding file /mnt/hadoop/user/uscms01/pnfs/unl.edu/data4/cms/store/user/zflowers/Ewkinos/WJetsToLNu_TuneCP5_13TeV-madgraphMLM-pythia8/crab_WJetsToLNu_TuneCP5_13TeV-madgraphMLM-pythia8RunIIFall17MiniAODv2/181116_210752/0000/stopFlatNtuples_29.root
   Adding file /mnt/hadoop/user/uscms01/pnfs/unl.edu/data4/cms/store/user/zflowers/Ewkinos/WJetsToLNu_TuneCP5_13TeV-madgraphMLM-pythia8/crab_WJetsToLNu_TuneCP5_13TeV-madgraphMLM-pythia8RunIIFall17MiniAODv2/181116_210752/0000/stopFlatNtuples_290.root
   Adding file /mnt/hadoop/user/uscms01/pnfs/unl.edu/data4/cms/store/user/zflowers/Ewkinos/WJetsToLNu_TuneCP5_13TeV-madgraphMLM-pythia8/crab_WJetsToLNu_TuneCP5_13TeV-madgraphMLM-pythia8RunIIFall17MiniAODv2/181116_210752/0000/stopFlatNtuples_292.root
   Adding file /mnt/hadoop/user/uscms01/pnfs/unl.edu/data4/cms/store/user/zflowers/Ewkinos/WJetsToLNu_TuneCP5_13TeV-madgraphMLM-pythia8/crab_WJetsToLNu_TuneCP5_13TeV-madgraphMLM-pythia8RunIIFall17MiniAODv2/181116_210752/0000/stopFlatNtuples_293.root
   Adding file /mnt/hadoop/user/uscms01/pnfs/unl.edu/data4/cms/store/user/zflowers/Ewkinos/WJetsToLNu_TuneCP5_13TeV-madgraphMLM-pythia8/crab_WJetsToLNu_TuneCP5_13TeV-madgraphMLM-pythia8RunIIFall17MiniAODv2/181116_210752/0000/stopFlatNtuples_294.root
   Adding file /mnt/hadoop/user/uscms01/pnfs/unl.edu/data4/cms/store/user/zflowers/Ewkinos/WJetsToLNu_TuneCP5_13TeV-madgraphMLM-pythia8/crab_WJetsToLNu_TuneCP5_13TeV-madgraphMLM-pythia8RunIIFall17MiniAODv2/181116_210752/0000/stopFlatNtuples_295.root
   Adding file /mnt/hadoop/user/uscms01/pnfs/unl.edu/data4/cms/store/user/zflowers/Ewkinos/WJetsToLNu_TuneCP5_13TeV-madgraphMLM-pythia8/crab_WJetsToLNu_TuneCP5_13TeV-madgraphMLM-pythia8RunIIFall17MiniAODv2/181116_210752/0000/stopFlatNtuples_297.root
   Adding file /mnt/hadoop/user/uscms01/pnfs/unl.edu/data4/cms/store/user/zflowers/Ewkinos/WJetsToLNu_TuneCP5_13TeV-madgraphMLM-pythia8/crab_WJetsToLNu_TuneCP5_13TeV-madgraphMLM-pythia8RunIIFall17MiniAODv2/181116_210752/0000/stopFlatNtuples_298.root
   Adding file /mnt/hadoop/user/uscms01/pnfs/unl.edu/data4/cms/store/user/zflowers/Ewkinos/WJetsToLNu_TuneCP5_13TeV-madgraphMLM-pythia8/crab_WJetsToLNu_TuneCP5_13TeV-madgraphMLM-pythia8RunIIFall17MiniAODv2/181116_210752/0000/stopFlatNtuples_299.root
   Adding file /mnt/hadoop/user/uscms01/pnfs/unl.edu/data4/cms/store/user/zflowers/Ewkinos/WJetsToLNu_TuneCP5_13TeV-madgraphMLM-pythia8/crab_WJetsToLNu_TuneCP5_13TeV-madgraphMLM-pythia8RunIIFall17MiniAODv2/181116_210752/0000/stopFlatNtuples_3-1.root
   Adding file /mnt/hadoop/user/uscms01/pnfs/unl.edu/data4/cms/store/user/zflowers/Ewkinos/WJetsToLNu_TuneCP5_13TeV-madgraphMLM-pythia8/crab_WJetsToLNu_TuneCP5_13TeV-madgraphMLM-pythia8RunIIFall17MiniAODv2/181116_210752/0000/stopFlatNtuples_3-10.root
   Adding file /mnt/hadoop/user/uscms01/pnfs/unl.edu/data4/cms/store/user/zflowers/Ewkinos/WJetsToLNu_TuneCP5_13TeV-madgraphMLM-pythia8/crab_WJetsToLNu_TuneCP5_13TeV-madgraphMLM-pythia8RunIIFall17MiniAODv2/181116_210752/0000/stopFlatNtuples_3-11.root
   Adding file /mnt/hadoop/user/uscms01/pnfs/unl.edu/data4/cms/store/user/zflowers/Ewkinos/WJetsToLNu_TuneCP5_13TeV-madgraphMLM-pythia8/crab_WJetsToLNu_TuneCP5_13TeV-madgraphMLM-pythia8RunIIFall17MiniAODv2/181116_210752/0000/stopFlatNtuples_3-12.root
   Adding file /mnt/hadoop/user/uscms01/pnfs/unl.edu/data4/cms/store/user/zflowers/Ewkinos/WJetsToLNu_TuneCP5_13TeV-madgraphMLM-pythia8/crab_WJetsToLNu_TuneCP5_13TeV-madgraphMLM-pythia8RunIIFall17MiniAODv2/181116_210752/0000/stopFlatNtuples_3-13.root
   Adding file /mnt/hadoop/user/uscms01/pnfs/unl.edu/data4/cms/store/user/zflowers/Ewkinos/WJetsToLNu_TuneCP5_13TeV-madgraphMLM-pythia8/crab_WJetsToLNu_TuneCP5_13TeV-madgraphMLM-pythia8RunIIFall17MiniAODv2/181116_210752/0000/stopFlatNtuples_3-14.root
   Adding file /mnt/hadoop/user/uscms01/pnfs/unl.edu/data4/cms/store/user/zflowers/Ewkinos/WJetsToLNu_TuneCP5_13TeV-madgraphMLM-pythia8/crab_WJetsToLNu_TuneCP5_13TeV-madgraphMLM-pythia8RunIIFall17MiniAODv2/181116_210752/0000/stopFlatNtuples_3-15.root
   Adding file /mnt/hadoop/user/uscms01/pnfs/unl.edu/data4/cms/store/user/zflowers/Ewkinos/WJetsToLNu_TuneCP5_13TeV-madgraphMLM-pythia8/crab_WJetsToLNu_TuneCP5_13TeV-madgraphMLM-pythia8RunIIFall17MiniAODv2/181116_210752/0000/stopFlatNtuples_3-16.root
   Adding file /mnt/hadoop/user/uscms01/pnfs/unl.edu/data4/cms/store/user/zflowers/Ewkinos/WJetsToLNu_TuneCP5_13TeV-madgraphMLM-pythia8/crab_WJetsToLNu_TuneCP5_13TeV-madgraphMLM-pythia8RunIIFall17MiniAODv2/181116_210752/0000/stopFlatNtuples_3-17.root
   Adding file /mnt/hadoop/user/uscms01/pnfs/unl.edu/data4/cms/store/user/zflowers/Ewkinos/WJetsToLNu_TuneCP5_13TeV-madgraphMLM-pythia8/crab_WJetsToLNu_TuneCP5_13TeV-madgraphMLM-pythia8RunIIFall17MiniAODv2/181116_210752/0000/stopFlatNtuples_3-18.root
   Adding file /mnt/hadoop/user/uscms01/pnfs/unl.edu/data4/cms/store/user/zflowers/Ewkinos/WJetsToLNu_TuneCP5_13TeV-madgraphMLM-pythia8/crab_WJetsToLNu_TuneCP5_13TeV-madgraphMLM-pythia8RunIIFall17MiniAODv2/181116_210752/0000/stopFlatNtuples_3-19.root
   Adding file /mnt/hadoop/user/uscms01/pnfs/unl.edu/data4/cms/store/user/zflowers/Ewkinos/WJetsToLNu_TuneCP5_13TeV-madgraphMLM-pythia8/crab_WJetsToLNu_TuneCP5_13TeV-madgraphMLM-pythia8RunIIFall17MiniAODv2/181116_210752/0000/stopFlatNtuples_3-2.root
   Adding file /mnt/hadoop/user/uscms01/pnfs/unl.edu/data4/cms/store/user/zflowers/Ewkinos/WJetsToLNu_TuneCP5_13TeV-madgraphMLM-pythia8/crab_WJetsToLNu_TuneCP5_13TeV-madgraphMLM-pythia8RunIIFall17MiniAODv2/181116_210752/0000/stopFlatNtuples_3-20.root
   Adding file /mnt/hadoop/user/uscms01/pnfs/unl.edu/data4/cms/store/user/zflowers/Ewkinos/WJetsToLNu_TuneCP5_13TeV-madgraphMLM-pythia8/crab_WJetsToLNu_TuneCP5_13TeV-madgraphMLM-pythia8RunIIFall17MiniAODv2/181116_210752/0000/stopFlatNtuples_3-21.root
   Adding file /mnt/hadoop/user/uscms01/pnfs/unl.edu/data4/cms/store/user/zflowers/Ewkinos/WJetsToLNu_TuneCP5_13TeV-madgraphMLM-pythia8/crab_WJetsToLNu_TuneCP5_13TeV-madgraphMLM-pythia8RunIIFall17MiniAODv2/181116_210752/0000/stopFlatNtuples_3-22.root
   Adding file /mnt/hadoop/user/uscms01/pnfs/unl.edu/data4/cms/store/user/zflowers/Ewkinos/WJetsToLNu_TuneCP5_13TeV-madgraphMLM-pythia8/crab_WJetsToLNu_TuneCP5_13TeV-madgraphMLM-pythia8RunIIFall17MiniAODv2/181116_210752/0000/stopFlatNtuples_3-23.root
   Adding file /mnt/hadoop/user/uscms01/pnfs/unl.edu/data4/cms/store/user/zflowers/Ewkinos/WJetsToLNu_TuneCP5_13TeV-madgraphMLM-pythia8/crab_WJetsToLNu_TuneCP5_13TeV-madgraphMLM-pythia8RunIIFall17MiniAODv2/181116_210752/0000/stopFlatNtuples_3-24.root
   Adding file /mnt/hadoop/user/uscms01/pnfs/unl.edu/data4/cms/store/user/zflowers/Ewkinos/WJetsToLNu_TuneCP5_13TeV-madgraphMLM-pythia8/crab_WJetsToLNu_TuneCP5_13TeV-madgraphMLM-pythia8RunIIFall17MiniAODv2/181116_210752/0000/stopFlatNtuples_3-25.root
   Adding file /mnt/hadoop/user/uscms01/pnfs/unl.edu/data4/cms/store/user/zflowers/Ewkinos/WJetsToLNu_TuneCP5_13TeV-madgraphMLM-pythia8/crab_WJetsToLNu_TuneCP5_13TeV-madgraphMLM-pythia8RunIIFall17MiniAODv2/181116_210752/0000/stopFlatNtuples_3-26.root
   Adding file /mnt/hadoop/user/uscms01/pnfs/unl.edu/data4/cms/store/user/zflowers/Ewkinos/WJetsToLNu_TuneCP5_13TeV-madgraphMLM-pythia8/crab_WJetsToLNu_TuneCP5_13TeV-madgraphMLM-pythia8RunIIFall17MiniAODv2/181116_210752/0000/stopFlatNtuples_3-27.root
   Adding file /mnt/hadoop/user/uscms01/pnfs/unl.edu/data4/cms/store/user/zflowers/Ewkinos/WJetsToLNu_TuneCP5_13TeV-madgraphMLM-pythia8/crab_WJetsToLNu_TuneCP5_13TeV-madgraphMLM-pythia8RunIIFall17MiniAODv2/181116_210752/0000/stopFlatNtuples_3-28.root
   Adding file /mnt/hadoop/user/uscms01/pnfs/unl.edu/data4/cms/store/user/zflowers/Ewkinos/WJetsToLNu_TuneCP5_13TeV-madgraphMLM-pythia8/crab_WJetsToLNu_TuneCP5_13TeV-madgraphMLM-pythia8RunIIFall17MiniAODv2/181116_210752/0000/stopFlatNtuples_3-29.root
   Adding file /mnt/hadoop/user/uscms01/pnfs/unl.edu/data4/cms/store/user/zflowers/Ewkinos/WJetsToLNu_TuneCP5_13TeV-madgraphMLM-pythia8/crab_WJetsToLNu_TuneCP5_13TeV-madgraphMLM-pythia8RunIIFall17MiniAODv2/181116_210752/0000/stopFlatNtuples_3-3.root
   Adding file /mnt/hadoop/user/uscms01/pnfs/unl.edu/data4/cms/store/user/zflowers/Ewkinos/WJetsToLNu_TuneCP5_13TeV-madgraphMLM-pythia8/crab_WJetsToLNu_TuneCP5_13TeV-madgraphMLM-pythia8RunIIFall17MiniAODv2/181116_210752/0000/stopFlatNtuples_3-30.root
   Adding file /mnt/hadoop/user/uscms01/pnfs/unl.edu/data4/cms/store/user/zflowers/Ewkinos/WJetsToLNu_TuneCP5_13TeV-madgraphMLM-pythia8/crab_WJetsToLNu_TuneCP5_13TeV-madgraphMLM-pythia8RunIIFall17MiniAODv2/181116_210752/0000/stopFlatNtuples_3-31.root
   Adding file /mnt/hadoop/user/uscms01/pnfs/unl.edu/data4/cms/store/user/zflowers/Ewkinos/WJetsToLNu_TuneCP5_13TeV-madgraphMLM-pythia8/crab_WJetsToLNu_TuneCP5_13TeV-madgraphMLM-pythia8RunIIFall17MiniAODv2/181116_210752/0000/stopFlatNtuples_3-32.root
   Adding file /mnt/hadoop/user/uscms01/pnfs/unl.edu/data4/cms/store/user/zflowers/Ewkinos/WJetsToLNu_TuneCP5_13TeV-madgraphMLM-pythia8/crab_WJetsToLNu_TuneCP5_13TeV-madgraphMLM-pythia8RunIIFall17MiniAODv2/181116_210752/0000/stopFlatNtuples_3-33.root
   Adding file /mnt/hadoop/user/uscms01/pnfs/unl.edu/data4/cms/store/user/zflowers/Ewkinos/WJetsToLNu_TuneCP5_13TeV-madgraphMLM-pythia8/crab_WJetsToLNu_TuneCP5_13TeV-madgraphMLM-pythia8RunIIFall17MiniAODv2/181116_210752/0000/stopFlatNtuples_3-34.root
   Adding file /mnt/hadoop/user/uscms01/pnfs/unl.edu/data4/cms/store/user/zflowers/Ewkinos/WJetsToLNu_TuneCP5_13TeV-madgraphMLM-pythia8/crab_WJetsToLNu_TuneCP5_13TeV-madgraphMLM-pythia8RunIIFall17MiniAODv2/181116_210752/0000/stopFlatNtuples_3-35.root
   Adding file /mnt/hadoop/user/uscms01/pnfs/unl.edu/data4/cms/store/user/zflowers/Ewkinos/WJetsToLNu_TuneCP5_13TeV-madgraphMLM-pythia8/crab_WJetsToLNu_TuneCP5_13TeV-madgraphMLM-pythia8RunIIFall17MiniAODv2/181116_210752/0000/stopFlatNtuples_3-36.root
   Adding file /mnt/hadoop/user/uscms01/pnfs/unl.edu/data4/cms/store/user/zflowers/Ewkinos/WJetsToLNu_TuneCP5_13TeV-madgraphMLM-pythia8/crab_WJetsToLNu_TuneCP5_13TeV-madgraphMLM-pythia8RunIIFall17MiniAODv2/181116_210752/0000/stopFlatNtuples_3-37.root
   Adding file /mnt/hadoop/user/uscms01/pnfs/unl.edu/data4/cms/store/user/zflowers/Ewkinos/WJetsToLNu_TuneCP5_13TeV-madgraphMLM-pythia8/crab_WJetsToLNu_TuneCP5_13TeV-madgraphMLM-pythia8RunIIFall17MiniAODv2/181116_210752/0000/stopFlatNtuples_3-38.root
   Adding file /mnt/hadoop/user/uscms01/pnfs/unl.edu/data4/cms/store/user/zflowers/Ewkinos/WJetsToLNu_TuneCP5_13TeV-madgraphMLM-pythia8/crab_WJetsToLNu_TuneCP5_13TeV-madgraphMLM-pythia8RunIIFall17MiniAODv2/181116_210752/0000/stopFlatNtuples_3-39.root
   Adding file /mnt/hadoop/user/uscms01/pnfs/unl.edu/data4/cms/store/user/zflowers/Ewkinos/WJetsToLNu_TuneCP5_13TeV-madgraphMLM-pythia8/crab_WJetsToLNu_TuneCP5_13TeV-madgraphMLM-pythia8RunIIFall17MiniAODv2/181116_210752/0000/stopFlatNtuples_3-4.root
   Adding file /mnt/hadoop/user/uscms01/pnfs/unl.edu/data4/cms/store/user/zflowers/Ewkinos/WJetsToLNu_TuneCP5_13TeV-madgraphMLM-pythia8/crab_WJetsToLNu_TuneCP5_13TeV-madgraphMLM-pythia8RunIIFall17MiniAODv2/181116_210752/0000/stopFlatNtuples_3-40.root
   Adding file /mnt/hadoop/user/uscms01/pnfs/unl.edu/data4/cms/store/user/zflowers/Ewkinos/WJetsToLNu_TuneCP5_13TeV-madgraphMLM-pythia8/crab_WJetsToLNu_TuneCP5_13TeV-madgraphMLM-pythia8RunIIFall17MiniAODv2/181116_210752/0000/stopFlatNtuples_3-41.root
   Adding file /mnt/hadoop/user/uscms01/pnfs/unl.edu/data4/cms/store/user/zflowers/Ewkinos/WJetsToLNu_TuneCP5_13TeV-madgraphMLM-pythia8/crab_WJetsToLNu_TuneCP5_13TeV-madgraphMLM-pythia8RunIIFall17MiniAODv2/181116_210752/0000/stopFlatNtuples_3-42.root
   Adding file /mnt/hadoop/user/uscms01/pnfs/unl.edu/data4/cms/store/user/zflowers/Ewkinos/WJetsToLNu_TuneCP5_13TeV-madgraphMLM-pythia8/crab_WJetsToLNu_TuneCP5_13TeV-madgraphMLM-pythia8RunIIFall17MiniAODv2/181116_210752/0000/stopFlatNtuples_3-5.root
   Adding file /mnt/hadoop/user/uscms01/pnfs/unl.edu/data4/cms/store/user/zflowers/Ewkinos/WJetsToLNu_TuneCP5_13TeV-madgraphMLM-pythia8/crab_WJetsToLNu_TuneCP5_13TeV-madgraphMLM-pythia8RunIIFall17MiniAODv2/181116_210752/0000/stopFlatNtuples_3-6.root
   Adding file /mnt/hadoop/user/uscms01/pnfs/unl.edu/data4/cms/store/user/zflowers/Ewkinos/WJetsToLNu_TuneCP5_13TeV-madgraphMLM-pythia8/crab_WJetsToLNu_TuneCP5_13TeV-madgraphMLM-pythia8RunIIFall17MiniAODv2/181116_210752/0000/stopFlatNtuples_3-7.root
   Adding file /mnt/hadoop/user/uscms01/pnfs/unl.edu/data4/cms/store/user/zflowers/Ewkinos/WJetsToLNu_TuneCP5_13TeV-madgraphMLM-pythia8/crab_WJetsToLNu_TuneCP5_13TeV-madgraphMLM-pythia8RunIIFall17MiniAODv2/181116_210752/0000/stopFlatNtuples_3-8.root
   Adding file /mnt/hadoop/user/uscms01/pnfs/unl.edu/data4/cms/store/user/zflowers/Ewkinos/WJetsToLNu_TuneCP5_13TeV-madgraphMLM-pythia8/crab_WJetsToLNu_TuneCP5_13TeV-madgraphMLM-pythia8RunIIFall17MiniAODv2/181116_210752/0000/stopFlatNtuples_3-9.root
   Adding file /mnt/hadoop/user/uscms01/pnfs/unl.edu/data4/cms/store/user/zflowers/Ewkinos/WJetsToLNu_TuneCP5_13TeV-madgraphMLM-pythia8/crab_WJetsToLNu_TuneCP5_13TeV-madgraphMLM-pythia8RunIIFall17MiniAODv2/181116_210752/0000/stopFlatNtuples_3.root
   Adding file /mnt/hadoop/user/uscms01/pnfs/unl.edu/data4/cms/store/user/zflowers/Ewkinos/WJetsToLNu_TuneCP5_13TeV-madgraphMLM-pythia8/crab_WJetsToLNu_TuneCP5_13TeV-madgraphMLM-pythia8RunIIFall17MiniAODv2/181116_210752/0000/stopFlatNtuples_30.root
   Adding file /mnt/hadoop/user/uscms01/pnfs/unl.edu/data4/cms/store/user/zflowers/Ewkinos/WJetsToLNu_TuneCP5_13TeV-madgraphMLM-pythia8/crab_WJetsToLNu_TuneCP5_13TeV-madgraphMLM-pythia8RunIIFall17MiniAODv2/181116_210752/0000/stopFlatNtuples_300.root
   Adding file /mnt/hadoop/user/uscms01/pnfs/unl.edu/data4/cms/store/user/zflowers/Ewkinos/WJetsToLNu_TuneCP5_13TeV-madgraphMLM-pythia8/crab_WJetsToLNu_TuneCP5_13TeV-madgraphMLM-pythia8RunIIFall17MiniAODv2/181116_210752/0000/stopFlatNtuples_301.root
   Adding file /mnt/hadoop/user/uscms01/pnfs/unl.edu/data4/cms/store/user/zflowers/Ewkinos/WJetsToLNu_TuneCP5_13TeV-madgraphMLM-pythia8/crab_WJetsToLNu_TuneCP5_13TeV-madgraphMLM-pythia8RunIIFall17MiniAODv2/181116_210752/0000/stopFlatNtuples_302.root
   Adding file /mnt/hadoop/user/uscms01/pnfs/unl.edu/data4/cms/store/user/zflowers/Ewkinos/WJetsToLNu_TuneCP5_13TeV-madgraphMLM-pythia8/crab_WJetsToLNu_TuneCP5_13TeV-madgraphMLM-pythia8RunIIFall17MiniAODv2/181116_210752/0000/stopFlatNtuples_303.root
   Adding file /mnt/hadoop/user/uscms01/pnfs/unl.edu/data4/cms/store/user/zflowers/Ewkinos/WJetsToLNu_TuneCP5_13TeV-madgraphMLM-pythia8/crab_WJetsToLNu_TuneCP5_13TeV-madgraphMLM-pythia8RunIIFall17MiniAODv2/181116_210752/0000/stopFlatNtuples_304.root
   Adding file /mnt/hadoop/user/uscms01/pnfs/unl.edu/data4/cms/store/user/zflowers/Ewkinos/WJetsToLNu_TuneCP5_13TeV-madgraphMLM-pythia8/crab_WJetsToLNu_TuneCP5_13TeV-madgraphMLM-pythia8RunIIFall17MiniAODv2/181116_210752/0000/stopFlatNtuples_305.root
   Adding file /mnt/hadoop/user/uscms01/pnfs/unl.edu/data4/cms/store/user/zflowers/Ewkinos/WJetsToLNu_TuneCP5_13TeV-madgraphMLM-pythia8/crab_WJetsToLNu_TuneCP5_13TeV-madgraphMLM-pythia8RunIIFall17MiniAODv2/181116_210752/0000/stopFlatNtuples_306.root
   Adding file /mnt/hadoop/user/uscms01/pnfs/unl.edu/data4/cms/store/user/zflowers/Ewkinos/WJetsToLNu_TuneCP5_13TeV-madgraphMLM-pythia8/crab_WJetsToLNu_TuneCP5_13TeV-madgraphMLM-pythia8RunIIFall17MiniAODv2/181116_210752/0000/stopFlatNtuples_307.root
   Adding file /mnt/hadoop/user/uscms01/pnfs/unl.edu/data4/cms/store/user/zflowers/Ewkinos/WJetsToLNu_TuneCP5_13TeV-madgraphMLM-pythia8/crab_WJetsToLNu_TuneCP5_13TeV-madgraphMLM-pythia8RunIIFall17MiniAODv2/181116_210752/0000/stopFlatNtuples_308.root
   Adding file /mnt/hadoop/user/uscms01/pnfs/unl.edu/data4/cms/store/user/zflowers/Ewkinos/WJetsToLNu_TuneCP5_13TeV-madgraphMLM-pythia8/crab_WJetsToLNu_TuneCP5_13TeV-madgraphMLM-pythia8RunIIFall17MiniAODv2/181116_210752/0000/stopFlatNtuples_309.root
   Adding file /mnt/hadoop/user/uscms01/pnfs/unl.edu/data4/cms/store/user/zflowers/Ewkinos/WJetsToLNu_TuneCP5_13TeV-madgraphMLM-pythia8/crab_WJetsToLNu_TuneCP5_13TeV-madgraphMLM-pythia8RunIIFall17MiniAODv2/181116_210752/0000/stopFlatNtuples_31.root
   Adding file /mnt/hadoop/user/uscms01/pnfs/unl.edu/data4/cms/store/user/zflowers/Ewkinos/WJetsToLNu_TuneCP5_13TeV-madgraphMLM-pythia8/crab_WJetsToLNu_TuneCP5_13TeV-madgraphMLM-pythia8RunIIFall17MiniAODv2/181116_210752/0000/stopFlatNtuples_310.root
   Adding file /mnt/hadoop/user/uscms01/pnfs/unl.edu/data4/cms/store/user/zflowers/Ewkinos/WJetsToLNu_TuneCP5_13TeV-madgraphMLM-pythia8/crab_WJetsToLNu_TuneCP5_13TeV-madgraphMLM-pythia8RunIIFall17MiniAODv2/181116_210752/0000/stopFlatNtuples_311.root
   Adding file /mnt/hadoop/user/uscms01/pnfs/unl.edu/data4/cms/store/user/zflowers/Ewkinos/WJetsToLNu_TuneCP5_13TeV-madgraphMLM-pythia8/crab_WJetsToLNu_TuneCP5_13TeV-madgraphMLM-pythia8RunIIFall17MiniAODv2/181116_210752/0000/stopFlatNtuples_312.root
   Adding file /mnt/hadoop/user/uscms01/pnfs/unl.edu/data4/cms/store/user/zflowers/Ewkinos/WJetsToLNu_TuneCP5_13TeV-madgraphMLM-pythia8/crab_WJetsToLNu_TuneCP5_13TeV-madgraphMLM-pythia8RunIIFall17MiniAODv2/181116_210752/0000/stopFlatNtuples_313.root
   Adding file /mnt/hadoop/user/uscms01/pnfs/unl.edu/data4/cms/store/user/zflowers/Ewkinos/WJetsToLNu_TuneCP5_13TeV-madgraphMLM-pythia8/crab_WJetsToLNu_TuneCP5_13TeV-madgraphMLM-pythia8RunIIFall17MiniAODv2/181116_210752/0000/stopFlatNtuples_314.root
 event = 0 : 6802157
 event = 680215 : 6802157
 event = 1360430 : 6802157
 event = 2040645 : 6802157
 event = 2720860 : 6802157
 event = 3401075 : 6802157
 event = 4081290 : 6802157
 event = 4761505 : 6802157
 event = 5441720 : 6802157
 event = 6121935 : 6802157
 event = 6802150 : 6802157
Ntree 1
