
[36mRestFrames v1.0.0 -- Developed by Christopher Rogan (crogan@cern.ch)
                     Copyright (c) 2014-2018, Christopher Rogan
                     http://RestFrames.com
[0m
   Adding file /mnt/hadoop/user/uscms01/pnfs/unl.edu/data4/cms/store/user/eschmitz/Ewkinos/WWToLNuQQ_13TeV-powheg/Final16_softBjetPhotonProduction_WWToLNuQQ_ext1/171203_214211/0000/stopFlatNtuples_74.root
   Adding file /mnt/hadoop/user/uscms01/pnfs/unl.edu/data4/cms/store/user/eschmitz/Ewkinos/WWToLNuQQ_13TeV-powheg/Final16_softBjetPhotonProduction_WWToLNuQQ_ext1/171203_214211/0000/stopFlatNtuples_75.root
   Adding file /mnt/hadoop/user/uscms01/pnfs/unl.edu/data4/cms/store/user/eschmitz/Ewkinos/WWToLNuQQ_13TeV-powheg/Final16_softBjetPhotonProduction_WWToLNuQQ_ext1/171203_214211/0000/stopFlatNtuples_76.root
   Adding file /mnt/hadoop/user/uscms01/pnfs/unl.edu/data4/cms/store/user/eschmitz/Ewkinos/WWToLNuQQ_13TeV-powheg/Final16_softBjetPhotonProduction_WWToLNuQQ_ext1/171203_214211/0000/stopFlatNtuples_77.root
   Adding file /mnt/hadoop/user/uscms01/pnfs/unl.edu/data4/cms/store/user/eschmitz/Ewkinos/WWToLNuQQ_13TeV-powheg/Final16_softBjetPhotonProduction_WWToLNuQQ_ext1/171203_214211/0000/stopFlatNtuples_78.root
   Adding file /mnt/hadoop/user/uscms01/pnfs/unl.edu/data4/cms/store/user/eschmitz/Ewkinos/WWToLNuQQ_13TeV-powheg/Final16_softBjetPhotonProduction_WWToLNuQQ_ext1/171203_214211/0000/stopFlatNtuples_79.root
   Adding file /mnt/hadoop/user/uscms01/pnfs/unl.edu/data4/cms/store/user/eschmitz/Ewkinos/WWToLNuQQ_13TeV-powheg/Final16_softBjetPhotonProduction_WWToLNuQQ_ext1/171203_214211/0000/stopFlatNtuples_8.root
   Adding file /mnt/hadoop/user/uscms01/pnfs/unl.edu/data4/cms/store/user/eschmitz/Ewkinos/WWToLNuQQ_13TeV-powheg/Final16_softBjetPhotonProduction_WWToLNuQQ_ext1/171203_214211/0000/stopFlatNtuples_80.root
   Adding file /mnt/hadoop/user/uscms01/pnfs/unl.edu/data4/cms/store/user/eschmitz/Ewkinos/WWToLNuQQ_13TeV-powheg/Final16_softBjetPhotonProduction_WWToLNuQQ_ext1/171203_214211/0000/stopFlatNtuples_81.root
   Adding file /mnt/hadoop/user/uscms01/pnfs/unl.edu/data4/cms/store/user/eschmitz/Ewkinos/WWToLNuQQ_13TeV-powheg/Final16_softBjetPhotonProduction_WWToLNuQQ_ext1/171203_214211/0000/stopFlatNtuples_82.root
   Adding file /mnt/hadoop/user/uscms01/pnfs/unl.edu/data4/cms/store/user/eschmitz/Ewkinos/WWToLNuQQ_13TeV-powheg/Final16_softBjetPhotonProduction_WWToLNuQQ_ext1/171203_214211/0000/stopFlatNtuples_83.root
   Adding file /mnt/hadoop/user/uscms01/pnfs/unl.edu/data4/cms/store/user/eschmitz/Ewkinos/WWToLNuQQ_13TeV-powheg/Final16_softBjetPhotonProduction_WWToLNuQQ_ext1/171203_214211/0000/stopFlatNtuples_84.root
   Adding file /mnt/hadoop/user/uscms01/pnfs/unl.edu/data4/cms/store/user/eschmitz/Ewkinos/WWToLNuQQ_13TeV-powheg/Final16_softBjetPhotonProduction_WWToLNuQQ_ext1/171203_214211/0000/stopFlatNtuples_85.root
   Adding file /mnt/hadoop/user/uscms01/pnfs/unl.edu/data4/cms/store/user/eschmitz/Ewkinos/WWToLNuQQ_13TeV-powheg/Final16_softBjetPhotonProduction_WWToLNuQQ_ext1/171203_214211/0000/stopFlatNtuples_86.root
   Adding file /mnt/hadoop/user/uscms01/pnfs/unl.edu/data4/cms/store/user/eschmitz/Ewkinos/WWToLNuQQ_13TeV-powheg/Final16_softBjetPhotonProduction_WWToLNuQQ_ext1/171203_214211/0000/stopFlatNtuples_87.root
   Adding file /mnt/hadoop/user/uscms01/pnfs/unl.edu/data4/cms/store/user/eschmitz/Ewkinos/WWToLNuQQ_13TeV-powheg/Final16_softBjetPhotonProduction_WWToLNuQQ_ext1/171203_214211/0000/stopFlatNtuples_88.root
   Adding file /mnt/hadoop/user/uscms01/pnfs/unl.edu/data4/cms/store/user/eschmitz/Ewkinos/WWToLNuQQ_13TeV-powheg/Final16_softBjetPhotonProduction_WWToLNuQQ_ext1/171203_214211/0000/stopFlatNtuples_89.root
   Adding file /mnt/hadoop/user/uscms01/pnfs/unl.edu/data4/cms/store/user/eschmitz/Ewkinos/WWToLNuQQ_13TeV-powheg/Final16_softBjetPhotonProduction_WWToLNuQQ_ext1/171203_214211/0000/stopFlatNtuples_9.root
   Adding file /mnt/hadoop/user/uscms01/pnfs/unl.edu/data4/cms/store/user/eschmitz/Ewkinos/WWToLNuQQ_13TeV-powheg/Final16_softBjetPhotonProduction_WWToLNuQQ_ext1/171203_214211/0000/stopFlatNtuples_90.root
 event = 0 : 1402600
