
[36mRestFrames v1.0.0 -- Developed by Christopher Rogan (crogan@cern.ch)
                     Copyright (c) 2014-2018, Christopher Rogan
                     http://RestFrames.com
[0m
   Adding file /mnt/hadoop/user/uscms01/pnfs/unl.edu/data4/cms/store/user/eschmitz/Ewkinos/WWToLNuQQ_13TeV-powheg/Final16_softBjetPhotonProduction_WWToLNuQQ_ext1/171203_214211/0000/stopFlatNtuples_29.root
   Adding file /mnt/hadoop/user/uscms01/pnfs/unl.edu/data4/cms/store/user/eschmitz/Ewkinos/WWToLNuQQ_13TeV-powheg/Final16_softBjetPhotonProduction_WWToLNuQQ_ext1/171203_214211/0000/stopFlatNtuples_3.root
   Adding file /mnt/hadoop/user/uscms01/pnfs/unl.edu/data4/cms/store/user/eschmitz/Ewkinos/WWToLNuQQ_13TeV-powheg/Final16_softBjetPhotonProduction_WWToLNuQQ_ext1/171203_214211/0000/stopFlatNtuples_30.root
   Adding file /mnt/hadoop/user/uscms01/pnfs/unl.edu/data4/cms/store/user/eschmitz/Ewkinos/WWToLNuQQ_13TeV-powheg/Final16_softBjetPhotonProduction_WWToLNuQQ_ext1/171203_214211/0000/stopFlatNtuples_31.root
   Adding file /mnt/hadoop/user/uscms01/pnfs/unl.edu/data4/cms/store/user/eschmitz/Ewkinos/WWToLNuQQ_13TeV-powheg/Final16_softBjetPhotonProduction_WWToLNuQQ_ext1/171203_214211/0000/stopFlatNtuples_32.root
   Adding file /mnt/hadoop/user/uscms01/pnfs/unl.edu/data4/cms/store/user/eschmitz/Ewkinos/WWToLNuQQ_13TeV-powheg/Final16_softBjetPhotonProduction_WWToLNuQQ_ext1/171203_214211/0000/stopFlatNtuples_33.root
   Adding file /mnt/hadoop/user/uscms01/pnfs/unl.edu/data4/cms/store/user/eschmitz/Ewkinos/WWToLNuQQ_13TeV-powheg/Final16_softBjetPhotonProduction_WWToLNuQQ_ext1/171203_214211/0000/stopFlatNtuples_34.root
   Adding file /mnt/hadoop/user/uscms01/pnfs/unl.edu/data4/cms/store/user/eschmitz/Ewkinos/WWToLNuQQ_13TeV-powheg/Final16_softBjetPhotonProduction_WWToLNuQQ_ext1/171203_214211/0000/stopFlatNtuples_35.root
   Adding file /mnt/hadoop/user/uscms01/pnfs/unl.edu/data4/cms/store/user/eschmitz/Ewkinos/WWToLNuQQ_13TeV-powheg/Final16_softBjetPhotonProduction_WWToLNuQQ_ext1/171203_214211/0000/stopFlatNtuples_36.root
   Adding file /mnt/hadoop/user/uscms01/pnfs/unl.edu/data4/cms/store/user/eschmitz/Ewkinos/WWToLNuQQ_13TeV-powheg/Final16_softBjetPhotonProduction_WWToLNuQQ_ext1/171203_214211/0000/stopFlatNtuples_37.root
   Adding file /mnt/hadoop/user/uscms01/pnfs/unl.edu/data4/cms/store/user/eschmitz/Ewkinos/WWToLNuQQ_13TeV-powheg/Final16_softBjetPhotonProduction_WWToLNuQQ_ext1/171203_214211/0000/stopFlatNtuples_38.root
   Adding file /mnt/hadoop/user/uscms01/pnfs/unl.edu/data4/cms/store/user/eschmitz/Ewkinos/WWToLNuQQ_13TeV-powheg/Final16_softBjetPhotonProduction_WWToLNuQQ_ext1/171203_214211/0000/stopFlatNtuples_39.root
   Adding file /mnt/hadoop/user/uscms01/pnfs/unl.edu/data4/cms/store/user/eschmitz/Ewkinos/WWToLNuQQ_13TeV-powheg/Final16_softBjetPhotonProduction_WWToLNuQQ_ext1/171203_214211/0000/stopFlatNtuples_4.root
   Adding file /mnt/hadoop/user/uscms01/pnfs/unl.edu/data4/cms/store/user/eschmitz/Ewkinos/WWToLNuQQ_13TeV-powheg/Final16_softBjetPhotonProduction_WWToLNuQQ_ext1/171203_214211/0000/stopFlatNtuples_40.root
   Adding file /mnt/hadoop/user/uscms01/pnfs/unl.edu/data4/cms/store/user/eschmitz/Ewkinos/WWToLNuQQ_13TeV-powheg/Final16_softBjetPhotonProduction_WWToLNuQQ_ext1/171203_214211/0000/stopFlatNtuples_41.root
   Adding file /mnt/hadoop/user/uscms01/pnfs/unl.edu/data4/cms/store/user/eschmitz/Ewkinos/WWToLNuQQ_13TeV-powheg/Final16_softBjetPhotonProduction_WWToLNuQQ_ext1/171203_214211/0000/stopFlatNtuples_42.root
   Adding file /mnt/hadoop/user/uscms01/pnfs/unl.edu/data4/cms/store/user/eschmitz/Ewkinos/WWToLNuQQ_13TeV-powheg/Final16_softBjetPhotonProduction_WWToLNuQQ_ext1/171203_214211/0000/stopFlatNtuples_43.root
   Adding file /mnt/hadoop/user/uscms01/pnfs/unl.edu/data4/cms/store/user/eschmitz/Ewkinos/WWToLNuQQ_13TeV-powheg/Final16_softBjetPhotonProduction_WWToLNuQQ_ext1/171203_214211/0000/stopFlatNtuples_44.root
   Adding file /mnt/hadoop/user/uscms01/pnfs/unl.edu/data4/cms/store/user/eschmitz/Ewkinos/WWToLNuQQ_13TeV-powheg/Final16_softBjetPhotonProduction_WWToLNuQQ_ext1/171203_214211/0000/stopFlatNtuples_45.root
   Adding file /mnt/hadoop/user/uscms01/pnfs/unl.edu/data4/cms/store/user/eschmitz/Ewkinos/WWToLNuQQ_13TeV-powheg/Final16_softBjetPhotonProduction_WWToLNuQQ_ext1/171203_214211/0000/stopFlatNtuples_46.root
   Adding file /mnt/hadoop/user/uscms01/pnfs/unl.edu/data4/cms/store/user/eschmitz/Ewkinos/WWToLNuQQ_13TeV-powheg/Final16_softBjetPhotonProduction_WWToLNuQQ_ext1/171203_214211/0000/stopFlatNtuples_47.root
   Adding file /mnt/hadoop/user/uscms01/pnfs/unl.edu/data4/cms/store/user/eschmitz/Ewkinos/WWToLNuQQ_13TeV-powheg/Final16_softBjetPhotonProduction_WWToLNuQQ_ext1/171203_214211/0000/stopFlatNtuples_48.root
   Adding file /mnt/hadoop/user/uscms01/pnfs/unl.edu/data4/cms/store/user/eschmitz/Ewkinos/WWToLNuQQ_13TeV-powheg/Final16_softBjetPhotonProduction_WWToLNuQQ_ext1/171203_214211/0000/stopFlatNtuples_49.root
   Adding file /mnt/hadoop/user/uscms01/pnfs/unl.edu/data4/cms/store/user/eschmitz/Ewkinos/WWToLNuQQ_13TeV-powheg/Final16_softBjetPhotonProduction_WWToLNuQQ_ext1/171203_214211/0000/stopFlatNtuples_5.root
   Adding file /mnt/hadoop/user/uscms01/pnfs/unl.edu/data4/cms/store/user/eschmitz/Ewkinos/WWToLNuQQ_13TeV-powheg/Final16_softBjetPhotonProduction_WWToLNuQQ_ext1/171203_214211/0000/stopFlatNtuples_50.root
 event = 0 : 2185400
