
[36mRestFrames v1.0.0 -- Developed by Christopher Rogan (crogan@cern.ch)
                     Copyright (c) 2014-2018, Christopher Rogan
                     http://RestFrames.com
[0m
   Adding file /mnt/hadoop/user/uscms01/pnfs/unl.edu/data4/cms/store/user/eschmitz/Ewkinos/WWToLNuQQ_13TeV-powheg/Final16_softBjetPhotonProduction_WWToLNuQQ_ext1/171203_214211/0000/stopFlatNtuples_51.root
   Adding file /mnt/hadoop/user/uscms01/pnfs/unl.edu/data4/cms/store/user/eschmitz/Ewkinos/WWToLNuQQ_13TeV-powheg/Final16_softBjetPhotonProduction_WWToLNuQQ_ext1/171203_214211/0000/stopFlatNtuples_52.root
   Adding file /mnt/hadoop/user/uscms01/pnfs/unl.edu/data4/cms/store/user/eschmitz/Ewkinos/WWToLNuQQ_13TeV-powheg/Final16_softBjetPhotonProduction_WWToLNuQQ_ext1/171203_214211/0000/stopFlatNtuples_53.root
   Adding file /mnt/hadoop/user/uscms01/pnfs/unl.edu/data4/cms/store/user/eschmitz/Ewkinos/WWToLNuQQ_13TeV-powheg/Final16_softBjetPhotonProduction_WWToLNuQQ_ext1/171203_214211/0000/stopFlatNtuples_54.root
   Adding file /mnt/hadoop/user/uscms01/pnfs/unl.edu/data4/cms/store/user/eschmitz/Ewkinos/WWToLNuQQ_13TeV-powheg/Final16_softBjetPhotonProduction_WWToLNuQQ_ext1/171203_214211/0000/stopFlatNtuples_55.root
   Adding file /mnt/hadoop/user/uscms01/pnfs/unl.edu/data4/cms/store/user/eschmitz/Ewkinos/WWToLNuQQ_13TeV-powheg/Final16_softBjetPhotonProduction_WWToLNuQQ_ext1/171203_214211/0000/stopFlatNtuples_56.root
   Adding file /mnt/hadoop/user/uscms01/pnfs/unl.edu/data4/cms/store/user/eschmitz/Ewkinos/WWToLNuQQ_13TeV-powheg/Final16_softBjetPhotonProduction_WWToLNuQQ_ext1/171203_214211/0000/stopFlatNtuples_57.root
   Adding file /mnt/hadoop/user/uscms01/pnfs/unl.edu/data4/cms/store/user/eschmitz/Ewkinos/WWToLNuQQ_13TeV-powheg/Final16_softBjetPhotonProduction_WWToLNuQQ_ext1/171203_214211/0000/stopFlatNtuples_58.root
   Adding file /mnt/hadoop/user/uscms01/pnfs/unl.edu/data4/cms/store/user/eschmitz/Ewkinos/WWToLNuQQ_13TeV-powheg/Final16_softBjetPhotonProduction_WWToLNuQQ_ext1/171203_214211/0000/stopFlatNtuples_59.root
   Adding file /mnt/hadoop/user/uscms01/pnfs/unl.edu/data4/cms/store/user/eschmitz/Ewkinos/WWToLNuQQ_13TeV-powheg/Final16_softBjetPhotonProduction_WWToLNuQQ_ext1/171203_214211/0000/stopFlatNtuples_6.root
   Adding file /mnt/hadoop/user/uscms01/pnfs/unl.edu/data4/cms/store/user/eschmitz/Ewkinos/WWToLNuQQ_13TeV-powheg/Final16_softBjetPhotonProduction_WWToLNuQQ_ext1/171203_214211/0000/stopFlatNtuples_60.root
   Adding file /mnt/hadoop/user/uscms01/pnfs/unl.edu/data4/cms/store/user/eschmitz/Ewkinos/WWToLNuQQ_13TeV-powheg/Final16_softBjetPhotonProduction_WWToLNuQQ_ext1/171203_214211/0000/stopFlatNtuples_61.root
   Adding file /mnt/hadoop/user/uscms01/pnfs/unl.edu/data4/cms/store/user/eschmitz/Ewkinos/WWToLNuQQ_13TeV-powheg/Final16_softBjetPhotonProduction_WWToLNuQQ_ext1/171203_214211/0000/stopFlatNtuples_62.root
   Adding file /mnt/hadoop/user/uscms01/pnfs/unl.edu/data4/cms/store/user/eschmitz/Ewkinos/WWToLNuQQ_13TeV-powheg/Final16_softBjetPhotonProduction_WWToLNuQQ_ext1/171203_214211/0000/stopFlatNtuples_63.root
   Adding file /mnt/hadoop/user/uscms01/pnfs/unl.edu/data4/cms/store/user/eschmitz/Ewkinos/WWToLNuQQ_13TeV-powheg/Final16_softBjetPhotonProduction_WWToLNuQQ_ext1/171203_214211/0000/stopFlatNtuples_64.root
   Adding file /mnt/hadoop/user/uscms01/pnfs/unl.edu/data4/cms/store/user/eschmitz/Ewkinos/WWToLNuQQ_13TeV-powheg/Final16_softBjetPhotonProduction_WWToLNuQQ_ext1/171203_214211/0000/stopFlatNtuples_65.root
   Adding file /mnt/hadoop/user/uscms01/pnfs/unl.edu/data4/cms/store/user/eschmitz/Ewkinos/WWToLNuQQ_13TeV-powheg/Final16_softBjetPhotonProduction_WWToLNuQQ_ext1/171203_214211/0000/stopFlatNtuples_66.root
   Adding file /mnt/hadoop/user/uscms01/pnfs/unl.edu/data4/cms/store/user/eschmitz/Ewkinos/WWToLNuQQ_13TeV-powheg/Final16_softBjetPhotonProduction_WWToLNuQQ_ext1/171203_214211/0000/stopFlatNtuples_67.root
   Adding file /mnt/hadoop/user/uscms01/pnfs/unl.edu/data4/cms/store/user/eschmitz/Ewkinos/WWToLNuQQ_13TeV-powheg/Final16_softBjetPhotonProduction_WWToLNuQQ_ext1/171203_214211/0000/stopFlatNtuples_68.root
   Adding file /mnt/hadoop/user/uscms01/pnfs/unl.edu/data4/cms/store/user/eschmitz/Ewkinos/WWToLNuQQ_13TeV-powheg/Final16_softBjetPhotonProduction_WWToLNuQQ_ext1/171203_214211/0000/stopFlatNtuples_69.root
   Adding file /mnt/hadoop/user/uscms01/pnfs/unl.edu/data4/cms/store/user/eschmitz/Ewkinos/WWToLNuQQ_13TeV-powheg/Final16_softBjetPhotonProduction_WWToLNuQQ_ext1/171203_214211/0000/stopFlatNtuples_7.root
   Adding file /mnt/hadoop/user/uscms01/pnfs/unl.edu/data4/cms/store/user/eschmitz/Ewkinos/WWToLNuQQ_13TeV-powheg/Final16_softBjetPhotonProduction_WWToLNuQQ_ext1/171203_214211/0000/stopFlatNtuples_70.root
   Adding file /mnt/hadoop/user/uscms01/pnfs/unl.edu/data4/cms/store/user/eschmitz/Ewkinos/WWToLNuQQ_13TeV-powheg/Final16_softBjetPhotonProduction_WWToLNuQQ_ext1/171203_214211/0000/stopFlatNtuples_71.root
   Adding file /mnt/hadoop/user/uscms01/pnfs/unl.edu/data4/cms/store/user/eschmitz/Ewkinos/WWToLNuQQ_13TeV-powheg/Final16_softBjetPhotonProduction_WWToLNuQQ_ext1/171203_214211/0000/stopFlatNtuples_72.root
   Adding file /mnt/hadoop/user/uscms01/pnfs/unl.edu/data4/cms/store/user/eschmitz/Ewkinos/WWToLNuQQ_13TeV-powheg/Final16_softBjetPhotonProduction_WWToLNuQQ_ext1/171203_214211/0000/stopFlatNtuples_73.root
 event = 0 : 1680400
