
[36mRestFrames v1.0.0 -- Developed by Christopher Rogan (crogan@cern.ch)
                     Copyright (c) 2014-2018, Christopher Rogan
                     http://RestFrames.com
[0m
   Adding file /mnt/hadoop/user/uscms01/pnfs/unl.edu/data4/cms/store/user/eschmitz/Ewkinos/WWTo4Q_13TeV-powheg/Final16_softBjetPhotonProduction_WWTo4Q/171203_174131/0000/stopFlatNtuples_1.root
   Adding file /mnt/hadoop/user/uscms01/pnfs/unl.edu/data4/cms/store/user/eschmitz/Ewkinos/WWTo4Q_13TeV-powheg/Final16_softBjetPhotonProduction_WWTo4Q/171203_174131/0000/stopFlatNtuples_10.root
   Adding file /mnt/hadoop/user/uscms01/pnfs/unl.edu/data4/cms/store/user/eschmitz/Ewkinos/WWTo4Q_13TeV-powheg/Final16_softBjetPhotonProduction_WWTo4Q/171203_174131/0000/stopFlatNtuples_11.root
   Adding file /mnt/hadoop/user/uscms01/pnfs/unl.edu/data4/cms/store/user/eschmitz/Ewkinos/WWTo4Q_13TeV-powheg/Final16_softBjetPhotonProduction_WWTo4Q/171203_174131/0000/stopFlatNtuples_12.root
   Adding file /mnt/hadoop/user/uscms01/pnfs/unl.edu/data4/cms/store/user/eschmitz/Ewkinos/WWTo4Q_13TeV-powheg/Final16_softBjetPhotonProduction_WWTo4Q/171203_174131/0000/stopFlatNtuples_13.root
   Adding file /mnt/hadoop/user/uscms01/pnfs/unl.edu/data4/cms/store/user/eschmitz/Ewkinos/WWTo4Q_13TeV-powheg/Final16_softBjetPhotonProduction_WWTo4Q/171203_174131/0000/stopFlatNtuples_14.root
   Adding file /mnt/hadoop/user/uscms01/pnfs/unl.edu/data4/cms/store/user/eschmitz/Ewkinos/WWTo4Q_13TeV-powheg/Final16_softBjetPhotonProduction_WWTo4Q/171203_174131/0000/stopFlatNtuples_15.root
   Adding file /mnt/hadoop/user/uscms01/pnfs/unl.edu/data4/cms/store/user/eschmitz/Ewkinos/WWTo4Q_13TeV-powheg/Final16_softBjetPhotonProduction_WWTo4Q/171203_174131/0000/stopFlatNtuples_16.root
   Adding file /mnt/hadoop/user/uscms01/pnfs/unl.edu/data4/cms/store/user/eschmitz/Ewkinos/WWTo4Q_13TeV-powheg/Final16_softBjetPhotonProduction_WWTo4Q/171203_174131/0000/stopFlatNtuples_17.root
   Adding file /mnt/hadoop/user/uscms01/pnfs/unl.edu/data4/cms/store/user/eschmitz/Ewkinos/WWTo4Q_13TeV-powheg/Final16_softBjetPhotonProduction_WWTo4Q/171203_174131/0000/stopFlatNtuples_18.root
   Adding file /mnt/hadoop/user/uscms01/pnfs/unl.edu/data4/cms/store/user/eschmitz/Ewkinos/WWTo4Q_13TeV-powheg/Final16_softBjetPhotonProduction_WWTo4Q/171203_174131/0000/stopFlatNtuples_19.root
   Adding file /mnt/hadoop/user/uscms01/pnfs/unl.edu/data4/cms/store/user/eschmitz/Ewkinos/WWTo4Q_13TeV-powheg/Final16_softBjetPhotonProduction_WWTo4Q/171203_174131/0000/stopFlatNtuples_2.root
   Adding file /mnt/hadoop/user/uscms01/pnfs/unl.edu/data4/cms/store/user/eschmitz/Ewkinos/WWTo4Q_13TeV-powheg/Final16_softBjetPhotonProduction_WWTo4Q/171203_174131/0000/stopFlatNtuples_3.root
   Adding file /mnt/hadoop/user/uscms01/pnfs/unl.edu/data4/cms/store/user/eschmitz/Ewkinos/WWTo4Q_13TeV-powheg/Final16_softBjetPhotonProduction_WWTo4Q/171203_174131/0000/stopFlatNtuples_4.root
   Adding file /mnt/hadoop/user/uscms01/pnfs/unl.edu/data4/cms/store/user/eschmitz/Ewkinos/WWTo4Q_13TeV-powheg/Final16_softBjetPhotonProduction_WWTo4Q/171203_174131/0000/stopFlatNtuples_5.root
   Adding file /mnt/hadoop/user/uscms01/pnfs/unl.edu/data4/cms/store/user/eschmitz/Ewkinos/WWTo4Q_13TeV-powheg/Final16_softBjetPhotonProduction_WWTo4Q/171203_174131/0000/stopFlatNtuples_6.root
   Adding file /mnt/hadoop/user/uscms01/pnfs/unl.edu/data4/cms/store/user/eschmitz/Ewkinos/WWTo4Q_13TeV-powheg/Final16_softBjetPhotonProduction_WWTo4Q/171203_174131/0000/stopFlatNtuples_7.root
   Adding file /mnt/hadoop/user/uscms01/pnfs/unl.edu/data4/cms/store/user/eschmitz/Ewkinos/WWTo4Q_13TeV-powheg/Final16_softBjetPhotonProduction_WWTo4Q/171203_174131/0000/stopFlatNtuples_8.root
   Adding file /mnt/hadoop/user/uscms01/pnfs/unl.edu/data4/cms/store/user/eschmitz/Ewkinos/WWTo4Q_13TeV-powheg/Final16_softBjetPhotonProduction_WWTo4Q/171203_174131/0000/stopFlatNtuples_9.root
 event = 0 : 1998400
