
[36mRestFrames v1.0.0 -- Developed by Christopher Rogan (crogan@cern.ch)
                     Copyright (c) 2014-2018, Christopher Rogan
                     http://RestFrames.com
[0m
   Adding file /mnt/hadoop/user/uscms01/pnfs/unl.edu/data4/cms/store/user/eschmitz/Ewkinos/WWToLNuQQ_13TeV-powheg/Final16_softBjetPhotonProduction_WWToLNuQQ/171203_205059/0000/stopFlatNtuples_6.root
   Adding file /mnt/hadoop/user/uscms01/pnfs/unl.edu/data4/cms/store/user/eschmitz/Ewkinos/WWToLNuQQ_13TeV-powheg/Final16_softBjetPhotonProduction_WWToLNuQQ/171203_205059/0000/stopFlatNtuples_7.root
   Adding file /mnt/hadoop/user/uscms01/pnfs/unl.edu/data4/cms/store/user/eschmitz/Ewkinos/WWToLNuQQ_13TeV-powheg/Final16_softBjetPhotonProduction_WWToLNuQQ/171203_205059/0000/stopFlatNtuples_8.root
   Adding file /mnt/hadoop/user/uscms01/pnfs/unl.edu/data4/cms/store/user/eschmitz/Ewkinos/WWToLNuQQ_13TeV-powheg/Final16_softBjetPhotonProduction_WWToLNuQQ/171203_205059/0000/stopFlatNtuples_9.root
   Adding file /mnt/hadoop/user/uscms01/pnfs/unl.edu/data4/cms/store/user/eschmitz/Ewkinos/WWToLNuQQ_13TeV-powheg/Final16_softBjetPhotonProduction_WWToLNuQQ_ext1/171203_214211/0000/stopFlatNtuples_1.root
   Adding file /mnt/hadoop/user/uscms01/pnfs/unl.edu/data4/cms/store/user/eschmitz/Ewkinos/WWToLNuQQ_13TeV-powheg/Final16_softBjetPhotonProduction_WWToLNuQQ_ext1/171203_214211/0000/stopFlatNtuples_10.root
   Adding file /mnt/hadoop/user/uscms01/pnfs/unl.edu/data4/cms/store/user/eschmitz/Ewkinos/WWToLNuQQ_13TeV-powheg/Final16_softBjetPhotonProduction_WWToLNuQQ_ext1/171203_214211/0000/stopFlatNtuples_11.root
   Adding file /mnt/hadoop/user/uscms01/pnfs/unl.edu/data4/cms/store/user/eschmitz/Ewkinos/WWToLNuQQ_13TeV-powheg/Final16_softBjetPhotonProduction_WWToLNuQQ_ext1/171203_214211/0000/stopFlatNtuples_12.root
   Adding file /mnt/hadoop/user/uscms01/pnfs/unl.edu/data4/cms/store/user/eschmitz/Ewkinos/WWToLNuQQ_13TeV-powheg/Final16_softBjetPhotonProduction_WWToLNuQQ_ext1/171203_214211/0000/stopFlatNtuples_13.root
   Adding file /mnt/hadoop/user/uscms01/pnfs/unl.edu/data4/cms/store/user/eschmitz/Ewkinos/WWToLNuQQ_13TeV-powheg/Final16_softBjetPhotonProduction_WWToLNuQQ_ext1/171203_214211/0000/stopFlatNtuples_14.root
   Adding file /mnt/hadoop/user/uscms01/pnfs/unl.edu/data4/cms/store/user/eschmitz/Ewkinos/WWToLNuQQ_13TeV-powheg/Final16_softBjetPhotonProduction_WWToLNuQQ_ext1/171203_214211/0000/stopFlatNtuples_15.root
   Adding file /mnt/hadoop/user/uscms01/pnfs/unl.edu/data4/cms/store/user/eschmitz/Ewkinos/WWToLNuQQ_13TeV-powheg/Final16_softBjetPhotonProduction_WWToLNuQQ_ext1/171203_214211/0000/stopFlatNtuples_16.root
   Adding file /mnt/hadoop/user/uscms01/pnfs/unl.edu/data4/cms/store/user/eschmitz/Ewkinos/WWToLNuQQ_13TeV-powheg/Final16_softBjetPhotonProduction_WWToLNuQQ_ext1/171203_214211/0000/stopFlatNtuples_17.root
   Adding file /mnt/hadoop/user/uscms01/pnfs/unl.edu/data4/cms/store/user/eschmitz/Ewkinos/WWToLNuQQ_13TeV-powheg/Final16_softBjetPhotonProduction_WWToLNuQQ_ext1/171203_214211/0000/stopFlatNtuples_18.root
   Adding file /mnt/hadoop/user/uscms01/pnfs/unl.edu/data4/cms/store/user/eschmitz/Ewkinos/WWToLNuQQ_13TeV-powheg/Final16_softBjetPhotonProduction_WWToLNuQQ_ext1/171203_214211/0000/stopFlatNtuples_19.root
   Adding file /mnt/hadoop/user/uscms01/pnfs/unl.edu/data4/cms/store/user/eschmitz/Ewkinos/WWToLNuQQ_13TeV-powheg/Final16_softBjetPhotonProduction_WWToLNuQQ_ext1/171203_214211/0000/stopFlatNtuples_2.root
   Adding file /mnt/hadoop/user/uscms01/pnfs/unl.edu/data4/cms/store/user/eschmitz/Ewkinos/WWToLNuQQ_13TeV-powheg/Final16_softBjetPhotonProduction_WWToLNuQQ_ext1/171203_214211/0000/stopFlatNtuples_20.root
   Adding file /mnt/hadoop/user/uscms01/pnfs/unl.edu/data4/cms/store/user/eschmitz/Ewkinos/WWToLNuQQ_13TeV-powheg/Final16_softBjetPhotonProduction_WWToLNuQQ_ext1/171203_214211/0000/stopFlatNtuples_21.root
   Adding file /mnt/hadoop/user/uscms01/pnfs/unl.edu/data4/cms/store/user/eschmitz/Ewkinos/WWToLNuQQ_13TeV-powheg/Final16_softBjetPhotonProduction_WWToLNuQQ_ext1/171203_214211/0000/stopFlatNtuples_22.root
   Adding file /mnt/hadoop/user/uscms01/pnfs/unl.edu/data4/cms/store/user/eschmitz/Ewkinos/WWToLNuQQ_13TeV-powheg/Final16_softBjetPhotonProduction_WWToLNuQQ_ext1/171203_214211/0000/stopFlatNtuples_23.root
   Adding file /mnt/hadoop/user/uscms01/pnfs/unl.edu/data4/cms/store/user/eschmitz/Ewkinos/WWToLNuQQ_13TeV-powheg/Final16_softBjetPhotonProduction_WWToLNuQQ_ext1/171203_214211/0000/stopFlatNtuples_24.root
   Adding file /mnt/hadoop/user/uscms01/pnfs/unl.edu/data4/cms/store/user/eschmitz/Ewkinos/WWToLNuQQ_13TeV-powheg/Final16_softBjetPhotonProduction_WWToLNuQQ_ext1/171203_214211/0000/stopFlatNtuples_25.root
   Adding file /mnt/hadoop/user/uscms01/pnfs/unl.edu/data4/cms/store/user/eschmitz/Ewkinos/WWToLNuQQ_13TeV-powheg/Final16_softBjetPhotonProduction_WWToLNuQQ_ext1/171203_214211/0000/stopFlatNtuples_26.root
   Adding file /mnt/hadoop/user/uscms01/pnfs/unl.edu/data4/cms/store/user/eschmitz/Ewkinos/WWToLNuQQ_13TeV-powheg/Final16_softBjetPhotonProduction_WWToLNuQQ_ext1/171203_214211/0000/stopFlatNtuples_27.root
   Adding file /mnt/hadoop/user/uscms01/pnfs/unl.edu/data4/cms/store/user/eschmitz/Ewkinos/WWToLNuQQ_13TeV-powheg/Final16_softBjetPhotonProduction_WWToLNuQQ_ext1/171203_214211/0000/stopFlatNtuples_28.root
 event = 0 : 2011400
