
[36mRestFrames v1.0.0 -- Developed by Christopher Rogan (crogan@cern.ch)
                     Copyright (c) 2014-2018, Christopher Rogan
                     http://RestFrames.com
[0m
   Adding file /mnt/hadoop/user/uscms01/pnfs/unl.edu/data4/cms/store/user/zflowers/Ewkinos/WW_TuneCP5_13TeV-pythia8/crab_WW_TuneCP5_13TeV-pythia8RunIIFall17MiniAODv2/181222_013000/0000/stopFlatNtuples_1-1.root
   Adding file /mnt/hadoop/user/uscms01/pnfs/unl.edu/data4/cms/store/user/zflowers/Ewkinos/WW_TuneCP5_13TeV-pythia8/crab_WW_TuneCP5_13TeV-pythia8RunIIFall17MiniAODv2/181222_013000/0000/stopFlatNtuples_1-10.root
   Adding file /mnt/hadoop/user/uscms01/pnfs/unl.edu/data4/cms/store/user/zflowers/Ewkinos/WW_TuneCP5_13TeV-pythia8/crab_WW_TuneCP5_13TeV-pythia8RunIIFall17MiniAODv2/181222_013000/0000/stopFlatNtuples_1-11.root
   Adding file /mnt/hadoop/user/uscms01/pnfs/unl.edu/data4/cms/store/user/zflowers/Ewkinos/WW_TuneCP5_13TeV-pythia8/crab_WW_TuneCP5_13TeV-pythia8RunIIFall17MiniAODv2/181222_013000/0000/stopFlatNtuples_1-12.root
   Adding file /mnt/hadoop/user/uscms01/pnfs/unl.edu/data4/cms/store/user/zflowers/Ewkinos/WW_TuneCP5_13TeV-pythia8/crab_WW_TuneCP5_13TeV-pythia8RunIIFall17MiniAODv2/181222_013000/0000/stopFlatNtuples_1-13.root
   Adding file /mnt/hadoop/user/uscms01/pnfs/unl.edu/data4/cms/store/user/zflowers/Ewkinos/WW_TuneCP5_13TeV-pythia8/crab_WW_TuneCP5_13TeV-pythia8RunIIFall17MiniAODv2/181222_013000/0000/stopFlatNtuples_1-14.root
   Adding file /mnt/hadoop/user/uscms01/pnfs/unl.edu/data4/cms/store/user/zflowers/Ewkinos/WW_TuneCP5_13TeV-pythia8/crab_WW_TuneCP5_13TeV-pythia8RunIIFall17MiniAODv2/181222_013000/0000/stopFlatNtuples_1-15.root
   Adding file /mnt/hadoop/user/uscms01/pnfs/unl.edu/data4/cms/store/user/zflowers/Ewkinos/WW_TuneCP5_13TeV-pythia8/crab_WW_TuneCP5_13TeV-pythia8RunIIFall17MiniAODv2/181222_013000/0000/stopFlatNtuples_1-16.root
   Adding file /mnt/hadoop/user/uscms01/pnfs/unl.edu/data4/cms/store/user/zflowers/Ewkinos/WW_TuneCP5_13TeV-pythia8/crab_WW_TuneCP5_13TeV-pythia8RunIIFall17MiniAODv2/181222_013000/0000/stopFlatNtuples_1-17.root
   Adding file /mnt/hadoop/user/uscms01/pnfs/unl.edu/data4/cms/store/user/zflowers/Ewkinos/WW_TuneCP5_13TeV-pythia8/crab_WW_TuneCP5_13TeV-pythia8RunIIFall17MiniAODv2/181222_013000/0000/stopFlatNtuples_1-18.root
   Adding file /mnt/hadoop/user/uscms01/pnfs/unl.edu/data4/cms/store/user/zflowers/Ewkinos/WW_TuneCP5_13TeV-pythia8/crab_WW_TuneCP5_13TeV-pythia8RunIIFall17MiniAODv2/181222_013000/0000/stopFlatNtuples_1-19.root
   Adding file /mnt/hadoop/user/uscms01/pnfs/unl.edu/data4/cms/store/user/zflowers/Ewkinos/WW_TuneCP5_13TeV-pythia8/crab_WW_TuneCP5_13TeV-pythia8RunIIFall17MiniAODv2/181222_013000/0000/stopFlatNtuples_1-2.root
   Adding file /mnt/hadoop/user/uscms01/pnfs/unl.edu/data4/cms/store/user/zflowers/Ewkinos/WW_TuneCP5_13TeV-pythia8/crab_WW_TuneCP5_13TeV-pythia8RunIIFall17MiniAODv2/181222_013000/0000/stopFlatNtuples_1-20.root
   Adding file /mnt/hadoop/user/uscms01/pnfs/unl.edu/data4/cms/store/user/zflowers/Ewkinos/WW_TuneCP5_13TeV-pythia8/crab_WW_TuneCP5_13TeV-pythia8RunIIFall17MiniAODv2/181222_013000/0000/stopFlatNtuples_1-21.root
   Adding file /mnt/hadoop/user/uscms01/pnfs/unl.edu/data4/cms/store/user/zflowers/Ewkinos/WW_TuneCP5_13TeV-pythia8/crab_WW_TuneCP5_13TeV-pythia8RunIIFall17MiniAODv2/181222_013000/0000/stopFlatNtuples_1-22.root
   Adding file /mnt/hadoop/user/uscms01/pnfs/unl.edu/data4/cms/store/user/zflowers/Ewkinos/WW_TuneCP5_13TeV-pythia8/crab_WW_TuneCP5_13TeV-pythia8RunIIFall17MiniAODv2/181222_013000/0000/stopFlatNtuples_1-23.root
   Adding file /mnt/hadoop/user/uscms01/pnfs/unl.edu/data4/cms/store/user/zflowers/Ewkinos/WW_TuneCP5_13TeV-pythia8/crab_WW_TuneCP5_13TeV-pythia8RunIIFall17MiniAODv2/181222_013000/0000/stopFlatNtuples_1-24.root
   Adding file /mnt/hadoop/user/uscms01/pnfs/unl.edu/data4/cms/store/user/zflowers/Ewkinos/WW_TuneCP5_13TeV-pythia8/crab_WW_TuneCP5_13TeV-pythia8RunIIFall17MiniAODv2/181222_013000/0000/stopFlatNtuples_1-25.root
   Adding file /mnt/hadoop/user/uscms01/pnfs/unl.edu/data4/cms/store/user/zflowers/Ewkinos/WW_TuneCP5_13TeV-pythia8/crab_WW_TuneCP5_13TeV-pythia8RunIIFall17MiniAODv2/181222_013000/0000/stopFlatNtuples_1-26.root
   Adding file /mnt/hadoop/user/uscms01/pnfs/unl.edu/data4/cms/store/user/zflowers/Ewkinos/WW_TuneCP5_13TeV-pythia8/crab_WW_TuneCP5_13TeV-pythia8RunIIFall17MiniAODv2/181222_013000/0000/stopFlatNtuples_1-27.root
   Adding file /mnt/hadoop/user/uscms01/pnfs/unl.edu/data4/cms/store/user/zflowers/Ewkinos/WW_TuneCP5_13TeV-pythia8/crab_WW_TuneCP5_13TeV-pythia8RunIIFall17MiniAODv2/181222_013000/0000/stopFlatNtuples_1-28.root
   Adding file /mnt/hadoop/user/uscms01/pnfs/unl.edu/data4/cms/store/user/zflowers/Ewkinos/WW_TuneCP5_13TeV-pythia8/crab_WW_TuneCP5_13TeV-pythia8RunIIFall17MiniAODv2/181222_013000/0000/stopFlatNtuples_1-29.root
   Adding file /mnt/hadoop/user/uscms01/pnfs/unl.edu/data4/cms/store/user/zflowers/Ewkinos/WW_TuneCP5_13TeV-pythia8/crab_WW_TuneCP5_13TeV-pythia8RunIIFall17MiniAODv2/181222_013000/0000/stopFlatNtuples_1-3.root
   Adding file /mnt/hadoop/user/uscms01/pnfs/unl.edu/data4/cms/store/user/zflowers/Ewkinos/WW_TuneCP5_13TeV-pythia8/crab_WW_TuneCP5_13TeV-pythia8RunIIFall17MiniAODv2/181222_013000/0000/stopFlatNtuples_1-30.root
   Adding file /mnt/hadoop/user/uscms01/pnfs/unl.edu/data4/cms/store/user/zflowers/Ewkinos/WW_TuneCP5_13TeV-pythia8/crab_WW_TuneCP5_13TeV-pythia8RunIIFall17MiniAODv2/181222_013000/0000/stopFlatNtuples_1-31.root
   Adding file /mnt/hadoop/user/uscms01/pnfs/unl.edu/data4/cms/store/user/zflowers/Ewkinos/WW_TuneCP5_13TeV-pythia8/crab_WW_TuneCP5_13TeV-pythia8RunIIFall17MiniAODv2/181222_013000/0000/stopFlatNtuples_1-32.root
   Adding file /mnt/hadoop/user/uscms01/pnfs/unl.edu/data4/cms/store/user/zflowers/Ewkinos/WW_TuneCP5_13TeV-pythia8/crab_WW_TuneCP5_13TeV-pythia8RunIIFall17MiniAODv2/181222_013000/0000/stopFlatNtuples_1-33.root
   Adding file /mnt/hadoop/user/uscms01/pnfs/unl.edu/data4/cms/store/user/zflowers/Ewkinos/WW_TuneCP5_13TeV-pythia8/crab_WW_TuneCP5_13TeV-pythia8RunIIFall17MiniAODv2/181222_013000/0000/stopFlatNtuples_1-34.root
   Adding file /mnt/hadoop/user/uscms01/pnfs/unl.edu/data4/cms/store/user/zflowers/Ewkinos/WW_TuneCP5_13TeV-pythia8/crab_WW_TuneCP5_13TeV-pythia8RunIIFall17MiniAODv2/181222_013000/0000/stopFlatNtuples_1-35.root
   Adding file /mnt/hadoop/user/uscms01/pnfs/unl.edu/data4/cms/store/user/zflowers/Ewkinos/WW_TuneCP5_13TeV-pythia8/crab_WW_TuneCP5_13TeV-pythia8RunIIFall17MiniAODv2/181222_013000/0000/stopFlatNtuples_1-36.root
   Adding file /mnt/hadoop/user/uscms01/pnfs/unl.edu/data4/cms/store/user/zflowers/Ewkinos/WW_TuneCP5_13TeV-pythia8/crab_WW_TuneCP5_13TeV-pythia8RunIIFall17MiniAODv2/181222_013000/0000/stopFlatNtuples_1-37.root
   Adding file /mnt/hadoop/user/uscms01/pnfs/unl.edu/data4/cms/store/user/zflowers/Ewkinos/WW_TuneCP5_13TeV-pythia8/crab_WW_TuneCP5_13TeV-pythia8RunIIFall17MiniAODv2/181222_013000/0000/stopFlatNtuples_1-38.root
   Adding file /mnt/hadoop/user/uscms01/pnfs/unl.edu/data4/cms/store/user/zflowers/Ewkinos/WW_TuneCP5_13TeV-pythia8/crab_WW_TuneCP5_13TeV-pythia8RunIIFall17MiniAODv2/181222_013000/0000/stopFlatNtuples_1-39.root
   Adding file /mnt/hadoop/user/uscms01/pnfs/unl.edu/data4/cms/store/user/zflowers/Ewkinos/WW_TuneCP5_13TeV-pythia8/crab_WW_TuneCP5_13TeV-pythia8RunIIFall17MiniAODv2/181222_013000/0000/stopFlatNtuples_1-4.root
   Adding file /mnt/hadoop/user/uscms01/pnfs/unl.edu/data4/cms/store/user/zflowers/Ewkinos/WW_TuneCP5_13TeV-pythia8/crab_WW_TuneCP5_13TeV-pythia8RunIIFall17MiniAODv2/181222_013000/0000/stopFlatNtuples_1-40.root
   Adding file /mnt/hadoop/user/uscms01/pnfs/unl.edu/data4/cms/store/user/zflowers/Ewkinos/WW_TuneCP5_13TeV-pythia8/crab_WW_TuneCP5_13TeV-pythia8RunIIFall17MiniAODv2/181222_013000/0000/stopFlatNtuples_1-41.root
   Adding file /mnt/hadoop/user/uscms01/pnfs/unl.edu/data4/cms/store/user/zflowers/Ewkinos/WW_TuneCP5_13TeV-pythia8/crab_WW_TuneCP5_13TeV-pythia8RunIIFall17MiniAODv2/181222_013000/0000/stopFlatNtuples_1-42.root
   Adding file /mnt/hadoop/user/uscms01/pnfs/unl.edu/data4/cms/store/user/zflowers/Ewkinos/WW_TuneCP5_13TeV-pythia8/crab_WW_TuneCP5_13TeV-pythia8RunIIFall17MiniAODv2/181222_013000/0000/stopFlatNtuples_1-43.root
   Adding file /mnt/hadoop/user/uscms01/pnfs/unl.edu/data4/cms/store/user/zflowers/Ewkinos/WW_TuneCP5_13TeV-pythia8/crab_WW_TuneCP5_13TeV-pythia8RunIIFall17MiniAODv2/181222_013000/0000/stopFlatNtuples_1-44.root
   Adding file /mnt/hadoop/user/uscms01/pnfs/unl.edu/data4/cms/store/user/zflowers/Ewkinos/WW_TuneCP5_13TeV-pythia8/crab_WW_TuneCP5_13TeV-pythia8RunIIFall17MiniAODv2/181222_013000/0000/stopFlatNtuples_1-45.root
   Adding file /mnt/hadoop/user/uscms01/pnfs/unl.edu/data4/cms/store/user/zflowers/Ewkinos/WW_TuneCP5_13TeV-pythia8/crab_WW_TuneCP5_13TeV-pythia8RunIIFall17MiniAODv2/181222_013000/0000/stopFlatNtuples_1-46.root
   Adding file /mnt/hadoop/user/uscms01/pnfs/unl.edu/data4/cms/store/user/zflowers/Ewkinos/WW_TuneCP5_13TeV-pythia8/crab_WW_TuneCP5_13TeV-pythia8RunIIFall17MiniAODv2/181222_013000/0000/stopFlatNtuples_1-47.root
   Adding file /mnt/hadoop/user/uscms01/pnfs/unl.edu/data4/cms/store/user/zflowers/Ewkinos/WW_TuneCP5_13TeV-pythia8/crab_WW_TuneCP5_13TeV-pythia8RunIIFall17MiniAODv2/181222_013000/0000/stopFlatNtuples_1-48.root
   Adding file /mnt/hadoop/user/uscms01/pnfs/unl.edu/data4/cms/store/user/zflowers/Ewkinos/WW_TuneCP5_13TeV-pythia8/crab_WW_TuneCP5_13TeV-pythia8RunIIFall17MiniAODv2/181222_013000/0000/stopFlatNtuples_1-49.root
   Adding file /mnt/hadoop/user/uscms01/pnfs/unl.edu/data4/cms/store/user/zflowers/Ewkinos/WW_TuneCP5_13TeV-pythia8/crab_WW_TuneCP5_13TeV-pythia8RunIIFall17MiniAODv2/181222_013000/0000/stopFlatNtuples_1-5.root
   Adding file /mnt/hadoop/user/uscms01/pnfs/unl.edu/data4/cms/store/user/zflowers/Ewkinos/WW_TuneCP5_13TeV-pythia8/crab_WW_TuneCP5_13TeV-pythia8RunIIFall17MiniAODv2/181222_013000/0000/stopFlatNtuples_1-50.root
   Adding file /mnt/hadoop/user/uscms01/pnfs/unl.edu/data4/cms/store/user/zflowers/Ewkinos/WW_TuneCP5_13TeV-pythia8/crab_WW_TuneCP5_13TeV-pythia8RunIIFall17MiniAODv2/181222_013000/0000/stopFlatNtuples_1-51.root
   Adding file /mnt/hadoop/user/uscms01/pnfs/unl.edu/data4/cms/store/user/zflowers/Ewkinos/WW_TuneCP5_13TeV-pythia8/crab_WW_TuneCP5_13TeV-pythia8RunIIFall17MiniAODv2/181222_013000/0000/stopFlatNtuples_1-52.root
   Adding file /mnt/hadoop/user/uscms01/pnfs/unl.edu/data4/cms/store/user/zflowers/Ewkinos/WW_TuneCP5_13TeV-pythia8/crab_WW_TuneCP5_13TeV-pythia8RunIIFall17MiniAODv2/181222_013000/0000/stopFlatNtuples_1-53.root
   Adding file /mnt/hadoop/user/uscms01/pnfs/unl.edu/data4/cms/store/user/zflowers/Ewkinos/WW_TuneCP5_13TeV-pythia8/crab_WW_TuneCP5_13TeV-pythia8RunIIFall17MiniAODv2/181222_013000/0000/stopFlatNtuples_1-54.root
   Adding file /mnt/hadoop/user/uscms01/pnfs/unl.edu/data4/cms/store/user/zflowers/Ewkinos/WW_TuneCP5_13TeV-pythia8/crab_WW_TuneCP5_13TeV-pythia8RunIIFall17MiniAODv2/181222_013000/0000/stopFlatNtuples_1-55.root
   Adding file /mnt/hadoop/user/uscms01/pnfs/unl.edu/data4/cms/store/user/zflowers/Ewkinos/WW_TuneCP5_13TeV-pythia8/crab_WW_TuneCP5_13TeV-pythia8RunIIFall17MiniAODv2/181222_013000/0000/stopFlatNtuples_1-56.root
   Adding file /mnt/hadoop/user/uscms01/pnfs/unl.edu/data4/cms/store/user/zflowers/Ewkinos/WW_TuneCP5_13TeV-pythia8/crab_WW_TuneCP5_13TeV-pythia8RunIIFall17MiniAODv2/181222_013000/0000/stopFlatNtuples_1-57.root
   Adding file /mnt/hadoop/user/uscms01/pnfs/unl.edu/data4/cms/store/user/zflowers/Ewkinos/WW_TuneCP5_13TeV-pythia8/crab_WW_TuneCP5_13TeV-pythia8RunIIFall17MiniAODv2/181222_013000/0000/stopFlatNtuples_1-58.root
   Adding file /mnt/hadoop/user/uscms01/pnfs/unl.edu/data4/cms/store/user/zflowers/Ewkinos/WW_TuneCP5_13TeV-pythia8/crab_WW_TuneCP5_13TeV-pythia8RunIIFall17MiniAODv2/181222_013000/0000/stopFlatNtuples_1-59.root
   Adding file /mnt/hadoop/user/uscms01/pnfs/unl.edu/data4/cms/store/user/zflowers/Ewkinos/WW_TuneCP5_13TeV-pythia8/crab_WW_TuneCP5_13TeV-pythia8RunIIFall17MiniAODv2/181222_013000/0000/stopFlatNtuples_1-6.root
   Adding file /mnt/hadoop/user/uscms01/pnfs/unl.edu/data4/cms/store/user/zflowers/Ewkinos/WW_TuneCP5_13TeV-pythia8/crab_WW_TuneCP5_13TeV-pythia8RunIIFall17MiniAODv2/181222_013000/0000/stopFlatNtuples_1-60.root
   Adding file /mnt/hadoop/user/uscms01/pnfs/unl.edu/data4/cms/store/user/zflowers/Ewkinos/WW_TuneCP5_13TeV-pythia8/crab_WW_TuneCP5_13TeV-pythia8RunIIFall17MiniAODv2/181222_013000/0000/stopFlatNtuples_1-61.root
   Adding file /mnt/hadoop/user/uscms01/pnfs/unl.edu/data4/cms/store/user/zflowers/Ewkinos/WW_TuneCP5_13TeV-pythia8/crab_WW_TuneCP5_13TeV-pythia8RunIIFall17MiniAODv2/181222_013000/0000/stopFlatNtuples_1-62.root
   Adding file /mnt/hadoop/user/uscms01/pnfs/unl.edu/data4/cms/store/user/zflowers/Ewkinos/WW_TuneCP5_13TeV-pythia8/crab_WW_TuneCP5_13TeV-pythia8RunIIFall17MiniAODv2/181222_013000/0000/stopFlatNtuples_1-63.root
   Adding file /mnt/hadoop/user/uscms01/pnfs/unl.edu/data4/cms/store/user/zflowers/Ewkinos/WW_TuneCP5_13TeV-pythia8/crab_WW_TuneCP5_13TeV-pythia8RunIIFall17MiniAODv2/181222_013000/0000/stopFlatNtuples_1-64.root
   Adding file /mnt/hadoop/user/uscms01/pnfs/unl.edu/data4/cms/store/user/zflowers/Ewkinos/WW_TuneCP5_13TeV-pythia8/crab_WW_TuneCP5_13TeV-pythia8RunIIFall17MiniAODv2/181222_013000/0000/stopFlatNtuples_1-65.root
   Adding file /mnt/hadoop/user/uscms01/pnfs/unl.edu/data4/cms/store/user/zflowers/Ewkinos/WW_TuneCP5_13TeV-pythia8/crab_WW_TuneCP5_13TeV-pythia8RunIIFall17MiniAODv2/181222_013000/0000/stopFlatNtuples_1-66.root
   Adding file /mnt/hadoop/user/uscms01/pnfs/unl.edu/data4/cms/store/user/zflowers/Ewkinos/WW_TuneCP5_13TeV-pythia8/crab_WW_TuneCP5_13TeV-pythia8RunIIFall17MiniAODv2/181222_013000/0000/stopFlatNtuples_1-67.root
   Adding file /mnt/hadoop/user/uscms01/pnfs/unl.edu/data4/cms/store/user/zflowers/Ewkinos/WW_TuneCP5_13TeV-pythia8/crab_WW_TuneCP5_13TeV-pythia8RunIIFall17MiniAODv2/181222_013000/0000/stopFlatNtuples_1-68.root
   Adding file /mnt/hadoop/user/uscms01/pnfs/unl.edu/data4/cms/store/user/zflowers/Ewkinos/WW_TuneCP5_13TeV-pythia8/crab_WW_TuneCP5_13TeV-pythia8RunIIFall17MiniAODv2/181222_013000/0000/stopFlatNtuples_1-69.root
   Adding file /mnt/hadoop/user/uscms01/pnfs/unl.edu/data4/cms/store/user/zflowers/Ewkinos/WW_TuneCP5_13TeV-pythia8/crab_WW_TuneCP5_13TeV-pythia8RunIIFall17MiniAODv2/181222_013000/0000/stopFlatNtuples_1-7.root
   Adding file /mnt/hadoop/user/uscms01/pnfs/unl.edu/data4/cms/store/user/zflowers/Ewkinos/WW_TuneCP5_13TeV-pythia8/crab_WW_TuneCP5_13TeV-pythia8RunIIFall17MiniAODv2/181222_013000/0000/stopFlatNtuples_1-70.root
   Adding file /mnt/hadoop/user/uscms01/pnfs/unl.edu/data4/cms/store/user/zflowers/Ewkinos/WW_TuneCP5_13TeV-pythia8/crab_WW_TuneCP5_13TeV-pythia8RunIIFall17MiniAODv2/181222_013000/0000/stopFlatNtuples_1-71.root
   Adding file /mnt/hadoop/user/uscms01/pnfs/unl.edu/data4/cms/store/user/zflowers/Ewkinos/WW_TuneCP5_13TeV-pythia8/crab_WW_TuneCP5_13TeV-pythia8RunIIFall17MiniAODv2/181222_013000/0000/stopFlatNtuples_1-72.root
   Adding file /mnt/hadoop/user/uscms01/pnfs/unl.edu/data4/cms/store/user/zflowers/Ewkinos/WW_TuneCP5_13TeV-pythia8/crab_WW_TuneCP5_13TeV-pythia8RunIIFall17MiniAODv2/181222_013000/0000/stopFlatNtuples_1-73.root
   Adding file /mnt/hadoop/user/uscms01/pnfs/unl.edu/data4/cms/store/user/zflowers/Ewkinos/WW_TuneCP5_13TeV-pythia8/crab_WW_TuneCP5_13TeV-pythia8RunIIFall17MiniAODv2/181222_013000/0000/stopFlatNtuples_1-74.root
   Adding file /mnt/hadoop/user/uscms01/pnfs/unl.edu/data4/cms/store/user/zflowers/Ewkinos/WW_TuneCP5_13TeV-pythia8/crab_WW_TuneCP5_13TeV-pythia8RunIIFall17MiniAODv2/181222_013000/0000/stopFlatNtuples_1-75.root
   Adding file /mnt/hadoop/user/uscms01/pnfs/unl.edu/data4/cms/store/user/zflowers/Ewkinos/WW_TuneCP5_13TeV-pythia8/crab_WW_TuneCP5_13TeV-pythia8RunIIFall17MiniAODv2/181222_013000/0000/stopFlatNtuples_1-76.root
   Adding file /mnt/hadoop/user/uscms01/pnfs/unl.edu/data4/cms/store/user/zflowers/Ewkinos/WW_TuneCP5_13TeV-pythia8/crab_WW_TuneCP5_13TeV-pythia8RunIIFall17MiniAODv2/181222_013000/0000/stopFlatNtuples_1-77.root
   Adding file /mnt/hadoop/user/uscms01/pnfs/unl.edu/data4/cms/store/user/zflowers/Ewkinos/WW_TuneCP5_13TeV-pythia8/crab_WW_TuneCP5_13TeV-pythia8RunIIFall17MiniAODv2/181222_013000/0000/stopFlatNtuples_1-78.root
   Adding file /mnt/hadoop/user/uscms01/pnfs/unl.edu/data4/cms/store/user/zflowers/Ewkinos/WW_TuneCP5_13TeV-pythia8/crab_WW_TuneCP5_13TeV-pythia8RunIIFall17MiniAODv2/181222_013000/0000/stopFlatNtuples_1-79.root
   Adding file /mnt/hadoop/user/uscms01/pnfs/unl.edu/data4/cms/store/user/zflowers/Ewkinos/WW_TuneCP5_13TeV-pythia8/crab_WW_TuneCP5_13TeV-pythia8RunIIFall17MiniAODv2/181222_013000/0000/stopFlatNtuples_1-8.root
   Adding file /mnt/hadoop/user/uscms01/pnfs/unl.edu/data4/cms/store/user/zflowers/Ewkinos/WW_TuneCP5_13TeV-pythia8/crab_WW_TuneCP5_13TeV-pythia8RunIIFall17MiniAODv2/181222_013000/0000/stopFlatNtuples_1-80.root
   Adding file /mnt/hadoop/user/uscms01/pnfs/unl.edu/data4/cms/store/user/zflowers/Ewkinos/WW_TuneCP5_13TeV-pythia8/crab_WW_TuneCP5_13TeV-pythia8RunIIFall17MiniAODv2/181222_013000/0000/stopFlatNtuples_1-81.root
   Adding file /mnt/hadoop/user/uscms01/pnfs/unl.edu/data4/cms/store/user/zflowers/Ewkinos/WW_TuneCP5_13TeV-pythia8/crab_WW_TuneCP5_13TeV-pythia8RunIIFall17MiniAODv2/181222_013000/0000/stopFlatNtuples_1-82.root
   Adding file /mnt/hadoop/user/uscms01/pnfs/unl.edu/data4/cms/store/user/zflowers/Ewkinos/WW_TuneCP5_13TeV-pythia8/crab_WW_TuneCP5_13TeV-pythia8RunIIFall17MiniAODv2/181222_013000/0000/stopFlatNtuples_1-83.root
   Adding file /mnt/hadoop/user/uscms01/pnfs/unl.edu/data4/cms/store/user/zflowers/Ewkinos/WW_TuneCP5_13TeV-pythia8/crab_WW_TuneCP5_13TeV-pythia8RunIIFall17MiniAODv2/181222_013000/0000/stopFlatNtuples_1-84.root
   Adding file /mnt/hadoop/user/uscms01/pnfs/unl.edu/data4/cms/store/user/zflowers/Ewkinos/WW_TuneCP5_13TeV-pythia8/crab_WW_TuneCP5_13TeV-pythia8RunIIFall17MiniAODv2/181222_013000/0000/stopFlatNtuples_1-85.root
   Adding file /mnt/hadoop/user/uscms01/pnfs/unl.edu/data4/cms/store/user/zflowers/Ewkinos/WW_TuneCP5_13TeV-pythia8/crab_WW_TuneCP5_13TeV-pythia8RunIIFall17MiniAODv2/181222_013000/0000/stopFlatNtuples_1-9.root
   Adding file /mnt/hadoop/user/uscms01/pnfs/unl.edu/data4/cms/store/user/zflowers/Ewkinos/WW_TuneCP5_13TeV-pythia8/crab_WW_TuneCP5_13TeV-pythia8RunIIFall17MiniAODv2/181222_013000/0000/stopFlatNtuples_1.root
   Adding file /mnt/hadoop/user/uscms01/pnfs/unl.edu/data4/cms/store/user/zflowers/Ewkinos/WW_TuneCP5_13TeV-pythia8/crab_WW_TuneCP5_13TeV-pythia8RunIIFall17MiniAODv2/181222_013000/0000/stopFlatNtuples_10.root
   Adding file /mnt/hadoop/user/uscms01/pnfs/unl.edu/data4/cms/store/user/zflowers/Ewkinos/WW_TuneCP5_13TeV-pythia8/crab_WW_TuneCP5_13TeV-pythia8RunIIFall17MiniAODv2/181222_013000/0000/stopFlatNtuples_101.root
   Adding file /mnt/hadoop/user/uscms01/pnfs/unl.edu/data4/cms/store/user/zflowers/Ewkinos/WW_TuneCP5_13TeV-pythia8/crab_WW_TuneCP5_13TeV-pythia8RunIIFall17MiniAODv2/181222_013000/0000/stopFlatNtuples_102.root
   Adding file /mnt/hadoop/user/uscms01/pnfs/unl.edu/data4/cms/store/user/zflowers/Ewkinos/WW_TuneCP5_13TeV-pythia8/crab_WW_TuneCP5_13TeV-pythia8RunIIFall17MiniAODv2/181222_013000/0000/stopFlatNtuples_103.root
   Adding file /mnt/hadoop/user/uscms01/pnfs/unl.edu/data4/cms/store/user/zflowers/Ewkinos/WW_TuneCP5_13TeV-pythia8/crab_WW_TuneCP5_13TeV-pythia8RunIIFall17MiniAODv2/181222_013000/0000/stopFlatNtuples_104.root
   Adding file /mnt/hadoop/user/uscms01/pnfs/unl.edu/data4/cms/store/user/zflowers/Ewkinos/WW_TuneCP5_13TeV-pythia8/crab_WW_TuneCP5_13TeV-pythia8RunIIFall17MiniAODv2/181222_013000/0000/stopFlatNtuples_107.root
   Adding file /mnt/hadoop/user/uscms01/pnfs/unl.edu/data4/cms/store/user/zflowers/Ewkinos/WW_TuneCP5_13TeV-pythia8/crab_WW_TuneCP5_13TeV-pythia8RunIIFall17MiniAODv2/181222_013000/0000/stopFlatNtuples_109.root
   Adding file /mnt/hadoop/user/uscms01/pnfs/unl.edu/data4/cms/store/user/zflowers/Ewkinos/WW_TuneCP5_13TeV-pythia8/crab_WW_TuneCP5_13TeV-pythia8RunIIFall17MiniAODv2/181222_013000/0000/stopFlatNtuples_11.root
   Adding file /mnt/hadoop/user/uscms01/pnfs/unl.edu/data4/cms/store/user/zflowers/Ewkinos/WW_TuneCP5_13TeV-pythia8/crab_WW_TuneCP5_13TeV-pythia8RunIIFall17MiniAODv2/181222_013000/0000/stopFlatNtuples_110.root
   Adding file /mnt/hadoop/user/uscms01/pnfs/unl.edu/data4/cms/store/user/zflowers/Ewkinos/WW_TuneCP5_13TeV-pythia8/crab_WW_TuneCP5_13TeV-pythia8RunIIFall17MiniAODv2/181222_013000/0000/stopFlatNtuples_111.root
   Adding file /mnt/hadoop/user/uscms01/pnfs/unl.edu/data4/cms/store/user/zflowers/Ewkinos/WW_TuneCP5_13TeV-pythia8/crab_WW_TuneCP5_13TeV-pythia8RunIIFall17MiniAODv2/181222_013000/0000/stopFlatNtuples_114.root
   Adding file /mnt/hadoop/user/uscms01/pnfs/unl.edu/data4/cms/store/user/zflowers/Ewkinos/WW_TuneCP5_13TeV-pythia8/crab_WW_TuneCP5_13TeV-pythia8RunIIFall17MiniAODv2/181222_013000/0000/stopFlatNtuples_115.root
   Adding file /mnt/hadoop/user/uscms01/pnfs/unl.edu/data4/cms/store/user/zflowers/Ewkinos/WW_TuneCP5_13TeV-pythia8/crab_WW_TuneCP5_13TeV-pythia8RunIIFall17MiniAODv2/181222_013000/0000/stopFlatNtuples_116.root
   Adding file /mnt/hadoop/user/uscms01/pnfs/unl.edu/data4/cms/store/user/zflowers/Ewkinos/WW_TuneCP5_13TeV-pythia8/crab_WW_TuneCP5_13TeV-pythia8RunIIFall17MiniAODv2/181222_013000/0000/stopFlatNtuples_117.root
   Adding file /mnt/hadoop/user/uscms01/pnfs/unl.edu/data4/cms/store/user/zflowers/Ewkinos/WW_TuneCP5_13TeV-pythia8/crab_WW_TuneCP5_13TeV-pythia8RunIIFall17MiniAODv2/181222_013000/0000/stopFlatNtuples_118.root
   Adding file /mnt/hadoop/user/uscms01/pnfs/unl.edu/data4/cms/store/user/zflowers/Ewkinos/WW_TuneCP5_13TeV-pythia8/crab_WW_TuneCP5_13TeV-pythia8RunIIFall17MiniAODv2/181222_013000/0000/stopFlatNtuples_12.root
   Adding file /mnt/hadoop/user/uscms01/pnfs/unl.edu/data4/cms/store/user/zflowers/Ewkinos/WW_TuneCP5_13TeV-pythia8/crab_WW_TuneCP5_13TeV-pythia8RunIIFall17MiniAODv2/181222_013000/0000/stopFlatNtuples_120.root
   Adding file /mnt/hadoop/user/uscms01/pnfs/unl.edu/data4/cms/store/user/zflowers/Ewkinos/WW_TuneCP5_13TeV-pythia8/crab_WW_TuneCP5_13TeV-pythia8RunIIFall17MiniAODv2/181222_013000/0000/stopFlatNtuples_122.root
   Adding file /mnt/hadoop/user/uscms01/pnfs/unl.edu/data4/cms/store/user/zflowers/Ewkinos/WW_TuneCP5_13TeV-pythia8/crab_WW_TuneCP5_13TeV-pythia8RunIIFall17MiniAODv2/181222_013000/0000/stopFlatNtuples_123.root
   Adding file /mnt/hadoop/user/uscms01/pnfs/unl.edu/data4/cms/store/user/zflowers/Ewkinos/WW_TuneCP5_13TeV-pythia8/crab_WW_TuneCP5_13TeV-pythia8RunIIFall17MiniAODv2/181222_013000/0000/stopFlatNtuples_124.root
   Adding file /mnt/hadoop/user/uscms01/pnfs/unl.edu/data4/cms/store/user/zflowers/Ewkinos/WW_TuneCP5_13TeV-pythia8/crab_WW_TuneCP5_13TeV-pythia8RunIIFall17MiniAODv2/181222_013000/0000/stopFlatNtuples_125.root
   Adding file /mnt/hadoop/user/uscms01/pnfs/unl.edu/data4/cms/store/user/zflowers/Ewkinos/WW_TuneCP5_13TeV-pythia8/crab_WW_TuneCP5_13TeV-pythia8RunIIFall17MiniAODv2/181222_013000/0000/stopFlatNtuples_127.root
   Adding file /mnt/hadoop/user/uscms01/pnfs/unl.edu/data4/cms/store/user/zflowers/Ewkinos/WW_TuneCP5_13TeV-pythia8/crab_WW_TuneCP5_13TeV-pythia8RunIIFall17MiniAODv2/181222_013000/0000/stopFlatNtuples_128.root
   Adding file /mnt/hadoop/user/uscms01/pnfs/unl.edu/data4/cms/store/user/zflowers/Ewkinos/WW_TuneCP5_13TeV-pythia8/crab_WW_TuneCP5_13TeV-pythia8RunIIFall17MiniAODv2/181222_013000/0000/stopFlatNtuples_129.root
   Adding file /mnt/hadoop/user/uscms01/pnfs/unl.edu/data4/cms/store/user/zflowers/Ewkinos/WW_TuneCP5_13TeV-pythia8/crab_WW_TuneCP5_13TeV-pythia8RunIIFall17MiniAODv2/181222_013000/0000/stopFlatNtuples_13.root
   Adding file /mnt/hadoop/user/uscms01/pnfs/unl.edu/data4/cms/store/user/zflowers/Ewkinos/WW_TuneCP5_13TeV-pythia8/crab_WW_TuneCP5_13TeV-pythia8RunIIFall17MiniAODv2/181222_013000/0000/stopFlatNtuples_131.root
   Adding file /mnt/hadoop/user/uscms01/pnfs/unl.edu/data4/cms/store/user/zflowers/Ewkinos/WW_TuneCP5_13TeV-pythia8/crab_WW_TuneCP5_13TeV-pythia8RunIIFall17MiniAODv2/181222_013000/0000/stopFlatNtuples_133.root
   Adding file /mnt/hadoop/user/uscms01/pnfs/unl.edu/data4/cms/store/user/zflowers/Ewkinos/WW_TuneCP5_13TeV-pythia8/crab_WW_TuneCP5_13TeV-pythia8RunIIFall17MiniAODv2/181222_013000/0000/stopFlatNtuples_134.root
   Adding file /mnt/hadoop/user/uscms01/pnfs/unl.edu/data4/cms/store/user/zflowers/Ewkinos/WW_TuneCP5_13TeV-pythia8/crab_WW_TuneCP5_13TeV-pythia8RunIIFall17MiniAODv2/181222_013000/0000/stopFlatNtuples_137.root
   Adding file /mnt/hadoop/user/uscms01/pnfs/unl.edu/data4/cms/store/user/zflowers/Ewkinos/WW_TuneCP5_13TeV-pythia8/crab_WW_TuneCP5_13TeV-pythia8RunIIFall17MiniAODv2/181222_013000/0000/stopFlatNtuples_14.root
   Adding file /mnt/hadoop/user/uscms01/pnfs/unl.edu/data4/cms/store/user/zflowers/Ewkinos/WW_TuneCP5_13TeV-pythia8/crab_WW_TuneCP5_13TeV-pythia8RunIIFall17MiniAODv2/181222_013000/0000/stopFlatNtuples_141.root
   Adding file /mnt/hadoop/user/uscms01/pnfs/unl.edu/data4/cms/store/user/zflowers/Ewkinos/WW_TuneCP5_13TeV-pythia8/crab_WW_TuneCP5_13TeV-pythia8RunIIFall17MiniAODv2/181222_013000/0000/stopFlatNtuples_142.root
   Adding file /mnt/hadoop/user/uscms01/pnfs/unl.edu/data4/cms/store/user/zflowers/Ewkinos/WW_TuneCP5_13TeV-pythia8/crab_WW_TuneCP5_13TeV-pythia8RunIIFall17MiniAODv2/181222_013000/0000/stopFlatNtuples_143.root
   Adding file /mnt/hadoop/user/uscms01/pnfs/unl.edu/data4/cms/store/user/zflowers/Ewkinos/WW_TuneCP5_13TeV-pythia8/crab_WW_TuneCP5_13TeV-pythia8RunIIFall17MiniAODv2/181222_013000/0000/stopFlatNtuples_144.root
   Adding file /mnt/hadoop/user/uscms01/pnfs/unl.edu/data4/cms/store/user/zflowers/Ewkinos/WW_TuneCP5_13TeV-pythia8/crab_WW_TuneCP5_13TeV-pythia8RunIIFall17MiniAODv2/181222_013000/0000/stopFlatNtuples_145.root
   Adding file /mnt/hadoop/user/uscms01/pnfs/unl.edu/data4/cms/store/user/zflowers/Ewkinos/WW_TuneCP5_13TeV-pythia8/crab_WW_TuneCP5_13TeV-pythia8RunIIFall17MiniAODv2/181222_013000/0000/stopFlatNtuples_146.root
   Adding file /mnt/hadoop/user/uscms01/pnfs/unl.edu/data4/cms/store/user/zflowers/Ewkinos/WW_TuneCP5_13TeV-pythia8/crab_WW_TuneCP5_13TeV-pythia8RunIIFall17MiniAODv2/181222_013000/0000/stopFlatNtuples_147.root
   Adding file /mnt/hadoop/user/uscms01/pnfs/unl.edu/data4/cms/store/user/zflowers/Ewkinos/WW_TuneCP5_13TeV-pythia8/crab_WW_TuneCP5_13TeV-pythia8RunIIFall17MiniAODv2/181222_013000/0000/stopFlatNtuples_148.root
   Adding file /mnt/hadoop/user/uscms01/pnfs/unl.edu/data4/cms/store/user/zflowers/Ewkinos/WW_TuneCP5_13TeV-pythia8/crab_WW_TuneCP5_13TeV-pythia8RunIIFall17MiniAODv2/181222_013000/0000/stopFlatNtuples_149.root
   Adding file /mnt/hadoop/user/uscms01/pnfs/unl.edu/data4/cms/store/user/zflowers/Ewkinos/WW_TuneCP5_13TeV-pythia8/crab_WW_TuneCP5_13TeV-pythia8RunIIFall17MiniAODv2/181222_013000/0000/stopFlatNtuples_15.root
   Adding file /mnt/hadoop/user/uscms01/pnfs/unl.edu/data4/cms/store/user/zflowers/Ewkinos/WW_TuneCP5_13TeV-pythia8/crab_WW_TuneCP5_13TeV-pythia8RunIIFall17MiniAODv2/181222_013000/0000/stopFlatNtuples_150.root
   Adding file /mnt/hadoop/user/uscms01/pnfs/unl.edu/data4/cms/store/user/zflowers/Ewkinos/WW_TuneCP5_13TeV-pythia8/crab_WW_TuneCP5_13TeV-pythia8RunIIFall17MiniAODv2/181222_013000/0000/stopFlatNtuples_151.root
   Adding file /mnt/hadoop/user/uscms01/pnfs/unl.edu/data4/cms/store/user/zflowers/Ewkinos/WW_TuneCP5_13TeV-pythia8/crab_WW_TuneCP5_13TeV-pythia8RunIIFall17MiniAODv2/181222_013000/0000/stopFlatNtuples_152.root
   Adding file /mnt/hadoop/user/uscms01/pnfs/unl.edu/data4/cms/store/user/zflowers/Ewkinos/WW_TuneCP5_13TeV-pythia8/crab_WW_TuneCP5_13TeV-pythia8RunIIFall17MiniAODv2/181222_013000/0000/stopFlatNtuples_153.root
   Adding file /mnt/hadoop/user/uscms01/pnfs/unl.edu/data4/cms/store/user/zflowers/Ewkinos/WW_TuneCP5_13TeV-pythia8/crab_WW_TuneCP5_13TeV-pythia8RunIIFall17MiniAODv2/181222_013000/0000/stopFlatNtuples_154.root
   Adding file /mnt/hadoop/user/uscms01/pnfs/unl.edu/data4/cms/store/user/zflowers/Ewkinos/WW_TuneCP5_13TeV-pythia8/crab_WW_TuneCP5_13TeV-pythia8RunIIFall17MiniAODv2/181222_013000/0000/stopFlatNtuples_155.root
   Adding file /mnt/hadoop/user/uscms01/pnfs/unl.edu/data4/cms/store/user/zflowers/Ewkinos/WW_TuneCP5_13TeV-pythia8/crab_WW_TuneCP5_13TeV-pythia8RunIIFall17MiniAODv2/181222_013000/0000/stopFlatNtuples_156.root
   Adding file /mnt/hadoop/user/uscms01/pnfs/unl.edu/data4/cms/store/user/zflowers/Ewkinos/WW_TuneCP5_13TeV-pythia8/crab_WW_TuneCP5_13TeV-pythia8RunIIFall17MiniAODv2/181222_013000/0000/stopFlatNtuples_157.root
   Adding file /mnt/hadoop/user/uscms01/pnfs/unl.edu/data4/cms/store/user/zflowers/Ewkinos/WW_TuneCP5_13TeV-pythia8/crab_WW_TuneCP5_13TeV-pythia8RunIIFall17MiniAODv2/181222_013000/0000/stopFlatNtuples_159.root
   Adding file /mnt/hadoop/user/uscms01/pnfs/unl.edu/data4/cms/store/user/zflowers/Ewkinos/WW_TuneCP5_13TeV-pythia8/crab_WW_TuneCP5_13TeV-pythia8RunIIFall17MiniAODv2/181222_013000/0000/stopFlatNtuples_16.root
   Adding file /mnt/hadoop/user/uscms01/pnfs/unl.edu/data4/cms/store/user/zflowers/Ewkinos/WW_TuneCP5_13TeV-pythia8/crab_WW_TuneCP5_13TeV-pythia8RunIIFall17MiniAODv2/181222_013000/0000/stopFlatNtuples_161.root
   Adding file /mnt/hadoop/user/uscms01/pnfs/unl.edu/data4/cms/store/user/zflowers/Ewkinos/WW_TuneCP5_13TeV-pythia8/crab_WW_TuneCP5_13TeV-pythia8RunIIFall17MiniAODv2/181222_013000/0000/stopFlatNtuples_162.root
   Adding file /mnt/hadoop/user/uscms01/pnfs/unl.edu/data4/cms/store/user/zflowers/Ewkinos/WW_TuneCP5_13TeV-pythia8/crab_WW_TuneCP5_13TeV-pythia8RunIIFall17MiniAODv2/181222_013000/0000/stopFlatNtuples_165.root
   Adding file /mnt/hadoop/user/uscms01/pnfs/unl.edu/data4/cms/store/user/zflowers/Ewkinos/WW_TuneCP5_13TeV-pythia8/crab_WW_TuneCP5_13TeV-pythia8RunIIFall17MiniAODv2/181222_013000/0000/stopFlatNtuples_166.root
   Adding file /mnt/hadoop/user/uscms01/pnfs/unl.edu/data4/cms/store/user/zflowers/Ewkinos/WW_TuneCP5_13TeV-pythia8/crab_WW_TuneCP5_13TeV-pythia8RunIIFall17MiniAODv2/181222_013000/0000/stopFlatNtuples_167.root
   Adding file /mnt/hadoop/user/uscms01/pnfs/unl.edu/data4/cms/store/user/zflowers/Ewkinos/WW_TuneCP5_13TeV-pythia8/crab_WW_TuneCP5_13TeV-pythia8RunIIFall17MiniAODv2/181222_013000/0000/stopFlatNtuples_168.root
   Adding file /mnt/hadoop/user/uscms01/pnfs/unl.edu/data4/cms/store/user/zflowers/Ewkinos/WW_TuneCP5_13TeV-pythia8/crab_WW_TuneCP5_13TeV-pythia8RunIIFall17MiniAODv2/181222_013000/0000/stopFlatNtuples_169.root
   Adding file /mnt/hadoop/user/uscms01/pnfs/unl.edu/data4/cms/store/user/zflowers/Ewkinos/WW_TuneCP5_13TeV-pythia8/crab_WW_TuneCP5_13TeV-pythia8RunIIFall17MiniAODv2/181222_013000/0000/stopFlatNtuples_17.root
   Adding file /mnt/hadoop/user/uscms01/pnfs/unl.edu/data4/cms/store/user/zflowers/Ewkinos/WW_TuneCP5_13TeV-pythia8/crab_WW_TuneCP5_13TeV-pythia8RunIIFall17MiniAODv2/181222_013000/0000/stopFlatNtuples_170.root
   Adding file /mnt/hadoop/user/uscms01/pnfs/unl.edu/data4/cms/store/user/zflowers/Ewkinos/WW_TuneCP5_13TeV-pythia8/crab_WW_TuneCP5_13TeV-pythia8RunIIFall17MiniAODv2/181222_013000/0000/stopFlatNtuples_171.root
   Adding file /mnt/hadoop/user/uscms01/pnfs/unl.edu/data4/cms/store/user/zflowers/Ewkinos/WW_TuneCP5_13TeV-pythia8/crab_WW_TuneCP5_13TeV-pythia8RunIIFall17MiniAODv2/181222_013000/0000/stopFlatNtuples_172.root
   Adding file /mnt/hadoop/user/uscms01/pnfs/unl.edu/data4/cms/store/user/zflowers/Ewkinos/WW_TuneCP5_13TeV-pythia8/crab_WW_TuneCP5_13TeV-pythia8RunIIFall17MiniAODv2/181222_013000/0000/stopFlatNtuples_173.root
   Adding file /mnt/hadoop/user/uscms01/pnfs/unl.edu/data4/cms/store/user/zflowers/Ewkinos/WW_TuneCP5_13TeV-pythia8/crab_WW_TuneCP5_13TeV-pythia8RunIIFall17MiniAODv2/181222_013000/0000/stopFlatNtuples_174.root
   Adding file /mnt/hadoop/user/uscms01/pnfs/unl.edu/data4/cms/store/user/zflowers/Ewkinos/WW_TuneCP5_13TeV-pythia8/crab_WW_TuneCP5_13TeV-pythia8RunIIFall17MiniAODv2/181222_013000/0000/stopFlatNtuples_175.root
   Adding file /mnt/hadoop/user/uscms01/pnfs/unl.edu/data4/cms/store/user/zflowers/Ewkinos/WW_TuneCP5_13TeV-pythia8/crab_WW_TuneCP5_13TeV-pythia8RunIIFall17MiniAODv2/181222_013000/0000/stopFlatNtuples_176.root
   Adding file /mnt/hadoop/user/uscms01/pnfs/unl.edu/data4/cms/store/user/zflowers/Ewkinos/WW_TuneCP5_13TeV-pythia8/crab_WW_TuneCP5_13TeV-pythia8RunIIFall17MiniAODv2/181222_013000/0000/stopFlatNtuples_177.root
   Adding file /mnt/hadoop/user/uscms01/pnfs/unl.edu/data4/cms/store/user/zflowers/Ewkinos/WW_TuneCP5_13TeV-pythia8/crab_WW_TuneCP5_13TeV-pythia8RunIIFall17MiniAODv2/181222_013000/0000/stopFlatNtuples_178.root
   Adding file /mnt/hadoop/user/uscms01/pnfs/unl.edu/data4/cms/store/user/zflowers/Ewkinos/WW_TuneCP5_13TeV-pythia8/crab_WW_TuneCP5_13TeV-pythia8RunIIFall17MiniAODv2/181222_013000/0000/stopFlatNtuples_179.root
   Adding file /mnt/hadoop/user/uscms01/pnfs/unl.edu/data4/cms/store/user/zflowers/Ewkinos/WW_TuneCP5_13TeV-pythia8/crab_WW_TuneCP5_13TeV-pythia8RunIIFall17MiniAODv2/181222_013000/0000/stopFlatNtuples_18.root
   Adding file /mnt/hadoop/user/uscms01/pnfs/unl.edu/data4/cms/store/user/zflowers/Ewkinos/WW_TuneCP5_13TeV-pythia8/crab_WW_TuneCP5_13TeV-pythia8RunIIFall17MiniAODv2/181222_013000/0000/stopFlatNtuples_180.root
   Adding file /mnt/hadoop/user/uscms01/pnfs/unl.edu/data4/cms/store/user/zflowers/Ewkinos/WW_TuneCP5_13TeV-pythia8/crab_WW_TuneCP5_13TeV-pythia8RunIIFall17MiniAODv2/181222_013000/0000/stopFlatNtuples_181.root
   Adding file /mnt/hadoop/user/uscms01/pnfs/unl.edu/data4/cms/store/user/zflowers/Ewkinos/WW_TuneCP5_13TeV-pythia8/crab_WW_TuneCP5_13TeV-pythia8RunIIFall17MiniAODv2/181222_013000/0000/stopFlatNtuples_19.root
   Adding file /mnt/hadoop/user/uscms01/pnfs/unl.edu/data4/cms/store/user/zflowers/Ewkinos/WW_TuneCP5_13TeV-pythia8/crab_WW_TuneCP5_13TeV-pythia8RunIIFall17MiniAODv2/181222_013000/0000/stopFlatNtuples_2-1.root
   Adding file /mnt/hadoop/user/uscms01/pnfs/unl.edu/data4/cms/store/user/zflowers/Ewkinos/WW_TuneCP5_13TeV-pythia8/crab_WW_TuneCP5_13TeV-pythia8RunIIFall17MiniAODv2/181222_013000/0000/stopFlatNtuples_2-2.root
   Adding file /mnt/hadoop/user/uscms01/pnfs/unl.edu/data4/cms/store/user/zflowers/Ewkinos/WW_TuneCP5_13TeV-pythia8/crab_WW_TuneCP5_13TeV-pythia8RunIIFall17MiniAODv2/181222_013000/0000/stopFlatNtuples_2-3.root
   Adding file /mnt/hadoop/user/uscms01/pnfs/unl.edu/data4/cms/store/user/zflowers/Ewkinos/WW_TuneCP5_13TeV-pythia8/crab_WW_TuneCP5_13TeV-pythia8RunIIFall17MiniAODv2/181222_013000/0000/stopFlatNtuples_2-4.root
   Adding file /mnt/hadoop/user/uscms01/pnfs/unl.edu/data4/cms/store/user/zflowers/Ewkinos/WW_TuneCP5_13TeV-pythia8/crab_WW_TuneCP5_13TeV-pythia8RunIIFall17MiniAODv2/181222_013000/0000/stopFlatNtuples_2-5.root
   Adding file /mnt/hadoop/user/uscms01/pnfs/unl.edu/data4/cms/store/user/zflowers/Ewkinos/WW_TuneCP5_13TeV-pythia8/crab_WW_TuneCP5_13TeV-pythia8RunIIFall17MiniAODv2/181222_013000/0000/stopFlatNtuples_2.root
   Adding file /mnt/hadoop/user/uscms01/pnfs/unl.edu/data4/cms/store/user/zflowers/Ewkinos/WW_TuneCP5_13TeV-pythia8/crab_WW_TuneCP5_13TeV-pythia8RunIIFall17MiniAODv2/181222_013000/0000/stopFlatNtuples_20.root
   Adding file /mnt/hadoop/user/uscms01/pnfs/unl.edu/data4/cms/store/user/zflowers/Ewkinos/WW_TuneCP5_13TeV-pythia8/crab_WW_TuneCP5_13TeV-pythia8RunIIFall17MiniAODv2/181222_013000/0000/stopFlatNtuples_21.root
   Adding file /mnt/hadoop/user/uscms01/pnfs/unl.edu/data4/cms/store/user/zflowers/Ewkinos/WW_TuneCP5_13TeV-pythia8/crab_WW_TuneCP5_13TeV-pythia8RunIIFall17MiniAODv2/181222_013000/0000/stopFlatNtuples_22.root
   Adding file /mnt/hadoop/user/uscms01/pnfs/unl.edu/data4/cms/store/user/zflowers/Ewkinos/WW_TuneCP5_13TeV-pythia8/crab_WW_TuneCP5_13TeV-pythia8RunIIFall17MiniAODv2/181222_013000/0000/stopFlatNtuples_23.root
   Adding file /mnt/hadoop/user/uscms01/pnfs/unl.edu/data4/cms/store/user/zflowers/Ewkinos/WW_TuneCP5_13TeV-pythia8/crab_WW_TuneCP5_13TeV-pythia8RunIIFall17MiniAODv2/181222_013000/0000/stopFlatNtuples_24.root
   Adding file /mnt/hadoop/user/uscms01/pnfs/unl.edu/data4/cms/store/user/zflowers/Ewkinos/WW_TuneCP5_13TeV-pythia8/crab_WW_TuneCP5_13TeV-pythia8RunIIFall17MiniAODv2/181222_013000/0000/stopFlatNtuples_25.root
   Adding file /mnt/hadoop/user/uscms01/pnfs/unl.edu/data4/cms/store/user/zflowers/Ewkinos/WW_TuneCP5_13TeV-pythia8/crab_WW_TuneCP5_13TeV-pythia8RunIIFall17MiniAODv2/181222_013000/0000/stopFlatNtuples_26.root
   Adding file /mnt/hadoop/user/uscms01/pnfs/unl.edu/data4/cms/store/user/zflowers/Ewkinos/WW_TuneCP5_13TeV-pythia8/crab_WW_TuneCP5_13TeV-pythia8RunIIFall17MiniAODv2/181222_013000/0000/stopFlatNtuples_27.root
   Adding file /mnt/hadoop/user/uscms01/pnfs/unl.edu/data4/cms/store/user/zflowers/Ewkinos/WW_TuneCP5_13TeV-pythia8/crab_WW_TuneCP5_13TeV-pythia8RunIIFall17MiniAODv2/181222_013000/0000/stopFlatNtuples_28.root
   Adding file /mnt/hadoop/user/uscms01/pnfs/unl.edu/data4/cms/store/user/zflowers/Ewkinos/WW_TuneCP5_13TeV-pythia8/crab_WW_TuneCP5_13TeV-pythia8RunIIFall17MiniAODv2/181222_013000/0000/stopFlatNtuples_29.root
   Adding file /mnt/hadoop/user/uscms01/pnfs/unl.edu/data4/cms/store/user/zflowers/Ewkinos/WW_TuneCP5_13TeV-pythia8/crab_WW_TuneCP5_13TeV-pythia8RunIIFall17MiniAODv2/181222_013000/0000/stopFlatNtuples_3-1.root
   Adding file /mnt/hadoop/user/uscms01/pnfs/unl.edu/data4/cms/store/user/zflowers/Ewkinos/WW_TuneCP5_13TeV-pythia8/crab_WW_TuneCP5_13TeV-pythia8RunIIFall17MiniAODv2/181222_013000/0000/stopFlatNtuples_3-2.root
   Adding file /mnt/hadoop/user/uscms01/pnfs/unl.edu/data4/cms/store/user/zflowers/Ewkinos/WW_TuneCP5_13TeV-pythia8/crab_WW_TuneCP5_13TeV-pythia8RunIIFall17MiniAODv2/181222_013000/0000/stopFlatNtuples_3-3.root
   Adding file /mnt/hadoop/user/uscms01/pnfs/unl.edu/data4/cms/store/user/zflowers/Ewkinos/WW_TuneCP5_13TeV-pythia8/crab_WW_TuneCP5_13TeV-pythia8RunIIFall17MiniAODv2/181222_013000/0000/stopFlatNtuples_3-4.root
   Adding file /mnt/hadoop/user/uscms01/pnfs/unl.edu/data4/cms/store/user/zflowers/Ewkinos/WW_TuneCP5_13TeV-pythia8/crab_WW_TuneCP5_13TeV-pythia8RunIIFall17MiniAODv2/181222_013000/0000/stopFlatNtuples_3-5.root
   Adding file /mnt/hadoop/user/uscms01/pnfs/unl.edu/data4/cms/store/user/zflowers/Ewkinos/WW_TuneCP5_13TeV-pythia8/crab_WW_TuneCP5_13TeV-pythia8RunIIFall17MiniAODv2/181222_013000/0000/stopFlatNtuples_3-6.root
   Adding file /mnt/hadoop/user/uscms01/pnfs/unl.edu/data4/cms/store/user/zflowers/Ewkinos/WW_TuneCP5_13TeV-pythia8/crab_WW_TuneCP5_13TeV-pythia8RunIIFall17MiniAODv2/181222_013000/0000/stopFlatNtuples_3-7.root
   Adding file /mnt/hadoop/user/uscms01/pnfs/unl.edu/data4/cms/store/user/zflowers/Ewkinos/WW_TuneCP5_13TeV-pythia8/crab_WW_TuneCP5_13TeV-pythia8RunIIFall17MiniAODv2/181222_013000/0000/stopFlatNtuples_3-8.root
   Adding file /mnt/hadoop/user/uscms01/pnfs/unl.edu/data4/cms/store/user/zflowers/Ewkinos/WW_TuneCP5_13TeV-pythia8/crab_WW_TuneCP5_13TeV-pythia8RunIIFall17MiniAODv2/181222_013000/0000/stopFlatNtuples_3-9.root
   Adding file /mnt/hadoop/user/uscms01/pnfs/unl.edu/data4/cms/store/user/zflowers/Ewkinos/WW_TuneCP5_13TeV-pythia8/crab_WW_TuneCP5_13TeV-pythia8RunIIFall17MiniAODv2/181222_013000/0000/stopFlatNtuples_3.root
   Adding file /mnt/hadoop/user/uscms01/pnfs/unl.edu/data4/cms/store/user/zflowers/Ewkinos/WW_TuneCP5_13TeV-pythia8/crab_WW_TuneCP5_13TeV-pythia8RunIIFall17MiniAODv2/181222_013000/0000/stopFlatNtuples_30.root
   Adding file /mnt/hadoop/user/uscms01/pnfs/unl.edu/data4/cms/store/user/zflowers/Ewkinos/WW_TuneCP5_13TeV-pythia8/crab_WW_TuneCP5_13TeV-pythia8RunIIFall17MiniAODv2/181222_013000/0000/stopFlatNtuples_31.root
   Adding file /mnt/hadoop/user/uscms01/pnfs/unl.edu/data4/cms/store/user/zflowers/Ewkinos/WW_TuneCP5_13TeV-pythia8/crab_WW_TuneCP5_13TeV-pythia8RunIIFall17MiniAODv2/181222_013000/0000/stopFlatNtuples_32.root
   Adding file /mnt/hadoop/user/uscms01/pnfs/unl.edu/data4/cms/store/user/zflowers/Ewkinos/WW_TuneCP5_13TeV-pythia8/crab_WW_TuneCP5_13TeV-pythia8RunIIFall17MiniAODv2/181222_013000/0000/stopFlatNtuples_33.root
   Adding file /mnt/hadoop/user/uscms01/pnfs/unl.edu/data4/cms/store/user/zflowers/Ewkinos/WW_TuneCP5_13TeV-pythia8/crab_WW_TuneCP5_13TeV-pythia8RunIIFall17MiniAODv2/181222_013000/0000/stopFlatNtuples_34.root
   Adding file /mnt/hadoop/user/uscms01/pnfs/unl.edu/data4/cms/store/user/zflowers/Ewkinos/WW_TuneCP5_13TeV-pythia8/crab_WW_TuneCP5_13TeV-pythia8RunIIFall17MiniAODv2/181222_013000/0000/stopFlatNtuples_35.root
   Adding file /mnt/hadoop/user/uscms01/pnfs/unl.edu/data4/cms/store/user/zflowers/Ewkinos/WW_TuneCP5_13TeV-pythia8/crab_WW_TuneCP5_13TeV-pythia8RunIIFall17MiniAODv2/181222_013000/0000/stopFlatNtuples_36.root
   Adding file /mnt/hadoop/user/uscms01/pnfs/unl.edu/data4/cms/store/user/zflowers/Ewkinos/WW_TuneCP5_13TeV-pythia8/crab_WW_TuneCP5_13TeV-pythia8RunIIFall17MiniAODv2/181222_013000/0000/stopFlatNtuples_37.root
   Adding file /mnt/hadoop/user/uscms01/pnfs/unl.edu/data4/cms/store/user/zflowers/Ewkinos/WW_TuneCP5_13TeV-pythia8/crab_WW_TuneCP5_13TeV-pythia8RunIIFall17MiniAODv2/181222_013000/0000/stopFlatNtuples_38.root
   Adding file /mnt/hadoop/user/uscms01/pnfs/unl.edu/data4/cms/store/user/zflowers/Ewkinos/WW_TuneCP5_13TeV-pythia8/crab_WW_TuneCP5_13TeV-pythia8RunIIFall17MiniAODv2/181222_013000/0000/stopFlatNtuples_39.root
   Adding file /mnt/hadoop/user/uscms01/pnfs/unl.edu/data4/cms/store/user/zflowers/Ewkinos/WW_TuneCP5_13TeV-pythia8/crab_WW_TuneCP5_13TeV-pythia8RunIIFall17MiniAODv2/181222_013000/0000/stopFlatNtuples_4.root
   Adding file /mnt/hadoop/user/uscms01/pnfs/unl.edu/data4/cms/store/user/zflowers/Ewkinos/WW_TuneCP5_13TeV-pythia8/crab_WW_TuneCP5_13TeV-pythia8RunIIFall17MiniAODv2/181222_013000/0000/stopFlatNtuples_40.root
   Adding file /mnt/hadoop/user/uscms01/pnfs/unl.edu/data4/cms/store/user/zflowers/Ewkinos/WW_TuneCP5_13TeV-pythia8/crab_WW_TuneCP5_13TeV-pythia8RunIIFall17MiniAODv2/181222_013000/0000/stopFlatNtuples_41.root
   Adding file /mnt/hadoop/user/uscms01/pnfs/unl.edu/data4/cms/store/user/zflowers/Ewkinos/WW_TuneCP5_13TeV-pythia8/crab_WW_TuneCP5_13TeV-pythia8RunIIFall17MiniAODv2/181222_013000/0000/stopFlatNtuples_42.root
   Adding file /mnt/hadoop/user/uscms01/pnfs/unl.edu/data4/cms/store/user/zflowers/Ewkinos/WW_TuneCP5_13TeV-pythia8/crab_WW_TuneCP5_13TeV-pythia8RunIIFall17MiniAODv2/181222_013000/0000/stopFlatNtuples_43.root
   Adding file /mnt/hadoop/user/uscms01/pnfs/unl.edu/data4/cms/store/user/zflowers/Ewkinos/WW_TuneCP5_13TeV-pythia8/crab_WW_TuneCP5_13TeV-pythia8RunIIFall17MiniAODv2/181222_013000/0000/stopFlatNtuples_44.root
   Adding file /mnt/hadoop/user/uscms01/pnfs/unl.edu/data4/cms/store/user/zflowers/Ewkinos/WW_TuneCP5_13TeV-pythia8/crab_WW_TuneCP5_13TeV-pythia8RunIIFall17MiniAODv2/181222_013000/0000/stopFlatNtuples_45.root
   Adding file /mnt/hadoop/user/uscms01/pnfs/unl.edu/data4/cms/store/user/zflowers/Ewkinos/WW_TuneCP5_13TeV-pythia8/crab_WW_TuneCP5_13TeV-pythia8RunIIFall17MiniAODv2/181222_013000/0000/stopFlatNtuples_46.root
   Adding file /mnt/hadoop/user/uscms01/pnfs/unl.edu/data4/cms/store/user/zflowers/Ewkinos/WW_TuneCP5_13TeV-pythia8/crab_WW_TuneCP5_13TeV-pythia8RunIIFall17MiniAODv2/181222_013000/0000/stopFlatNtuples_47.root
   Adding file /mnt/hadoop/user/uscms01/pnfs/unl.edu/data4/cms/store/user/zflowers/Ewkinos/WW_TuneCP5_13TeV-pythia8/crab_WW_TuneCP5_13TeV-pythia8RunIIFall17MiniAODv2/181222_013000/0000/stopFlatNtuples_48.root
   Adding file /mnt/hadoop/user/uscms01/pnfs/unl.edu/data4/cms/store/user/zflowers/Ewkinos/WW_TuneCP5_13TeV-pythia8/crab_WW_TuneCP5_13TeV-pythia8RunIIFall17MiniAODv2/181222_013000/0000/stopFlatNtuples_49.root
   Adding file /mnt/hadoop/user/uscms01/pnfs/unl.edu/data4/cms/store/user/zflowers/Ewkinos/WW_TuneCP5_13TeV-pythia8/crab_WW_TuneCP5_13TeV-pythia8RunIIFall17MiniAODv2/181222_013000/0000/stopFlatNtuples_5.root
   Adding file /mnt/hadoop/user/uscms01/pnfs/unl.edu/data4/cms/store/user/zflowers/Ewkinos/WW_TuneCP5_13TeV-pythia8/crab_WW_TuneCP5_13TeV-pythia8RunIIFall17MiniAODv2/181222_013000/0000/stopFlatNtuples_50.root
   Adding file /mnt/hadoop/user/uscms01/pnfs/unl.edu/data4/cms/store/user/zflowers/Ewkinos/WW_TuneCP5_13TeV-pythia8/crab_WW_TuneCP5_13TeV-pythia8RunIIFall17MiniAODv2/181222_013000/0000/stopFlatNtuples_51.root
   Adding file /mnt/hadoop/user/uscms01/pnfs/unl.edu/data4/cms/store/user/zflowers/Ewkinos/WW_TuneCP5_13TeV-pythia8/crab_WW_TuneCP5_13TeV-pythia8RunIIFall17MiniAODv2/181222_013000/0000/stopFlatNtuples_52.root
   Adding file /mnt/hadoop/user/uscms01/pnfs/unl.edu/data4/cms/store/user/zflowers/Ewkinos/WW_TuneCP5_13TeV-pythia8/crab_WW_TuneCP5_13TeV-pythia8RunIIFall17MiniAODv2/181222_013000/0000/stopFlatNtuples_53.root
   Adding file /mnt/hadoop/user/uscms01/pnfs/unl.edu/data4/cms/store/user/zflowers/Ewkinos/WW_TuneCP5_13TeV-pythia8/crab_WW_TuneCP5_13TeV-pythia8RunIIFall17MiniAODv2/181222_013000/0000/stopFlatNtuples_54.root
   Adding file /mnt/hadoop/user/uscms01/pnfs/unl.edu/data4/cms/store/user/zflowers/Ewkinos/WW_TuneCP5_13TeV-pythia8/crab_WW_TuneCP5_13TeV-pythia8RunIIFall17MiniAODv2/181222_013000/0000/stopFlatNtuples_55.root
   Adding file /mnt/hadoop/user/uscms01/pnfs/unl.edu/data4/cms/store/user/zflowers/Ewkinos/WW_TuneCP5_13TeV-pythia8/crab_WW_TuneCP5_13TeV-pythia8RunIIFall17MiniAODv2/181222_013000/0000/stopFlatNtuples_56.root
   Adding file /mnt/hadoop/user/uscms01/pnfs/unl.edu/data4/cms/store/user/zflowers/Ewkinos/WW_TuneCP5_13TeV-pythia8/crab_WW_TuneCP5_13TeV-pythia8RunIIFall17MiniAODv2/181222_013000/0000/stopFlatNtuples_57.root
   Adding file /mnt/hadoop/user/uscms01/pnfs/unl.edu/data4/cms/store/user/zflowers/Ewkinos/WW_TuneCP5_13TeV-pythia8/crab_WW_TuneCP5_13TeV-pythia8RunIIFall17MiniAODv2/181222_013000/0000/stopFlatNtuples_58.root
   Adding file /mnt/hadoop/user/uscms01/pnfs/unl.edu/data4/cms/store/user/zflowers/Ewkinos/WW_TuneCP5_13TeV-pythia8/crab_WW_TuneCP5_13TeV-pythia8RunIIFall17MiniAODv2/181222_013000/0000/stopFlatNtuples_59.root
   Adding file /mnt/hadoop/user/uscms01/pnfs/unl.edu/data4/cms/store/user/zflowers/Ewkinos/WW_TuneCP5_13TeV-pythia8/crab_WW_TuneCP5_13TeV-pythia8RunIIFall17MiniAODv2/181222_013000/0000/stopFlatNtuples_6.root
   Adding file /mnt/hadoop/user/uscms01/pnfs/unl.edu/data4/cms/store/user/zflowers/Ewkinos/WW_TuneCP5_13TeV-pythia8/crab_WW_TuneCP5_13TeV-pythia8RunIIFall17MiniAODv2/181222_013000/0000/stopFlatNtuples_60.root
   Adding file /mnt/hadoop/user/uscms01/pnfs/unl.edu/data4/cms/store/user/zflowers/Ewkinos/WW_TuneCP5_13TeV-pythia8/crab_WW_TuneCP5_13TeV-pythia8RunIIFall17MiniAODv2/181222_013000/0000/stopFlatNtuples_61.root
   Adding file /mnt/hadoop/user/uscms01/pnfs/unl.edu/data4/cms/store/user/zflowers/Ewkinos/WW_TuneCP5_13TeV-pythia8/crab_WW_TuneCP5_13TeV-pythia8RunIIFall17MiniAODv2/181222_013000/0000/stopFlatNtuples_62.root
   Adding file /mnt/hadoop/user/uscms01/pnfs/unl.edu/data4/cms/store/user/zflowers/Ewkinos/WW_TuneCP5_13TeV-pythia8/crab_WW_TuneCP5_13TeV-pythia8RunIIFall17MiniAODv2/181222_013000/0000/stopFlatNtuples_63.root
   Adding file /mnt/hadoop/user/uscms01/pnfs/unl.edu/data4/cms/store/user/zflowers/Ewkinos/WW_TuneCP5_13TeV-pythia8/crab_WW_TuneCP5_13TeV-pythia8RunIIFall17MiniAODv2/181222_013000/0000/stopFlatNtuples_64.root
   Adding file /mnt/hadoop/user/uscms01/pnfs/unl.edu/data4/cms/store/user/zflowers/Ewkinos/WW_TuneCP5_13TeV-pythia8/crab_WW_TuneCP5_13TeV-pythia8RunIIFall17MiniAODv2/181222_013000/0000/stopFlatNtuples_65.root
   Adding file /mnt/hadoop/user/uscms01/pnfs/unl.edu/data4/cms/store/user/zflowers/Ewkinos/WW_TuneCP5_13TeV-pythia8/crab_WW_TuneCP5_13TeV-pythia8RunIIFall17MiniAODv2/181222_013000/0000/stopFlatNtuples_66.root
   Adding file /mnt/hadoop/user/uscms01/pnfs/unl.edu/data4/cms/store/user/zflowers/Ewkinos/WW_TuneCP5_13TeV-pythia8/crab_WW_TuneCP5_13TeV-pythia8RunIIFall17MiniAODv2/181222_013000/0000/stopFlatNtuples_67.root
   Adding file /mnt/hadoop/user/uscms01/pnfs/unl.edu/data4/cms/store/user/zflowers/Ewkinos/WW_TuneCP5_13TeV-pythia8/crab_WW_TuneCP5_13TeV-pythia8RunIIFall17MiniAODv2/181222_013000/0000/stopFlatNtuples_68.root
   Adding file /mnt/hadoop/user/uscms01/pnfs/unl.edu/data4/cms/store/user/zflowers/Ewkinos/WW_TuneCP5_13TeV-pythia8/crab_WW_TuneCP5_13TeV-pythia8RunIIFall17MiniAODv2/181222_013000/0000/stopFlatNtuples_69.root
   Adding file /mnt/hadoop/user/uscms01/pnfs/unl.edu/data4/cms/store/user/zflowers/Ewkinos/WW_TuneCP5_13TeV-pythia8/crab_WW_TuneCP5_13TeV-pythia8RunIIFall17MiniAODv2/181222_013000/0000/stopFlatNtuples_7.root
   Adding file /mnt/hadoop/user/uscms01/pnfs/unl.edu/data4/cms/store/user/zflowers/Ewkinos/WW_TuneCP5_13TeV-pythia8/crab_WW_TuneCP5_13TeV-pythia8RunIIFall17MiniAODv2/181222_013000/0000/stopFlatNtuples_70.root
   Adding file /mnt/hadoop/user/uscms01/pnfs/unl.edu/data4/cms/store/user/zflowers/Ewkinos/WW_TuneCP5_13TeV-pythia8/crab_WW_TuneCP5_13TeV-pythia8RunIIFall17MiniAODv2/181222_013000/0000/stopFlatNtuples_71.root
   Adding file /mnt/hadoop/user/uscms01/pnfs/unl.edu/data4/cms/store/user/zflowers/Ewkinos/WW_TuneCP5_13TeV-pythia8/crab_WW_TuneCP5_13TeV-pythia8RunIIFall17MiniAODv2/181222_013000/0000/stopFlatNtuples_72.root
   Adding file /mnt/hadoop/user/uscms01/pnfs/unl.edu/data4/cms/store/user/zflowers/Ewkinos/WW_TuneCP5_13TeV-pythia8/crab_WW_TuneCP5_13TeV-pythia8RunIIFall17MiniAODv2/181222_013000/0000/stopFlatNtuples_73.root
   Adding file /mnt/hadoop/user/uscms01/pnfs/unl.edu/data4/cms/store/user/zflowers/Ewkinos/WW_TuneCP5_13TeV-pythia8/crab_WW_TuneCP5_13TeV-pythia8RunIIFall17MiniAODv2/181222_013000/0000/stopFlatNtuples_74.root
   Adding file /mnt/hadoop/user/uscms01/pnfs/unl.edu/data4/cms/store/user/zflowers/Ewkinos/WW_TuneCP5_13TeV-pythia8/crab_WW_TuneCP5_13TeV-pythia8RunIIFall17MiniAODv2/181222_013000/0000/stopFlatNtuples_75.root
   Adding file /mnt/hadoop/user/uscms01/pnfs/unl.edu/data4/cms/store/user/zflowers/Ewkinos/WW_TuneCP5_13TeV-pythia8/crab_WW_TuneCP5_13TeV-pythia8RunIIFall17MiniAODv2/181222_013000/0000/stopFlatNtuples_76.root
   Adding file /mnt/hadoop/user/uscms01/pnfs/unl.edu/data4/cms/store/user/zflowers/Ewkinos/WW_TuneCP5_13TeV-pythia8/crab_WW_TuneCP5_13TeV-pythia8RunIIFall17MiniAODv2/181222_013000/0000/stopFlatNtuples_77.root
   Adding file /mnt/hadoop/user/uscms01/pnfs/unl.edu/data4/cms/store/user/zflowers/Ewkinos/WW_TuneCP5_13TeV-pythia8/crab_WW_TuneCP5_13TeV-pythia8RunIIFall17MiniAODv2/181222_013000/0000/stopFlatNtuples_78.root
   Adding file /mnt/hadoop/user/uscms01/pnfs/unl.edu/data4/cms/store/user/zflowers/Ewkinos/WW_TuneCP5_13TeV-pythia8/crab_WW_TuneCP5_13TeV-pythia8RunIIFall17MiniAODv2/181222_013000/0000/stopFlatNtuples_79.root
   Adding file /mnt/hadoop/user/uscms01/pnfs/unl.edu/data4/cms/store/user/zflowers/Ewkinos/WW_TuneCP5_13TeV-pythia8/crab_WW_TuneCP5_13TeV-pythia8RunIIFall17MiniAODv2/181222_013000/0000/stopFlatNtuples_8.root
   Adding file /mnt/hadoop/user/uscms01/pnfs/unl.edu/data4/cms/store/user/zflowers/Ewkinos/WW_TuneCP5_13TeV-pythia8/crab_WW_TuneCP5_13TeV-pythia8RunIIFall17MiniAODv2/181222_013000/0000/stopFlatNtuples_80.root
   Adding file /mnt/hadoop/user/uscms01/pnfs/unl.edu/data4/cms/store/user/zflowers/Ewkinos/WW_TuneCP5_13TeV-pythia8/crab_WW_TuneCP5_13TeV-pythia8RunIIFall17MiniAODv2/181222_013000/0000/stopFlatNtuples_81.root
   Adding file /mnt/hadoop/user/uscms01/pnfs/unl.edu/data4/cms/store/user/zflowers/Ewkinos/WW_TuneCP5_13TeV-pythia8/crab_WW_TuneCP5_13TeV-pythia8RunIIFall17MiniAODv2/181222_013000/0000/stopFlatNtuples_82.root
   Adding file /mnt/hadoop/user/uscms01/pnfs/unl.edu/data4/cms/store/user/zflowers/Ewkinos/WW_TuneCP5_13TeV-pythia8/crab_WW_TuneCP5_13TeV-pythia8RunIIFall17MiniAODv2/181222_013000/0000/stopFlatNtuples_83.root
   Adding file /mnt/hadoop/user/uscms01/pnfs/unl.edu/data4/cms/store/user/zflowers/Ewkinos/WW_TuneCP5_13TeV-pythia8/crab_WW_TuneCP5_13TeV-pythia8RunIIFall17MiniAODv2/181222_013000/0000/stopFlatNtuples_84.root
   Adding file /mnt/hadoop/user/uscms01/pnfs/unl.edu/data4/cms/store/user/zflowers/Ewkinos/WW_TuneCP5_13TeV-pythia8/crab_WW_TuneCP5_13TeV-pythia8RunIIFall17MiniAODv2/181222_013000/0000/stopFlatNtuples_85.root
   Adding file /mnt/hadoop/user/uscms01/pnfs/unl.edu/data4/cms/store/user/zflowers/Ewkinos/WW_TuneCP5_13TeV-pythia8/crab_WW_TuneCP5_13TeV-pythia8RunIIFall17MiniAODv2/181222_013000/0000/stopFlatNtuples_88.root
   Adding file /mnt/hadoop/user/uscms01/pnfs/unl.edu/data4/cms/store/user/zflowers/Ewkinos/WW_TuneCP5_13TeV-pythia8/crab_WW_TuneCP5_13TeV-pythia8RunIIFall17MiniAODv2/181222_013000/0000/stopFlatNtuples_9.root
   Adding file /mnt/hadoop/user/uscms01/pnfs/unl.edu/data4/cms/store/user/zflowers/Ewkinos/WW_TuneCP5_13TeV-pythia8/crab_WW_TuneCP5_13TeV-pythia8RunIIFall17MiniAODv2/181222_013000/0000/stopFlatNtuples_90.root
   Adding file /mnt/hadoop/user/uscms01/pnfs/unl.edu/data4/cms/store/user/zflowers/Ewkinos/WW_TuneCP5_13TeV-pythia8/crab_WW_TuneCP5_13TeV-pythia8RunIIFall17MiniAODv2/181222_013000/0000/stopFlatNtuples_93.root
   Adding file /mnt/hadoop/user/uscms01/pnfs/unl.edu/data4/cms/store/user/zflowers/Ewkinos/WW_TuneCP5_13TeV-pythia8/crab_WW_TuneCP5_13TeV-pythia8RunIIFall17MiniAODv2/181222_013000/0000/stopFlatNtuples_94.root
   Adding file /mnt/hadoop/user/uscms01/pnfs/unl.edu/data4/cms/store/user/zflowers/Ewkinos/WW_TuneCP5_13TeV-pythia8/crab_WW_TuneCP5_13TeV-pythia8RunIIFall17MiniAODv2/181222_013000/0000/stopFlatNtuples_95.root
   Adding file /mnt/hadoop/user/uscms01/pnfs/unl.edu/data4/cms/store/user/zflowers/Ewkinos/WW_TuneCP5_13TeV-pythia8/crab_WW_TuneCP5_13TeV-pythia8RunIIFall17MiniAODv2/181222_013000/0000/stopFlatNtuples_96.root
   Adding file /mnt/hadoop/user/uscms01/pnfs/unl.edu/data4/cms/store/user/zflowers/Ewkinos/WW_TuneCP5_13TeV-pythia8/crab_WW_TuneCP5_13TeV-pythia8RunIIFall17MiniAODv2/181222_013000/0000/stopFlatNtuples_97.root
   Adding file /mnt/hadoop/user/uscms01/pnfs/unl.edu/data4/cms/store/user/zflowers/Ewkinos/WW_TuneCP5_13TeV-pythia8/crab_WW_TuneCP5_13TeV-pythia8RunIIFall17MiniAODv2/181222_013000/0000/stopFlatNtuples_98.root
   Adding file /mnt/hadoop/user/uscms01/pnfs/unl.edu/data4/cms/store/user/zflowers/Ewkinos/WW_TuneCP5_13TeV-pythia8/crab_WW_TuneCP5_13TeV-pythia8RunIIFall17MiniAODv2/181222_013000/0000/stopFlatNtuples_99.root
 event = 0 : 7791498
