
[36mRestFrames v1.0.0 -- Developed by Christopher Rogan (crogan@cern.ch)
                     Copyright (c) 2014-2018, Christopher Rogan
                     http://RestFrames.com
[0m
   Adding file /mnt/hadoop/user/uscms01/pnfs/unl.edu/data4/cms/store/user/zflowers/Ewkinos/WWToLNuQQ_NNPDF31_TuneCP5_13TeV-powheg-pythia8/crab_extWWToLNuQQ_NNPDF31_TuneCP5_13TeV-powheg-pythia8RunIIFall17MiniAODv2/181222_012821/0000/stopFlatNtuples_29.root
   Adding file /mnt/hadoop/user/uscms01/pnfs/unl.edu/data4/cms/store/user/zflowers/Ewkinos/WWToLNuQQ_NNPDF31_TuneCP5_13TeV-powheg-pythia8/crab_extWWToLNuQQ_NNPDF31_TuneCP5_13TeV-powheg-pythia8RunIIFall17MiniAODv2/181222_012821/0000/stopFlatNtuples_3-1.root
   Adding file /mnt/hadoop/user/uscms01/pnfs/unl.edu/data4/cms/store/user/zflowers/Ewkinos/WWToLNuQQ_NNPDF31_TuneCP5_13TeV-powheg-pythia8/crab_extWWToLNuQQ_NNPDF31_TuneCP5_13TeV-powheg-pythia8RunIIFall17MiniAODv2/181222_012821/0000/stopFlatNtuples_3-10.root
   Adding file /mnt/hadoop/user/uscms01/pnfs/unl.edu/data4/cms/store/user/zflowers/Ewkinos/WWToLNuQQ_NNPDF31_TuneCP5_13TeV-powheg-pythia8/crab_extWWToLNuQQ_NNPDF31_TuneCP5_13TeV-powheg-pythia8RunIIFall17MiniAODv2/181222_012821/0000/stopFlatNtuples_3-11.root
   Adding file /mnt/hadoop/user/uscms01/pnfs/unl.edu/data4/cms/store/user/zflowers/Ewkinos/WWToLNuQQ_NNPDF31_TuneCP5_13TeV-powheg-pythia8/crab_extWWToLNuQQ_NNPDF31_TuneCP5_13TeV-powheg-pythia8RunIIFall17MiniAODv2/181222_012821/0000/stopFlatNtuples_3-12.root
   Adding file /mnt/hadoop/user/uscms01/pnfs/unl.edu/data4/cms/store/user/zflowers/Ewkinos/WWToLNuQQ_NNPDF31_TuneCP5_13TeV-powheg-pythia8/crab_extWWToLNuQQ_NNPDF31_TuneCP5_13TeV-powheg-pythia8RunIIFall17MiniAODv2/181222_012821/0000/stopFlatNtuples_3-13.root
   Adding file /mnt/hadoop/user/uscms01/pnfs/unl.edu/data4/cms/store/user/zflowers/Ewkinos/WWToLNuQQ_NNPDF31_TuneCP5_13TeV-powheg-pythia8/crab_extWWToLNuQQ_NNPDF31_TuneCP5_13TeV-powheg-pythia8RunIIFall17MiniAODv2/181222_012821/0000/stopFlatNtuples_3-14.root
   Adding file /mnt/hadoop/user/uscms01/pnfs/unl.edu/data4/cms/store/user/zflowers/Ewkinos/WWToLNuQQ_NNPDF31_TuneCP5_13TeV-powheg-pythia8/crab_extWWToLNuQQ_NNPDF31_TuneCP5_13TeV-powheg-pythia8RunIIFall17MiniAODv2/181222_012821/0000/stopFlatNtuples_3-15.root
   Adding file /mnt/hadoop/user/uscms01/pnfs/unl.edu/data4/cms/store/user/zflowers/Ewkinos/WWToLNuQQ_NNPDF31_TuneCP5_13TeV-powheg-pythia8/crab_extWWToLNuQQ_NNPDF31_TuneCP5_13TeV-powheg-pythia8RunIIFall17MiniAODv2/181222_012821/0000/stopFlatNtuples_3-16.root
   Adding file /mnt/hadoop/user/uscms01/pnfs/unl.edu/data4/cms/store/user/zflowers/Ewkinos/WWToLNuQQ_NNPDF31_TuneCP5_13TeV-powheg-pythia8/crab_extWWToLNuQQ_NNPDF31_TuneCP5_13TeV-powheg-pythia8RunIIFall17MiniAODv2/181222_012821/0000/stopFlatNtuples_3-17.root
   Adding file /mnt/hadoop/user/uscms01/pnfs/unl.edu/data4/cms/store/user/zflowers/Ewkinos/WWToLNuQQ_NNPDF31_TuneCP5_13TeV-powheg-pythia8/crab_extWWToLNuQQ_NNPDF31_TuneCP5_13TeV-powheg-pythia8RunIIFall17MiniAODv2/181222_012821/0000/stopFlatNtuples_3-18.root
   Adding file /mnt/hadoop/user/uscms01/pnfs/unl.edu/data4/cms/store/user/zflowers/Ewkinos/WWToLNuQQ_NNPDF31_TuneCP5_13TeV-powheg-pythia8/crab_extWWToLNuQQ_NNPDF31_TuneCP5_13TeV-powheg-pythia8RunIIFall17MiniAODv2/181222_012821/0000/stopFlatNtuples_3-19.root
   Adding file /mnt/hadoop/user/uscms01/pnfs/unl.edu/data4/cms/store/user/zflowers/Ewkinos/WWToLNuQQ_NNPDF31_TuneCP5_13TeV-powheg-pythia8/crab_extWWToLNuQQ_NNPDF31_TuneCP5_13TeV-powheg-pythia8RunIIFall17MiniAODv2/181222_012821/0000/stopFlatNtuples_3-2.root
   Adding file /mnt/hadoop/user/uscms01/pnfs/unl.edu/data4/cms/store/user/zflowers/Ewkinos/WWToLNuQQ_NNPDF31_TuneCP5_13TeV-powheg-pythia8/crab_extWWToLNuQQ_NNPDF31_TuneCP5_13TeV-powheg-pythia8RunIIFall17MiniAODv2/181222_012821/0000/stopFlatNtuples_3-20.root
   Adding file /mnt/hadoop/user/uscms01/pnfs/unl.edu/data4/cms/store/user/zflowers/Ewkinos/WWToLNuQQ_NNPDF31_TuneCP5_13TeV-powheg-pythia8/crab_extWWToLNuQQ_NNPDF31_TuneCP5_13TeV-powheg-pythia8RunIIFall17MiniAODv2/181222_012821/0000/stopFlatNtuples_3-21.root
   Adding file /mnt/hadoop/user/uscms01/pnfs/unl.edu/data4/cms/store/user/zflowers/Ewkinos/WWToLNuQQ_NNPDF31_TuneCP5_13TeV-powheg-pythia8/crab_extWWToLNuQQ_NNPDF31_TuneCP5_13TeV-powheg-pythia8RunIIFall17MiniAODv2/181222_012821/0000/stopFlatNtuples_3-22.root
   Adding file /mnt/hadoop/user/uscms01/pnfs/unl.edu/data4/cms/store/user/zflowers/Ewkinos/WWToLNuQQ_NNPDF31_TuneCP5_13TeV-powheg-pythia8/crab_extWWToLNuQQ_NNPDF31_TuneCP5_13TeV-powheg-pythia8RunIIFall17MiniAODv2/181222_012821/0000/stopFlatNtuples_3-23.root
   Adding file /mnt/hadoop/user/uscms01/pnfs/unl.edu/data4/cms/store/user/zflowers/Ewkinos/WWToLNuQQ_NNPDF31_TuneCP5_13TeV-powheg-pythia8/crab_extWWToLNuQQ_NNPDF31_TuneCP5_13TeV-powheg-pythia8RunIIFall17MiniAODv2/181222_012821/0000/stopFlatNtuples_3-24.root
   Adding file /mnt/hadoop/user/uscms01/pnfs/unl.edu/data4/cms/store/user/zflowers/Ewkinos/WWToLNuQQ_NNPDF31_TuneCP5_13TeV-powheg-pythia8/crab_extWWToLNuQQ_NNPDF31_TuneCP5_13TeV-powheg-pythia8RunIIFall17MiniAODv2/181222_012821/0000/stopFlatNtuples_3-25.root
   Adding file /mnt/hadoop/user/uscms01/pnfs/unl.edu/data4/cms/store/user/zflowers/Ewkinos/WWToLNuQQ_NNPDF31_TuneCP5_13TeV-powheg-pythia8/crab_extWWToLNuQQ_NNPDF31_TuneCP5_13TeV-powheg-pythia8RunIIFall17MiniAODv2/181222_012821/0000/stopFlatNtuples_3-26.root
   Adding file /mnt/hadoop/user/uscms01/pnfs/unl.edu/data4/cms/store/user/zflowers/Ewkinos/WWToLNuQQ_NNPDF31_TuneCP5_13TeV-powheg-pythia8/crab_extWWToLNuQQ_NNPDF31_TuneCP5_13TeV-powheg-pythia8RunIIFall17MiniAODv2/181222_012821/0000/stopFlatNtuples_3-27.root
   Adding file /mnt/hadoop/user/uscms01/pnfs/unl.edu/data4/cms/store/user/zflowers/Ewkinos/WWToLNuQQ_NNPDF31_TuneCP5_13TeV-powheg-pythia8/crab_extWWToLNuQQ_NNPDF31_TuneCP5_13TeV-powheg-pythia8RunIIFall17MiniAODv2/181222_012821/0000/stopFlatNtuples_3-28.root
   Adding file /mnt/hadoop/user/uscms01/pnfs/unl.edu/data4/cms/store/user/zflowers/Ewkinos/WWToLNuQQ_NNPDF31_TuneCP5_13TeV-powheg-pythia8/crab_extWWToLNuQQ_NNPDF31_TuneCP5_13TeV-powheg-pythia8RunIIFall17MiniAODv2/181222_012821/0000/stopFlatNtuples_3-29.root
   Adding file /mnt/hadoop/user/uscms01/pnfs/unl.edu/data4/cms/store/user/zflowers/Ewkinos/WWToLNuQQ_NNPDF31_TuneCP5_13TeV-powheg-pythia8/crab_extWWToLNuQQ_NNPDF31_TuneCP5_13TeV-powheg-pythia8RunIIFall17MiniAODv2/181222_012821/0000/stopFlatNtuples_3-3.root
   Adding file /mnt/hadoop/user/uscms01/pnfs/unl.edu/data4/cms/store/user/zflowers/Ewkinos/WWToLNuQQ_NNPDF31_TuneCP5_13TeV-powheg-pythia8/crab_extWWToLNuQQ_NNPDF31_TuneCP5_13TeV-powheg-pythia8RunIIFall17MiniAODv2/181222_012821/0000/stopFlatNtuples_3-30.root
   Adding file /mnt/hadoop/user/uscms01/pnfs/unl.edu/data4/cms/store/user/zflowers/Ewkinos/WWToLNuQQ_NNPDF31_TuneCP5_13TeV-powheg-pythia8/crab_extWWToLNuQQ_NNPDF31_TuneCP5_13TeV-powheg-pythia8RunIIFall17MiniAODv2/181222_012821/0000/stopFlatNtuples_3-31.root
   Adding file /mnt/hadoop/user/uscms01/pnfs/unl.edu/data4/cms/store/user/zflowers/Ewkinos/WWToLNuQQ_NNPDF31_TuneCP5_13TeV-powheg-pythia8/crab_extWWToLNuQQ_NNPDF31_TuneCP5_13TeV-powheg-pythia8RunIIFall17MiniAODv2/181222_012821/0000/stopFlatNtuples_3-32.root
   Adding file /mnt/hadoop/user/uscms01/pnfs/unl.edu/data4/cms/store/user/zflowers/Ewkinos/WWToLNuQQ_NNPDF31_TuneCP5_13TeV-powheg-pythia8/crab_extWWToLNuQQ_NNPDF31_TuneCP5_13TeV-powheg-pythia8RunIIFall17MiniAODv2/181222_012821/0000/stopFlatNtuples_3-33.root
   Adding file /mnt/hadoop/user/uscms01/pnfs/unl.edu/data4/cms/store/user/zflowers/Ewkinos/WWToLNuQQ_NNPDF31_TuneCP5_13TeV-powheg-pythia8/crab_extWWToLNuQQ_NNPDF31_TuneCP5_13TeV-powheg-pythia8RunIIFall17MiniAODv2/181222_012821/0000/stopFlatNtuples_3-34.root
   Adding file /mnt/hadoop/user/uscms01/pnfs/unl.edu/data4/cms/store/user/zflowers/Ewkinos/WWToLNuQQ_NNPDF31_TuneCP5_13TeV-powheg-pythia8/crab_extWWToLNuQQ_NNPDF31_TuneCP5_13TeV-powheg-pythia8RunIIFall17MiniAODv2/181222_012821/0000/stopFlatNtuples_3-35.root
   Adding file /mnt/hadoop/user/uscms01/pnfs/unl.edu/data4/cms/store/user/zflowers/Ewkinos/WWToLNuQQ_NNPDF31_TuneCP5_13TeV-powheg-pythia8/crab_extWWToLNuQQ_NNPDF31_TuneCP5_13TeV-powheg-pythia8RunIIFall17MiniAODv2/181222_012821/0000/stopFlatNtuples_3-36.root
   Adding file /mnt/hadoop/user/uscms01/pnfs/unl.edu/data4/cms/store/user/zflowers/Ewkinos/WWToLNuQQ_NNPDF31_TuneCP5_13TeV-powheg-pythia8/crab_extWWToLNuQQ_NNPDF31_TuneCP5_13TeV-powheg-pythia8RunIIFall17MiniAODv2/181222_012821/0000/stopFlatNtuples_3-37.root
   Adding file /mnt/hadoop/user/uscms01/pnfs/unl.edu/data4/cms/store/user/zflowers/Ewkinos/WWToLNuQQ_NNPDF31_TuneCP5_13TeV-powheg-pythia8/crab_extWWToLNuQQ_NNPDF31_TuneCP5_13TeV-powheg-pythia8RunIIFall17MiniAODv2/181222_012821/0000/stopFlatNtuples_3-38.root
   Adding file /mnt/hadoop/user/uscms01/pnfs/unl.edu/data4/cms/store/user/zflowers/Ewkinos/WWToLNuQQ_NNPDF31_TuneCP5_13TeV-powheg-pythia8/crab_extWWToLNuQQ_NNPDF31_TuneCP5_13TeV-powheg-pythia8RunIIFall17MiniAODv2/181222_012821/0000/stopFlatNtuples_3-39.root
   Adding file /mnt/hadoop/user/uscms01/pnfs/unl.edu/data4/cms/store/user/zflowers/Ewkinos/WWToLNuQQ_NNPDF31_TuneCP5_13TeV-powheg-pythia8/crab_extWWToLNuQQ_NNPDF31_TuneCP5_13TeV-powheg-pythia8RunIIFall17MiniAODv2/181222_012821/0000/stopFlatNtuples_3-4.root
   Adding file /mnt/hadoop/user/uscms01/pnfs/unl.edu/data4/cms/store/user/zflowers/Ewkinos/WWToLNuQQ_NNPDF31_TuneCP5_13TeV-powheg-pythia8/crab_extWWToLNuQQ_NNPDF31_TuneCP5_13TeV-powheg-pythia8RunIIFall17MiniAODv2/181222_012821/0000/stopFlatNtuples_3-40.root
   Adding file /mnt/hadoop/user/uscms01/pnfs/unl.edu/data4/cms/store/user/zflowers/Ewkinos/WWToLNuQQ_NNPDF31_TuneCP5_13TeV-powheg-pythia8/crab_extWWToLNuQQ_NNPDF31_TuneCP5_13TeV-powheg-pythia8RunIIFall17MiniAODv2/181222_012821/0000/stopFlatNtuples_3-41.root
   Adding file /mnt/hadoop/user/uscms01/pnfs/unl.edu/data4/cms/store/user/zflowers/Ewkinos/WWToLNuQQ_NNPDF31_TuneCP5_13TeV-powheg-pythia8/crab_extWWToLNuQQ_NNPDF31_TuneCP5_13TeV-powheg-pythia8RunIIFall17MiniAODv2/181222_012821/0000/stopFlatNtuples_3-42.root
   Adding file /mnt/hadoop/user/uscms01/pnfs/unl.edu/data4/cms/store/user/zflowers/Ewkinos/WWToLNuQQ_NNPDF31_TuneCP5_13TeV-powheg-pythia8/crab_extWWToLNuQQ_NNPDF31_TuneCP5_13TeV-powheg-pythia8RunIIFall17MiniAODv2/181222_012821/0000/stopFlatNtuples_3-43.root
   Adding file /mnt/hadoop/user/uscms01/pnfs/unl.edu/data4/cms/store/user/zflowers/Ewkinos/WWToLNuQQ_NNPDF31_TuneCP5_13TeV-powheg-pythia8/crab_extWWToLNuQQ_NNPDF31_TuneCP5_13TeV-powheg-pythia8RunIIFall17MiniAODv2/181222_012821/0000/stopFlatNtuples_3-44.root
   Adding file /mnt/hadoop/user/uscms01/pnfs/unl.edu/data4/cms/store/user/zflowers/Ewkinos/WWToLNuQQ_NNPDF31_TuneCP5_13TeV-powheg-pythia8/crab_extWWToLNuQQ_NNPDF31_TuneCP5_13TeV-powheg-pythia8RunIIFall17MiniAODv2/181222_012821/0000/stopFlatNtuples_3-45.root
   Adding file /mnt/hadoop/user/uscms01/pnfs/unl.edu/data4/cms/store/user/zflowers/Ewkinos/WWToLNuQQ_NNPDF31_TuneCP5_13TeV-powheg-pythia8/crab_extWWToLNuQQ_NNPDF31_TuneCP5_13TeV-powheg-pythia8RunIIFall17MiniAODv2/181222_012821/0000/stopFlatNtuples_3-5.root
   Adding file /mnt/hadoop/user/uscms01/pnfs/unl.edu/data4/cms/store/user/zflowers/Ewkinos/WWToLNuQQ_NNPDF31_TuneCP5_13TeV-powheg-pythia8/crab_extWWToLNuQQ_NNPDF31_TuneCP5_13TeV-powheg-pythia8RunIIFall17MiniAODv2/181222_012821/0000/stopFlatNtuples_3-6.root
   Adding file /mnt/hadoop/user/uscms01/pnfs/unl.edu/data4/cms/store/user/zflowers/Ewkinos/WWToLNuQQ_NNPDF31_TuneCP5_13TeV-powheg-pythia8/crab_extWWToLNuQQ_NNPDF31_TuneCP5_13TeV-powheg-pythia8RunIIFall17MiniAODv2/181222_012821/0000/stopFlatNtuples_3-7.root
   Adding file /mnt/hadoop/user/uscms01/pnfs/unl.edu/data4/cms/store/user/zflowers/Ewkinos/WWToLNuQQ_NNPDF31_TuneCP5_13TeV-powheg-pythia8/crab_extWWToLNuQQ_NNPDF31_TuneCP5_13TeV-powheg-pythia8RunIIFall17MiniAODv2/181222_012821/0000/stopFlatNtuples_3-8.root
   Adding file /mnt/hadoop/user/uscms01/pnfs/unl.edu/data4/cms/store/user/zflowers/Ewkinos/WWToLNuQQ_NNPDF31_TuneCP5_13TeV-powheg-pythia8/crab_extWWToLNuQQ_NNPDF31_TuneCP5_13TeV-powheg-pythia8RunIIFall17MiniAODv2/181222_012821/0000/stopFlatNtuples_3-9.root
   Adding file /mnt/hadoop/user/uscms01/pnfs/unl.edu/data4/cms/store/user/zflowers/Ewkinos/WWToLNuQQ_NNPDF31_TuneCP5_13TeV-powheg-pythia8/crab_extWWToLNuQQ_NNPDF31_TuneCP5_13TeV-powheg-pythia8RunIIFall17MiniAODv2/181222_012821/0000/stopFlatNtuples_3.root
   Adding file /mnt/hadoop/user/uscms01/pnfs/unl.edu/data4/cms/store/user/zflowers/Ewkinos/WWToLNuQQ_NNPDF31_TuneCP5_13TeV-powheg-pythia8/crab_extWWToLNuQQ_NNPDF31_TuneCP5_13TeV-powheg-pythia8RunIIFall17MiniAODv2/181222_012821/0000/stopFlatNtuples_31.root
   Adding file /mnt/hadoop/user/uscms01/pnfs/unl.edu/data4/cms/store/user/zflowers/Ewkinos/WWToLNuQQ_NNPDF31_TuneCP5_13TeV-powheg-pythia8/crab_extWWToLNuQQ_NNPDF31_TuneCP5_13TeV-powheg-pythia8RunIIFall17MiniAODv2/181222_012821/0000/stopFlatNtuples_32.root
   Adding file /mnt/hadoop/user/uscms01/pnfs/unl.edu/data4/cms/store/user/zflowers/Ewkinos/WWToLNuQQ_NNPDF31_TuneCP5_13TeV-powheg-pythia8/crab_extWWToLNuQQ_NNPDF31_TuneCP5_13TeV-powheg-pythia8RunIIFall17MiniAODv2/181222_012821/0000/stopFlatNtuples_33.root
   Adding file /mnt/hadoop/user/uscms01/pnfs/unl.edu/data4/cms/store/user/zflowers/Ewkinos/WWToLNuQQ_NNPDF31_TuneCP5_13TeV-powheg-pythia8/crab_extWWToLNuQQ_NNPDF31_TuneCP5_13TeV-powheg-pythia8RunIIFall17MiniAODv2/181222_012821/0000/stopFlatNtuples_34.root
   Adding file /mnt/hadoop/user/uscms01/pnfs/unl.edu/data4/cms/store/user/zflowers/Ewkinos/WWToLNuQQ_NNPDF31_TuneCP5_13TeV-powheg-pythia8/crab_extWWToLNuQQ_NNPDF31_TuneCP5_13TeV-powheg-pythia8RunIIFall17MiniAODv2/181222_012821/0000/stopFlatNtuples_36.root
   Adding file /mnt/hadoop/user/uscms01/pnfs/unl.edu/data4/cms/store/user/zflowers/Ewkinos/WWToLNuQQ_NNPDF31_TuneCP5_13TeV-powheg-pythia8/crab_extWWToLNuQQ_NNPDF31_TuneCP5_13TeV-powheg-pythia8RunIIFall17MiniAODv2/181222_012821/0000/stopFlatNtuples_38.root
   Adding file /mnt/hadoop/user/uscms01/pnfs/unl.edu/data4/cms/store/user/zflowers/Ewkinos/WWToLNuQQ_NNPDF31_TuneCP5_13TeV-powheg-pythia8/crab_extWWToLNuQQ_NNPDF31_TuneCP5_13TeV-powheg-pythia8RunIIFall17MiniAODv2/181222_012821/0000/stopFlatNtuples_40.root
   Adding file /mnt/hadoop/user/uscms01/pnfs/unl.edu/data4/cms/store/user/zflowers/Ewkinos/WWToLNuQQ_NNPDF31_TuneCP5_13TeV-powheg-pythia8/crab_extWWToLNuQQ_NNPDF31_TuneCP5_13TeV-powheg-pythia8RunIIFall17MiniAODv2/181222_012821/0000/stopFlatNtuples_41.root
   Adding file /mnt/hadoop/user/uscms01/pnfs/unl.edu/data4/cms/store/user/zflowers/Ewkinos/WWToLNuQQ_NNPDF31_TuneCP5_13TeV-powheg-pythia8/crab_extWWToLNuQQ_NNPDF31_TuneCP5_13TeV-powheg-pythia8RunIIFall17MiniAODv2/181222_012821/0000/stopFlatNtuples_42.root
   Adding file /mnt/hadoop/user/uscms01/pnfs/unl.edu/data4/cms/store/user/zflowers/Ewkinos/WWToLNuQQ_NNPDF31_TuneCP5_13TeV-powheg-pythia8/crab_extWWToLNuQQ_NNPDF31_TuneCP5_13TeV-powheg-pythia8RunIIFall17MiniAODv2/181222_012821/0000/stopFlatNtuples_43.root
   Adding file /mnt/hadoop/user/uscms01/pnfs/unl.edu/data4/cms/store/user/zflowers/Ewkinos/WWToLNuQQ_NNPDF31_TuneCP5_13TeV-powheg-pythia8/crab_extWWToLNuQQ_NNPDF31_TuneCP5_13TeV-powheg-pythia8RunIIFall17MiniAODv2/181222_012821/0000/stopFlatNtuples_45.root
   Adding file /mnt/hadoop/user/uscms01/pnfs/unl.edu/data4/cms/store/user/zflowers/Ewkinos/WWToLNuQQ_NNPDF31_TuneCP5_13TeV-powheg-pythia8/crab_extWWToLNuQQ_NNPDF31_TuneCP5_13TeV-powheg-pythia8RunIIFall17MiniAODv2/181222_012821/0000/stopFlatNtuples_46.root
   Adding file /mnt/hadoop/user/uscms01/pnfs/unl.edu/data4/cms/store/user/zflowers/Ewkinos/WWToLNuQQ_NNPDF31_TuneCP5_13TeV-powheg-pythia8/crab_extWWToLNuQQ_NNPDF31_TuneCP5_13TeV-powheg-pythia8RunIIFall17MiniAODv2/181222_012821/0000/stopFlatNtuples_5.root
   Adding file /mnt/hadoop/user/uscms01/pnfs/unl.edu/data4/cms/store/user/zflowers/Ewkinos/WWToLNuQQ_NNPDF31_TuneCP5_13TeV-powheg-pythia8/crab_extWWToLNuQQ_NNPDF31_TuneCP5_13TeV-powheg-pythia8RunIIFall17MiniAODv2/181222_012821/0000/stopFlatNtuples_51.root
   Adding file /mnt/hadoop/user/uscms01/pnfs/unl.edu/data4/cms/store/user/zflowers/Ewkinos/WWToLNuQQ_NNPDF31_TuneCP5_13TeV-powheg-pythia8/crab_extWWToLNuQQ_NNPDF31_TuneCP5_13TeV-powheg-pythia8RunIIFall17MiniAODv2/181222_012821/0000/stopFlatNtuples_52.root
   Adding file /mnt/hadoop/user/uscms01/pnfs/unl.edu/data4/cms/store/user/zflowers/Ewkinos/WWToLNuQQ_NNPDF31_TuneCP5_13TeV-powheg-pythia8/crab_extWWToLNuQQ_NNPDF31_TuneCP5_13TeV-powheg-pythia8RunIIFall17MiniAODv2/181222_012821/0000/stopFlatNtuples_55.root
   Adding file /mnt/hadoop/user/uscms01/pnfs/unl.edu/data4/cms/store/user/zflowers/Ewkinos/WWToLNuQQ_NNPDF31_TuneCP5_13TeV-powheg-pythia8/crab_extWWToLNuQQ_NNPDF31_TuneCP5_13TeV-powheg-pythia8RunIIFall17MiniAODv2/181222_012821/0000/stopFlatNtuples_57.root
   Adding file /mnt/hadoop/user/uscms01/pnfs/unl.edu/data4/cms/store/user/zflowers/Ewkinos/WWToLNuQQ_NNPDF31_TuneCP5_13TeV-powheg-pythia8/crab_extWWToLNuQQ_NNPDF31_TuneCP5_13TeV-powheg-pythia8RunIIFall17MiniAODv2/181222_012821/0000/stopFlatNtuples_59.root
   Adding file /mnt/hadoop/user/uscms01/pnfs/unl.edu/data4/cms/store/user/zflowers/Ewkinos/WWToLNuQQ_NNPDF31_TuneCP5_13TeV-powheg-pythia8/crab_extWWToLNuQQ_NNPDF31_TuneCP5_13TeV-powheg-pythia8RunIIFall17MiniAODv2/181222_012821/0000/stopFlatNtuples_6.root
   Adding file /mnt/hadoop/user/uscms01/pnfs/unl.edu/data4/cms/store/user/zflowers/Ewkinos/WWToLNuQQ_NNPDF31_TuneCP5_13TeV-powheg-pythia8/crab_extWWToLNuQQ_NNPDF31_TuneCP5_13TeV-powheg-pythia8RunIIFall17MiniAODv2/181222_012821/0000/stopFlatNtuples_60.root
   Adding file /mnt/hadoop/user/uscms01/pnfs/unl.edu/data4/cms/store/user/zflowers/Ewkinos/WWToLNuQQ_NNPDF31_TuneCP5_13TeV-powheg-pythia8/crab_extWWToLNuQQ_NNPDF31_TuneCP5_13TeV-powheg-pythia8RunIIFall17MiniAODv2/181222_012821/0000/stopFlatNtuples_61.root
   Adding file /mnt/hadoop/user/uscms01/pnfs/unl.edu/data4/cms/store/user/zflowers/Ewkinos/WWToLNuQQ_NNPDF31_TuneCP5_13TeV-powheg-pythia8/crab_extWWToLNuQQ_NNPDF31_TuneCP5_13TeV-powheg-pythia8RunIIFall17MiniAODv2/181222_012821/0000/stopFlatNtuples_62.root
   Adding file /mnt/hadoop/user/uscms01/pnfs/unl.edu/data4/cms/store/user/zflowers/Ewkinos/WWToLNuQQ_NNPDF31_TuneCP5_13TeV-powheg-pythia8/crab_extWWToLNuQQ_NNPDF31_TuneCP5_13TeV-powheg-pythia8RunIIFall17MiniAODv2/181222_012821/0000/stopFlatNtuples_63.root
   Adding file /mnt/hadoop/user/uscms01/pnfs/unl.edu/data4/cms/store/user/zflowers/Ewkinos/WWToLNuQQ_NNPDF31_TuneCP5_13TeV-powheg-pythia8/crab_extWWToLNuQQ_NNPDF31_TuneCP5_13TeV-powheg-pythia8RunIIFall17MiniAODv2/181222_012821/0000/stopFlatNtuples_64.root
   Adding file /mnt/hadoop/user/uscms01/pnfs/unl.edu/data4/cms/store/user/zflowers/Ewkinos/WWToLNuQQ_NNPDF31_TuneCP5_13TeV-powheg-pythia8/crab_extWWToLNuQQ_NNPDF31_TuneCP5_13TeV-powheg-pythia8RunIIFall17MiniAODv2/181222_012821/0000/stopFlatNtuples_65.root
   Adding file /mnt/hadoop/user/uscms01/pnfs/unl.edu/data4/cms/store/user/zflowers/Ewkinos/WWToLNuQQ_NNPDF31_TuneCP5_13TeV-powheg-pythia8/crab_extWWToLNuQQ_NNPDF31_TuneCP5_13TeV-powheg-pythia8RunIIFall17MiniAODv2/181222_012821/0000/stopFlatNtuples_66.root
   Adding file /mnt/hadoop/user/uscms01/pnfs/unl.edu/data4/cms/store/user/zflowers/Ewkinos/WWToLNuQQ_NNPDF31_TuneCP5_13TeV-powheg-pythia8/crab_extWWToLNuQQ_NNPDF31_TuneCP5_13TeV-powheg-pythia8RunIIFall17MiniAODv2/181222_012821/0000/stopFlatNtuples_67.root
   Adding file /mnt/hadoop/user/uscms01/pnfs/unl.edu/data4/cms/store/user/zflowers/Ewkinos/WWToLNuQQ_NNPDF31_TuneCP5_13TeV-powheg-pythia8/crab_extWWToLNuQQ_NNPDF31_TuneCP5_13TeV-powheg-pythia8RunIIFall17MiniAODv2/181222_012821/0000/stopFlatNtuples_68.root
   Adding file /mnt/hadoop/user/uscms01/pnfs/unl.edu/data4/cms/store/user/zflowers/Ewkinos/WWToLNuQQ_NNPDF31_TuneCP5_13TeV-powheg-pythia8/crab_extWWToLNuQQ_NNPDF31_TuneCP5_13TeV-powheg-pythia8RunIIFall17MiniAODv2/181222_012821/0000/stopFlatNtuples_70.root
   Adding file /mnt/hadoop/user/uscms01/pnfs/unl.edu/data4/cms/store/user/zflowers/Ewkinos/WWToLNuQQ_NNPDF31_TuneCP5_13TeV-powheg-pythia8/crab_extWWToLNuQQ_NNPDF31_TuneCP5_13TeV-powheg-pythia8RunIIFall17MiniAODv2/181222_012821/0000/stopFlatNtuples_72.root
   Adding file /mnt/hadoop/user/uscms01/pnfs/unl.edu/data4/cms/store/user/zflowers/Ewkinos/WWToLNuQQ_NNPDF31_TuneCP5_13TeV-powheg-pythia8/crab_extWWToLNuQQ_NNPDF31_TuneCP5_13TeV-powheg-pythia8RunIIFall17MiniAODv2/181222_012821/0000/stopFlatNtuples_73.root
   Adding file /mnt/hadoop/user/uscms01/pnfs/unl.edu/data4/cms/store/user/zflowers/Ewkinos/WWToLNuQQ_NNPDF31_TuneCP5_13TeV-powheg-pythia8/crab_extWWToLNuQQ_NNPDF31_TuneCP5_13TeV-powheg-pythia8RunIIFall17MiniAODv2/181222_012821/0000/stopFlatNtuples_74.root
   Adding file /mnt/hadoop/user/uscms01/pnfs/unl.edu/data4/cms/store/user/zflowers/Ewkinos/WWToLNuQQ_NNPDF31_TuneCP5_13TeV-powheg-pythia8/crab_extWWToLNuQQ_NNPDF31_TuneCP5_13TeV-powheg-pythia8RunIIFall17MiniAODv2/181222_012821/0000/stopFlatNtuples_75.root
   Adding file /mnt/hadoop/user/uscms01/pnfs/unl.edu/data4/cms/store/user/zflowers/Ewkinos/WWToLNuQQ_NNPDF31_TuneCP5_13TeV-powheg-pythia8/crab_extWWToLNuQQ_NNPDF31_TuneCP5_13TeV-powheg-pythia8RunIIFall17MiniAODv2/181222_012821/0000/stopFlatNtuples_76.root
   Adding file /mnt/hadoop/user/uscms01/pnfs/unl.edu/data4/cms/store/user/zflowers/Ewkinos/WWToLNuQQ_NNPDF31_TuneCP5_13TeV-powheg-pythia8/crab_extWWToLNuQQ_NNPDF31_TuneCP5_13TeV-powheg-pythia8RunIIFall17MiniAODv2/181222_012821/0000/stopFlatNtuples_77.root
   Adding file /mnt/hadoop/user/uscms01/pnfs/unl.edu/data4/cms/store/user/zflowers/Ewkinos/WWToLNuQQ_NNPDF31_TuneCP5_13TeV-powheg-pythia8/crab_extWWToLNuQQ_NNPDF31_TuneCP5_13TeV-powheg-pythia8RunIIFall17MiniAODv2/181222_012821/0000/stopFlatNtuples_78.root
   Adding file /mnt/hadoop/user/uscms01/pnfs/unl.edu/data4/cms/store/user/zflowers/Ewkinos/WWToLNuQQ_NNPDF31_TuneCP5_13TeV-powheg-pythia8/crab_extWWToLNuQQ_NNPDF31_TuneCP5_13TeV-powheg-pythia8RunIIFall17MiniAODv2/181222_012821/0000/stopFlatNtuples_79.root
   Adding file /mnt/hadoop/user/uscms01/pnfs/unl.edu/data4/cms/store/user/zflowers/Ewkinos/WWToLNuQQ_NNPDF31_TuneCP5_13TeV-powheg-pythia8/crab_extWWToLNuQQ_NNPDF31_TuneCP5_13TeV-powheg-pythia8RunIIFall17MiniAODv2/181222_012821/0000/stopFlatNtuples_8.root
   Adding file /mnt/hadoop/user/uscms01/pnfs/unl.edu/data4/cms/store/user/zflowers/Ewkinos/WWToLNuQQ_NNPDF31_TuneCP5_13TeV-powheg-pythia8/crab_extWWToLNuQQ_NNPDF31_TuneCP5_13TeV-powheg-pythia8RunIIFall17MiniAODv2/181222_012821/0000/stopFlatNtuples_80.root
   Adding file /mnt/hadoop/user/uscms01/pnfs/unl.edu/data4/cms/store/user/zflowers/Ewkinos/WWToLNuQQ_NNPDF31_TuneCP5_13TeV-powheg-pythia8/crab_extWWToLNuQQ_NNPDF31_TuneCP5_13TeV-powheg-pythia8RunIIFall17MiniAODv2/181222_012821/0000/stopFlatNtuples_81.root
   Adding file /mnt/hadoop/user/uscms01/pnfs/unl.edu/data4/cms/store/user/zflowers/Ewkinos/WWToLNuQQ_NNPDF31_TuneCP5_13TeV-powheg-pythia8/crab_extWWToLNuQQ_NNPDF31_TuneCP5_13TeV-powheg-pythia8RunIIFall17MiniAODv2/181222_012821/0000/stopFlatNtuples_82.root
   Adding file /mnt/hadoop/user/uscms01/pnfs/unl.edu/data4/cms/store/user/zflowers/Ewkinos/WWToLNuQQ_NNPDF31_TuneCP5_13TeV-powheg-pythia8/crab_extWWToLNuQQ_NNPDF31_TuneCP5_13TeV-powheg-pythia8RunIIFall17MiniAODv2/181222_012821/0000/stopFlatNtuples_83.root
   Adding file /mnt/hadoop/user/uscms01/pnfs/unl.edu/data4/cms/store/user/zflowers/Ewkinos/WWToLNuQQ_NNPDF31_TuneCP5_13TeV-powheg-pythia8/crab_extWWToLNuQQ_NNPDF31_TuneCP5_13TeV-powheg-pythia8RunIIFall17MiniAODv2/181222_012821/0000/stopFlatNtuples_84.root
   Adding file /mnt/hadoop/user/uscms01/pnfs/unl.edu/data4/cms/store/user/zflowers/Ewkinos/WWToLNuQQ_NNPDF31_TuneCP5_13TeV-powheg-pythia8/crab_extWWToLNuQQ_NNPDF31_TuneCP5_13TeV-powheg-pythia8RunIIFall17MiniAODv2/181222_012821/0000/stopFlatNtuples_85.root
   Adding file /mnt/hadoop/user/uscms01/pnfs/unl.edu/data4/cms/store/user/zflowers/Ewkinos/WWToLNuQQ_NNPDF31_TuneCP5_13TeV-powheg-pythia8/crab_extWWToLNuQQ_NNPDF31_TuneCP5_13TeV-powheg-pythia8RunIIFall17MiniAODv2/181222_012821/0000/stopFlatNtuples_86.root
   Adding file /mnt/hadoop/user/uscms01/pnfs/unl.edu/data4/cms/store/user/zflowers/Ewkinos/WWToLNuQQ_NNPDF31_TuneCP5_13TeV-powheg-pythia8/crab_extWWToLNuQQ_NNPDF31_TuneCP5_13TeV-powheg-pythia8RunIIFall17MiniAODv2/181222_012821/0000/stopFlatNtuples_87.root
   Adding file /mnt/hadoop/user/uscms01/pnfs/unl.edu/data4/cms/store/user/zflowers/Ewkinos/WWToLNuQQ_NNPDF31_TuneCP5_13TeV-powheg-pythia8/crab_extWWToLNuQQ_NNPDF31_TuneCP5_13TeV-powheg-pythia8RunIIFall17MiniAODv2/181222_012821/0000/stopFlatNtuples_88.root
   Adding file /mnt/hadoop/user/uscms01/pnfs/unl.edu/data4/cms/store/user/zflowers/Ewkinos/WWToLNuQQ_NNPDF31_TuneCP5_13TeV-powheg-pythia8/crab_extWWToLNuQQ_NNPDF31_TuneCP5_13TeV-powheg-pythia8RunIIFall17MiniAODv2/181222_012821/0000/stopFlatNtuples_89.root
   Adding file /mnt/hadoop/user/uscms01/pnfs/unl.edu/data4/cms/store/user/zflowers/Ewkinos/WWToLNuQQ_NNPDF31_TuneCP5_13TeV-powheg-pythia8/crab_extWWToLNuQQ_NNPDF31_TuneCP5_13TeV-powheg-pythia8RunIIFall17MiniAODv2/181222_012821/0000/stopFlatNtuples_90.root
   Adding file /mnt/hadoop/user/uscms01/pnfs/unl.edu/data4/cms/store/user/zflowers/Ewkinos/WWToLNuQQ_NNPDF31_TuneCP5_13TeV-powheg-pythia8/crab_extWWToLNuQQ_NNPDF31_TuneCP5_13TeV-powheg-pythia8RunIIFall17MiniAODv2/181222_012821/0000/stopFlatNtuples_95.root
   Adding file /mnt/hadoop/user/uscms01/pnfs/unl.edu/data4/cms/store/user/zflowers/Ewkinos/WWToLNuQQ_NNPDF31_TuneCP5_13TeV-powheg-pythia8/crab_extWWToLNuQQ_NNPDF31_TuneCP5_13TeV-powheg-pythia8RunIIFall17MiniAODv2/181222_012821/0000/stopFlatNtuples_96.root
   Adding file /mnt/hadoop/user/uscms01/pnfs/unl.edu/data4/cms/store/user/zflowers/Ewkinos/WWToLNuQQ_NNPDF31_TuneCP5_13TeV-powheg-pythia8/crab_extWWToLNuQQ_NNPDF31_TuneCP5_13TeV-powheg-pythia8RunIIFall17MiniAODv2/181222_012821/0000/stopFlatNtuples_97.root
   Adding file /mnt/hadoop/user/uscms01/pnfs/unl.edu/data4/cms/store/user/zflowers/Ewkinos/WWToLNuQQ_NNPDF31_TuneCP5_13TeV-powheg-pythia8/crab_extWWToLNuQQ_NNPDF31_TuneCP5_13TeV-powheg-pythia8RunIIFall17MiniAODv2/181222_012821/0000/stopFlatNtuples_98.root
   Adding file /mnt/hadoop/user/uscms01/pnfs/unl.edu/data4/cms/store/user/zflowers/Ewkinos/WWToLNuQQ_NNPDF31_TuneCP5_13TeV-powheg-pythia8/crab_extWWToLNuQQ_NNPDF31_TuneCP5_13TeV-powheg-pythia8RunIIFall17MiniAODv2/181222_012821/0000/stopFlatNtuples_99.root
 event = 0 : 3270322
 event = 327032 : 3270322
 event = 654064 : 3270322
 event = 981096 : 3270322
 event = 1308128 : 3270322
 event = 1635160 : 3270322
 event = 1962192 : 3270322
 event = 2289224 : 3270322
 event = 2616256 : 3270322
 event = 2943288 : 3270322
 event = 3270320 : 3270322
Ntree 1
