
[36mRestFrames v1.0.0 -- Developed by Christopher Rogan (crogan@cern.ch)
                     Copyright (c) 2014-2018, Christopher Rogan
                     http://RestFrames.com
[0m
   Adding file /mnt/hadoop/user/uscms01/pnfs/unl.edu/data4/cms/store/user/zflowers/Ewkinos/WWTo2L2Nu_NNPDF31_TuneCP5_PSweights_13TeV-powheg-pythia8/crab_extWWTo2L2Nu_NNPDF31_TuneCP5_PSweights_13TeV-powheg-pythia8RunIIFall17MiniAODv2/181222_012910/0000/stopFlatNtuples_1-1.root
   Adding file /mnt/hadoop/user/uscms01/pnfs/unl.edu/data4/cms/store/user/zflowers/Ewkinos/WWTo2L2Nu_NNPDF31_TuneCP5_PSweights_13TeV-powheg-pythia8/crab_extWWTo2L2Nu_NNPDF31_TuneCP5_PSweights_13TeV-powheg-pythia8RunIIFall17MiniAODv2/181222_012910/0000/stopFlatNtuples_1-2.root
   Adding file /mnt/hadoop/user/uscms01/pnfs/unl.edu/data4/cms/store/user/zflowers/Ewkinos/WWTo2L2Nu_NNPDF31_TuneCP5_PSweights_13TeV-powheg-pythia8/crab_extWWTo2L2Nu_NNPDF31_TuneCP5_PSweights_13TeV-powheg-pythia8RunIIFall17MiniAODv2/181222_012910/0000/stopFlatNtuples_1-3.root
   Adding file /mnt/hadoop/user/uscms01/pnfs/unl.edu/data4/cms/store/user/zflowers/Ewkinos/WWTo2L2Nu_NNPDF31_TuneCP5_PSweights_13TeV-powheg-pythia8/crab_extWWTo2L2Nu_NNPDF31_TuneCP5_PSweights_13TeV-powheg-pythia8RunIIFall17MiniAODv2/181222_012910/0000/stopFlatNtuples_1-4.root
   Adding file /mnt/hadoop/user/uscms01/pnfs/unl.edu/data4/cms/store/user/zflowers/Ewkinos/WWTo2L2Nu_NNPDF31_TuneCP5_PSweights_13TeV-powheg-pythia8/crab_extWWTo2L2Nu_NNPDF31_TuneCP5_PSweights_13TeV-powheg-pythia8RunIIFall17MiniAODv2/181222_012910/0000/stopFlatNtuples_1-5.root
   Adding file /mnt/hadoop/user/uscms01/pnfs/unl.edu/data4/cms/store/user/zflowers/Ewkinos/WWTo2L2Nu_NNPDF31_TuneCP5_PSweights_13TeV-powheg-pythia8/crab_extWWTo2L2Nu_NNPDF31_TuneCP5_PSweights_13TeV-powheg-pythia8RunIIFall17MiniAODv2/181222_012910/0000/stopFlatNtuples_1-6.root
   Adding file /mnt/hadoop/user/uscms01/pnfs/unl.edu/data4/cms/store/user/zflowers/Ewkinos/WWTo2L2Nu_NNPDF31_TuneCP5_PSweights_13TeV-powheg-pythia8/crab_extWWTo2L2Nu_NNPDF31_TuneCP5_PSweights_13TeV-powheg-pythia8RunIIFall17MiniAODv2/181222_012910/0000/stopFlatNtuples_1-7.root
   Adding file /mnt/hadoop/user/uscms01/pnfs/unl.edu/data4/cms/store/user/zflowers/Ewkinos/WWTo2L2Nu_NNPDF31_TuneCP5_PSweights_13TeV-powheg-pythia8/crab_extWWTo2L2Nu_NNPDF31_TuneCP5_PSweights_13TeV-powheg-pythia8RunIIFall17MiniAODv2/181222_012910/0000/stopFlatNtuples_1-8.root
   Adding file /mnt/hadoop/user/uscms01/pnfs/unl.edu/data4/cms/store/user/zflowers/Ewkinos/WWTo2L2Nu_NNPDF31_TuneCP5_PSweights_13TeV-powheg-pythia8/crab_extWWTo2L2Nu_NNPDF31_TuneCP5_PSweights_13TeV-powheg-pythia8RunIIFall17MiniAODv2/181222_012910/0000/stopFlatNtuples_1-9.root
   Adding file /mnt/hadoop/user/uscms01/pnfs/unl.edu/data4/cms/store/user/zflowers/Ewkinos/WWTo2L2Nu_NNPDF31_TuneCP5_PSweights_13TeV-powheg-pythia8/crab_extWWTo2L2Nu_NNPDF31_TuneCP5_PSweights_13TeV-powheg-pythia8RunIIFall17MiniAODv2/181222_012910/0000/stopFlatNtuples_1.root
   Adding file /mnt/hadoop/user/uscms01/pnfs/unl.edu/data4/cms/store/user/zflowers/Ewkinos/WWTo2L2Nu_NNPDF31_TuneCP5_PSweights_13TeV-powheg-pythia8/crab_extWWTo2L2Nu_NNPDF31_TuneCP5_PSweights_13TeV-powheg-pythia8RunIIFall17MiniAODv2/181222_012910/0000/stopFlatNtuples_10.root
   Adding file /mnt/hadoop/user/uscms01/pnfs/unl.edu/data4/cms/store/user/zflowers/Ewkinos/WWTo2L2Nu_NNPDF31_TuneCP5_PSweights_13TeV-powheg-pythia8/crab_extWWTo2L2Nu_NNPDF31_TuneCP5_PSweights_13TeV-powheg-pythia8RunIIFall17MiniAODv2/181222_012910/0000/stopFlatNtuples_11.root
   Adding file /mnt/hadoop/user/uscms01/pnfs/unl.edu/data4/cms/store/user/zflowers/Ewkinos/WWTo2L2Nu_NNPDF31_TuneCP5_PSweights_13TeV-powheg-pythia8/crab_extWWTo2L2Nu_NNPDF31_TuneCP5_PSweights_13TeV-powheg-pythia8RunIIFall17MiniAODv2/181222_012910/0000/stopFlatNtuples_12.root
   Adding file /mnt/hadoop/user/uscms01/pnfs/unl.edu/data4/cms/store/user/zflowers/Ewkinos/WWTo2L2Nu_NNPDF31_TuneCP5_PSweights_13TeV-powheg-pythia8/crab_extWWTo2L2Nu_NNPDF31_TuneCP5_PSweights_13TeV-powheg-pythia8RunIIFall17MiniAODv2/181222_012910/0000/stopFlatNtuples_13.root
   Adding file /mnt/hadoop/user/uscms01/pnfs/unl.edu/data4/cms/store/user/zflowers/Ewkinos/WWTo2L2Nu_NNPDF31_TuneCP5_PSweights_13TeV-powheg-pythia8/crab_extWWTo2L2Nu_NNPDF31_TuneCP5_PSweights_13TeV-powheg-pythia8RunIIFall17MiniAODv2/181222_012910/0000/stopFlatNtuples_14.root
   Adding file /mnt/hadoop/user/uscms01/pnfs/unl.edu/data4/cms/store/user/zflowers/Ewkinos/WWTo2L2Nu_NNPDF31_TuneCP5_PSweights_13TeV-powheg-pythia8/crab_extWWTo2L2Nu_NNPDF31_TuneCP5_PSweights_13TeV-powheg-pythia8RunIIFall17MiniAODv2/181222_012910/0000/stopFlatNtuples_15.root
   Adding file /mnt/hadoop/user/uscms01/pnfs/unl.edu/data4/cms/store/user/zflowers/Ewkinos/WWTo2L2Nu_NNPDF31_TuneCP5_PSweights_13TeV-powheg-pythia8/crab_extWWTo2L2Nu_NNPDF31_TuneCP5_PSweights_13TeV-powheg-pythia8RunIIFall17MiniAODv2/181222_012910/0000/stopFlatNtuples_16.root
   Adding file /mnt/hadoop/user/uscms01/pnfs/unl.edu/data4/cms/store/user/zflowers/Ewkinos/WWTo2L2Nu_NNPDF31_TuneCP5_PSweights_13TeV-powheg-pythia8/crab_extWWTo2L2Nu_NNPDF31_TuneCP5_PSweights_13TeV-powheg-pythia8RunIIFall17MiniAODv2/181222_012910/0000/stopFlatNtuples_17.root
   Adding file /mnt/hadoop/user/uscms01/pnfs/unl.edu/data4/cms/store/user/zflowers/Ewkinos/WWTo2L2Nu_NNPDF31_TuneCP5_PSweights_13TeV-powheg-pythia8/crab_extWWTo2L2Nu_NNPDF31_TuneCP5_PSweights_13TeV-powheg-pythia8RunIIFall17MiniAODv2/181222_012910/0000/stopFlatNtuples_18.root
   Adding file /mnt/hadoop/user/uscms01/pnfs/unl.edu/data4/cms/store/user/zflowers/Ewkinos/WWTo2L2Nu_NNPDF31_TuneCP5_PSweights_13TeV-powheg-pythia8/crab_extWWTo2L2Nu_NNPDF31_TuneCP5_PSweights_13TeV-powheg-pythia8RunIIFall17MiniAODv2/181222_012910/0000/stopFlatNtuples_19.root
   Adding file /mnt/hadoop/user/uscms01/pnfs/unl.edu/data4/cms/store/user/zflowers/Ewkinos/WWTo2L2Nu_NNPDF31_TuneCP5_PSweights_13TeV-powheg-pythia8/crab_extWWTo2L2Nu_NNPDF31_TuneCP5_PSweights_13TeV-powheg-pythia8RunIIFall17MiniAODv2/181222_012910/0000/stopFlatNtuples_2.root
   Adding file /mnt/hadoop/user/uscms01/pnfs/unl.edu/data4/cms/store/user/zflowers/Ewkinos/WWTo2L2Nu_NNPDF31_TuneCP5_PSweights_13TeV-powheg-pythia8/crab_extWWTo2L2Nu_NNPDF31_TuneCP5_PSweights_13TeV-powheg-pythia8RunIIFall17MiniAODv2/181222_012910/0000/stopFlatNtuples_20.root
   Adding file /mnt/hadoop/user/uscms01/pnfs/unl.edu/data4/cms/store/user/zflowers/Ewkinos/WWTo2L2Nu_NNPDF31_TuneCP5_PSweights_13TeV-powheg-pythia8/crab_extWWTo2L2Nu_NNPDF31_TuneCP5_PSweights_13TeV-powheg-pythia8RunIIFall17MiniAODv2/181222_012910/0000/stopFlatNtuples_21.root
   Adding file /mnt/hadoop/user/uscms01/pnfs/unl.edu/data4/cms/store/user/zflowers/Ewkinos/WWTo2L2Nu_NNPDF31_TuneCP5_PSweights_13TeV-powheg-pythia8/crab_extWWTo2L2Nu_NNPDF31_TuneCP5_PSweights_13TeV-powheg-pythia8RunIIFall17MiniAODv2/181222_012910/0000/stopFlatNtuples_22.root
   Adding file /mnt/hadoop/user/uscms01/pnfs/unl.edu/data4/cms/store/user/zflowers/Ewkinos/WWTo2L2Nu_NNPDF31_TuneCP5_PSweights_13TeV-powheg-pythia8/crab_extWWTo2L2Nu_NNPDF31_TuneCP5_PSweights_13TeV-powheg-pythia8RunIIFall17MiniAODv2/181222_012910/0000/stopFlatNtuples_23.root
   Adding file /mnt/hadoop/user/uscms01/pnfs/unl.edu/data4/cms/store/user/zflowers/Ewkinos/WWTo2L2Nu_NNPDF31_TuneCP5_PSweights_13TeV-powheg-pythia8/crab_extWWTo2L2Nu_NNPDF31_TuneCP5_PSweights_13TeV-powheg-pythia8RunIIFall17MiniAODv2/181222_012910/0000/stopFlatNtuples_24.root
   Adding file /mnt/hadoop/user/uscms01/pnfs/unl.edu/data4/cms/store/user/zflowers/Ewkinos/WWTo2L2Nu_NNPDF31_TuneCP5_PSweights_13TeV-powheg-pythia8/crab_extWWTo2L2Nu_NNPDF31_TuneCP5_PSweights_13TeV-powheg-pythia8RunIIFall17MiniAODv2/181222_012910/0000/stopFlatNtuples_25.root
   Adding file /mnt/hadoop/user/uscms01/pnfs/unl.edu/data4/cms/store/user/zflowers/Ewkinos/WWTo2L2Nu_NNPDF31_TuneCP5_PSweights_13TeV-powheg-pythia8/crab_extWWTo2L2Nu_NNPDF31_TuneCP5_PSweights_13TeV-powheg-pythia8RunIIFall17MiniAODv2/181222_012910/0000/stopFlatNtuples_26.root
   Adding file /mnt/hadoop/user/uscms01/pnfs/unl.edu/data4/cms/store/user/zflowers/Ewkinos/WWTo2L2Nu_NNPDF31_TuneCP5_PSweights_13TeV-powheg-pythia8/crab_extWWTo2L2Nu_NNPDF31_TuneCP5_PSweights_13TeV-powheg-pythia8RunIIFall17MiniAODv2/181222_012910/0000/stopFlatNtuples_27.root
   Adding file /mnt/hadoop/user/uscms01/pnfs/unl.edu/data4/cms/store/user/zflowers/Ewkinos/WWTo2L2Nu_NNPDF31_TuneCP5_PSweights_13TeV-powheg-pythia8/crab_extWWTo2L2Nu_NNPDF31_TuneCP5_PSweights_13TeV-powheg-pythia8RunIIFall17MiniAODv2/181222_012910/0000/stopFlatNtuples_28.root
   Adding file /mnt/hadoop/user/uscms01/pnfs/unl.edu/data4/cms/store/user/zflowers/Ewkinos/WWTo2L2Nu_NNPDF31_TuneCP5_PSweights_13TeV-powheg-pythia8/crab_extWWTo2L2Nu_NNPDF31_TuneCP5_PSweights_13TeV-powheg-pythia8RunIIFall17MiniAODv2/181222_012910/0000/stopFlatNtuples_29.root
   Adding file /mnt/hadoop/user/uscms01/pnfs/unl.edu/data4/cms/store/user/zflowers/Ewkinos/WWTo2L2Nu_NNPDF31_TuneCP5_PSweights_13TeV-powheg-pythia8/crab_extWWTo2L2Nu_NNPDF31_TuneCP5_PSweights_13TeV-powheg-pythia8RunIIFall17MiniAODv2/181222_012910/0000/stopFlatNtuples_3.root
   Adding file /mnt/hadoop/user/uscms01/pnfs/unl.edu/data4/cms/store/user/zflowers/Ewkinos/WWTo2L2Nu_NNPDF31_TuneCP5_PSweights_13TeV-powheg-pythia8/crab_extWWTo2L2Nu_NNPDF31_TuneCP5_PSweights_13TeV-powheg-pythia8RunIIFall17MiniAODv2/181222_012910/0000/stopFlatNtuples_30.root
   Adding file /mnt/hadoop/user/uscms01/pnfs/unl.edu/data4/cms/store/user/zflowers/Ewkinos/WWTo2L2Nu_NNPDF31_TuneCP5_PSweights_13TeV-powheg-pythia8/crab_extWWTo2L2Nu_NNPDF31_TuneCP5_PSweights_13TeV-powheg-pythia8RunIIFall17MiniAODv2/181222_012910/0000/stopFlatNtuples_31.root
   Adding file /mnt/hadoop/user/uscms01/pnfs/unl.edu/data4/cms/store/user/zflowers/Ewkinos/WWTo2L2Nu_NNPDF31_TuneCP5_PSweights_13TeV-powheg-pythia8/crab_extWWTo2L2Nu_NNPDF31_TuneCP5_PSweights_13TeV-powheg-pythia8RunIIFall17MiniAODv2/181222_012910/0000/stopFlatNtuples_32.root
   Adding file /mnt/hadoop/user/uscms01/pnfs/unl.edu/data4/cms/store/user/zflowers/Ewkinos/WWTo2L2Nu_NNPDF31_TuneCP5_PSweights_13TeV-powheg-pythia8/crab_extWWTo2L2Nu_NNPDF31_TuneCP5_PSweights_13TeV-powheg-pythia8RunIIFall17MiniAODv2/181222_012910/0000/stopFlatNtuples_33.root
   Adding file /mnt/hadoop/user/uscms01/pnfs/unl.edu/data4/cms/store/user/zflowers/Ewkinos/WWTo2L2Nu_NNPDF31_TuneCP5_PSweights_13TeV-powheg-pythia8/crab_extWWTo2L2Nu_NNPDF31_TuneCP5_PSweights_13TeV-powheg-pythia8RunIIFall17MiniAODv2/181222_012910/0000/stopFlatNtuples_34.root
   Adding file /mnt/hadoop/user/uscms01/pnfs/unl.edu/data4/cms/store/user/zflowers/Ewkinos/WWTo2L2Nu_NNPDF31_TuneCP5_PSweights_13TeV-powheg-pythia8/crab_extWWTo2L2Nu_NNPDF31_TuneCP5_PSweights_13TeV-powheg-pythia8RunIIFall17MiniAODv2/181222_012910/0000/stopFlatNtuples_35.root
   Adding file /mnt/hadoop/user/uscms01/pnfs/unl.edu/data4/cms/store/user/zflowers/Ewkinos/WWTo2L2Nu_NNPDF31_TuneCP5_PSweights_13TeV-powheg-pythia8/crab_extWWTo2L2Nu_NNPDF31_TuneCP5_PSweights_13TeV-powheg-pythia8RunIIFall17MiniAODv2/181222_012910/0000/stopFlatNtuples_36.root
   Adding file /mnt/hadoop/user/uscms01/pnfs/unl.edu/data4/cms/store/user/zflowers/Ewkinos/WWTo2L2Nu_NNPDF31_TuneCP5_PSweights_13TeV-powheg-pythia8/crab_extWWTo2L2Nu_NNPDF31_TuneCP5_PSweights_13TeV-powheg-pythia8RunIIFall17MiniAODv2/181222_012910/0000/stopFlatNtuples_37.root
   Adding file /mnt/hadoop/user/uscms01/pnfs/unl.edu/data4/cms/store/user/zflowers/Ewkinos/WWTo2L2Nu_NNPDF31_TuneCP5_PSweights_13TeV-powheg-pythia8/crab_extWWTo2L2Nu_NNPDF31_TuneCP5_PSweights_13TeV-powheg-pythia8RunIIFall17MiniAODv2/181222_012910/0000/stopFlatNtuples_38.root
   Adding file /mnt/hadoop/user/uscms01/pnfs/unl.edu/data4/cms/store/user/zflowers/Ewkinos/WWTo2L2Nu_NNPDF31_TuneCP5_PSweights_13TeV-powheg-pythia8/crab_extWWTo2L2Nu_NNPDF31_TuneCP5_PSweights_13TeV-powheg-pythia8RunIIFall17MiniAODv2/181222_012910/0000/stopFlatNtuples_39.root
   Adding file /mnt/hadoop/user/uscms01/pnfs/unl.edu/data4/cms/store/user/zflowers/Ewkinos/WWTo2L2Nu_NNPDF31_TuneCP5_PSweights_13TeV-powheg-pythia8/crab_extWWTo2L2Nu_NNPDF31_TuneCP5_PSweights_13TeV-powheg-pythia8RunIIFall17MiniAODv2/181222_012910/0000/stopFlatNtuples_4.root
   Adding file /mnt/hadoop/user/uscms01/pnfs/unl.edu/data4/cms/store/user/zflowers/Ewkinos/WWTo2L2Nu_NNPDF31_TuneCP5_PSweights_13TeV-powheg-pythia8/crab_extWWTo2L2Nu_NNPDF31_TuneCP5_PSweights_13TeV-powheg-pythia8RunIIFall17MiniAODv2/181222_012910/0000/stopFlatNtuples_40.root
   Adding file /mnt/hadoop/user/uscms01/pnfs/unl.edu/data4/cms/store/user/zflowers/Ewkinos/WWTo2L2Nu_NNPDF31_TuneCP5_PSweights_13TeV-powheg-pythia8/crab_extWWTo2L2Nu_NNPDF31_TuneCP5_PSweights_13TeV-powheg-pythia8RunIIFall17MiniAODv2/181222_012910/0000/stopFlatNtuples_41.root
   Adding file /mnt/hadoop/user/uscms01/pnfs/unl.edu/data4/cms/store/user/zflowers/Ewkinos/WWTo2L2Nu_NNPDF31_TuneCP5_PSweights_13TeV-powheg-pythia8/crab_extWWTo2L2Nu_NNPDF31_TuneCP5_PSweights_13TeV-powheg-pythia8RunIIFall17MiniAODv2/181222_012910/0000/stopFlatNtuples_42.root
   Adding file /mnt/hadoop/user/uscms01/pnfs/unl.edu/data4/cms/store/user/zflowers/Ewkinos/WWTo2L2Nu_NNPDF31_TuneCP5_PSweights_13TeV-powheg-pythia8/crab_extWWTo2L2Nu_NNPDF31_TuneCP5_PSweights_13TeV-powheg-pythia8RunIIFall17MiniAODv2/181222_012910/0000/stopFlatNtuples_43.root
   Adding file /mnt/hadoop/user/uscms01/pnfs/unl.edu/data4/cms/store/user/zflowers/Ewkinos/WWTo2L2Nu_NNPDF31_TuneCP5_PSweights_13TeV-powheg-pythia8/crab_extWWTo2L2Nu_NNPDF31_TuneCP5_PSweights_13TeV-powheg-pythia8RunIIFall17MiniAODv2/181222_012910/0000/stopFlatNtuples_44.root
   Adding file /mnt/hadoop/user/uscms01/pnfs/unl.edu/data4/cms/store/user/zflowers/Ewkinos/WWTo2L2Nu_NNPDF31_TuneCP5_PSweights_13TeV-powheg-pythia8/crab_extWWTo2L2Nu_NNPDF31_TuneCP5_PSweights_13TeV-powheg-pythia8RunIIFall17MiniAODv2/181222_012910/0000/stopFlatNtuples_45.root
   Adding file /mnt/hadoop/user/uscms01/pnfs/unl.edu/data4/cms/store/user/zflowers/Ewkinos/WWTo2L2Nu_NNPDF31_TuneCP5_PSweights_13TeV-powheg-pythia8/crab_extWWTo2L2Nu_NNPDF31_TuneCP5_PSweights_13TeV-powheg-pythia8RunIIFall17MiniAODv2/181222_012910/0000/stopFlatNtuples_46.root
   Adding file /mnt/hadoop/user/uscms01/pnfs/unl.edu/data4/cms/store/user/zflowers/Ewkinos/WWTo2L2Nu_NNPDF31_TuneCP5_PSweights_13TeV-powheg-pythia8/crab_extWWTo2L2Nu_NNPDF31_TuneCP5_PSweights_13TeV-powheg-pythia8RunIIFall17MiniAODv2/181222_012910/0000/stopFlatNtuples_47.root
   Adding file /mnt/hadoop/user/uscms01/pnfs/unl.edu/data4/cms/store/user/zflowers/Ewkinos/WWTo2L2Nu_NNPDF31_TuneCP5_PSweights_13TeV-powheg-pythia8/crab_extWWTo2L2Nu_NNPDF31_TuneCP5_PSweights_13TeV-powheg-pythia8RunIIFall17MiniAODv2/181222_012910/0000/stopFlatNtuples_48.root
   Adding file /mnt/hadoop/user/uscms01/pnfs/unl.edu/data4/cms/store/user/zflowers/Ewkinos/WWTo2L2Nu_NNPDF31_TuneCP5_PSweights_13TeV-powheg-pythia8/crab_extWWTo2L2Nu_NNPDF31_TuneCP5_PSweights_13TeV-powheg-pythia8RunIIFall17MiniAODv2/181222_012910/0000/stopFlatNtuples_49.root
   Adding file /mnt/hadoop/user/uscms01/pnfs/unl.edu/data4/cms/store/user/zflowers/Ewkinos/WWTo2L2Nu_NNPDF31_TuneCP5_PSweights_13TeV-powheg-pythia8/crab_extWWTo2L2Nu_NNPDF31_TuneCP5_PSweights_13TeV-powheg-pythia8RunIIFall17MiniAODv2/181222_012910/0000/stopFlatNtuples_5.root
   Adding file /mnt/hadoop/user/uscms01/pnfs/unl.edu/data4/cms/store/user/zflowers/Ewkinos/WWTo2L2Nu_NNPDF31_TuneCP5_PSweights_13TeV-powheg-pythia8/crab_extWWTo2L2Nu_NNPDF31_TuneCP5_PSweights_13TeV-powheg-pythia8RunIIFall17MiniAODv2/181222_012910/0000/stopFlatNtuples_50.root
   Adding file /mnt/hadoop/user/uscms01/pnfs/unl.edu/data4/cms/store/user/zflowers/Ewkinos/WWTo2L2Nu_NNPDF31_TuneCP5_PSweights_13TeV-powheg-pythia8/crab_extWWTo2L2Nu_NNPDF31_TuneCP5_PSweights_13TeV-powheg-pythia8RunIIFall17MiniAODv2/181222_012910/0000/stopFlatNtuples_6.root
   Adding file /mnt/hadoop/user/uscms01/pnfs/unl.edu/data4/cms/store/user/zflowers/Ewkinos/WWTo2L2Nu_NNPDF31_TuneCP5_PSweights_13TeV-powheg-pythia8/crab_extWWTo2L2Nu_NNPDF31_TuneCP5_PSweights_13TeV-powheg-pythia8RunIIFall17MiniAODv2/181222_012910/0000/stopFlatNtuples_7.root
   Adding file /mnt/hadoop/user/uscms01/pnfs/unl.edu/data4/cms/store/user/zflowers/Ewkinos/WWTo2L2Nu_NNPDF31_TuneCP5_PSweights_13TeV-powheg-pythia8/crab_extWWTo2L2Nu_NNPDF31_TuneCP5_PSweights_13TeV-powheg-pythia8RunIIFall17MiniAODv2/181222_012910/0000/stopFlatNtuples_8.root
   Adding file /mnt/hadoop/user/uscms01/pnfs/unl.edu/data4/cms/store/user/zflowers/Ewkinos/WWTo2L2Nu_NNPDF31_TuneCP5_PSweights_13TeV-powheg-pythia8/crab_extWWTo2L2Nu_NNPDF31_TuneCP5_PSweights_13TeV-powheg-pythia8RunIIFall17MiniAODv2/181222_012910/0000/stopFlatNtuples_9.root
 event = 0 : 2000000
