
[36mRestFrames v1.0.0 -- Developed by Christopher Rogan (crogan@cern.ch)
                     Copyright (c) 2014-2018, Christopher Rogan
                     http://RestFrames.com
[0m
   Adding file /mnt/hadoop/user/uscms01/pnfs/unl.edu/data4/cms/store/user/zflowers/Ewkinos/WWTo4Q_NNPDF31_TuneCP5_13TeV-powheg-pythia8/crab_WWTo4Q_NNPDF31_TuneCP5_13TeV-powheg-pythia8RunIIFall17MiniAODv2/181222_012731/0000/stopFlatNtuples_1-1.root
   Adding file /mnt/hadoop/user/uscms01/pnfs/unl.edu/data4/cms/store/user/zflowers/Ewkinos/WWTo4Q_NNPDF31_TuneCP5_13TeV-powheg-pythia8/crab_WWTo4Q_NNPDF31_TuneCP5_13TeV-powheg-pythia8RunIIFall17MiniAODv2/181222_012731/0000/stopFlatNtuples_1-10.root
   Adding file /mnt/hadoop/user/uscms01/pnfs/unl.edu/data4/cms/store/user/zflowers/Ewkinos/WWTo4Q_NNPDF31_TuneCP5_13TeV-powheg-pythia8/crab_WWTo4Q_NNPDF31_TuneCP5_13TeV-powheg-pythia8RunIIFall17MiniAODv2/181222_012731/0000/stopFlatNtuples_1-11.root
   Adding file /mnt/hadoop/user/uscms01/pnfs/unl.edu/data4/cms/store/user/zflowers/Ewkinos/WWTo4Q_NNPDF31_TuneCP5_13TeV-powheg-pythia8/crab_WWTo4Q_NNPDF31_TuneCP5_13TeV-powheg-pythia8RunIIFall17MiniAODv2/181222_012731/0000/stopFlatNtuples_1-12.root
   Adding file /mnt/hadoop/user/uscms01/pnfs/unl.edu/data4/cms/store/user/zflowers/Ewkinos/WWTo4Q_NNPDF31_TuneCP5_13TeV-powheg-pythia8/crab_WWTo4Q_NNPDF31_TuneCP5_13TeV-powheg-pythia8RunIIFall17MiniAODv2/181222_012731/0000/stopFlatNtuples_1-13.root
   Adding file /mnt/hadoop/user/uscms01/pnfs/unl.edu/data4/cms/store/user/zflowers/Ewkinos/WWTo4Q_NNPDF31_TuneCP5_13TeV-powheg-pythia8/crab_WWTo4Q_NNPDF31_TuneCP5_13TeV-powheg-pythia8RunIIFall17MiniAODv2/181222_012731/0000/stopFlatNtuples_1-14.root
   Adding file /mnt/hadoop/user/uscms01/pnfs/unl.edu/data4/cms/store/user/zflowers/Ewkinos/WWTo4Q_NNPDF31_TuneCP5_13TeV-powheg-pythia8/crab_WWTo4Q_NNPDF31_TuneCP5_13TeV-powheg-pythia8RunIIFall17MiniAODv2/181222_012731/0000/stopFlatNtuples_1-15.root
   Adding file /mnt/hadoop/user/uscms01/pnfs/unl.edu/data4/cms/store/user/zflowers/Ewkinos/WWTo4Q_NNPDF31_TuneCP5_13TeV-powheg-pythia8/crab_WWTo4Q_NNPDF31_TuneCP5_13TeV-powheg-pythia8RunIIFall17MiniAODv2/181222_012731/0000/stopFlatNtuples_1-16.root
   Adding file /mnt/hadoop/user/uscms01/pnfs/unl.edu/data4/cms/store/user/zflowers/Ewkinos/WWTo4Q_NNPDF31_TuneCP5_13TeV-powheg-pythia8/crab_WWTo4Q_NNPDF31_TuneCP5_13TeV-powheg-pythia8RunIIFall17MiniAODv2/181222_012731/0000/stopFlatNtuples_1-17.root
   Adding file /mnt/hadoop/user/uscms01/pnfs/unl.edu/data4/cms/store/user/zflowers/Ewkinos/WWTo4Q_NNPDF31_TuneCP5_13TeV-powheg-pythia8/crab_WWTo4Q_NNPDF31_TuneCP5_13TeV-powheg-pythia8RunIIFall17MiniAODv2/181222_012731/0000/stopFlatNtuples_1-18.root
   Adding file /mnt/hadoop/user/uscms01/pnfs/unl.edu/data4/cms/store/user/zflowers/Ewkinos/WWTo4Q_NNPDF31_TuneCP5_13TeV-powheg-pythia8/crab_WWTo4Q_NNPDF31_TuneCP5_13TeV-powheg-pythia8RunIIFall17MiniAODv2/181222_012731/0000/stopFlatNtuples_1-19.root
   Adding file /mnt/hadoop/user/uscms01/pnfs/unl.edu/data4/cms/store/user/zflowers/Ewkinos/WWTo4Q_NNPDF31_TuneCP5_13TeV-powheg-pythia8/crab_WWTo4Q_NNPDF31_TuneCP5_13TeV-powheg-pythia8RunIIFall17MiniAODv2/181222_012731/0000/stopFlatNtuples_1-2.root
   Adding file /mnt/hadoop/user/uscms01/pnfs/unl.edu/data4/cms/store/user/zflowers/Ewkinos/WWTo4Q_NNPDF31_TuneCP5_13TeV-powheg-pythia8/crab_WWTo4Q_NNPDF31_TuneCP5_13TeV-powheg-pythia8RunIIFall17MiniAODv2/181222_012731/0000/stopFlatNtuples_1-20.root
   Adding file /mnt/hadoop/user/uscms01/pnfs/unl.edu/data4/cms/store/user/zflowers/Ewkinos/WWTo4Q_NNPDF31_TuneCP5_13TeV-powheg-pythia8/crab_WWTo4Q_NNPDF31_TuneCP5_13TeV-powheg-pythia8RunIIFall17MiniAODv2/181222_012731/0000/stopFlatNtuples_1-21.root
   Adding file /mnt/hadoop/user/uscms01/pnfs/unl.edu/data4/cms/store/user/zflowers/Ewkinos/WWTo4Q_NNPDF31_TuneCP5_13TeV-powheg-pythia8/crab_WWTo4Q_NNPDF31_TuneCP5_13TeV-powheg-pythia8RunIIFall17MiniAODv2/181222_012731/0000/stopFlatNtuples_1-22.root
   Adding file /mnt/hadoop/user/uscms01/pnfs/unl.edu/data4/cms/store/user/zflowers/Ewkinos/WWTo4Q_NNPDF31_TuneCP5_13TeV-powheg-pythia8/crab_WWTo4Q_NNPDF31_TuneCP5_13TeV-powheg-pythia8RunIIFall17MiniAODv2/181222_012731/0000/stopFlatNtuples_1-23.root
   Adding file /mnt/hadoop/user/uscms01/pnfs/unl.edu/data4/cms/store/user/zflowers/Ewkinos/WWTo4Q_NNPDF31_TuneCP5_13TeV-powheg-pythia8/crab_WWTo4Q_NNPDF31_TuneCP5_13TeV-powheg-pythia8RunIIFall17MiniAODv2/181222_012731/0000/stopFlatNtuples_1-24.root
   Adding file /mnt/hadoop/user/uscms01/pnfs/unl.edu/data4/cms/store/user/zflowers/Ewkinos/WWTo4Q_NNPDF31_TuneCP5_13TeV-powheg-pythia8/crab_WWTo4Q_NNPDF31_TuneCP5_13TeV-powheg-pythia8RunIIFall17MiniAODv2/181222_012731/0000/stopFlatNtuples_1-25.root
   Adding file /mnt/hadoop/user/uscms01/pnfs/unl.edu/data4/cms/store/user/zflowers/Ewkinos/WWTo4Q_NNPDF31_TuneCP5_13TeV-powheg-pythia8/crab_WWTo4Q_NNPDF31_TuneCP5_13TeV-powheg-pythia8RunIIFall17MiniAODv2/181222_012731/0000/stopFlatNtuples_1-26.root
   Adding file /mnt/hadoop/user/uscms01/pnfs/unl.edu/data4/cms/store/user/zflowers/Ewkinos/WWTo4Q_NNPDF31_TuneCP5_13TeV-powheg-pythia8/crab_WWTo4Q_NNPDF31_TuneCP5_13TeV-powheg-pythia8RunIIFall17MiniAODv2/181222_012731/0000/stopFlatNtuples_1-27.root
   Adding file /mnt/hadoop/user/uscms01/pnfs/unl.edu/data4/cms/store/user/zflowers/Ewkinos/WWTo4Q_NNPDF31_TuneCP5_13TeV-powheg-pythia8/crab_WWTo4Q_NNPDF31_TuneCP5_13TeV-powheg-pythia8RunIIFall17MiniAODv2/181222_012731/0000/stopFlatNtuples_1-28.root
   Adding file /mnt/hadoop/user/uscms01/pnfs/unl.edu/data4/cms/store/user/zflowers/Ewkinos/WWTo4Q_NNPDF31_TuneCP5_13TeV-powheg-pythia8/crab_WWTo4Q_NNPDF31_TuneCP5_13TeV-powheg-pythia8RunIIFall17MiniAODv2/181222_012731/0000/stopFlatNtuples_1-29.root
   Adding file /mnt/hadoop/user/uscms01/pnfs/unl.edu/data4/cms/store/user/zflowers/Ewkinos/WWTo4Q_NNPDF31_TuneCP5_13TeV-powheg-pythia8/crab_WWTo4Q_NNPDF31_TuneCP5_13TeV-powheg-pythia8RunIIFall17MiniAODv2/181222_012731/0000/stopFlatNtuples_1-3.root
   Adding file /mnt/hadoop/user/uscms01/pnfs/unl.edu/data4/cms/store/user/zflowers/Ewkinos/WWTo4Q_NNPDF31_TuneCP5_13TeV-powheg-pythia8/crab_WWTo4Q_NNPDF31_TuneCP5_13TeV-powheg-pythia8RunIIFall17MiniAODv2/181222_012731/0000/stopFlatNtuples_1-30.root
   Adding file /mnt/hadoop/user/uscms01/pnfs/unl.edu/data4/cms/store/user/zflowers/Ewkinos/WWTo4Q_NNPDF31_TuneCP5_13TeV-powheg-pythia8/crab_WWTo4Q_NNPDF31_TuneCP5_13TeV-powheg-pythia8RunIIFall17MiniAODv2/181222_012731/0000/stopFlatNtuples_1-31.root
   Adding file /mnt/hadoop/user/uscms01/pnfs/unl.edu/data4/cms/store/user/zflowers/Ewkinos/WWTo4Q_NNPDF31_TuneCP5_13TeV-powheg-pythia8/crab_WWTo4Q_NNPDF31_TuneCP5_13TeV-powheg-pythia8RunIIFall17MiniAODv2/181222_012731/0000/stopFlatNtuples_1-32.root
   Adding file /mnt/hadoop/user/uscms01/pnfs/unl.edu/data4/cms/store/user/zflowers/Ewkinos/WWTo4Q_NNPDF31_TuneCP5_13TeV-powheg-pythia8/crab_WWTo4Q_NNPDF31_TuneCP5_13TeV-powheg-pythia8RunIIFall17MiniAODv2/181222_012731/0000/stopFlatNtuples_1-33.root
   Adding file /mnt/hadoop/user/uscms01/pnfs/unl.edu/data4/cms/store/user/zflowers/Ewkinos/WWTo4Q_NNPDF31_TuneCP5_13TeV-powheg-pythia8/crab_WWTo4Q_NNPDF31_TuneCP5_13TeV-powheg-pythia8RunIIFall17MiniAODv2/181222_012731/0000/stopFlatNtuples_1-34.root
   Adding file /mnt/hadoop/user/uscms01/pnfs/unl.edu/data4/cms/store/user/zflowers/Ewkinos/WWTo4Q_NNPDF31_TuneCP5_13TeV-powheg-pythia8/crab_WWTo4Q_NNPDF31_TuneCP5_13TeV-powheg-pythia8RunIIFall17MiniAODv2/181222_012731/0000/stopFlatNtuples_1-35.root
   Adding file /mnt/hadoop/user/uscms01/pnfs/unl.edu/data4/cms/store/user/zflowers/Ewkinos/WWTo4Q_NNPDF31_TuneCP5_13TeV-powheg-pythia8/crab_WWTo4Q_NNPDF31_TuneCP5_13TeV-powheg-pythia8RunIIFall17MiniAODv2/181222_012731/0000/stopFlatNtuples_1-36.root
   Adding file /mnt/hadoop/user/uscms01/pnfs/unl.edu/data4/cms/store/user/zflowers/Ewkinos/WWTo4Q_NNPDF31_TuneCP5_13TeV-powheg-pythia8/crab_WWTo4Q_NNPDF31_TuneCP5_13TeV-powheg-pythia8RunIIFall17MiniAODv2/181222_012731/0000/stopFlatNtuples_1-37.root
   Adding file /mnt/hadoop/user/uscms01/pnfs/unl.edu/data4/cms/store/user/zflowers/Ewkinos/WWTo4Q_NNPDF31_TuneCP5_13TeV-powheg-pythia8/crab_WWTo4Q_NNPDF31_TuneCP5_13TeV-powheg-pythia8RunIIFall17MiniAODv2/181222_012731/0000/stopFlatNtuples_1-38.root
   Adding file /mnt/hadoop/user/uscms01/pnfs/unl.edu/data4/cms/store/user/zflowers/Ewkinos/WWTo4Q_NNPDF31_TuneCP5_13TeV-powheg-pythia8/crab_WWTo4Q_NNPDF31_TuneCP5_13TeV-powheg-pythia8RunIIFall17MiniAODv2/181222_012731/0000/stopFlatNtuples_1-39.root
   Adding file /mnt/hadoop/user/uscms01/pnfs/unl.edu/data4/cms/store/user/zflowers/Ewkinos/WWTo4Q_NNPDF31_TuneCP5_13TeV-powheg-pythia8/crab_WWTo4Q_NNPDF31_TuneCP5_13TeV-powheg-pythia8RunIIFall17MiniAODv2/181222_012731/0000/stopFlatNtuples_1-4.root
   Adding file /mnt/hadoop/user/uscms01/pnfs/unl.edu/data4/cms/store/user/zflowers/Ewkinos/WWTo4Q_NNPDF31_TuneCP5_13TeV-powheg-pythia8/crab_WWTo4Q_NNPDF31_TuneCP5_13TeV-powheg-pythia8RunIIFall17MiniAODv2/181222_012731/0000/stopFlatNtuples_1-40.root
   Adding file /mnt/hadoop/user/uscms01/pnfs/unl.edu/data4/cms/store/user/zflowers/Ewkinos/WWTo4Q_NNPDF31_TuneCP5_13TeV-powheg-pythia8/crab_WWTo4Q_NNPDF31_TuneCP5_13TeV-powheg-pythia8RunIIFall17MiniAODv2/181222_012731/0000/stopFlatNtuples_1-41.root
   Adding file /mnt/hadoop/user/uscms01/pnfs/unl.edu/data4/cms/store/user/zflowers/Ewkinos/WWTo4Q_NNPDF31_TuneCP5_13TeV-powheg-pythia8/crab_WWTo4Q_NNPDF31_TuneCP5_13TeV-powheg-pythia8RunIIFall17MiniAODv2/181222_012731/0000/stopFlatNtuples_1-42.root
   Adding file /mnt/hadoop/user/uscms01/pnfs/unl.edu/data4/cms/store/user/zflowers/Ewkinos/WWTo4Q_NNPDF31_TuneCP5_13TeV-powheg-pythia8/crab_WWTo4Q_NNPDF31_TuneCP5_13TeV-powheg-pythia8RunIIFall17MiniAODv2/181222_012731/0000/stopFlatNtuples_1-43.root
   Adding file /mnt/hadoop/user/uscms01/pnfs/unl.edu/data4/cms/store/user/zflowers/Ewkinos/WWTo4Q_NNPDF31_TuneCP5_13TeV-powheg-pythia8/crab_WWTo4Q_NNPDF31_TuneCP5_13TeV-powheg-pythia8RunIIFall17MiniAODv2/181222_012731/0000/stopFlatNtuples_1-44.root
   Adding file /mnt/hadoop/user/uscms01/pnfs/unl.edu/data4/cms/store/user/zflowers/Ewkinos/WWTo4Q_NNPDF31_TuneCP5_13TeV-powheg-pythia8/crab_WWTo4Q_NNPDF31_TuneCP5_13TeV-powheg-pythia8RunIIFall17MiniAODv2/181222_012731/0000/stopFlatNtuples_1-45.root
   Adding file /mnt/hadoop/user/uscms01/pnfs/unl.edu/data4/cms/store/user/zflowers/Ewkinos/WWTo4Q_NNPDF31_TuneCP5_13TeV-powheg-pythia8/crab_WWTo4Q_NNPDF31_TuneCP5_13TeV-powheg-pythia8RunIIFall17MiniAODv2/181222_012731/0000/stopFlatNtuples_1-46.root
   Adding file /mnt/hadoop/user/uscms01/pnfs/unl.edu/data4/cms/store/user/zflowers/Ewkinos/WWTo4Q_NNPDF31_TuneCP5_13TeV-powheg-pythia8/crab_WWTo4Q_NNPDF31_TuneCP5_13TeV-powheg-pythia8RunIIFall17MiniAODv2/181222_012731/0000/stopFlatNtuples_1-47.root
   Adding file /mnt/hadoop/user/uscms01/pnfs/unl.edu/data4/cms/store/user/zflowers/Ewkinos/WWTo4Q_NNPDF31_TuneCP5_13TeV-powheg-pythia8/crab_WWTo4Q_NNPDF31_TuneCP5_13TeV-powheg-pythia8RunIIFall17MiniAODv2/181222_012731/0000/stopFlatNtuples_1-5.root
   Adding file /mnt/hadoop/user/uscms01/pnfs/unl.edu/data4/cms/store/user/zflowers/Ewkinos/WWTo4Q_NNPDF31_TuneCP5_13TeV-powheg-pythia8/crab_WWTo4Q_NNPDF31_TuneCP5_13TeV-powheg-pythia8RunIIFall17MiniAODv2/181222_012731/0000/stopFlatNtuples_1-6.root
   Adding file /mnt/hadoop/user/uscms01/pnfs/unl.edu/data4/cms/store/user/zflowers/Ewkinos/WWTo4Q_NNPDF31_TuneCP5_13TeV-powheg-pythia8/crab_WWTo4Q_NNPDF31_TuneCP5_13TeV-powheg-pythia8RunIIFall17MiniAODv2/181222_012731/0000/stopFlatNtuples_1-7.root
   Adding file /mnt/hadoop/user/uscms01/pnfs/unl.edu/data4/cms/store/user/zflowers/Ewkinos/WWTo4Q_NNPDF31_TuneCP5_13TeV-powheg-pythia8/crab_WWTo4Q_NNPDF31_TuneCP5_13TeV-powheg-pythia8RunIIFall17MiniAODv2/181222_012731/0000/stopFlatNtuples_1-8.root
   Adding file /mnt/hadoop/user/uscms01/pnfs/unl.edu/data4/cms/store/user/zflowers/Ewkinos/WWTo4Q_NNPDF31_TuneCP5_13TeV-powheg-pythia8/crab_WWTo4Q_NNPDF31_TuneCP5_13TeV-powheg-pythia8RunIIFall17MiniAODv2/181222_012731/0000/stopFlatNtuples_1-9.root
   Adding file /mnt/hadoop/user/uscms01/pnfs/unl.edu/data4/cms/store/user/zflowers/Ewkinos/WWTo4Q_NNPDF31_TuneCP5_13TeV-powheg-pythia8/crab_WWTo4Q_NNPDF31_TuneCP5_13TeV-powheg-pythia8RunIIFall17MiniAODv2/181222_012731/0000/stopFlatNtuples_1.root
   Adding file /mnt/hadoop/user/uscms01/pnfs/unl.edu/data4/cms/store/user/zflowers/Ewkinos/WWTo4Q_NNPDF31_TuneCP5_13TeV-powheg-pythia8/crab_WWTo4Q_NNPDF31_TuneCP5_13TeV-powheg-pythia8RunIIFall17MiniAODv2/181222_012731/0000/stopFlatNtuples_11.root
   Adding file /mnt/hadoop/user/uscms01/pnfs/unl.edu/data4/cms/store/user/zflowers/Ewkinos/WWTo4Q_NNPDF31_TuneCP5_13TeV-powheg-pythia8/crab_WWTo4Q_NNPDF31_TuneCP5_13TeV-powheg-pythia8RunIIFall17MiniAODv2/181222_012731/0000/stopFlatNtuples_12.root
   Adding file /mnt/hadoop/user/uscms01/pnfs/unl.edu/data4/cms/store/user/zflowers/Ewkinos/WWTo4Q_NNPDF31_TuneCP5_13TeV-powheg-pythia8/crab_WWTo4Q_NNPDF31_TuneCP5_13TeV-powheg-pythia8RunIIFall17MiniAODv2/181222_012731/0000/stopFlatNtuples_13.root
   Adding file /mnt/hadoop/user/uscms01/pnfs/unl.edu/data4/cms/store/user/zflowers/Ewkinos/WWTo4Q_NNPDF31_TuneCP5_13TeV-powheg-pythia8/crab_WWTo4Q_NNPDF31_TuneCP5_13TeV-powheg-pythia8RunIIFall17MiniAODv2/181222_012731/0000/stopFlatNtuples_14.root
   Adding file /mnt/hadoop/user/uscms01/pnfs/unl.edu/data4/cms/store/user/zflowers/Ewkinos/WWTo4Q_NNPDF31_TuneCP5_13TeV-powheg-pythia8/crab_WWTo4Q_NNPDF31_TuneCP5_13TeV-powheg-pythia8RunIIFall17MiniAODv2/181222_012731/0000/stopFlatNtuples_15.root
   Adding file /mnt/hadoop/user/uscms01/pnfs/unl.edu/data4/cms/store/user/zflowers/Ewkinos/WWTo4Q_NNPDF31_TuneCP5_13TeV-powheg-pythia8/crab_WWTo4Q_NNPDF31_TuneCP5_13TeV-powheg-pythia8RunIIFall17MiniAODv2/181222_012731/0000/stopFlatNtuples_2.root
   Adding file /mnt/hadoop/user/uscms01/pnfs/unl.edu/data4/cms/store/user/zflowers/Ewkinos/WWTo4Q_NNPDF31_TuneCP5_13TeV-powheg-pythia8/crab_WWTo4Q_NNPDF31_TuneCP5_13TeV-powheg-pythia8RunIIFall17MiniAODv2/181222_012731/0000/stopFlatNtuples_20.root
   Adding file /mnt/hadoop/user/uscms01/pnfs/unl.edu/data4/cms/store/user/zflowers/Ewkinos/WWTo4Q_NNPDF31_TuneCP5_13TeV-powheg-pythia8/crab_WWTo4Q_NNPDF31_TuneCP5_13TeV-powheg-pythia8RunIIFall17MiniAODv2/181222_012731/0000/stopFlatNtuples_21.root
   Adding file /mnt/hadoop/user/uscms01/pnfs/unl.edu/data4/cms/store/user/zflowers/Ewkinos/WWTo4Q_NNPDF31_TuneCP5_13TeV-powheg-pythia8/crab_WWTo4Q_NNPDF31_TuneCP5_13TeV-powheg-pythia8RunIIFall17MiniAODv2/181222_012731/0000/stopFlatNtuples_22.root
   Adding file /mnt/hadoop/user/uscms01/pnfs/unl.edu/data4/cms/store/user/zflowers/Ewkinos/WWTo4Q_NNPDF31_TuneCP5_13TeV-powheg-pythia8/crab_WWTo4Q_NNPDF31_TuneCP5_13TeV-powheg-pythia8RunIIFall17MiniAODv2/181222_012731/0000/stopFlatNtuples_23.root
   Adding file /mnt/hadoop/user/uscms01/pnfs/unl.edu/data4/cms/store/user/zflowers/Ewkinos/WWTo4Q_NNPDF31_TuneCP5_13TeV-powheg-pythia8/crab_WWTo4Q_NNPDF31_TuneCP5_13TeV-powheg-pythia8RunIIFall17MiniAODv2/181222_012731/0000/stopFlatNtuples_24.root
   Adding file /mnt/hadoop/user/uscms01/pnfs/unl.edu/data4/cms/store/user/zflowers/Ewkinos/WWTo4Q_NNPDF31_TuneCP5_13TeV-powheg-pythia8/crab_WWTo4Q_NNPDF31_TuneCP5_13TeV-powheg-pythia8RunIIFall17MiniAODv2/181222_012731/0000/stopFlatNtuples_25.root
   Adding file /mnt/hadoop/user/uscms01/pnfs/unl.edu/data4/cms/store/user/zflowers/Ewkinos/WWTo4Q_NNPDF31_TuneCP5_13TeV-powheg-pythia8/crab_WWTo4Q_NNPDF31_TuneCP5_13TeV-powheg-pythia8RunIIFall17MiniAODv2/181222_012731/0000/stopFlatNtuples_26.root
   Adding file /mnt/hadoop/user/uscms01/pnfs/unl.edu/data4/cms/store/user/zflowers/Ewkinos/WWTo4Q_NNPDF31_TuneCP5_13TeV-powheg-pythia8/crab_WWTo4Q_NNPDF31_TuneCP5_13TeV-powheg-pythia8RunIIFall17MiniAODv2/181222_012731/0000/stopFlatNtuples_27.root
   Adding file /mnt/hadoop/user/uscms01/pnfs/unl.edu/data4/cms/store/user/zflowers/Ewkinos/WWTo4Q_NNPDF31_TuneCP5_13TeV-powheg-pythia8/crab_WWTo4Q_NNPDF31_TuneCP5_13TeV-powheg-pythia8RunIIFall17MiniAODv2/181222_012731/0000/stopFlatNtuples_28.root
   Adding file /mnt/hadoop/user/uscms01/pnfs/unl.edu/data4/cms/store/user/zflowers/Ewkinos/WWTo4Q_NNPDF31_TuneCP5_13TeV-powheg-pythia8/crab_WWTo4Q_NNPDF31_TuneCP5_13TeV-powheg-pythia8RunIIFall17MiniAODv2/181222_012731/0000/stopFlatNtuples_29.root
   Adding file /mnt/hadoop/user/uscms01/pnfs/unl.edu/data4/cms/store/user/zflowers/Ewkinos/WWTo4Q_NNPDF31_TuneCP5_13TeV-powheg-pythia8/crab_WWTo4Q_NNPDF31_TuneCP5_13TeV-powheg-pythia8RunIIFall17MiniAODv2/181222_012731/0000/stopFlatNtuples_30.root
   Adding file /mnt/hadoop/user/uscms01/pnfs/unl.edu/data4/cms/store/user/zflowers/Ewkinos/WWTo4Q_NNPDF31_TuneCP5_13TeV-powheg-pythia8/crab_WWTo4Q_NNPDF31_TuneCP5_13TeV-powheg-pythia8RunIIFall17MiniAODv2/181222_012731/0000/stopFlatNtuples_31.root
   Adding file /mnt/hadoop/user/uscms01/pnfs/unl.edu/data4/cms/store/user/zflowers/Ewkinos/WWTo4Q_NNPDF31_TuneCP5_13TeV-powheg-pythia8/crab_WWTo4Q_NNPDF31_TuneCP5_13TeV-powheg-pythia8RunIIFall17MiniAODv2/181222_012731/0000/stopFlatNtuples_32.root
   Adding file /mnt/hadoop/user/uscms01/pnfs/unl.edu/data4/cms/store/user/zflowers/Ewkinos/WWTo4Q_NNPDF31_TuneCP5_13TeV-powheg-pythia8/crab_WWTo4Q_NNPDF31_TuneCP5_13TeV-powheg-pythia8RunIIFall17MiniAODv2/181222_012731/0000/stopFlatNtuples_33.root
   Adding file /mnt/hadoop/user/uscms01/pnfs/unl.edu/data4/cms/store/user/zflowers/Ewkinos/WWTo4Q_NNPDF31_TuneCP5_13TeV-powheg-pythia8/crab_WWTo4Q_NNPDF31_TuneCP5_13TeV-powheg-pythia8RunIIFall17MiniAODv2/181222_012731/0000/stopFlatNtuples_35.root
   Adding file /mnt/hadoop/user/uscms01/pnfs/unl.edu/data4/cms/store/user/zflowers/Ewkinos/WWTo4Q_NNPDF31_TuneCP5_13TeV-powheg-pythia8/crab_WWTo4Q_NNPDF31_TuneCP5_13TeV-powheg-pythia8RunIIFall17MiniAODv2/181222_012731/0000/stopFlatNtuples_36.root
   Adding file /mnt/hadoop/user/uscms01/pnfs/unl.edu/data4/cms/store/user/zflowers/Ewkinos/WWTo4Q_NNPDF31_TuneCP5_13TeV-powheg-pythia8/crab_WWTo4Q_NNPDF31_TuneCP5_13TeV-powheg-pythia8RunIIFall17MiniAODv2/181222_012731/0000/stopFlatNtuples_37.root
   Adding file /mnt/hadoop/user/uscms01/pnfs/unl.edu/data4/cms/store/user/zflowers/Ewkinos/WWTo4Q_NNPDF31_TuneCP5_13TeV-powheg-pythia8/crab_WWTo4Q_NNPDF31_TuneCP5_13TeV-powheg-pythia8RunIIFall17MiniAODv2/181222_012731/0000/stopFlatNtuples_38.root
   Adding file /mnt/hadoop/user/uscms01/pnfs/unl.edu/data4/cms/store/user/zflowers/Ewkinos/WWTo4Q_NNPDF31_TuneCP5_13TeV-powheg-pythia8/crab_WWTo4Q_NNPDF31_TuneCP5_13TeV-powheg-pythia8RunIIFall17MiniAODv2/181222_012731/0000/stopFlatNtuples_39.root
   Adding file /mnt/hadoop/user/uscms01/pnfs/unl.edu/data4/cms/store/user/zflowers/Ewkinos/WWTo4Q_NNPDF31_TuneCP5_13TeV-powheg-pythia8/crab_WWTo4Q_NNPDF31_TuneCP5_13TeV-powheg-pythia8RunIIFall17MiniAODv2/181222_012731/0000/stopFlatNtuples_40.root
   Adding file /mnt/hadoop/user/uscms01/pnfs/unl.edu/data4/cms/store/user/zflowers/Ewkinos/WWTo4Q_NNPDF31_TuneCP5_13TeV-powheg-pythia8/crab_WWTo4Q_NNPDF31_TuneCP5_13TeV-powheg-pythia8RunIIFall17MiniAODv2/181222_012731/0000/stopFlatNtuples_41.root
   Adding file /mnt/hadoop/user/uscms01/pnfs/unl.edu/data4/cms/store/user/zflowers/Ewkinos/WWTo4Q_NNPDF31_TuneCP5_13TeV-powheg-pythia8/crab_WWTo4Q_NNPDF31_TuneCP5_13TeV-powheg-pythia8RunIIFall17MiniAODv2/181222_012731/0000/stopFlatNtuples_43.root
   Adding file /mnt/hadoop/user/uscms01/pnfs/unl.edu/data4/cms/store/user/zflowers/Ewkinos/WWTo4Q_NNPDF31_TuneCP5_13TeV-powheg-pythia8/crab_WWTo4Q_NNPDF31_TuneCP5_13TeV-powheg-pythia8RunIIFall17MiniAODv2/181222_012731/0000/stopFlatNtuples_44.root
   Adding file /mnt/hadoop/user/uscms01/pnfs/unl.edu/data4/cms/store/user/zflowers/Ewkinos/WWTo4Q_NNPDF31_TuneCP5_13TeV-powheg-pythia8/crab_WWTo4Q_NNPDF31_TuneCP5_13TeV-powheg-pythia8RunIIFall17MiniAODv2/181222_012731/0000/stopFlatNtuples_45.root
   Adding file /mnt/hadoop/user/uscms01/pnfs/unl.edu/data4/cms/store/user/zflowers/Ewkinos/WWTo4Q_NNPDF31_TuneCP5_13TeV-powheg-pythia8/crab_WWTo4Q_NNPDF31_TuneCP5_13TeV-powheg-pythia8RunIIFall17MiniAODv2/181222_012731/0000/stopFlatNtuples_46.root
   Adding file /mnt/hadoop/user/uscms01/pnfs/unl.edu/data4/cms/store/user/zflowers/Ewkinos/WWTo4Q_NNPDF31_TuneCP5_13TeV-powheg-pythia8/crab_WWTo4Q_NNPDF31_TuneCP5_13TeV-powheg-pythia8RunIIFall17MiniAODv2/181222_012731/0000/stopFlatNtuples_47.root
   Adding file /mnt/hadoop/user/uscms01/pnfs/unl.edu/data4/cms/store/user/zflowers/Ewkinos/WWTo4Q_NNPDF31_TuneCP5_13TeV-powheg-pythia8/crab_WWTo4Q_NNPDF31_TuneCP5_13TeV-powheg-pythia8RunIIFall17MiniAODv2/181222_012731/0000/stopFlatNtuples_5.root
   Adding file /mnt/hadoop/user/uscms01/pnfs/unl.edu/data4/cms/store/user/zflowers/Ewkinos/WWTo4Q_NNPDF31_TuneCP5_13TeV-powheg-pythia8/crab_WWTo4Q_NNPDF31_TuneCP5_13TeV-powheg-pythia8RunIIFall17MiniAODv2/181222_012731/0000/stopFlatNtuples_6.root
   Adding file /mnt/hadoop/user/uscms01/pnfs/unl.edu/data4/cms/store/user/zflowers/Ewkinos/WWTo4Q_NNPDF31_TuneCP5_13TeV-powheg-pythia8/crab_WWTo4Q_NNPDF31_TuneCP5_13TeV-powheg-pythia8RunIIFall17MiniAODv2/181222_012731/0000/stopFlatNtuples_8.root
   Adding file /mnt/hadoop/user/uscms01/pnfs/unl.edu/data4/cms/store/user/zflowers/Ewkinos/WWTo4Q_NNPDF31_TuneCP5_13TeV-powheg-pythia8/crab_WWTo4Q_NNPDF31_TuneCP5_13TeV-powheg-pythia8RunIIFall17MiniAODv2/181222_012731/0000/stopFlatNtuples_9.root
 event = 0 : 1976644
 event = 197664 : 1976644
 event = 395328 : 1976644
 event = 592992 : 1976644
 event = 790656 : 1976644
 event = 988320 : 1976644
 event = 1185984 : 1976644
 event = 1383648 : 1976644
 event = 1581312 : 1976644
 event = 1778976 : 1976644
 event = 1976640 : 1976644
Ntree 1
